2021-07-06 17:06:36,380 [SpringApplicationShutdownHook] INFO  org.springframework.orm.jpa.LocalContainerEntityManagerFactoryBean(destroy:651) - Closing JPA EntityManagerFactory for persistence unit 'default'
2021-07-06 17:06:36,436 [SpringApplicationShutdownHook] INFO  com.zaxxer.hikari.HikariDataSource(close:350) - HikariPool-1 - Shutdown initiated...
2021-07-06 17:06:36,480 [SpringApplicationShutdownHook] INFO  com.zaxxer.hikari.HikariDataSource(close:352) - HikariPool-1 - Shutdown completed.
2021-07-06 17:06:40,950 [background-preinit] INFO  org.hibernate.validator.internal.util.Version(<clinit>:21) - HV000001: Hibernate Validator 6.2.0.Final
2021-07-06 17:06:40,974 [restartedMain] INFO  com.limbae.pfy.PortForYouApplication(logStarting:55) - Starting PortForYouApplication using Java 16.0.1 on im-yegwang-ui-MacBookAir.local with PID 28895 (/Users/lim/Desktop/study/PortForYou/build/classes/java/main started by lim in /Users/lim/Desktop/study/PortForYou)
2021-07-06 17:06:40,978 [restartedMain] INFO  com.limbae.pfy.PortForYouApplication(logStartupProfileInfo:659) - No active profile set, falling back to default profiles: default
2021-07-06 17:06:41,032 [restartedMain] INFO  org.springframework.boot.devtools.env.DevToolsPropertyDefaultsPostProcessor(logTo:255) - Devtools property defaults active! Set 'spring.devtools.add-properties' to 'false' to disable
2021-07-06 17:06:41,034 [restartedMain] INFO  org.springframework.boot.devtools.env.DevToolsPropertyDefaultsPostProcessor(logTo:255) - For additional web related logging consider setting the 'logging.level.web' property to 'DEBUG'
2021-07-06 17:06:41,894 [restartedMain] INFO  org.springframework.data.repository.config.RepositoryConfigurationDelegate(registerRepositoriesIn:132) - Bootstrapping Spring Data JPA repositories in DEFAULT mode.
2021-07-06 17:06:41,983 [restartedMain] INFO  org.springframework.data.repository.config.RepositoryConfigurationDelegate(registerRepositoriesIn:201) - Finished Spring Data repository scanning in 80 ms. Found 6 JPA repository interfaces.
2021-07-06 17:06:42,331 [restartedMain] INFO  org.springframework.context.support.PostProcessorRegistrationDelegate$BeanPostProcessorChecker(postProcessAfterInitialization:376) - Bean 'org.springframework.security.access.expression.method.DefaultMethodSecurityExpressionHandler@7b5f7edd' of type [org.springframework.security.access.expression.method.DefaultMethodSecurityExpressionHandler] is not eligible for getting processed by all BeanPostProcessors (for example: not eligible for auto-proxying)
2021-07-06 17:06:42,335 [restartedMain] INFO  org.springframework.context.support.PostProcessorRegistrationDelegate$BeanPostProcessorChecker(postProcessAfterInitialization:376) - Bean 'methodSecurityMetadataSource' of type [org.springframework.security.access.method.DelegatingMethodSecurityMetadataSource] is not eligible for getting processed by all BeanPostProcessors (for example: not eligible for auto-proxying)
2021-07-06 17:06:42,556 [restartedMain] INFO  org.springframework.boot.web.embedded.tomcat.TomcatWebServer(initialize:108) - Tomcat initialized with port(s): 8090 (http)
2021-07-06 17:06:42,563 [restartedMain] INFO  org.apache.coyote.http11.Http11NioProtocol(log:173) - Initializing ProtocolHandler ["http-nio-8090"]
2021-07-06 17:06:42,564 [restartedMain] INFO  org.apache.catalina.core.StandardService(log:173) - Starting service [Tomcat]
2021-07-06 17:06:42,564 [restartedMain] INFO  org.apache.catalina.core.StandardEngine(log:173) - Starting Servlet engine: [Apache Tomcat/9.0.46]
2021-07-06 17:06:42,619 [restartedMain] INFO  org.apache.catalina.core.ContainerBase.[Tomcat].[localhost].[/](log:173) - Initializing Spring embedded WebApplicationContext
2021-07-06 17:06:42,620 [restartedMain] INFO  org.springframework.boot.web.servlet.context.ServletWebServerApplicationContext(prepareWebApplicationContext:290) - Root WebApplicationContext: initialization completed in 1585 ms
2021-07-06 17:06:42,722 [restartedMain] INFO  com.zaxxer.hikari.HikariDataSource(getConnection:110) - HikariPool-1 - Starting...
2021-07-06 17:06:43,058 [restartedMain] INFO  com.zaxxer.hikari.HikariDataSource(getConnection:123) - HikariPool-1 - Start completed.
2021-07-06 17:06:43,136 [restartedMain] INFO  org.hibernate.jpa.internal.util.LogHelper(logPersistenceUnitInformation:31) - HHH000204: Processing PersistenceUnitInfo [name: default]
2021-07-06 17:06:43,160 [restartedMain] INFO  org.hibernate.Version(logVersion:44) - HHH000412: Hibernate ORM core version 5.4.32.Final
2021-07-06 17:06:43,225 [restartedMain] INFO  org.hibernate.annotations.common.Version(<clinit>:56) - HCANN000001: Hibernate Commons Annotations {5.1.2.Final}
2021-07-06 17:06:43,281 [restartedMain] INFO  org.hibernate.dialect.Dialect(<init>:175) - HHH000400: Using dialect: org.hibernate.dialect.MySQL8Dialect
2021-07-06 17:06:43,905 [restartedMain] INFO  org.hibernate.engine.transaction.jta.platform.internal.JtaPlatformInitiator(initiateService:52) - HHH000490: Using JtaPlatform implementation: [org.hibernate.engine.transaction.jta.platform.internal.NoJtaPlatform]
2021-07-06 17:06:43,910 [restartedMain] INFO  org.springframework.orm.jpa.LocalContainerEntityManagerFactoryBean(buildNativeEntityManagerFactory:437) - Initialized JPA EntityManagerFactory for persistence unit 'default'
2021-07-06 17:06:43,982 [restartedMain] WARN  org.springframework.boot.autoconfigure.orm.jpa.JpaBaseConfiguration$JpaWebConfiguration(openEntityManagerInViewInterceptor:219) - spring.jpa.open-in-view is enabled by default. Therefore, database queries may be performed during view rendering. Explicitly configure spring.jpa.open-in-view to disable this warning
2021-07-06 17:06:44,507 [restartedMain] INFO  org.springframework.security.web.DefaultSecurityFilterChain(<init>:51) - Will secure Ant [pattern='/api/login'] with []
2021-07-06 17:06:44,508 [restartedMain] INFO  org.springframework.security.web.DefaultSecurityFilterChain(<init>:51) - Will secure Ant [pattern='/api/signup'] with []
2021-07-06 17:06:44,509 [restartedMain] INFO  org.springframework.security.web.DefaultSecurityFilterChain(<init>:51) - Will secure Ant [pattern='/api/img/*'] with []
2021-07-06 17:06:44,526 [restartedMain] INFO  org.springframework.security.web.DefaultSecurityFilterChain(<init>:51) - Will secure any request with [org.springframework.security.web.context.request.async.WebAsyncManagerIntegrationFilter@3ab8c169, org.springframework.security.web.context.SecurityContextPersistenceFilter@4a09cbf3, org.springframework.security.web.header.HeaderWriterFilter@54f4f76a, org.springframework.security.web.authentication.logout.LogoutFilter@3de1b85, org.springframework.web.filter.CorsFilter@324a3a41, com.limbae.pfy.jwt.JwtFilter@70cb32e1, org.springframework.security.web.savedrequest.RequestCacheAwareFilter@7a1d4c37, org.springframework.security.web.servletapi.SecurityContextHolderAwareRequestFilter@5e407713, org.springframework.security.web.authentication.AnonymousAuthenticationFilter@551fee73, org.springframework.security.web.session.SessionManagementFilter@ea11227, org.springframework.security.web.access.ExceptionTranslationFilter@24b02a36, org.springframework.security.web.access.intercept.FilterSecurityInterceptor@35aefdb4]
2021-07-06 17:06:44,677 [restartedMain] INFO  org.springframework.boot.autoconfigure.web.servlet.WelcomePageHandlerMapping(<init>:57) - Adding welcome page template: index
2021-07-06 17:06:44,862 [restartedMain] INFO  org.springframework.boot.devtools.autoconfigure.OptionalLiveReloadServer(startServer:58) - LiveReload server is running on port 35729
2021-07-06 17:06:44,890 [restartedMain] INFO  org.apache.coyote.http11.Http11NioProtocol(log:173) - Starting ProtocolHandler ["http-nio-8090"]
2021-07-06 17:06:44,904 [restartedMain] INFO  org.springframework.boot.web.embedded.tomcat.TomcatWebServer(start:220) - Tomcat started on port(s): 8090 (http) with context path ''
2021-07-06 17:06:44,916 [restartedMain] INFO  com.limbae.pfy.PortForYouApplication(logStarted:61) - Started PortForYouApplication in 4.386 seconds (JVM running for 5.468)
2021-07-06 17:07:10,002 [http-nio-8090-exec-2] INFO  org.apache.catalina.core.ContainerBase.[Tomcat].[localhost].[/](log:173) - Initializing Spring DispatcherServlet 'dispatcherServlet'
2021-07-06 17:07:10,002 [http-nio-8090-exec-2] INFO  org.springframework.web.servlet.DispatcherServlet(initServletBean:525) - Initializing Servlet 'dispatcherServlet'
2021-07-06 17:07:10,004 [http-nio-8090-exec-2] INFO  org.springframework.web.servlet.DispatcherServlet(initServletBean:547) - Completed initialization in 2 ms
2021-07-06 17:07:15,504 [http-nio-8090-exec-3] ERROR org.apache.catalina.core.ContainerBase.[Tomcat].[localhost].[/].[dispatcherServlet](log:175) - Servlet.service() for servlet [dispatcherServlet] in context with path [] threw exception [Request processing failed; nested exception is org.springframework.security.authentication.BadCredentialsException: 자격 증명에 실패하였습니다.] with root cause
org.springframework.security.authentication.BadCredentialsException: 자격 증명에 실패하였습니다.
	at org.springframework.security.authentication.dao.DaoAuthenticationProvider.additionalAuthenticationChecks(DaoAuthenticationProvider.java:79) ~[spring-security-core-5.5.0.jar:5.5.0]
	at org.springframework.security.authentication.dao.AbstractUserDetailsAuthenticationProvider.authenticate(AbstractUserDetailsAuthenticationProvider.java:147) ~[spring-security-core-5.5.0.jar:5.5.0]
	at org.springframework.security.authentication.ProviderManager.authenticate(ProviderManager.java:182) ~[spring-security-core-5.5.0.jar:5.5.0]
	at com.limbae.pfy.controller.AuthController.authorize(AuthController.java:42) ~[main/:?]
	at jdk.internal.reflect.NativeMethodAccessorImpl.invoke0(Native Method) ~[?:?]
	at jdk.internal.reflect.NativeMethodAccessorImpl.invoke(NativeMethodAccessorImpl.java:78) ~[?:?]
	at jdk.internal.reflect.DelegatingMethodAccessorImpl.invoke(DelegatingMethodAccessorImpl.java:43) ~[?:?]
	at java.lang.reflect.Method.invoke(Method.java:567) ~[?:?]
	at org.springframework.web.method.support.InvocableHandlerMethod.doInvoke(InvocableHandlerMethod.java:197) ~[spring-web-5.3.8.jar:5.3.8]
	at org.springframework.web.method.support.InvocableHandlerMethod.invokeForRequest(InvocableHandlerMethod.java:141) ~[spring-web-5.3.8.jar:5.3.8]
	at org.springframework.web.servlet.mvc.method.annotation.ServletInvocableHandlerMethod.invokeAndHandle(ServletInvocableHandlerMethod.java:106) ~[spring-webmvc-5.3.8.jar:5.3.8]
	at org.springframework.web.servlet.mvc.method.annotation.RequestMappingHandlerAdapter.invokeHandlerMethod(RequestMappingHandlerAdapter.java:894) ~[spring-webmvc-5.3.8.jar:5.3.8]
	at org.springframework.web.servlet.mvc.method.annotation.RequestMappingHandlerAdapter.handleInternal(RequestMappingHandlerAdapter.java:808) ~[spring-webmvc-5.3.8.jar:5.3.8]
	at org.springframework.web.servlet.mvc.method.AbstractHandlerMethodAdapter.handle(AbstractHandlerMethodAdapter.java:87) ~[spring-webmvc-5.3.8.jar:5.3.8]
	at org.springframework.web.servlet.DispatcherServlet.doDispatch(DispatcherServlet.java:1063) ~[spring-webmvc-5.3.8.jar:5.3.8]
	at org.springframework.web.servlet.DispatcherServlet.doService(DispatcherServlet.java:963) ~[spring-webmvc-5.3.8.jar:5.3.8]
	at org.springframework.web.servlet.FrameworkServlet.processRequest(FrameworkServlet.java:1006) ~[spring-webmvc-5.3.8.jar:5.3.8]
	at org.springframework.web.servlet.FrameworkServlet.doPost(FrameworkServlet.java:909) ~[spring-webmvc-5.3.8.jar:5.3.8]
	at javax.servlet.http.HttpServlet.service(HttpServlet.java:652) ~[tomcat-embed-core-9.0.46.jar:4.0.FR]
	at org.springframework.web.servlet.FrameworkServlet.service(FrameworkServlet.java:883) ~[spring-webmvc-5.3.8.jar:5.3.8]
	at javax.servlet.http.HttpServlet.service(HttpServlet.java:733) ~[tomcat-embed-core-9.0.46.jar:4.0.FR]
	at org.apache.catalina.core.ApplicationFilterChain.internalDoFilter(ApplicationFilterChain.java:227) ~[tomcat-embed-core-9.0.46.jar:9.0.46]
	at org.apache.catalina.core.ApplicationFilterChain.doFilter(ApplicationFilterChain.java:162) ~[tomcat-embed-core-9.0.46.jar:9.0.46]
	at org.apache.tomcat.websocket.server.WsFilter.doFilter(WsFilter.java:53) ~[tomcat-embed-websocket-9.0.46.jar:9.0.46]
	at org.apache.catalina.core.ApplicationFilterChain.internalDoFilter(ApplicationFilterChain.java:189) ~[tomcat-embed-core-9.0.46.jar:9.0.46]
	at org.apache.catalina.core.ApplicationFilterChain.doFilter(ApplicationFilterChain.java:162) ~[tomcat-embed-core-9.0.46.jar:9.0.46]
	at org.springframework.web.filter.CorsFilter.doFilterInternal(CorsFilter.java:91) ~[spring-web-5.3.8.jar:5.3.8]
	at org.springframework.web.filter.OncePerRequestFilter.doFilter(OncePerRequestFilter.java:119) ~[spring-web-5.3.8.jar:5.3.8]
	at org.apache.catalina.core.ApplicationFilterChain.internalDoFilter(ApplicationFilterChain.java:189) ~[tomcat-embed-core-9.0.46.jar:9.0.46]
	at org.apache.catalina.core.ApplicationFilterChain.doFilter(ApplicationFilterChain.java:162) ~[tomcat-embed-core-9.0.46.jar:9.0.46]
	at org.springframework.security.web.FilterChainProxy.doFilterInternal(FilterChainProxy.java:204) ~[spring-security-web-5.5.0.jar:5.5.0]
	at org.springframework.security.web.FilterChainProxy.doFilter(FilterChainProxy.java:183) ~[spring-security-web-5.5.0.jar:5.5.0]
	at org.springframework.web.filter.DelegatingFilterProxy.invokeDelegate(DelegatingFilterProxy.java:358) ~[spring-web-5.3.8.jar:5.3.8]
	at org.springframework.web.filter.DelegatingFilterProxy.doFilter(DelegatingFilterProxy.java:271) ~[spring-web-5.3.8.jar:5.3.8]
	at org.apache.catalina.core.ApplicationFilterChain.internalDoFilter(ApplicationFilterChain.java:189) ~[tomcat-embed-core-9.0.46.jar:9.0.46]
	at org.apache.catalina.core.ApplicationFilterChain.doFilter(ApplicationFilterChain.java:162) ~[tomcat-embed-core-9.0.46.jar:9.0.46]
	at org.springframework.web.filter.RequestContextFilter.doFilterInternal(RequestContextFilter.java:100) ~[spring-web-5.3.8.jar:5.3.8]
	at org.springframework.web.filter.OncePerRequestFilter.doFilter(OncePerRequestFilter.java:119) ~[spring-web-5.3.8.jar:5.3.8]
	at org.apache.catalina.core.ApplicationFilterChain.internalDoFilter(ApplicationFilterChain.java:189) ~[tomcat-embed-core-9.0.46.jar:9.0.46]
	at org.apache.catalina.core.ApplicationFilterChain.doFilter(ApplicationFilterChain.java:162) ~[tomcat-embed-core-9.0.46.jar:9.0.46]
	at org.springframework.web.filter.FormContentFilter.doFilterInternal(FormContentFilter.java:93) ~[spring-web-5.3.8.jar:5.3.8]
	at org.springframework.web.filter.OncePerRequestFilter.doFilter(OncePerRequestFilter.java:119) ~[spring-web-5.3.8.jar:5.3.8]
	at org.apache.catalina.core.ApplicationFilterChain.internalDoFilter(ApplicationFilterChain.java:189) ~[tomcat-embed-core-9.0.46.jar:9.0.46]
	at org.apache.catalina.core.ApplicationFilterChain.doFilter(ApplicationFilterChain.java:162) ~[tomcat-embed-core-9.0.46.jar:9.0.46]
	at org.springframework.web.filter.CharacterEncodingFilter.doFilterInternal(CharacterEncodingFilter.java:201) ~[spring-web-5.3.8.jar:5.3.8]
	at org.springframework.web.filter.OncePerRequestFilter.doFilter(OncePerRequestFilter.java:119) ~[spring-web-5.3.8.jar:5.3.8]
	at org.apache.catalina.core.ApplicationFilterChain.internalDoFilter(ApplicationFilterChain.java:189) ~[tomcat-embed-core-9.0.46.jar:9.0.46]
	at org.apache.catalina.core.ApplicationFilterChain.doFilter(ApplicationFilterChain.java:162) ~[tomcat-embed-core-9.0.46.jar:9.0.46]
	at org.apache.catalina.core.StandardWrapperValve.invoke(StandardWrapperValve.java:202) [tomcat-embed-core-9.0.46.jar:9.0.46]
	at org.apache.catalina.core.StandardContextValve.invoke(StandardContextValve.java:97) [tomcat-embed-core-9.0.46.jar:9.0.46]
	at org.apache.catalina.authenticator.AuthenticatorBase.invoke(AuthenticatorBase.java:542) [tomcat-embed-core-9.0.46.jar:9.0.46]
	at org.apache.catalina.core.StandardHostValve.invoke(StandardHostValve.java:143) [tomcat-embed-core-9.0.46.jar:9.0.46]
	at org.apache.catalina.valves.ErrorReportValve.invoke(ErrorReportValve.java:92) [tomcat-embed-core-9.0.46.jar:9.0.46]
	at org.apache.catalina.core.StandardEngineValve.invoke(StandardEngineValve.java:78) [tomcat-embed-core-9.0.46.jar:9.0.46]
	at org.apache.catalina.connector.CoyoteAdapter.service(CoyoteAdapter.java:357) [tomcat-embed-core-9.0.46.jar:9.0.46]
	at org.apache.coyote.http11.Http11Processor.service(Http11Processor.java:374) [tomcat-embed-core-9.0.46.jar:9.0.46]
	at org.apache.coyote.AbstractProcessorLight.process(AbstractProcessorLight.java:65) [tomcat-embed-core-9.0.46.jar:9.0.46]
	at org.apache.coyote.AbstractProtocol$ConnectionHandler.process(AbstractProtocol.java:893) [tomcat-embed-core-9.0.46.jar:9.0.46]
	at org.apache.tomcat.util.net.NioEndpoint$SocketProcessor.doRun(NioEndpoint.java:1707) [tomcat-embed-core-9.0.46.jar:9.0.46]
	at org.apache.tomcat.util.net.SocketProcessorBase.run(SocketProcessorBase.java:49) [tomcat-embed-core-9.0.46.jar:9.0.46]
	at java.util.concurrent.ThreadPoolExecutor.runWorker(ThreadPoolExecutor.java:1130) [?:?]
	at java.util.concurrent.ThreadPoolExecutor$Worker.run(ThreadPoolExecutor.java:630) [?:?]
	at org.apache.tomcat.util.threads.TaskThread$WrappingRunnable.run(TaskThread.java:61) [tomcat-embed-core-9.0.46.jar:9.0.46]
	at java.lang.Thread.run(Thread.java:831) [?:?]
2021-07-06 17:32:17,920 [http-nio-8090-exec-5] INFO  com.limbae.pfy.jwt.TokenProvider(validateToken:84) - 잘못된 jwtt 서명입니다.
2021-07-06 17:32:17,944 [http-nio-8090-exec-5] INFO  com.limbae.pfy.jwt.TokenProvider(validateToken:84) - 잘못된 jwtt 서명입니다.
2021-07-06 17:32:17,954 [http-nio-8090-exec-6] INFO  com.limbae.pfy.jwt.TokenProvider(validateToken:84) - 잘못된 jwtt 서명입니다.
2021-07-06 17:32:17,956 [http-nio-8090-exec-6] INFO  com.limbae.pfy.jwt.TokenProvider(validateToken:84) - 잘못된 jwtt 서명입니다.
2021-07-06 17:32:19,261 [http-nio-8090-exec-4] INFO  com.limbae.pfy.jwt.TokenProvider(validateToken:84) - 잘못된 jwtt 서명입니다.
2021-07-06 17:32:19,270 [http-nio-8090-exec-4] INFO  com.limbae.pfy.jwt.TokenProvider(validateToken:84) - 잘못된 jwtt 서명입니다.
2021-07-06 17:32:19,281 [http-nio-8090-exec-7] INFO  com.limbae.pfy.jwt.TokenProvider(validateToken:84) - 잘못된 jwtt 서명입니다.
2021-07-06 17:32:19,283 [http-nio-8090-exec-7] INFO  com.limbae.pfy.jwt.TokenProvider(validateToken:84) - 잘못된 jwtt 서명입니다.
2021-07-06 17:32:23,031 [http-nio-8090-exec-10] INFO  com.limbae.pfy.jwt.TokenProvider(validateToken:84) - 잘못된 jwtt 서명입니다.
2021-07-06 17:32:23,034 [http-nio-8090-exec-10] INFO  com.limbae.pfy.jwt.TokenProvider(validateToken:84) - 잘못된 jwtt 서명입니다.
2021-07-06 17:32:23,050 [http-nio-8090-exec-1] INFO  com.limbae.pfy.jwt.TokenProvider(validateToken:84) - 잘못된 jwtt 서명입니다.
2021-07-06 17:32:23,053 [http-nio-8090-exec-1] INFO  com.limbae.pfy.jwt.TokenProvider(validateToken:84) - 잘못된 jwtt 서명입니다.
2021-07-06 17:32:53,390 [http-nio-8090-exec-5] INFO  com.limbae.pfy.jwt.TokenProvider(validateToken:84) - 잘못된 jwtt 서명입니다.
2021-07-06 17:32:53,402 [http-nio-8090-exec-5] INFO  com.limbae.pfy.jwt.TokenProvider(validateToken:84) - 잘못된 jwtt 서명입니다.
2021-07-06 17:32:53,412 [http-nio-8090-exec-6] INFO  com.limbae.pfy.jwt.TokenProvider(validateToken:84) - 잘못된 jwtt 서명입니다.
2021-07-06 17:32:53,414 [http-nio-8090-exec-6] INFO  com.limbae.pfy.jwt.TokenProvider(validateToken:84) - 잘못된 jwtt 서명입니다.
2021-07-06 17:32:55,029 [http-nio-8090-exec-4] INFO  com.limbae.pfy.jwt.TokenProvider(validateToken:84) - 잘못된 jwtt 서명입니다.
2021-07-06 17:32:55,040 [http-nio-8090-exec-4] INFO  com.limbae.pfy.jwt.TokenProvider(validateToken:84) - 잘못된 jwtt 서명입니다.
2021-07-06 17:32:55,054 [http-nio-8090-exec-4] INFO  com.limbae.pfy.jwt.TokenProvider(validateToken:84) - 잘못된 jwtt 서명입니다.
2021-07-06 17:32:55,056 [http-nio-8090-exec-4] INFO  com.limbae.pfy.jwt.TokenProvider(validateToken:84) - 잘못된 jwtt 서명입니다.
2021-07-06 17:32:56,693 [http-nio-8090-exec-8] INFO  com.limbae.pfy.jwt.TokenProvider(validateToken:84) - 잘못된 jwtt 서명입니다.
2021-07-06 17:32:56,698 [http-nio-8090-exec-8] INFO  com.limbae.pfy.jwt.TokenProvider(validateToken:84) - 잘못된 jwtt 서명입니다.
2021-07-06 17:32:56,711 [http-nio-8090-exec-9] INFO  com.limbae.pfy.jwt.TokenProvider(validateToken:84) - 잘못된 jwtt 서명입니다.
2021-07-06 17:32:56,714 [http-nio-8090-exec-9] INFO  com.limbae.pfy.jwt.TokenProvider(validateToken:84) - 잘못된 jwtt 서명입니다.
2021-07-06 17:32:57,804 [http-nio-8090-exec-10] INFO  com.limbae.pfy.jwt.TokenProvider(validateToken:84) - 잘못된 jwtt 서명입니다.
2021-07-06 17:32:57,808 [http-nio-8090-exec-10] INFO  com.limbae.pfy.jwt.TokenProvider(validateToken:84) - 잘못된 jwtt 서명입니다.
2021-07-06 17:32:57,824 [http-nio-8090-exec-1] INFO  com.limbae.pfy.jwt.TokenProvider(validateToken:84) - 잘못된 jwtt 서명입니다.
2021-07-06 17:32:57,827 [http-nio-8090-exec-1] INFO  com.limbae.pfy.jwt.TokenProvider(validateToken:84) - 잘못된 jwtt 서명입니다.
2021-07-06 17:32:59,948 [http-nio-8090-exec-5] INFO  com.limbae.pfy.jwt.TokenProvider(validateToken:84) - 잘못된 jwtt 서명입니다.
2021-07-06 17:32:59,954 [http-nio-8090-exec-5] INFO  com.limbae.pfy.jwt.TokenProvider(validateToken:84) - 잘못된 jwtt 서명입니다.
2021-07-06 17:32:59,969 [http-nio-8090-exec-6] INFO  com.limbae.pfy.jwt.TokenProvider(validateToken:84) - 잘못된 jwtt 서명입니다.
2021-07-06 17:32:59,972 [http-nio-8090-exec-6] INFO  com.limbae.pfy.jwt.TokenProvider(validateToken:84) - 잘못된 jwtt 서명입니다.
2021-07-06 17:33:00,785 [http-nio-8090-exec-7] INFO  com.limbae.pfy.jwt.TokenProvider(validateToken:84) - 잘못된 jwtt 서명입니다.
2021-07-06 17:33:00,793 [http-nio-8090-exec-7] INFO  com.limbae.pfy.jwt.TokenProvider(validateToken:84) - 잘못된 jwtt 서명입니다.
2021-07-06 17:33:00,807 [http-nio-8090-exec-4] INFO  com.limbae.pfy.jwt.TokenProvider(validateToken:84) - 잘못된 jwtt 서명입니다.
2021-07-06 17:33:00,809 [http-nio-8090-exec-4] INFO  com.limbae.pfy.jwt.TokenProvider(validateToken:84) - 잘못된 jwtt 서명입니다.
2021-07-06 17:33:02,065 [http-nio-8090-exec-8] INFO  com.limbae.pfy.jwt.TokenProvider(validateToken:84) - 잘못된 jwtt 서명입니다.
2021-07-06 17:33:02,069 [http-nio-8090-exec-8] INFO  com.limbae.pfy.jwt.TokenProvider(validateToken:84) - 잘못된 jwtt 서명입니다.
2021-07-06 17:33:02,089 [http-nio-8090-exec-9] INFO  com.limbae.pfy.jwt.TokenProvider(validateToken:84) - 잘못된 jwtt 서명입니다.
2021-07-06 17:33:02,092 [http-nio-8090-exec-9] INFO  com.limbae.pfy.jwt.TokenProvider(validateToken:84) - 잘못된 jwtt 서명입니다.
2021-07-06 17:33:02,786 [http-nio-8090-exec-10] INFO  com.limbae.pfy.jwt.TokenProvider(validateToken:84) - 잘못된 jwtt 서명입니다.
2021-07-06 17:33:02,789 [http-nio-8090-exec-10] INFO  com.limbae.pfy.jwt.TokenProvider(validateToken:84) - 잘못된 jwtt 서명입니다.
2021-07-06 17:33:02,801 [http-nio-8090-exec-1] INFO  com.limbae.pfy.jwt.TokenProvider(validateToken:84) - 잘못된 jwtt 서명입니다.
2021-07-06 17:33:02,806 [http-nio-8090-exec-1] INFO  com.limbae.pfy.jwt.TokenProvider(validateToken:84) - 잘못된 jwtt 서명입니다.
2021-07-06 17:33:03,724 [http-nio-8090-exec-2] INFO  com.limbae.pfy.jwt.TokenProvider(validateToken:84) - 잘못된 jwtt 서명입니다.
2021-07-06 17:33:03,727 [http-nio-8090-exec-2] INFO  com.limbae.pfy.jwt.TokenProvider(validateToken:84) - 잘못된 jwtt 서명입니다.
2021-07-06 17:33:03,742 [http-nio-8090-exec-3] INFO  com.limbae.pfy.jwt.TokenProvider(validateToken:84) - 잘못된 jwtt 서명입니다.
2021-07-06 17:33:03,752 [http-nio-8090-exec-3] INFO  com.limbae.pfy.jwt.TokenProvider(validateToken:84) - 잘못된 jwtt 서명입니다.
2021-07-06 17:33:04,510 [http-nio-8090-exec-5] INFO  com.limbae.pfy.jwt.TokenProvider(validateToken:84) - 잘못된 jwtt 서명입니다.
2021-07-06 17:33:04,515 [http-nio-8090-exec-5] INFO  com.limbae.pfy.jwt.TokenProvider(validateToken:84) - 잘못된 jwtt 서명입니다.
2021-07-06 17:33:04,536 [http-nio-8090-exec-6] INFO  com.limbae.pfy.jwt.TokenProvider(validateToken:84) - 잘못된 jwtt 서명입니다.
2021-07-06 17:33:04,539 [http-nio-8090-exec-6] INFO  com.limbae.pfy.jwt.TokenProvider(validateToken:84) - 잘못된 jwtt 서명입니다.
2021-07-06 17:33:05,220 [http-nio-8090-exec-8] INFO  com.limbae.pfy.jwt.TokenProvider(validateToken:84) - 잘못된 jwtt 서명입니다.
2021-07-06 17:33:05,233 [http-nio-8090-exec-8] INFO  com.limbae.pfy.jwt.TokenProvider(validateToken:84) - 잘못된 jwtt 서명입니다.
2021-07-06 17:33:05,250 [http-nio-8090-exec-9] INFO  com.limbae.pfy.jwt.TokenProvider(validateToken:84) - 잘못된 jwtt 서명입니다.
2021-07-06 17:33:05,254 [http-nio-8090-exec-9] INFO  com.limbae.pfy.jwt.TokenProvider(validateToken:84) - 잘못된 jwtt 서명입니다.
2021-07-06 17:33:07,226 [http-nio-8090-exec-10] INFO  com.limbae.pfy.jwt.TokenProvider(validateToken:84) - 잘못된 jwtt 서명입니다.
2021-07-06 17:33:07,232 [http-nio-8090-exec-10] INFO  com.limbae.pfy.jwt.TokenProvider(validateToken:84) - 잘못된 jwtt 서명입니다.
2021-07-06 17:33:07,246 [http-nio-8090-exec-1] INFO  com.limbae.pfy.jwt.TokenProvider(validateToken:84) - 잘못된 jwtt 서명입니다.
2021-07-06 17:33:07,250 [http-nio-8090-exec-1] INFO  com.limbae.pfy.jwt.TokenProvider(validateToken:84) - 잘못된 jwtt 서명입니다.
2021-07-06 17:33:09,507 [http-nio-8090-exec-2] INFO  com.limbae.pfy.jwt.TokenProvider(validateToken:84) - 잘못된 jwtt 서명입니다.
2021-07-06 17:33:09,510 [http-nio-8090-exec-2] INFO  com.limbae.pfy.jwt.TokenProvider(validateToken:84) - 잘못된 jwtt 서명입니다.
2021-07-06 17:33:09,552 [http-nio-8090-exec-3] INFO  com.limbae.pfy.jwt.TokenProvider(validateToken:84) - 잘못된 jwtt 서명입니다.
2021-07-06 17:33:09,558 [http-nio-8090-exec-3] INFO  com.limbae.pfy.jwt.TokenProvider(validateToken:84) - 잘못된 jwtt 서명입니다.
2021-07-06 17:33:11,163 [http-nio-8090-exec-4] INFO  com.limbae.pfy.jwt.TokenProvider(validateToken:84) - 잘못된 jwtt 서명입니다.
2021-07-06 17:33:11,167 [http-nio-8090-exec-4] INFO  com.limbae.pfy.jwt.TokenProvider(validateToken:84) - 잘못된 jwtt 서명입니다.
2021-07-06 17:33:11,176 [http-nio-8090-exec-7] INFO  com.limbae.pfy.jwt.TokenProvider(validateToken:84) - 잘못된 jwtt 서명입니다.
2021-07-06 17:33:11,179 [http-nio-8090-exec-7] INFO  com.limbae.pfy.jwt.TokenProvider(validateToken:84) - 잘못된 jwtt 서명입니다.
2021-07-06 17:33:12,696 [http-nio-8090-exec-8] INFO  com.limbae.pfy.jwt.TokenProvider(validateToken:84) - 잘못된 jwtt 서명입니다.
2021-07-06 17:33:12,702 [http-nio-8090-exec-8] INFO  com.limbae.pfy.jwt.TokenProvider(validateToken:84) - 잘못된 jwtt 서명입니다.
2021-07-06 17:33:12,724 [http-nio-8090-exec-9] INFO  com.limbae.pfy.jwt.TokenProvider(validateToken:84) - 잘못된 jwtt 서명입니다.
2021-07-06 17:33:12,730 [http-nio-8090-exec-9] INFO  com.limbae.pfy.jwt.TokenProvider(validateToken:84) - 잘못된 jwtt 서명입니다.
2021-07-06 17:33:15,796 [http-nio-8090-exec-10] INFO  com.limbae.pfy.jwt.TokenProvider(validateToken:84) - 잘못된 jwtt 서명입니다.
2021-07-06 17:33:15,802 [http-nio-8090-exec-10] INFO  com.limbae.pfy.jwt.TokenProvider(validateToken:84) - 잘못된 jwtt 서명입니다.
2021-07-06 17:33:15,816 [http-nio-8090-exec-1] INFO  com.limbae.pfy.jwt.TokenProvider(validateToken:84) - 잘못된 jwtt 서명입니다.
2021-07-06 17:33:15,818 [http-nio-8090-exec-1] INFO  com.limbae.pfy.jwt.TokenProvider(validateToken:84) - 잘못된 jwtt 서명입니다.
2021-07-06 17:33:19,538 [http-nio-8090-exec-6] INFO  com.limbae.pfy.jwt.TokenProvider(validateToken:84) - 잘못된 jwtt 서명입니다.
2021-07-06 17:33:19,543 [http-nio-8090-exec-6] INFO  com.limbae.pfy.jwt.TokenProvider(validateToken:84) - 잘못된 jwtt 서명입니다.
2021-07-06 17:33:19,558 [http-nio-8090-exec-5] INFO  com.limbae.pfy.jwt.TokenProvider(validateToken:84) - 잘못된 jwtt 서명입니다.
2021-07-06 17:33:19,561 [http-nio-8090-exec-5] INFO  com.limbae.pfy.jwt.TokenProvider(validateToken:84) - 잘못된 jwtt 서명입니다.
2021-07-06 17:33:23,117 [http-nio-8090-exec-4] INFO  com.limbae.pfy.jwt.TokenProvider(validateToken:84) - 잘못된 jwtt 서명입니다.
2021-07-06 17:33:23,122 [http-nio-8090-exec-4] INFO  com.limbae.pfy.jwt.TokenProvider(validateToken:84) - 잘못된 jwtt 서명입니다.
2021-07-06 17:33:23,131 [http-nio-8090-exec-7] INFO  com.limbae.pfy.jwt.TokenProvider(validateToken:84) - 잘못된 jwtt 서명입니다.
2021-07-06 17:33:23,135 [http-nio-8090-exec-7] INFO  com.limbae.pfy.jwt.TokenProvider(validateToken:84) - 잘못된 jwtt 서명입니다.
2021-07-06 17:34:03,943 [http-nio-8090-exec-4] INFO  com.limbae.pfy.jwt.TokenProvider(validateToken:84) - 잘못된 jwtt 서명입니다.
2021-07-06 17:34:03,963 [http-nio-8090-exec-4] INFO  com.limbae.pfy.jwt.TokenProvider(validateToken:84) - 잘못된 jwtt 서명입니다.
2021-07-06 17:34:03,979 [http-nio-8090-exec-7] INFO  com.limbae.pfy.jwt.TokenProvider(validateToken:84) - 잘못된 jwtt 서명입니다.
2021-07-06 17:34:03,981 [http-nio-8090-exec-7] INFO  com.limbae.pfy.jwt.TokenProvider(validateToken:84) - 잘못된 jwtt 서명입니다.
2021-07-06 17:34:05,312 [http-nio-8090-exec-8] INFO  com.limbae.pfy.jwt.TokenProvider(validateToken:84) - 잘못된 jwtt 서명입니다.
2021-07-06 17:34:05,316 [http-nio-8090-exec-8] INFO  com.limbae.pfy.jwt.TokenProvider(validateToken:84) - 잘못된 jwtt 서명입니다.
2021-07-06 17:34:05,333 [http-nio-8090-exec-9] INFO  com.limbae.pfy.jwt.TokenProvider(validateToken:84) - 잘못된 jwtt 서명입니다.
2021-07-06 17:34:05,339 [http-nio-8090-exec-9] INFO  com.limbae.pfy.jwt.TokenProvider(validateToken:84) - 잘못된 jwtt 서명입니다.
