2021-07-27 16:00:00,112 [http-nio-8080-exec-2] WARN  com.limbae.pfy.util.ImageUtil(getImageByteFromImageVO:36) - There is no such file
2021-07-27 16:00:00,460 [http-nio-8080-exec-10] WARN  com.limbae.pfy.util.ImageUtil(getImageByteFromImageVO:36) - There is no such file
2021-07-27 16:00:09,245 [http-nio-8080-exec-1] WARN  org.springframework.web.servlet.mvc.support.DefaultHandlerExceptionResolver(logException:207) - Resolved [org.springframework.web.multipart.support.MissingServletRequestPartException: Required request part 'img' is not present]
2021-07-27 16:00:10,176 [http-nio-8080-exec-7] WARN  com.limbae.pfy.util.ImageUtil(getImageByteFromImageVO:36) - There is no such file
2021-07-27 16:00:10,285 [http-nio-8080-exec-3] WARN  com.limbae.pfy.util.ImageUtil(getImageByteFromImageVO:36) - There is no such file
2021-07-27 16:00:18,707 [http-nio-8080-exec-1] WARN  com.limbae.pfy.util.ImageUtil(getImageByteFromImageVO:36) - There is no such file
2021-07-27 16:00:18,764 [http-nio-8080-exec-6] WARN  com.limbae.pfy.util.ImageUtil(getImageByteFromImageVO:36) - There is no such file
2021-07-27 16:00:28,172 [http-nio-8080-exec-4] WARN  com.limbae.pfy.util.ImageUtil(getImageByteFromImageVO:36) - There is no such file
2021-07-27 16:00:28,274 [http-nio-8080-exec-10] WARN  com.limbae.pfy.util.ImageUtil(getImageByteFromImageVO:36) - There is no such file
2021-07-27 16:00:28,431 [http-nio-8080-exec-1] WARN  com.limbae.pfy.util.ImageUtil(getImageByteFromImageVO:36) - There is no such file
2021-07-27 16:00:31,296 [http-nio-8080-exec-3] WARN  com.limbae.pfy.util.ImageUtil(getImageByteFromImageVO:36) - There is no such file
2021-07-27 16:00:33,388 [http-nio-8080-exec-1] WARN  com.limbae.pfy.util.ImageUtil(getImageByteFromImageVO:36) - There is no such file
2021-07-27 16:00:36,023 [http-nio-8080-exec-10] WARN  com.limbae.pfy.util.ImageUtil(getImageByteFromImageVO:36) - There is no such file
2021-07-27 16:00:38,730 [http-nio-8080-exec-2] WARN  com.limbae.pfy.util.ImageUtil(getImageByteFromImageVO:36) - There is no such file
2021-07-27 16:00:42,435 [http-nio-8080-exec-9] WARN  com.limbae.pfy.util.ImageUtil(getImageByteFromImageVO:36) - There is no such file
2021-07-27 16:00:45,479 [http-nio-8080-exec-5] WARN  com.limbae.pfy.util.ImageUtil(getImageByteFromImageVO:36) - There is no such file
2021-07-27 16:00:48,461 [http-nio-8080-exec-3] WARN  com.limbae.pfy.util.ImageUtil(getImageByteFromImageVO:36) - There is no such file
2021-07-27 16:00:48,615 [http-nio-8080-exec-9] WARN  com.limbae.pfy.util.ImageUtil(getImageByteFromImageVO:36) - There is no such file
2021-07-27 16:00:49,723 [http-nio-8080-exec-8] WARN  com.limbae.pfy.util.ImageUtil(getImageByteFromImageVO:36) - There is no such file
2021-07-27 16:00:49,916 [http-nio-8080-exec-2] WARN  com.limbae.pfy.util.ImageUtil(getImageByteFromImageVO:36) - There is no such file
2021-07-27 16:03:03,049 [http-nio-8080-exec-4] WARN  com.limbae.pfy.util.ImageUtil(getImageByteFromImageVO:36) - There is no such file
2021-07-27 16:03:03,128 [http-nio-8080-exec-1] WARN  com.limbae.pfy.util.ImageUtil(getImageByteFromImageVO:36) - There is no such file
2021-07-27 16:03:04,337 [http-nio-8080-exec-9] WARN  com.limbae.pfy.util.ImageUtil(getImageByteFromImageVO:36) - There is no such file
2021-07-27 16:03:08,246 [http-nio-8080-exec-4] WARN  com.limbae.pfy.util.ImageUtil(getImageByteFromImageVO:36) - There is no such file
2021-07-27 16:03:09,788 [http-nio-8080-exec-1] WARN  com.limbae.pfy.util.ImageUtil(getImageByteFromImageVO:36) - There is no such file
2021-07-27 16:03:10,050 [http-nio-8080-exec-9] WARN  com.limbae.pfy.util.ImageUtil(getImageByteFromImageVO:36) - There is no such file
2021-07-27 16:03:10,877 [http-nio-8080-exec-2] WARN  com.limbae.pfy.util.ImageUtil(getImageByteFromImageVO:36) - There is no such file
2021-07-27 16:03:11,355 [http-nio-8080-exec-8] WARN  com.limbae.pfy.util.ImageUtil(getImageByteFromImageVO:36) - There is no such file
2021-07-27 16:03:11,843 [http-nio-8080-exec-4] WARN  com.limbae.pfy.util.ImageUtil(getImageByteFromImageVO:36) - There is no such file
2021-07-27 16:03:13,741 [http-nio-8080-exec-9] WARN  com.limbae.pfy.util.ImageUtil(getImageByteFromImageVO:36) - There is no such file
2021-07-27 16:05:21,237 [SpringApplicationShutdownHook] INFO  org.springframework.orm.jpa.LocalContainerEntityManagerFactoryBean(destroy:651) - Closing JPA EntityManagerFactory for persistence unit 'default'
2021-07-27 16:05:21,291 [SpringApplicationShutdownHook] INFO  com.zaxxer.hikari.HikariDataSource(close:350) - HikariPool-1 - Shutdown initiated...
2021-07-27 16:05:21,421 [SpringApplicationShutdownHook] INFO  com.zaxxer.hikari.HikariDataSource(close:352) - HikariPool-1 - Shutdown completed.
2021-07-27 16:06:14,102 [Test worker] INFO  org.springframework.boot.test.context.SpringBootTestContextBootstrapper(buildDefaultMergedContextConfiguration:305) - Neither @ContextConfiguration nor @ContextHierarchy found for test class [com.limbae.pfy.PortForYouApplicationTests], using SpringBootContextLoader
2021-07-27 16:06:14,118 [Test worker] INFO  org.springframework.test.context.support.AbstractContextLoader(generateDefaultLocations:264) - Could not detect default resource locations for test class [com.limbae.pfy.PortForYouApplicationTests]: no resource found for suffixes {-context.xml, Context.groovy}.
2021-07-27 16:06:14,121 [Test worker] INFO  org.springframework.test.context.support.AnnotationConfigContextLoaderUtils(detectDefaultConfigurationClasses:83) - Could not detect default configuration classes for test class [com.limbae.pfy.PortForYouApplicationTests]: PortForYouApplicationTests does not declare any static, non-private, non-final, nested classes annotated with @Configuration.
2021-07-27 16:06:14,273 [Test worker] INFO  org.springframework.boot.test.context.SpringBootTestContextBootstrapper(getOrFindConfigurationClasses:238) - Found @SpringBootConfiguration com.limbae.pfy.PortForYouApplication for test class com.limbae.pfy.PortForYouApplicationTests
2021-07-27 16:06:14,359 [Test worker] INFO  org.springframework.boot.test.context.SpringBootTestContextBootstrapper(getDefaultTestExecutionListenerClassNames:245) - Loaded default TestExecutionListener class names from location [META-INF/spring.factories]: [org.springframework.security.test.context.support.WithSecurityContextTestExecutionListener, org.springframework.security.test.context.support.ReactorContextTestExecutionListener, org.springframework.boot.test.autoconfigure.restdocs.RestDocsTestExecutionListener, org.springframework.boot.test.autoconfigure.web.client.MockRestServiceServerResetTestExecutionListener, org.springframework.boot.test.autoconfigure.web.servlet.MockMvcPrintOnlyOnFailureTestExecutionListener, org.springframework.boot.test.autoconfigure.web.servlet.WebDriverTestExecutionListener, org.springframework.boot.test.autoconfigure.webservices.client.MockWebServiceServerTestExecutionListener, org.springframework.boot.test.mock.mockito.MockitoTestExecutionListener, org.springframework.boot.test.mock.mockito.ResetMocksTestExecutionListener, org.springframework.test.context.web.ServletTestExecutionListener, org.springframework.test.context.support.DirtiesContextBeforeModesTestExecutionListener, org.springframework.test.context.event.ApplicationEventsTestExecutionListener, org.springframework.test.context.support.DependencyInjectionTestExecutionListener, org.springframework.test.context.support.DirtiesContextTestExecutionListener, org.springframework.test.context.transaction.TransactionalTestExecutionListener, org.springframework.test.context.jdbc.SqlScriptsTestExecutionListener, org.springframework.test.context.event.EventPublishingTestExecutionListener]
2021-07-27 16:06:14,375 [Test worker] INFO  org.springframework.boot.test.context.SpringBootTestContextBootstrapper(getTestExecutionListeners:174) - Using TestExecutionListeners: [org.springframework.test.context.web.ServletTestExecutionListener@614fbb38, org.springframework.test.context.support.DirtiesContextBeforeModesTestExecutionListener@3e260112, org.springframework.test.context.event.ApplicationEventsTestExecutionListener@35675b8d, org.springframework.boot.test.mock.mockito.MockitoTestExecutionListener@c20e486, org.springframework.boot.test.autoconfigure.SpringBootDependencyInjectionTestExecutionListener@10aa0841, org.springframework.test.context.support.DirtiesContextTestExecutionListener@1e0ab5d7, org.springframework.test.context.transaction.TransactionalTestExecutionListener@11be2ea8, org.springframework.test.context.jdbc.SqlScriptsTestExecutionListener@1ab1eccd, org.springframework.security.test.context.support.WithSecurityContextTestExecutionListener@5a1917da, org.springframework.test.context.event.EventPublishingTestExecutionListener@1176a543, org.springframework.security.test.context.support.ReactorContextTestExecutionListener@71dd02ab, org.springframework.boot.test.autoconfigure.restdocs.RestDocsTestExecutionListener@641f5fd9, org.springframework.boot.test.autoconfigure.web.client.MockRestServiceServerResetTestExecutionListener@76aa3347, org.springframework.boot.test.autoconfigure.web.servlet.MockMvcPrintOnlyOnFailureTestExecutionListener@5252dc6c, org.springframework.boot.test.autoconfigure.web.servlet.WebDriverTestExecutionListener@4b0354d7, org.springframework.boot.test.autoconfigure.webservices.client.MockWebServiceServerTestExecutionListener@557c2bf9, org.springframework.boot.test.mock.mockito.ResetMocksTestExecutionListener@726b0a1a]
2021-07-27 16:06:14,910 [background-preinit] INFO  org.hibernate.validator.internal.util.Version(<clinit>:21) - HV000001: Hibernate Validator 6.2.0.Final
2021-07-27 16:06:14,961 [Test worker] INFO  com.limbae.pfy.PortForYouApplicationTests(logStarting:55) - Starting PortForYouApplicationTests using Java 16.0.2 on im-yegwang-ui-MacBookAir.local with PID 51632 (started by lim in /Users/lim/Desktop/study/PortForYou)
2021-07-27 16:06:14,996 [Test worker] INFO  com.limbae.pfy.PortForYouApplicationTests(logStartupProfileInfo:659) - No active profile set, falling back to default profiles: default
2021-07-27 16:06:16,421 [Test worker] INFO  org.springframework.data.repository.config.RepositoryConfigurationDelegate(registerRepositoriesIn:132) - Bootstrapping Spring Data JPA repositories in DEFAULT mode.
2021-07-27 16:06:16,652 [Test worker] INFO  org.springframework.data.repository.config.RepositoryConfigurationDelegate(registerRepositoriesIn:201) - Finished Spring Data repository scanning in 217 ms. Found 11 JPA repository interfaces.
2021-07-27 16:06:17,405 [Test worker] INFO  org.springframework.context.support.PostProcessorRegistrationDelegate$BeanPostProcessorChecker(postProcessAfterInitialization:376) - Bean 'org.springframework.security.access.expression.method.DefaultMethodSecurityExpressionHandler@8546b12' of type [org.springframework.security.access.expression.method.DefaultMethodSecurityExpressionHandler] is not eligible for getting processed by all BeanPostProcessors (for example: not eligible for auto-proxying)
2021-07-27 16:06:17,426 [Test worker] INFO  org.springframework.context.support.PostProcessorRegistrationDelegate$BeanPostProcessorChecker(postProcessAfterInitialization:376) - Bean 'methodSecurityMetadataSource' of type [org.springframework.security.access.method.DelegatingMethodSecurityMetadataSource] is not eligible for getting processed by all BeanPostProcessors (for example: not eligible for auto-proxying)
2021-07-27 16:06:17,666 [Test worker] INFO  com.zaxxer.hikari.HikariDataSource(getConnection:110) - HikariPool-1 - Starting...
2021-07-27 16:06:18,319 [Test worker] INFO  com.zaxxer.hikari.HikariDataSource(getConnection:123) - HikariPool-1 - Start completed.
2021-07-27 16:06:18,545 [Test worker] INFO  org.hibernate.jpa.internal.util.LogHelper(logPersistenceUnitInformation:31) - HHH000204: Processing PersistenceUnitInfo [name: default]
2021-07-27 16:06:18,598 [Test worker] INFO  org.hibernate.Version(logVersion:44) - HHH000412: Hibernate ORM core version 5.4.32.Final
2021-07-27 16:06:18,752 [Test worker] INFO  org.hibernate.annotations.common.Version(<clinit>:56) - HCANN000001: Hibernate Commons Annotations {5.1.2.Final}
2021-07-27 16:06:19,002 [Test worker] INFO  org.hibernate.dialect.Dialect(<init>:175) - HHH000400: Using dialect: org.hibernate.dialect.MySQL8Dialect
2021-07-27 16:06:20,505 [Test worker] INFO  org.hibernate.engine.transaction.jta.platform.internal.JtaPlatformInitiator(initiateService:52) - HHH000490: Using JtaPlatform implementation: [org.hibernate.engine.transaction.jta.platform.internal.NoJtaPlatform]
2021-07-27 16:06:20,520 [Test worker] INFO  org.springframework.orm.jpa.LocalContainerEntityManagerFactoryBean(buildNativeEntityManagerFactory:437) - Initialized JPA EntityManagerFactory for persistence unit 'default'
2021-07-27 16:06:20,752 [Test worker] WARN  org.springframework.boot.autoconfigure.orm.jpa.JpaBaseConfiguration$JpaWebConfiguration(openEntityManagerInViewInterceptor:219) - spring.jpa.open-in-view is enabled by default. Therefore, database queries may be performed during view rendering. Explicitly configure spring.jpa.open-in-view to disable this warning
2021-07-27 16:06:22,690 [Test worker] INFO  org.springframework.security.web.DefaultSecurityFilterChain(<init>:51) - Will secure Ant [pattern='/api/login'] with []
2021-07-27 16:06:22,697 [Test worker] INFO  org.springframework.security.web.DefaultSecurityFilterChain(<init>:51) - Will secure Ant [pattern='/api/user'] with []
2021-07-27 16:06:22,698 [Test worker] INFO  org.springframework.security.web.DefaultSecurityFilterChain(<init>:51) - Will secure Ant [pattern='/api/img/default'] with []
2021-07-27 16:06:22,699 [Test worker] INFO  org.springframework.security.web.DefaultSecurityFilterChain(<init>:51) - Will secure Ant [pattern='/api/user/portfolio/positions'] with []
2021-07-27 16:06:22,700 [Test worker] INFO  org.springframework.security.web.DefaultSecurityFilterChain(<init>:51) - Will secure Ant [pattern='/api/user/portfolio/projects'] with []
2021-07-27 16:06:22,701 [Test worker] INFO  org.springframework.security.web.DefaultSecurityFilterChain(<init>:51) - Will secure Ant [pattern='/api/user/portfolio/educations'] with []
2021-07-27 16:06:22,702 [Test worker] INFO  org.springframework.security.web.DefaultSecurityFilterChain(<init>:51) - Will secure Ant [pattern='/api/user/portfolio/stacks'] with []
2021-07-27 16:06:22,797 [Test worker] INFO  org.springframework.security.web.DefaultSecurityFilterChain(<init>:51) - Will secure any request with [org.springframework.security.web.context.request.async.WebAsyncManagerIntegrationFilter@3f12f816, org.springframework.security.web.context.SecurityContextPersistenceFilter@69f71913, org.springframework.security.web.header.HeaderWriterFilter@4643f79e, org.springframework.security.web.authentication.logout.LogoutFilter@774c7534, org.springframework.web.filter.CorsFilter@7a550cd4, com.limbae.pfy.jwt.JwtFilter@313a90f2, org.springframework.security.web.savedrequest.RequestCacheAwareFilter@22289605, org.springframework.security.web.servletapi.SecurityContextHolderAwareRequestFilter@38bf5052, org.springframework.security.web.authentication.AnonymousAuthenticationFilter@2d947ea3, org.springframework.security.web.session.SessionManagementFilter@784d279e, org.springframework.security.web.access.ExceptionTranslationFilter@708e4a47, org.springframework.security.web.access.intercept.FilterSecurityInterceptor@467450b]
2021-07-27 16:06:23,730 [Test worker] INFO  org.springframework.boot.autoconfigure.web.servlet.WelcomePageHandlerMapping(<init>:57) - Adding welcome page template: index
2021-07-27 16:06:24,528 [Test worker] INFO  com.limbae.pfy.PortForYouApplicationTests(logStarted:61) - Started PortForYouApplicationTests in 10.094 seconds (JVM running for 17.433)
2021-07-27 16:06:24,821 [SpringApplicationShutdownHook] INFO  org.springframework.orm.jpa.LocalContainerEntityManagerFactoryBean(destroy:651) - Closing JPA EntityManagerFactory for persistence unit 'default'
2021-07-27 16:06:24,827 [SpringApplicationShutdownHook] INFO  com.zaxxer.hikari.HikariDataSource(close:350) - HikariPool-1 - Shutdown initiated...
2021-07-27 16:06:24,924 [SpringApplicationShutdownHook] INFO  com.zaxxer.hikari.HikariDataSource(close:352) - HikariPool-1 - Shutdown completed.
2021-07-27 16:10:21,409 [Test worker] INFO  org.springframework.boot.test.context.SpringBootTestContextBootstrapper(buildDefaultMergedContextConfiguration:305) - Neither @ContextConfiguration nor @ContextHierarchy found for test class [com.limbae.pfy.PortForYouApplicationTests], using SpringBootContextLoader
2021-07-27 16:10:21,434 [Test worker] INFO  org.springframework.test.context.support.AbstractContextLoader(generateDefaultLocations:264) - Could not detect default resource locations for test class [com.limbae.pfy.PortForYouApplicationTests]: no resource found for suffixes {-context.xml, Context.groovy}.
2021-07-27 16:10:21,436 [Test worker] INFO  org.springframework.test.context.support.AnnotationConfigContextLoaderUtils(detectDefaultConfigurationClasses:83) - Could not detect default configuration classes for test class [com.limbae.pfy.PortForYouApplicationTests]: PortForYouApplicationTests does not declare any static, non-private, non-final, nested classes annotated with @Configuration.
2021-07-27 16:10:21,582 [Test worker] INFO  org.springframework.boot.test.context.SpringBootTestContextBootstrapper(getOrFindConfigurationClasses:238) - Found @SpringBootConfiguration com.limbae.pfy.PortForYouApplication for test class com.limbae.pfy.PortForYouApplicationTests
2021-07-27 16:10:21,674 [Test worker] INFO  org.springframework.boot.test.context.SpringBootTestContextBootstrapper(getDefaultTestExecutionListenerClassNames:245) - Loaded default TestExecutionListener class names from location [META-INF/spring.factories]: [org.springframework.security.test.context.support.WithSecurityContextTestExecutionListener, org.springframework.security.test.context.support.ReactorContextTestExecutionListener, org.springframework.boot.test.autoconfigure.restdocs.RestDocsTestExecutionListener, org.springframework.boot.test.autoconfigure.web.client.MockRestServiceServerResetTestExecutionListener, org.springframework.boot.test.autoconfigure.web.servlet.MockMvcPrintOnlyOnFailureTestExecutionListener, org.springframework.boot.test.autoconfigure.web.servlet.WebDriverTestExecutionListener, org.springframework.boot.test.autoconfigure.webservices.client.MockWebServiceServerTestExecutionListener, org.springframework.boot.test.mock.mockito.MockitoTestExecutionListener, org.springframework.boot.test.mock.mockito.ResetMocksTestExecutionListener, org.springframework.test.context.web.ServletTestExecutionListener, org.springframework.test.context.support.DirtiesContextBeforeModesTestExecutionListener, org.springframework.test.context.event.ApplicationEventsTestExecutionListener, org.springframework.test.context.support.DependencyInjectionTestExecutionListener, org.springframework.test.context.support.DirtiesContextTestExecutionListener, org.springframework.test.context.transaction.TransactionalTestExecutionListener, org.springframework.test.context.jdbc.SqlScriptsTestExecutionListener, org.springframework.test.context.event.EventPublishingTestExecutionListener]
2021-07-27 16:10:21,689 [Test worker] INFO  org.springframework.boot.test.context.SpringBootTestContextBootstrapper(getTestExecutionListeners:174) - Using TestExecutionListeners: [org.springframework.test.context.web.ServletTestExecutionListener@614fbb38, org.springframework.test.context.support.DirtiesContextBeforeModesTestExecutionListener@3e260112, org.springframework.test.context.event.ApplicationEventsTestExecutionListener@35675b8d, org.springframework.boot.test.mock.mockito.MockitoTestExecutionListener@c20e486, org.springframework.boot.test.autoconfigure.SpringBootDependencyInjectionTestExecutionListener@10aa0841, org.springframework.test.context.support.DirtiesContextTestExecutionListener@1e0ab5d7, org.springframework.test.context.transaction.TransactionalTestExecutionListener@11be2ea8, org.springframework.test.context.jdbc.SqlScriptsTestExecutionListener@1ab1eccd, org.springframework.security.test.context.support.WithSecurityContextTestExecutionListener@5a1917da, org.springframework.test.context.event.EventPublishingTestExecutionListener@1176a543, org.springframework.security.test.context.support.ReactorContextTestExecutionListener@71dd02ab, org.springframework.boot.test.autoconfigure.restdocs.RestDocsTestExecutionListener@641f5fd9, org.springframework.boot.test.autoconfigure.web.client.MockRestServiceServerResetTestExecutionListener@76aa3347, org.springframework.boot.test.autoconfigure.web.servlet.MockMvcPrintOnlyOnFailureTestExecutionListener@5252dc6c, org.springframework.boot.test.autoconfigure.web.servlet.WebDriverTestExecutionListener@4b0354d7, org.springframework.boot.test.autoconfigure.webservices.client.MockWebServiceServerTestExecutionListener@557c2bf9, org.springframework.boot.test.mock.mockito.ResetMocksTestExecutionListener@726b0a1a]
2021-07-27 16:10:22,228 [background-preinit] INFO  org.hibernate.validator.internal.util.Version(<clinit>:21) - HV000001: Hibernate Validator 6.2.0.Final
2021-07-27 16:10:22,280 [Test worker] INFO  com.limbae.pfy.PortForYouApplicationTests(logStarting:55) - Starting PortForYouApplicationTests using Java 16.0.2 on im-yegwang-ui-MacBookAir.local with PID 51773 (started by lim in /Users/lim/Desktop/study/PortForYou)
2021-07-27 16:10:22,311 [Test worker] INFO  com.limbae.pfy.PortForYouApplicationTests(logStartupProfileInfo:659) - No active profile set, falling back to default profiles: default
2021-07-27 16:10:23,789 [Test worker] INFO  org.springframework.data.repository.config.RepositoryConfigurationDelegate(registerRepositoriesIn:132) - Bootstrapping Spring Data JPA repositories in DEFAULT mode.
2021-07-27 16:10:23,987 [Test worker] INFO  org.springframework.data.repository.config.RepositoryConfigurationDelegate(registerRepositoriesIn:201) - Finished Spring Data repository scanning in 180 ms. Found 11 JPA repository interfaces.
2021-07-27 16:10:25,258 [Test worker] INFO  org.springframework.context.support.PostProcessorRegistrationDelegate$BeanPostProcessorChecker(postProcessAfterInitialization:376) - Bean 'org.springframework.security.access.expression.method.DefaultMethodSecurityExpressionHandler@2f312a6e' of type [org.springframework.security.access.expression.method.DefaultMethodSecurityExpressionHandler] is not eligible for getting processed by all BeanPostProcessors (for example: not eligible for auto-proxying)
2021-07-27 16:10:25,291 [Test worker] INFO  org.springframework.context.support.PostProcessorRegistrationDelegate$BeanPostProcessorChecker(postProcessAfterInitialization:376) - Bean 'methodSecurityMetadataSource' of type [org.springframework.security.access.method.DelegatingMethodSecurityMetadataSource] is not eligible for getting processed by all BeanPostProcessors (for example: not eligible for auto-proxying)
2021-07-27 16:10:25,534 [Test worker] INFO  com.zaxxer.hikari.HikariDataSource(getConnection:110) - HikariPool-1 - Starting...
2021-07-27 16:10:26,136 [Test worker] INFO  com.zaxxer.hikari.HikariDataSource(getConnection:123) - HikariPool-1 - Start completed.
2021-07-27 16:10:26,390 [Test worker] INFO  org.hibernate.jpa.internal.util.LogHelper(logPersistenceUnitInformation:31) - HHH000204: Processing PersistenceUnitInfo [name: default]
2021-07-27 16:10:26,522 [Test worker] INFO  org.hibernate.Version(logVersion:44) - HHH000412: Hibernate ORM core version 5.4.32.Final
2021-07-27 16:10:26,780 [Test worker] INFO  org.hibernate.annotations.common.Version(<clinit>:56) - HCANN000001: Hibernate Commons Annotations {5.1.2.Final}
2021-07-27 16:10:26,995 [Test worker] INFO  org.hibernate.dialect.Dialect(<init>:175) - HHH000400: Using dialect: org.hibernate.dialect.MySQL8Dialect
2021-07-27 16:10:28,489 [Test worker] INFO  org.hibernate.engine.transaction.jta.platform.internal.JtaPlatformInitiator(initiateService:52) - HHH000490: Using JtaPlatform implementation: [org.hibernate.engine.transaction.jta.platform.internal.NoJtaPlatform]
2021-07-27 16:10:28,507 [Test worker] INFO  org.springframework.orm.jpa.LocalContainerEntityManagerFactoryBean(buildNativeEntityManagerFactory:437) - Initialized JPA EntityManagerFactory for persistence unit 'default'
2021-07-27 16:10:28,781 [Test worker] WARN  org.springframework.boot.autoconfigure.orm.jpa.JpaBaseConfiguration$JpaWebConfiguration(openEntityManagerInViewInterceptor:219) - spring.jpa.open-in-view is enabled by default. Therefore, database queries may be performed during view rendering. Explicitly configure spring.jpa.open-in-view to disable this warning
2021-07-27 16:10:30,474 [Test worker] INFO  org.springframework.security.web.DefaultSecurityFilterChain(<init>:51) - Will secure Ant [pattern='/api/login'] with []
2021-07-27 16:10:30,477 [Test worker] INFO  org.springframework.security.web.DefaultSecurityFilterChain(<init>:51) - Will secure Ant [pattern='/api/user'] with []
2021-07-27 16:10:30,478 [Test worker] INFO  org.springframework.security.web.DefaultSecurityFilterChain(<init>:51) - Will secure Ant [pattern='/api/img/default'] with []
2021-07-27 16:10:30,479 [Test worker] INFO  org.springframework.security.web.DefaultSecurityFilterChain(<init>:51) - Will secure Ant [pattern='/api/user/portfolio/positions'] with []
2021-07-27 16:10:30,480 [Test worker] INFO  org.springframework.security.web.DefaultSecurityFilterChain(<init>:51) - Will secure Ant [pattern='/api/user/portfolio/projects'] with []
2021-07-27 16:10:30,480 [Test worker] INFO  org.springframework.security.web.DefaultSecurityFilterChain(<init>:51) - Will secure Ant [pattern='/api/user/portfolio/educations'] with []
2021-07-27 16:10:30,481 [Test worker] INFO  org.springframework.security.web.DefaultSecurityFilterChain(<init>:51) - Will secure Ant [pattern='/api/user/portfolio/stacks'] with []
2021-07-27 16:10:30,557 [Test worker] INFO  org.springframework.security.web.DefaultSecurityFilterChain(<init>:51) - Will secure any request with [org.springframework.security.web.context.request.async.WebAsyncManagerIntegrationFilter@7a550cd4, org.springframework.security.web.context.SecurityContextPersistenceFilter@10fbfef9, org.springframework.security.web.header.HeaderWriterFilter@454880d6, org.springframework.security.web.authentication.logout.LogoutFilter@6f69cfe2, org.springframework.web.filter.CorsFilter@313a90f2, com.limbae.pfy.jwt.JwtFilter@2d947ea3, org.springframework.security.web.savedrequest.RequestCacheAwareFilter@73c62cd2, org.springframework.security.web.servletapi.SecurityContextHolderAwareRequestFilter@2ceda100, org.springframework.security.web.authentication.AnonymousAuthenticationFilter@56ef14f, org.springframework.security.web.session.SessionManagementFilter@23cb47cb, org.springframework.security.web.access.ExceptionTranslationFilter@52e2f068, org.springframework.security.web.access.intercept.FilterSecurityInterceptor@224ce9c1]
2021-07-27 16:10:31,449 [Test worker] INFO  org.springframework.boot.autoconfigure.web.servlet.WelcomePageHandlerMapping(<init>:57) - Adding welcome page template: index
2021-07-27 16:10:32,254 [Test worker] INFO  com.limbae.pfy.PortForYouApplicationTests(logStarted:61) - Started PortForYouApplicationTests in 10.508 seconds (JVM running for 17.554)
2021-07-27 16:10:32,635 [SpringApplicationShutdownHook] INFO  org.springframework.orm.jpa.LocalContainerEntityManagerFactoryBean(destroy:651) - Closing JPA EntityManagerFactory for persistence unit 'default'
2021-07-27 16:10:32,643 [SpringApplicationShutdownHook] INFO  com.zaxxer.hikari.HikariDataSource(close:350) - HikariPool-1 - Shutdown initiated...
2021-07-27 16:10:32,756 [SpringApplicationShutdownHook] INFO  com.zaxxer.hikari.HikariDataSource(close:352) - HikariPool-1 - Shutdown completed.
