2021-07-22 10:49:54,661 [background-preinit] INFO  org.hibernate.validator.internal.util.Version(<clinit>:21) - HV000001: Hibernate Validator 6.2.0.Final
2021-07-22 10:49:54,735 [restartedMain] INFO  com.limbae.pfy.PortForYouApplication(logStarting:55) - Starting PortForYouApplication using Java 16.0.1 on im-yegwang-ui-MacBookAir.local with PID 4134 (/Users/lim/Desktop/study/PortForYou/build/classes/java/main started by lim in /Users/lim/Desktop/study/PortForYou)
2021-07-22 10:49:54,742 [restartedMain] INFO  com.limbae.pfy.PortForYouApplication(logStartupProfileInfo:659) - No active profile set, falling back to default profiles: default
2021-07-22 10:49:54,784 [restartedMain] INFO  org.springframework.boot.devtools.env.DevToolsPropertyDefaultsPostProcessor(logTo:255) - Devtools property defaults active! Set 'spring.devtools.add-properties' to 'false' to disable
2021-07-22 10:49:54,785 [restartedMain] INFO  org.springframework.boot.devtools.env.DevToolsPropertyDefaultsPostProcessor(logTo:255) - For additional web related logging consider setting the 'logging.level.web' property to 'DEBUG'
2021-07-22 10:49:55,688 [restartedMain] INFO  org.springframework.data.repository.config.RepositoryConfigurationDelegate(registerRepositoriesIn:132) - Bootstrapping Spring Data JPA repositories in DEFAULT mode.
2021-07-22 10:49:55,802 [restartedMain] INFO  org.springframework.data.repository.config.RepositoryConfigurationDelegate(registerRepositoriesIn:201) - Finished Spring Data repository scanning in 105 ms. Found 11 JPA repository interfaces.
2021-07-22 10:49:56,129 [restartedMain] INFO  org.springframework.context.support.PostProcessorRegistrationDelegate$BeanPostProcessorChecker(postProcessAfterInitialization:376) - Bean 'org.springframework.security.access.expression.method.DefaultMethodSecurityExpressionHandler@e4626a7' of type [org.springframework.security.access.expression.method.DefaultMethodSecurityExpressionHandler] is not eligible for getting processed by all BeanPostProcessors (for example: not eligible for auto-proxying)
2021-07-22 10:49:56,134 [restartedMain] INFO  org.springframework.context.support.PostProcessorRegistrationDelegate$BeanPostProcessorChecker(postProcessAfterInitialization:376) - Bean 'methodSecurityMetadataSource' of type [org.springframework.security.access.method.DelegatingMethodSecurityMetadataSource] is not eligible for getting processed by all BeanPostProcessors (for example: not eligible for auto-proxying)
2021-07-22 10:49:56,384 [restartedMain] INFO  org.springframework.boot.web.embedded.tomcat.TomcatWebServer(initialize:108) - Tomcat initialized with port(s): 8080 (http)
2021-07-22 10:49:56,395 [restartedMain] INFO  org.apache.coyote.http11.Http11NioProtocol(log:173) - Initializing ProtocolHandler ["http-nio-8080"]
2021-07-22 10:49:56,395 [restartedMain] INFO  org.apache.catalina.core.StandardService(log:173) - Starting service [Tomcat]
2021-07-22 10:49:56,395 [restartedMain] INFO  org.apache.catalina.core.StandardEngine(log:173) - Starting Servlet engine: [Apache Tomcat/9.0.46]
2021-07-22 10:49:56,473 [restartedMain] INFO  org.apache.catalina.core.ContainerBase.[Tomcat].[localhost].[/](log:173) - Initializing Spring embedded WebApplicationContext
2021-07-22 10:49:56,474 [restartedMain] INFO  org.springframework.boot.web.servlet.context.ServletWebServerApplicationContext(prepareWebApplicationContext:290) - Root WebApplicationContext: initialization completed in 1687 ms
2021-07-22 10:49:56,597 [restartedMain] INFO  com.zaxxer.hikari.HikariDataSource(getConnection:110) - HikariPool-1 - Starting...
2021-07-22 10:49:57,218 [restartedMain] INFO  com.zaxxer.hikari.HikariDataSource(getConnection:123) - HikariPool-1 - Start completed.
2021-07-22 10:49:57,302 [restartedMain] INFO  org.hibernate.jpa.internal.util.LogHelper(logPersistenceUnitInformation:31) - HHH000204: Processing PersistenceUnitInfo [name: default]
2021-07-22 10:49:57,330 [restartedMain] INFO  org.hibernate.Version(logVersion:44) - HHH000412: Hibernate ORM core version 5.4.32.Final
2021-07-22 10:49:57,396 [restartedMain] INFO  org.hibernate.annotations.common.Version(<clinit>:56) - HCANN000001: Hibernate Commons Annotations {5.1.2.Final}
2021-07-22 10:49:57,446 [restartedMain] INFO  org.hibernate.dialect.Dialect(<init>:175) - HHH000400: Using dialect: org.hibernate.dialect.MySQL8Dialect
2021-07-22 10:49:58,209 [restartedMain] INFO  org.hibernate.engine.transaction.jta.platform.internal.JtaPlatformInitiator(initiateService:52) - HHH000490: Using JtaPlatform implementation: [org.hibernate.engine.transaction.jta.platform.internal.NoJtaPlatform]
2021-07-22 10:49:58,214 [restartedMain] INFO  org.springframework.orm.jpa.LocalContainerEntityManagerFactoryBean(buildNativeEntityManagerFactory:437) - Initialized JPA EntityManagerFactory for persistence unit 'default'
2021-07-22 10:49:58,285 [restartedMain] WARN  org.springframework.boot.autoconfigure.orm.jpa.JpaBaseConfiguration$JpaWebConfiguration(openEntityManagerInViewInterceptor:219) - spring.jpa.open-in-view is enabled by default. Therefore, database queries may be performed during view rendering. Explicitly configure spring.jpa.open-in-view to disable this warning
2021-07-22 10:49:58,983 [restartedMain] INFO  org.springframework.security.web.DefaultSecurityFilterChain(<init>:51) - Will secure Ant [pattern='/api/login'] with []
2021-07-22 10:49:58,984 [restartedMain] INFO  org.springframework.security.web.DefaultSecurityFilterChain(<init>:51) - Will secure Ant [pattern='/api/user'] with []
2021-07-22 10:49:58,986 [restartedMain] INFO  org.springframework.security.web.DefaultSecurityFilterChain(<init>:51) - Will secure Ant [pattern='/api/img/default'] with []
2021-07-22 10:49:58,986 [restartedMain] INFO  org.springframework.security.web.DefaultSecurityFilterChain(<init>:51) - Will secure Ant [pattern='/api/user/portfolio/positions'] with []
2021-07-22 10:49:58,987 [restartedMain] INFO  org.springframework.security.web.DefaultSecurityFilterChain(<init>:51) - Will secure Ant [pattern='/api/user/portfolio/projects'] with []
2021-07-22 10:49:58,988 [restartedMain] INFO  org.springframework.security.web.DefaultSecurityFilterChain(<init>:51) - Will secure Ant [pattern='/api/user/portfolio/educations'] with []
2021-07-22 10:49:58,988 [restartedMain] INFO  org.springframework.security.web.DefaultSecurityFilterChain(<init>:51) - Will secure Ant [pattern='/api/user/portfolio/stacks'] with []
2021-07-22 10:49:59,005 [restartedMain] INFO  org.springframework.security.web.DefaultSecurityFilterChain(<init>:51) - Will secure any request with [org.springframework.security.web.context.request.async.WebAsyncManagerIntegrationFilter@d63888c, org.springframework.security.web.context.SecurityContextPersistenceFilter@12980c4d, org.springframework.security.web.header.HeaderWriterFilter@33836b2e, org.springframework.security.web.authentication.logout.LogoutFilter@39795c4e, org.springframework.web.filter.CorsFilter@5ae9cbb1, com.limbae.pfy.jwt.JwtFilter@b543d9e, org.springframework.security.web.savedrequest.RequestCacheAwareFilter@25ae6dff, org.springframework.security.web.servletapi.SecurityContextHolderAwareRequestFilter@6cc865e2, org.springframework.security.web.authentication.AnonymousAuthenticationFilter@20d5d420, org.springframework.security.web.session.SessionManagementFilter@63fed429, org.springframework.security.web.access.ExceptionTranslationFilter@18c5d515, org.springframework.security.web.access.intercept.FilterSecurityInterceptor@4d2389e3]
2021-07-22 10:49:59,181 [restartedMain] INFO  org.springframework.boot.autoconfigure.web.servlet.WelcomePageHandlerMapping(<init>:57) - Adding welcome page template: index
2021-07-22 10:49:59,415 [restartedMain] INFO  org.springframework.boot.devtools.autoconfigure.OptionalLiveReloadServer(startServer:58) - LiveReload server is running on port 35729
2021-07-22 10:49:59,439 [restartedMain] INFO  org.apache.coyote.http11.Http11NioProtocol(log:173) - Starting ProtocolHandler ["http-nio-8080"]
2021-07-22 10:49:59,455 [restartedMain] INFO  org.springframework.boot.web.embedded.tomcat.TomcatWebServer(start:220) - Tomcat started on port(s): 8080 (http) with context path ''
2021-07-22 10:49:59,468 [restartedMain] INFO  com.limbae.pfy.PortForYouApplication(logStarted:61) - Started PortForYouApplication in 5.205 seconds (JVM running for 11.454)
2021-07-22 10:50:17,937 [http-nio-8080-exec-2] INFO  org.apache.catalina.core.ContainerBase.[Tomcat].[localhost].[/](log:173) - Initializing Spring DispatcherServlet 'dispatcherServlet'
2021-07-22 10:50:17,939 [http-nio-8080-exec-2] INFO  org.springframework.web.servlet.DispatcherServlet(initServletBean:525) - Initializing Servlet 'dispatcherServlet'
2021-07-22 10:50:17,944 [http-nio-8080-exec-2] INFO  org.springframework.web.servlet.DispatcherServlet(initServletBean:547) - Completed initialization in 4 ms
2021-07-22 10:51:32,113 [http-nio-8080-exec-6] ERROR org.apache.catalina.core.ContainerBase.[Tomcat].[localhost].[/].[dispatcherServlet](log:175) - Servlet.service() for servlet [dispatcherServlet] in context with path [] threw exception [Request processing failed; nested exception is java.lang.NullPointerException: Cannot invoke "com.limbae.pfy.domain.AnnouncementVO.getStudy()" because "announcementByIdx" is null] with root cause
java.lang.NullPointerException: Cannot invoke "com.limbae.pfy.domain.AnnouncementVO.getStudy()" because "announcementByIdx" is null
	at com.limbae.pfy.controller.StudyController.deleteAnnouncement(StudyController.java:177) ~[main/:?]
	at com.limbae.pfy.controller.StudyController$$FastClassBySpringCGLIB$$b5184229.invoke(<generated>) ~[main/:?]
	at org.springframework.cglib.proxy.MethodProxy.invoke(MethodProxy.java:218) ~[spring-core-5.3.8.jar:5.3.8]
	at org.springframework.aop.framework.CglibAopProxy$CglibMethodInvocation.invokeJoinpoint(CglibAopProxy.java:779) ~[spring-aop-5.3.8.jar:5.3.8]
	at org.springframework.aop.framework.ReflectiveMethodInvocation.proceed(ReflectiveMethodInvocation.java:163) ~[spring-aop-5.3.8.jar:5.3.8]
	at org.springframework.aop.framework.CglibAopProxy$CglibMethodInvocation.proceed(CglibAopProxy.java:750) ~[spring-aop-5.3.8.jar:5.3.8]
	at org.springframework.security.access.intercept.aopalliance.MethodSecurityInterceptor.invoke(MethodSecurityInterceptor.java:61) ~[spring-security-core-5.5.0.jar:5.5.0]
	at org.springframework.aop.framework.ReflectiveMethodInvocation.proceed(ReflectiveMethodInvocation.java:186) ~[spring-aop-5.3.8.jar:5.3.8]
	at org.springframework.aop.framework.CglibAopProxy$CglibMethodInvocation.proceed(CglibAopProxy.java:750) ~[spring-aop-5.3.8.jar:5.3.8]
	at org.springframework.aop.framework.CglibAopProxy$DynamicAdvisedInterceptor.intercept(CglibAopProxy.java:692) ~[spring-aop-5.3.8.jar:5.3.8]
	at com.limbae.pfy.controller.StudyController$$EnhancerBySpringCGLIB$$32d2c3c6.deleteAnnouncement(<generated>) ~[main/:?]
	at jdk.internal.reflect.NativeMethodAccessorImpl.invoke0(Native Method) ~[?:?]
	at jdk.internal.reflect.NativeMethodAccessorImpl.invoke(NativeMethodAccessorImpl.java:78) ~[?:?]
	at jdk.internal.reflect.DelegatingMethodAccessorImpl.invoke(DelegatingMethodAccessorImpl.java:43) ~[?:?]
	at java.lang.reflect.Method.invoke(Method.java:567) ~[?:?]
	at org.springframework.web.method.support.InvocableHandlerMethod.doInvoke(InvocableHandlerMethod.java:197) ~[spring-web-5.3.8.jar:5.3.8]
	at org.springframework.web.method.support.InvocableHandlerMethod.invokeForRequest(InvocableHandlerMethod.java:141) ~[spring-web-5.3.8.jar:5.3.8]
	at org.springframework.web.servlet.mvc.method.annotation.ServletInvocableHandlerMethod.invokeAndHandle(ServletInvocableHandlerMethod.java:106) ~[spring-webmvc-5.3.8.jar:5.3.8]
	at org.springframework.web.servlet.mvc.method.annotation.RequestMappingHandlerAdapter.invokeHandlerMethod(RequestMappingHandlerAdapter.java:894) ~[spring-webmvc-5.3.8.jar:5.3.8]
	at org.springframework.web.servlet.mvc.method.annotation.RequestMappingHandlerAdapter.handleInternal(RequestMappingHandlerAdapter.java:808) ~[spring-webmvc-5.3.8.jar:5.3.8]
	at org.springframework.web.servlet.mvc.method.AbstractHandlerMethodAdapter.handle(AbstractHandlerMethodAdapter.java:87) ~[spring-webmvc-5.3.8.jar:5.3.8]
	at org.springframework.web.servlet.DispatcherServlet.doDispatch(DispatcherServlet.java:1063) ~[spring-webmvc-5.3.8.jar:5.3.8]
	at org.springframework.web.servlet.DispatcherServlet.doService(DispatcherServlet.java:963) ~[spring-webmvc-5.3.8.jar:5.3.8]
	at org.springframework.web.servlet.FrameworkServlet.processRequest(FrameworkServlet.java:1006) ~[spring-webmvc-5.3.8.jar:5.3.8]
	at org.springframework.web.servlet.FrameworkServlet.doDelete(FrameworkServlet.java:931) ~[spring-webmvc-5.3.8.jar:5.3.8]
	at javax.servlet.http.HttpServlet.service(HttpServlet.java:658) ~[tomcat-embed-core-9.0.46.jar:4.0.FR]
	at org.springframework.web.servlet.FrameworkServlet.service(FrameworkServlet.java:883) ~[spring-webmvc-5.3.8.jar:5.3.8]
	at javax.servlet.http.HttpServlet.service(HttpServlet.java:733) ~[tomcat-embed-core-9.0.46.jar:4.0.FR]
	at org.apache.catalina.core.ApplicationFilterChain.internalDoFilter(ApplicationFilterChain.java:227) ~[tomcat-embed-core-9.0.46.jar:9.0.46]
	at org.apache.catalina.core.ApplicationFilterChain.doFilter(ApplicationFilterChain.java:162) ~[tomcat-embed-core-9.0.46.jar:9.0.46]
	at org.apache.tomcat.websocket.server.WsFilter.doFilter(WsFilter.java:53) ~[tomcat-embed-websocket-9.0.46.jar:9.0.46]
	at org.apache.catalina.core.ApplicationFilterChain.internalDoFilter(ApplicationFilterChain.java:189) ~[tomcat-embed-core-9.0.46.jar:9.0.46]
	at org.apache.catalina.core.ApplicationFilterChain.doFilter(ApplicationFilterChain.java:162) ~[tomcat-embed-core-9.0.46.jar:9.0.46]
	at org.springframework.web.filter.CorsFilter.doFilterInternal(CorsFilter.java:91) ~[spring-web-5.3.8.jar:5.3.8]
	at org.springframework.web.filter.OncePerRequestFilter.doFilter(OncePerRequestFilter.java:119) ~[spring-web-5.3.8.jar:5.3.8]
	at org.apache.catalina.core.ApplicationFilterChain.internalDoFilter(ApplicationFilterChain.java:189) ~[tomcat-embed-core-9.0.46.jar:9.0.46]
	at org.apache.catalina.core.ApplicationFilterChain.doFilter(ApplicationFilterChain.java:162) ~[tomcat-embed-core-9.0.46.jar:9.0.46]
	at org.springframework.security.web.FilterChainProxy$VirtualFilterChain.doFilter(FilterChainProxy.java:327) ~[spring-security-web-5.5.0.jar:5.5.0]
	at org.springframework.security.web.access.intercept.FilterSecurityInterceptor.invoke(FilterSecurityInterceptor.java:115) ~[spring-security-web-5.5.0.jar:5.5.0]
	at org.springframework.security.web.access.intercept.FilterSecurityInterceptor.doFilter(FilterSecurityInterceptor.java:81) ~[spring-security-web-5.5.0.jar:5.5.0]
	at org.springframework.security.web.FilterChainProxy$VirtualFilterChain.doFilter(FilterChainProxy.java:336) ~[spring-security-web-5.5.0.jar:5.5.0]
	at org.springframework.security.web.access.ExceptionTranslationFilter.doFilter(ExceptionTranslationFilter.java:121) ~[spring-security-web-5.5.0.jar:5.5.0]
	at org.springframework.security.web.access.ExceptionTranslationFilter.doFilter(ExceptionTranslationFilter.java:115) ~[spring-security-web-5.5.0.jar:5.5.0]
	at org.springframework.security.web.FilterChainProxy$VirtualFilterChain.doFilter(FilterChainProxy.java:336) ~[spring-security-web-5.5.0.jar:5.5.0]
	at org.springframework.security.web.session.SessionManagementFilter.doFilter(SessionManagementFilter.java:126) ~[spring-security-web-5.5.0.jar:5.5.0]
	at org.springframework.security.web.session.SessionManagementFilter.doFilter(SessionManagementFilter.java:81) ~[spring-security-web-5.5.0.jar:5.5.0]
	at org.springframework.security.web.FilterChainProxy$VirtualFilterChain.doFilter(FilterChainProxy.java:336) ~[spring-security-web-5.5.0.jar:5.5.0]
	at org.springframework.security.web.authentication.AnonymousAuthenticationFilter.doFilter(AnonymousAuthenticationFilter.java:105) ~[spring-security-web-5.5.0.jar:5.5.0]
	at org.springframework.security.web.FilterChainProxy$VirtualFilterChain.doFilter(FilterChainProxy.java:336) ~[spring-security-web-5.5.0.jar:5.5.0]
	at org.springframework.security.web.servletapi.SecurityContextHolderAwareRequestFilter.doFilter(SecurityContextHolderAwareRequestFilter.java:149) ~[spring-security-web-5.5.0.jar:5.5.0]
	at org.springframework.security.web.FilterChainProxy$VirtualFilterChain.doFilter(FilterChainProxy.java:336) ~[spring-security-web-5.5.0.jar:5.5.0]
	at org.springframework.security.web.savedrequest.RequestCacheAwareFilter.doFilter(RequestCacheAwareFilter.java:63) ~[spring-security-web-5.5.0.jar:5.5.0]
	at org.springframework.security.web.FilterChainProxy$VirtualFilterChain.doFilter(FilterChainProxy.java:336) ~[spring-security-web-5.5.0.jar:5.5.0]
	at com.limbae.pfy.jwt.JwtFilter.doFilter(JwtFilter.java:40) ~[main/:?]
	at org.springframework.security.web.FilterChainProxy$VirtualFilterChain.doFilter(FilterChainProxy.java:336) ~[spring-security-web-5.5.0.jar:5.5.0]
	at org.springframework.web.filter.CorsFilter.doFilterInternal(CorsFilter.java:91) ~[spring-web-5.3.8.jar:5.3.8]
	at org.springframework.web.filter.OncePerRequestFilter.doFilter(OncePerRequestFilter.java:119) ~[spring-web-5.3.8.jar:5.3.8]
	at org.springframework.security.web.FilterChainProxy$VirtualFilterChain.doFilter(FilterChainProxy.java:336) ~[spring-security-web-5.5.0.jar:5.5.0]
	at org.springframework.security.web.authentication.logout.LogoutFilter.doFilter(LogoutFilter.java:103) ~[spring-security-web-5.5.0.jar:5.5.0]
	at org.springframework.security.web.authentication.logout.LogoutFilter.doFilter(LogoutFilter.java:89) ~[spring-security-web-5.5.0.jar:5.5.0]
	at org.springframework.security.web.FilterChainProxy$VirtualFilterChain.doFilter(FilterChainProxy.java:336) ~[spring-security-web-5.5.0.jar:5.5.0]
	at org.springframework.security.web.header.HeaderWriterFilter.doHeadersAfter(HeaderWriterFilter.java:90) ~[spring-security-web-5.5.0.jar:5.5.0]
	at org.springframework.security.web.header.HeaderWriterFilter.doFilterInternal(HeaderWriterFilter.java:75) ~[spring-security-web-5.5.0.jar:5.5.0]
	at org.springframework.web.filter.OncePerRequestFilter.doFilter(OncePerRequestFilter.java:119) ~[spring-web-5.3.8.jar:5.3.8]
	at org.springframework.security.web.FilterChainProxy$VirtualFilterChain.doFilter(FilterChainProxy.java:336) ~[spring-security-web-5.5.0.jar:5.5.0]
	at org.springframework.security.web.context.SecurityContextPersistenceFilter.doFilter(SecurityContextPersistenceFilter.java:110) ~[spring-security-web-5.5.0.jar:5.5.0]
	at org.springframework.security.web.context.SecurityContextPersistenceFilter.doFilter(SecurityContextPersistenceFilter.java:80) ~[spring-security-web-5.5.0.jar:5.5.0]
	at org.springframework.security.web.FilterChainProxy$VirtualFilterChain.doFilter(FilterChainProxy.java:336) ~[spring-security-web-5.5.0.jar:5.5.0]
	at org.springframework.security.web.context.request.async.WebAsyncManagerIntegrationFilter.doFilterInternal(WebAsyncManagerIntegrationFilter.java:55) ~[spring-security-web-5.5.0.jar:5.5.0]
	at org.springframework.web.filter.OncePerRequestFilter.doFilter(OncePerRequestFilter.java:119) ~[spring-web-5.3.8.jar:5.3.8]
	at org.springframework.security.web.FilterChainProxy$VirtualFilterChain.doFilter(FilterChainProxy.java:336) ~[spring-security-web-5.5.0.jar:5.5.0]
	at org.springframework.security.web.FilterChainProxy.doFilterInternal(FilterChainProxy.java:211) ~[spring-security-web-5.5.0.jar:5.5.0]
	at org.springframework.security.web.FilterChainProxy.doFilter(FilterChainProxy.java:183) ~[spring-security-web-5.5.0.jar:5.5.0]
	at org.springframework.web.filter.DelegatingFilterProxy.invokeDelegate(DelegatingFilterProxy.java:358) ~[spring-web-5.3.8.jar:5.3.8]
	at org.springframework.web.filter.DelegatingFilterProxy.doFilter(DelegatingFilterProxy.java:271) ~[spring-web-5.3.8.jar:5.3.8]
	at org.apache.catalina.core.ApplicationFilterChain.internalDoFilter(ApplicationFilterChain.java:189) ~[tomcat-embed-core-9.0.46.jar:9.0.46]
	at org.apache.catalina.core.ApplicationFilterChain.doFilter(ApplicationFilterChain.java:162) ~[tomcat-embed-core-9.0.46.jar:9.0.46]
	at org.springframework.web.filter.RequestContextFilter.doFilterInternal(RequestContextFilter.java:100) ~[spring-web-5.3.8.jar:5.3.8]
	at org.springframework.web.filter.OncePerRequestFilter.doFilter(OncePerRequestFilter.java:119) ~[spring-web-5.3.8.jar:5.3.8]
	at org.apache.catalina.core.ApplicationFilterChain.internalDoFilter(ApplicationFilterChain.java:189) ~[tomcat-embed-core-9.0.46.jar:9.0.46]
	at org.apache.catalina.core.ApplicationFilterChain.doFilter(ApplicationFilterChain.java:162) ~[tomcat-embed-core-9.0.46.jar:9.0.46]
	at org.springframework.web.filter.FormContentFilter.doFilterInternal(FormContentFilter.java:93) ~[spring-web-5.3.8.jar:5.3.8]
	at org.springframework.web.filter.OncePerRequestFilter.doFilter(OncePerRequestFilter.java:119) ~[spring-web-5.3.8.jar:5.3.8]
	at org.apache.catalina.core.ApplicationFilterChain.internalDoFilter(ApplicationFilterChain.java:189) ~[tomcat-embed-core-9.0.46.jar:9.0.46]
	at org.apache.catalina.core.ApplicationFilterChain.doFilter(ApplicationFilterChain.java:162) ~[tomcat-embed-core-9.0.46.jar:9.0.46]
	at org.springframework.web.filter.CharacterEncodingFilter.doFilterInternal(CharacterEncodingFilter.java:201) ~[spring-web-5.3.8.jar:5.3.8]
	at org.springframework.web.filter.OncePerRequestFilter.doFilter(OncePerRequestFilter.java:119) ~[spring-web-5.3.8.jar:5.3.8]
	at org.apache.catalina.core.ApplicationFilterChain.internalDoFilter(ApplicationFilterChain.java:189) ~[tomcat-embed-core-9.0.46.jar:9.0.46]
	at org.apache.catalina.core.ApplicationFilterChain.doFilter(ApplicationFilterChain.java:162) ~[tomcat-embed-core-9.0.46.jar:9.0.46]
	at org.apache.catalina.core.StandardWrapperValve.invoke(StandardWrapperValve.java:202) [tomcat-embed-core-9.0.46.jar:9.0.46]
	at org.apache.catalina.core.StandardContextValve.invoke(StandardContextValve.java:97) [tomcat-embed-core-9.0.46.jar:9.0.46]
	at org.apache.catalina.authenticator.AuthenticatorBase.invoke(AuthenticatorBase.java:542) [tomcat-embed-core-9.0.46.jar:9.0.46]
	at org.apache.catalina.core.StandardHostValve.invoke(StandardHostValve.java:143) [tomcat-embed-core-9.0.46.jar:9.0.46]
	at org.apache.catalina.valves.ErrorReportValve.invoke(ErrorReportValve.java:92) [tomcat-embed-core-9.0.46.jar:9.0.46]
	at org.apache.catalina.core.StandardEngineValve.invoke(StandardEngineValve.java:78) [tomcat-embed-core-9.0.46.jar:9.0.46]
	at org.apache.catalina.connector.CoyoteAdapter.service(CoyoteAdapter.java:357) [tomcat-embed-core-9.0.46.jar:9.0.46]
	at org.apache.coyote.http11.Http11Processor.service(Http11Processor.java:374) [tomcat-embed-core-9.0.46.jar:9.0.46]
	at org.apache.coyote.AbstractProcessorLight.process(AbstractProcessorLight.java:65) [tomcat-embed-core-9.0.46.jar:9.0.46]
	at org.apache.coyote.AbstractProtocol$ConnectionHandler.process(AbstractProtocol.java:893) [tomcat-embed-core-9.0.46.jar:9.0.46]
	at org.apache.tomcat.util.net.NioEndpoint$SocketProcessor.doRun(NioEndpoint.java:1707) [tomcat-embed-core-9.0.46.jar:9.0.46]
	at org.apache.tomcat.util.net.SocketProcessorBase.run(SocketProcessorBase.java:49) [tomcat-embed-core-9.0.46.jar:9.0.46]
	at java.util.concurrent.ThreadPoolExecutor.runWorker(ThreadPoolExecutor.java:1130) [?:?]
	at java.util.concurrent.ThreadPoolExecutor$Worker.run(ThreadPoolExecutor.java:630) [?:?]
	at org.apache.tomcat.util.threads.TaskThread$WrappingRunnable.run(TaskThread.java:61) [tomcat-embed-core-9.0.46.jar:9.0.46]
	at java.lang.Thread.run(Thread.java:831) [?:?]
2021-07-22 10:52:17,260 [SpringApplicationShutdownHook] INFO  org.springframework.orm.jpa.LocalContainerEntityManagerFactoryBean(destroy:651) - Closing JPA EntityManagerFactory for persistence unit 'default'
2021-07-22 10:52:17,271 [SpringApplicationShutdownHook] INFO  com.zaxxer.hikari.HikariDataSource(close:350) - HikariPool-1 - Shutdown initiated...
2021-07-22 10:52:17,374 [SpringApplicationShutdownHook] INFO  com.zaxxer.hikari.HikariDataSource(close:352) - HikariPool-1 - Shutdown completed.
2021-07-22 10:52:22,280 [background-preinit] INFO  org.hibernate.validator.internal.util.Version(<clinit>:21) - HV000001: Hibernate Validator 6.2.0.Final
2021-07-22 10:52:22,294 [restartedMain] INFO  com.limbae.pfy.PortForYouApplication(logStarting:55) - Starting PortForYouApplication using Java 16.0.1 on im-yegwang-ui-MacBookAir.local with PID 4158 (/Users/lim/Desktop/study/PortForYou/build/classes/java/main started by lim in /Users/lim/Desktop/study/PortForYou)
2021-07-22 10:52:22,298 [restartedMain] INFO  com.limbae.pfy.PortForYouApplication(logStartupProfileInfo:659) - No active profile set, falling back to default profiles: default
2021-07-22 10:52:22,340 [restartedMain] INFO  org.springframework.boot.devtools.env.DevToolsPropertyDefaultsPostProcessor(logTo:255) - Devtools property defaults active! Set 'spring.devtools.add-properties' to 'false' to disable
2021-07-22 10:52:22,342 [restartedMain] INFO  org.springframework.boot.devtools.env.DevToolsPropertyDefaultsPostProcessor(logTo:255) - For additional web related logging consider setting the 'logging.level.web' property to 'DEBUG'
2021-07-22 10:52:23,217 [restartedMain] INFO  org.springframework.data.repository.config.RepositoryConfigurationDelegate(registerRepositoriesIn:132) - Bootstrapping Spring Data JPA repositories in DEFAULT mode.
2021-07-22 10:52:23,353 [restartedMain] INFO  org.springframework.data.repository.config.RepositoryConfigurationDelegate(registerRepositoriesIn:201) - Finished Spring Data repository scanning in 127 ms. Found 11 JPA repository interfaces.
2021-07-22 10:52:23,787 [restartedMain] INFO  org.springframework.context.support.PostProcessorRegistrationDelegate$BeanPostProcessorChecker(postProcessAfterInitialization:376) - Bean 'org.springframework.security.access.expression.method.DefaultMethodSecurityExpressionHandler@662f0ef9' of type [org.springframework.security.access.expression.method.DefaultMethodSecurityExpressionHandler] is not eligible for getting processed by all BeanPostProcessors (for example: not eligible for auto-proxying)
2021-07-22 10:52:23,793 [restartedMain] INFO  org.springframework.context.support.PostProcessorRegistrationDelegate$BeanPostProcessorChecker(postProcessAfterInitialization:376) - Bean 'methodSecurityMetadataSource' of type [org.springframework.security.access.method.DelegatingMethodSecurityMetadataSource] is not eligible for getting processed by all BeanPostProcessors (for example: not eligible for auto-proxying)
2021-07-22 10:52:24,038 [restartedMain] INFO  org.springframework.boot.web.embedded.tomcat.TomcatWebServer(initialize:108) - Tomcat initialized with port(s): 8080 (http)
2021-07-22 10:52:24,045 [restartedMain] INFO  org.apache.coyote.http11.Http11NioProtocol(log:173) - Initializing ProtocolHandler ["http-nio-8080"]
2021-07-22 10:52:24,045 [restartedMain] INFO  org.apache.catalina.core.StandardService(log:173) - Starting service [Tomcat]
2021-07-22 10:52:24,046 [restartedMain] INFO  org.apache.catalina.core.StandardEngine(log:173) - Starting Servlet engine: [Apache Tomcat/9.0.46]
2021-07-22 10:52:24,097 [restartedMain] INFO  org.apache.catalina.core.ContainerBase.[Tomcat].[localhost].[/](log:173) - Initializing Spring embedded WebApplicationContext
2021-07-22 10:52:24,098 [restartedMain] INFO  org.springframework.boot.web.servlet.context.ServletWebServerApplicationContext(prepareWebApplicationContext:290) - Root WebApplicationContext: initialization completed in 1755 ms
2021-07-22 10:52:24,193 [restartedMain] INFO  com.zaxxer.hikari.HikariDataSource(getConnection:110) - HikariPool-1 - Starting...
2021-07-22 10:52:24,665 [restartedMain] INFO  com.zaxxer.hikari.HikariDataSource(getConnection:123) - HikariPool-1 - Start completed.
2021-07-22 10:52:24,746 [restartedMain] INFO  org.hibernate.jpa.internal.util.LogHelper(logPersistenceUnitInformation:31) - HHH000204: Processing PersistenceUnitInfo [name: default]
2021-07-22 10:52:24,771 [restartedMain] INFO  org.hibernate.Version(logVersion:44) - HHH000412: Hibernate ORM core version 5.4.32.Final
2021-07-22 10:52:24,832 [restartedMain] INFO  org.hibernate.annotations.common.Version(<clinit>:56) - HCANN000001: Hibernate Commons Annotations {5.1.2.Final}
2021-07-22 10:52:24,876 [restartedMain] INFO  org.hibernate.dialect.Dialect(<init>:175) - HHH000400: Using dialect: org.hibernate.dialect.MySQL8Dialect
2021-07-22 10:52:25,574 [restartedMain] INFO  org.hibernate.engine.transaction.jta.platform.internal.JtaPlatformInitiator(initiateService:52) - HHH000490: Using JtaPlatform implementation: [org.hibernate.engine.transaction.jta.platform.internal.NoJtaPlatform]
2021-07-22 10:52:25,580 [restartedMain] INFO  org.springframework.orm.jpa.LocalContainerEntityManagerFactoryBean(buildNativeEntityManagerFactory:437) - Initialized JPA EntityManagerFactory for persistence unit 'default'
2021-07-22 10:52:25,662 [restartedMain] WARN  org.springframework.boot.autoconfigure.orm.jpa.JpaBaseConfiguration$JpaWebConfiguration(openEntityManagerInViewInterceptor:219) - spring.jpa.open-in-view is enabled by default. Therefore, database queries may be performed during view rendering. Explicitly configure spring.jpa.open-in-view to disable this warning
2021-07-22 10:52:26,344 [restartedMain] INFO  org.springframework.security.web.DefaultSecurityFilterChain(<init>:51) - Will secure Ant [pattern='/api/login'] with []
2021-07-22 10:52:26,345 [restartedMain] INFO  org.springframework.security.web.DefaultSecurityFilterChain(<init>:51) - Will secure Ant [pattern='/api/user'] with []
2021-07-22 10:52:26,346 [restartedMain] INFO  org.springframework.security.web.DefaultSecurityFilterChain(<init>:51) - Will secure Ant [pattern='/api/img/default'] with []
2021-07-22 10:52:26,347 [restartedMain] INFO  org.springframework.security.web.DefaultSecurityFilterChain(<init>:51) - Will secure Ant [pattern='/api/user/portfolio/positions'] with []
2021-07-22 10:52:26,347 [restartedMain] INFO  org.springframework.security.web.DefaultSecurityFilterChain(<init>:51) - Will secure Ant [pattern='/api/user/portfolio/projects'] with []
2021-07-22 10:52:26,348 [restartedMain] INFO  org.springframework.security.web.DefaultSecurityFilterChain(<init>:51) - Will secure Ant [pattern='/api/user/portfolio/educations'] with []
2021-07-22 10:52:26,348 [restartedMain] INFO  org.springframework.security.web.DefaultSecurityFilterChain(<init>:51) - Will secure Ant [pattern='/api/user/portfolio/stacks'] with []
2021-07-22 10:52:26,367 [restartedMain] INFO  org.springframework.security.web.DefaultSecurityFilterChain(<init>:51) - Will secure any request with [org.springframework.security.web.context.request.async.WebAsyncManagerIntegrationFilter@11bffb72, org.springframework.security.web.context.SecurityContextPersistenceFilter@2d82209b, org.springframework.security.web.header.HeaderWriterFilter@7439dc56, org.springframework.security.web.authentication.logout.LogoutFilter@21dacdaa, org.springframework.web.filter.CorsFilter@49bf37b6, com.limbae.pfy.jwt.JwtFilter@3f153230, org.springframework.security.web.savedrequest.RequestCacheAwareFilter@7a7f0f0c, org.springframework.security.web.servletapi.SecurityContextHolderAwareRequestFilter@23aba058, org.springframework.security.web.authentication.AnonymousAuthenticationFilter@1d85633a, org.springframework.security.web.session.SessionManagementFilter@415bd4bf, org.springframework.security.web.access.ExceptionTranslationFilter@21ebe29e, org.springframework.security.web.access.intercept.FilterSecurityInterceptor@281bc8f1]
2021-07-22 10:52:26,534 [restartedMain] INFO  org.springframework.boot.autoconfigure.web.servlet.WelcomePageHandlerMapping(<init>:57) - Adding welcome page template: index
2021-07-22 10:52:26,737 [restartedMain] INFO  org.springframework.boot.devtools.autoconfigure.OptionalLiveReloadServer(startServer:58) - LiveReload server is running on port 35729
2021-07-22 10:52:26,760 [restartedMain] INFO  org.apache.coyote.http11.Http11NioProtocol(log:173) - Starting ProtocolHandler ["http-nio-8080"]
2021-07-22 10:52:26,775 [restartedMain] INFO  org.springframework.boot.web.embedded.tomcat.TomcatWebServer(start:220) - Tomcat started on port(s): 8080 (http) with context path ''
2021-07-22 10:52:26,789 [restartedMain] INFO  com.limbae.pfy.PortForYouApplication(logStarted:61) - Started PortForYouApplication in 4.845 seconds (JVM running for 6.091)
2021-07-22 10:52:32,352 [http-nio-8080-exec-2] INFO  org.apache.catalina.core.ContainerBase.[Tomcat].[localhost].[/](log:173) - Initializing Spring DispatcherServlet 'dispatcherServlet'
2021-07-22 10:52:32,354 [http-nio-8080-exec-2] INFO  org.springframework.web.servlet.DispatcherServlet(initServletBean:525) - Initializing Servlet 'dispatcherServlet'
2021-07-22 10:52:32,359 [http-nio-8080-exec-2] INFO  org.springframework.web.servlet.DispatcherServlet(initServletBean:547) - Completed initialization in 5 ms
2021-07-22 10:53:52,725 [HikariPool-1 housekeeper] WARN  com.zaxxer.hikari.pool.HikariPool(run:780) - HikariPool-1 - Retrograde clock change detected (housekeeper delta=27s939ms), soft-evicting connections from pool.
