2021-07-17 21:01:01,985 [http-nio-8080-exec-10] WARN  com.limbae.pfy.controller.PortfolioController(updatePortfolio:92) - Cannot invoke "com.limbae.pfy.dto.EducationDTO.getIdx()" because the return value of "com.limbae.pfy.dto.PortfolioDTO.getEducation()" is null
2021-07-17 21:02:15,977 [http-nio-8080-exec-3] WARN  com.limbae.pfy.controller.PortfolioController(updatePortfolio:92) - Cannot invoke "com.limbae.pfy.dto.EducationDTO.getIdx()" because the return value of "com.limbae.pfy.dto.PortfolioDTO.getEducation()" is null
2021-07-17 21:04:40,641 [http-nio-8080-exec-9] WARN  com.limbae.pfy.controller.PortfolioController(updatePortfolio:92) - Cannot invoke "com.limbae.pfy.dto.EducationDTO.getIdx()" because the return value of "com.limbae.pfy.dto.PortfolioDTO.getEducation()" is null
2021-07-17 21:05:39,175 [http-nio-8080-exec-3] WARN  com.limbae.pfy.controller.PortfolioController(updatePortfolio:92) - Cannot invoke "com.limbae.pfy.dto.EducationDTO.getIdx()" because the return value of "com.limbae.pfy.dto.PortfolioDTO.getEducation()" is null
2021-07-17 21:10:28,920 [http-nio-8080-exec-5] WARN  com.limbae.pfy.controller.PortfolioController(updatePortfolio:92) - Cannot invoke "com.limbae.pfy.dto.EducationDTO.getIdx()" because the return value of "com.limbae.pfy.dto.PortfolioDTO.getEducation()" is null
2021-07-17 21:10:29,142 [http-nio-8080-exec-3] WARN  com.limbae.pfy.controller.PortfolioController(updatePortfolio:92) - Cannot invoke "com.limbae.pfy.dto.EducationDTO.getIdx()" because the return value of "com.limbae.pfy.dto.PortfolioDTO.getEducation()" is null
2021-07-17 21:10:30,414 [http-nio-8080-exec-10] WARN  com.limbae.pfy.controller.PortfolioController(updatePortfolio:92) - Cannot invoke "com.limbae.pfy.dto.EducationDTO.getIdx()" because the return value of "com.limbae.pfy.dto.PortfolioDTO.getEducation()" is null
2021-07-17 21:10:31,147 [http-nio-8080-exec-2] WARN  com.limbae.pfy.controller.PortfolioController(updatePortfolio:92) - Cannot invoke "com.limbae.pfy.dto.EducationDTO.getIdx()" because the return value of "com.limbae.pfy.dto.PortfolioDTO.getEducation()" is null
2021-07-17 21:10:38,677 [http-nio-8080-exec-5] WARN  com.limbae.pfy.controller.PortfolioController(updatePortfolio:92) - Cannot invoke "com.limbae.pfy.dto.EducationDTO.getIdx()" because the return value of "com.limbae.pfy.dto.PortfolioDTO.getEducation()" is null
2021-07-17 21:10:39,838 [http-nio-8080-exec-4] WARN  com.limbae.pfy.controller.PortfolioController(updatePortfolio:92) - Cannot invoke "com.limbae.pfy.dto.EducationDTO.getIdx()" because the return value of "com.limbae.pfy.dto.PortfolioDTO.getEducation()" is null
2021-07-17 21:10:43,629 [http-nio-8080-exec-7] WARN  com.limbae.pfy.controller.PortfolioController(updatePortfolio:92) - Cannot invoke "com.limbae.pfy.dto.EducationDTO.getIdx()" because the return value of "com.limbae.pfy.dto.PortfolioDTO.getEducation()" is null
2021-07-17 21:10:44,428 [http-nio-8080-exec-10] WARN  com.limbae.pfy.controller.PortfolioController(updatePortfolio:92) - Cannot invoke "com.limbae.pfy.dto.EducationDTO.getIdx()" because the return value of "com.limbae.pfy.dto.PortfolioDTO.getEducation()" is null
2021-07-17 21:10:52,625 [http-nio-8080-exec-4] WARN  com.limbae.pfy.controller.PortfolioController(updatePortfolio:92) - Cannot invoke "com.limbae.pfy.dto.EducationDTO.getIdx()" because the return value of "com.limbae.pfy.dto.PortfolioDTO.getEducation()" is null
2021-07-17 21:10:55,127 [http-nio-8080-exec-7] WARN  com.limbae.pfy.controller.PortfolioController(updatePortfolio:92) - Cannot invoke "com.limbae.pfy.dto.EducationDTO.getIdx()" because the return value of "com.limbae.pfy.dto.PortfolioDTO.getEducation()" is null
2021-07-17 21:11:05,675 [http-nio-8080-exec-8] WARN  com.limbae.pfy.controller.PortfolioController(updatePortfolio:92) - Cannot invoke "com.limbae.pfy.dto.EducationDTO.getIdx()" because the return value of "com.limbae.pfy.dto.PortfolioDTO.getEducation()" is null
2021-07-17 21:11:08,332 [http-nio-8080-exec-2] WARN  com.limbae.pfy.controller.PortfolioController(updatePortfolio:92) - Cannot invoke "com.limbae.pfy.dto.EducationDTO.getIdx()" because the return value of "com.limbae.pfy.dto.PortfolioDTO.getEducation()" is null
2021-07-17 21:11:09,037 [http-nio-8080-exec-10] WARN  com.limbae.pfy.controller.PortfolioController(updatePortfolio:92) - Cannot invoke "com.limbae.pfy.dto.EducationDTO.getIdx()" because the return value of "com.limbae.pfy.dto.PortfolioDTO.getEducation()" is null
2021-07-17 21:11:09,693 [http-nio-8080-exec-1] WARN  com.limbae.pfy.controller.PortfolioController(updatePortfolio:92) - Cannot invoke "com.limbae.pfy.dto.EducationDTO.getIdx()" because the return value of "com.limbae.pfy.dto.PortfolioDTO.getEducation()" is null
2021-07-17 21:11:15,338 [http-nio-8080-exec-6] WARN  com.limbae.pfy.controller.PortfolioController(updatePortfolio:92) - Cannot invoke "com.limbae.pfy.dto.EducationDTO.getIdx()" because the return value of "com.limbae.pfy.dto.PortfolioDTO.getEducation()" is null
2021-07-17 21:11:15,843 [http-nio-8080-exec-4] WARN  com.limbae.pfy.controller.PortfolioController(updatePortfolio:92) - Cannot invoke "com.limbae.pfy.dto.EducationDTO.getIdx()" because the return value of "com.limbae.pfy.dto.PortfolioDTO.getEducation()" is null
2021-07-17 21:11:16,027 [http-nio-8080-exec-7] WARN  com.limbae.pfy.controller.PortfolioController(updatePortfolio:92) - Cannot invoke "com.limbae.pfy.dto.EducationDTO.getIdx()" because the return value of "com.limbae.pfy.dto.PortfolioDTO.getEducation()" is null
2021-07-17 21:11:16,197 [http-nio-8080-exec-9] WARN  com.limbae.pfy.controller.PortfolioController(updatePortfolio:92) - Cannot invoke "com.limbae.pfy.dto.EducationDTO.getIdx()" because the return value of "com.limbae.pfy.dto.PortfolioDTO.getEducation()" is null
2021-07-17 21:11:16,376 [http-nio-8080-exec-3] WARN  com.limbae.pfy.controller.PortfolioController(updatePortfolio:92) - Cannot invoke "com.limbae.pfy.dto.EducationDTO.getIdx()" because the return value of "com.limbae.pfy.dto.PortfolioDTO.getEducation()" is null
2021-07-17 21:11:16,549 [http-nio-8080-exec-8] WARN  com.limbae.pfy.controller.PortfolioController(updatePortfolio:92) - Cannot invoke "com.limbae.pfy.dto.EducationDTO.getIdx()" because the return value of "com.limbae.pfy.dto.PortfolioDTO.getEducation()" is null
2021-07-17 21:11:18,522 [http-nio-8080-exec-2] WARN  com.limbae.pfy.controller.PortfolioController(updatePortfolio:92) - Cannot invoke "com.limbae.pfy.dto.EducationDTO.getIdx()" because the return value of "com.limbae.pfy.dto.PortfolioDTO.getEducation()" is null
2021-07-17 21:12:03,503 [http-nio-8080-exec-10] WARN  com.limbae.pfy.controller.PortfolioController(updatePortfolio:92) - Cannot invoke "com.limbae.pfy.dto.EducationDTO.getIdx()" because the return value of "com.limbae.pfy.dto.PortfolioDTO.getEducation()" is null
2021-07-17 21:12:09,252 [http-nio-8080-exec-1] WARN  com.limbae.pfy.controller.PortfolioController(updatePortfolio:92) - Cannot invoke "com.limbae.pfy.dto.EducationDTO.getIdx()" because the return value of "com.limbae.pfy.dto.PortfolioDTO.getEducation()" is null
2021-07-17 21:12:12,944 [http-nio-8080-exec-5] WARN  com.limbae.pfy.controller.PortfolioController(updatePortfolio:92) - Cannot invoke "com.limbae.pfy.dto.EducationDTO.getIdx()" because the return value of "com.limbae.pfy.dto.PortfolioDTO.getEducation()" is null
2021-07-17 21:12:39,235 [http-nio-8080-exec-10] WARN  com.limbae.pfy.controller.PortfolioController(updatePortfolio:92) - Cannot invoke "com.limbae.pfy.dto.EducationDTO.getIdx()" because the return value of "com.limbae.pfy.dto.PortfolioDTO.getEducation()" is null
2021-07-17 21:15:19,403 [SpringApplicationShutdownHook] INFO  org.springframework.orm.jpa.LocalContainerEntityManagerFactoryBean(destroy:651) - Closing JPA EntityManagerFactory for persistence unit 'default'
2021-07-17 21:15:19,434 [SpringApplicationShutdownHook] INFO  com.zaxxer.hikari.HikariDataSource(close:350) - HikariPool-1 - Shutdown initiated...
2021-07-17 21:15:19,576 [SpringApplicationShutdownHook] INFO  com.zaxxer.hikari.HikariDataSource(close:352) - HikariPool-1 - Shutdown completed.
2021-07-17 21:15:28,037 [background-preinit] INFO  org.hibernate.validator.internal.util.Version(<clinit>:21) - HV000001: Hibernate Validator 6.2.0.Final
2021-07-17 21:15:28,059 [restartedMain] INFO  com.limbae.pfy.PortForYouApplication(logStarting:55) - Starting PortForYouApplication using Java 16.0.1 on im-yegwang-ui-MacBookAir.local with PID 15775 (/Users/lim/Desktop/study/PortForYou/build/classes/java/main started by lim in /Users/lim/Desktop/study/PortForYou)
2021-07-17 21:15:28,063 [restartedMain] INFO  com.limbae.pfy.PortForYouApplication(logStartupProfileInfo:659) - No active profile set, falling back to default profiles: default
2021-07-17 21:15:28,111 [restartedMain] INFO  org.springframework.boot.devtools.env.DevToolsPropertyDefaultsPostProcessor(logTo:255) - Devtools property defaults active! Set 'spring.devtools.add-properties' to 'false' to disable
2021-07-17 21:15:28,112 [restartedMain] INFO  org.springframework.boot.devtools.env.DevToolsPropertyDefaultsPostProcessor(logTo:255) - For additional web related logging consider setting the 'logging.level.web' property to 'DEBUG'
2021-07-17 21:15:28,939 [restartedMain] INFO  org.springframework.data.repository.config.RepositoryConfigurationDelegate(registerRepositoriesIn:132) - Bootstrapping Spring Data JPA repositories in DEFAULT mode.
2021-07-17 21:15:29,042 [restartedMain] INFO  org.springframework.data.repository.config.RepositoryConfigurationDelegate(registerRepositoriesIn:201) - Finished Spring Data repository scanning in 94 ms. Found 10 JPA repository interfaces.
2021-07-17 21:15:29,403 [restartedMain] INFO  org.springframework.context.support.PostProcessorRegistrationDelegate$BeanPostProcessorChecker(postProcessAfterInitialization:376) - Bean 'org.springframework.security.access.expression.method.DefaultMethodSecurityExpressionHandler@23b4df27' of type [org.springframework.security.access.expression.method.DefaultMethodSecurityExpressionHandler] is not eligible for getting processed by all BeanPostProcessors (for example: not eligible for auto-proxying)
2021-07-17 21:15:29,407 [restartedMain] INFO  org.springframework.context.support.PostProcessorRegistrationDelegate$BeanPostProcessorChecker(postProcessAfterInitialization:376) - Bean 'methodSecurityMetadataSource' of type [org.springframework.security.access.method.DelegatingMethodSecurityMetadataSource] is not eligible for getting processed by all BeanPostProcessors (for example: not eligible for auto-proxying)
2021-07-17 21:15:29,636 [restartedMain] INFO  org.springframework.boot.web.embedded.tomcat.TomcatWebServer(initialize:108) - Tomcat initialized with port(s): 8080 (http)
2021-07-17 21:15:29,642 [restartedMain] INFO  org.apache.coyote.http11.Http11NioProtocol(log:173) - Initializing ProtocolHandler ["http-nio-8080"]
2021-07-17 21:15:29,643 [restartedMain] INFO  org.apache.catalina.core.StandardService(log:173) - Starting service [Tomcat]
2021-07-17 21:15:29,643 [restartedMain] INFO  org.apache.catalina.core.StandardEngine(log:173) - Starting Servlet engine: [Apache Tomcat/9.0.46]
2021-07-17 21:15:29,700 [restartedMain] INFO  org.apache.catalina.core.ContainerBase.[Tomcat].[localhost].[/](log:173) - Initializing Spring embedded WebApplicationContext
2021-07-17 21:15:29,700 [restartedMain] INFO  org.springframework.boot.web.servlet.context.ServletWebServerApplicationContext(prepareWebApplicationContext:290) - Root WebApplicationContext: initialization completed in 1587 ms
2021-07-17 21:15:29,811 [restartedMain] INFO  com.zaxxer.hikari.HikariDataSource(getConnection:110) - HikariPool-1 - Starting...
2021-07-17 21:15:30,418 [restartedMain] INFO  com.zaxxer.hikari.HikariDataSource(getConnection:123) - HikariPool-1 - Start completed.
2021-07-17 21:15:30,513 [restartedMain] INFO  org.hibernate.jpa.internal.util.LogHelper(logPersistenceUnitInformation:31) - HHH000204: Processing PersistenceUnitInfo [name: default]
2021-07-17 21:15:30,543 [restartedMain] INFO  org.hibernate.Version(logVersion:44) - HHH000412: Hibernate ORM core version 5.4.32.Final
2021-07-17 21:15:30,608 [restartedMain] INFO  org.hibernate.annotations.common.Version(<clinit>:56) - HCANN000001: Hibernate Commons Annotations {5.1.2.Final}
2021-07-17 21:15:30,659 [restartedMain] INFO  org.hibernate.dialect.Dialect(<init>:175) - HHH000400: Using dialect: org.hibernate.dialect.MySQL8Dialect
2021-07-17 21:15:31,433 [restartedMain] INFO  org.hibernate.engine.transaction.jta.platform.internal.JtaPlatformInitiator(initiateService:52) - HHH000490: Using JtaPlatform implementation: [org.hibernate.engine.transaction.jta.platform.internal.NoJtaPlatform]
2021-07-17 21:15:31,440 [restartedMain] INFO  org.springframework.orm.jpa.LocalContainerEntityManagerFactoryBean(buildNativeEntityManagerFactory:437) - Initialized JPA EntityManagerFactory for persistence unit 'default'
2021-07-17 21:15:31,529 [restartedMain] WARN  org.springframework.boot.autoconfigure.orm.jpa.JpaBaseConfiguration$JpaWebConfiguration(openEntityManagerInViewInterceptor:219) - spring.jpa.open-in-view is enabled by default. Therefore, database queries may be performed during view rendering. Explicitly configure spring.jpa.open-in-view to disable this warning
2021-07-17 21:15:32,251 [restartedMain] INFO  org.springframework.security.web.DefaultSecurityFilterChain(<init>:51) - Will secure Ant [pattern='/api/login'] with []
2021-07-17 21:15:32,253 [restartedMain] INFO  org.springframework.security.web.DefaultSecurityFilterChain(<init>:51) - Will secure Ant [pattern='/api/img/default'] with []
2021-07-17 21:15:32,253 [restartedMain] INFO  org.springframework.security.web.DefaultSecurityFilterChain(<init>:51) - Will secure Ant [pattern='/api/user/portfolio/positions'] with []
2021-07-17 21:15:32,254 [restartedMain] INFO  org.springframework.security.web.DefaultSecurityFilterChain(<init>:51) - Will secure Ant [pattern='/api/user/portfolio/projects'] with []
2021-07-17 21:15:32,254 [restartedMain] INFO  org.springframework.security.web.DefaultSecurityFilterChain(<init>:51) - Will secure Ant [pattern='/api/user/portfolio/educations'] with []
2021-07-17 21:15:32,255 [restartedMain] INFO  org.springframework.security.web.DefaultSecurityFilterChain(<init>:51) - Will secure Ant [pattern='/api/user/portfolio/stacks'] with []
2021-07-17 21:15:32,274 [restartedMain] INFO  org.springframework.security.web.DefaultSecurityFilterChain(<init>:51) - Will secure any request with [org.springframework.security.web.context.request.async.WebAsyncManagerIntegrationFilter@56f383f4, org.springframework.security.web.context.SecurityContextPersistenceFilter@7635d1f8, org.springframework.security.web.header.HeaderWriterFilter@3d6f9ddb, org.springframework.security.web.authentication.logout.LogoutFilter@10cddd9d, org.springframework.web.filter.CorsFilter@1e0d43c2, com.limbae.pfy.jwt.JwtFilter@67bab9f4, org.springframework.security.web.savedrequest.RequestCacheAwareFilter@680b52cd, org.springframework.security.web.servletapi.SecurityContextHolderAwareRequestFilter@916d2bd, org.springframework.security.web.authentication.AnonymousAuthenticationFilter@443d282e, org.springframework.security.web.session.SessionManagementFilter@59a58c9c, org.springframework.security.web.access.ExceptionTranslationFilter@57713e5d, org.springframework.security.web.access.intercept.FilterSecurityInterceptor@58742750]
2021-07-17 21:15:32,465 [restartedMain] INFO  org.springframework.boot.autoconfigure.web.servlet.WelcomePageHandlerMapping(<init>:57) - Adding welcome page template: index
2021-07-17 21:15:32,661 [restartedMain] INFO  org.springframework.boot.devtools.autoconfigure.OptionalLiveReloadServer(startServer:58) - LiveReload server is running on port 35729
2021-07-17 21:15:32,686 [restartedMain] INFO  org.apache.coyote.http11.Http11NioProtocol(log:173) - Starting ProtocolHandler ["http-nio-8080"]
2021-07-17 21:15:32,702 [restartedMain] INFO  org.springframework.boot.web.embedded.tomcat.TomcatWebServer(start:220) - Tomcat started on port(s): 8080 (http) with context path ''
2021-07-17 21:15:32,720 [restartedMain] INFO  com.limbae.pfy.PortForYouApplication(logStarted:61) - Started PortForYouApplication in 5.053 seconds (JVM running for 6.723)
2021-07-17 21:20:17,119 [http-nio-8080-exec-1] INFO  org.apache.catalina.core.ContainerBase.[Tomcat].[localhost].[/](log:173) - Initializing Spring DispatcherServlet 'dispatcherServlet'
2021-07-17 21:20:17,120 [http-nio-8080-exec-1] INFO  org.springframework.web.servlet.DispatcherServlet(initServletBean:525) - Initializing Servlet 'dispatcherServlet'
2021-07-17 21:20:17,124 [http-nio-8080-exec-1] INFO  org.springframework.web.servlet.DispatcherServlet(initServletBean:547) - Completed initialization in 4 ms
2021-07-17 21:20:17,457 [http-nio-8080-exec-2] WARN  com.limbae.pfy.controller.PortfolioController(updatePortfolio:92) - Cannot invoke "com.limbae.pfy.dto.EducationDTO.getIdx()" because the return value of "com.limbae.pfy.dto.PortfolioDTO.getEducation()" is null
2021-07-17 21:22:45,053 [http-nio-8080-exec-8] WARN  com.limbae.pfy.controller.PortfolioController(updatePortfolio:92) - Cannot invoke "com.limbae.pfy.dto.EducationDTO.getIdx()" because the return value of "com.limbae.pfy.dto.PortfolioDTO.getEducation()" is null
2021-07-17 21:23:03,584 [http-nio-8080-exec-2] WARN  com.limbae.pfy.controller.PortfolioController(updatePortfolio:92) - Cannot invoke "com.limbae.pfy.dto.EducationDTO.getIdx()" because the return value of "com.limbae.pfy.dto.PortfolioDTO.getEducation()" is null
2021-07-17 21:23:15,294 [http-nio-8080-exec-3] WARN  com.limbae.pfy.controller.PortfolioController(updatePortfolio:92) - Cannot invoke "com.limbae.pfy.dto.EducationDTO.getIdx()" because the return value of "com.limbae.pfy.dto.PortfolioDTO.getEducation()" is null
2021-07-17 21:24:04,590 [http-nio-8080-exec-5] WARN  com.limbae.pfy.controller.PortfolioController(updatePortfolio:92) - Cannot invoke "com.limbae.pfy.dto.EducationDTO.getIdx()" because the return value of "com.limbae.pfy.dto.PortfolioDTO.getEducation()" is null
2021-07-17 21:24:13,345 [http-nio-8080-exec-10] WARN  com.limbae.pfy.controller.PortfolioController(updatePortfolio:92) - Cannot invoke "com.limbae.pfy.dto.EducationDTO.getIdx()" because the return value of "com.limbae.pfy.dto.PortfolioDTO.getEducation()" is null
2021-07-17 21:24:15,660 [http-nio-8080-exec-4] WARN  com.limbae.pfy.controller.PortfolioController(updatePortfolio:92) - Cannot invoke "com.limbae.pfy.dto.EducationDTO.getIdx()" because the return value of "com.limbae.pfy.dto.PortfolioDTO.getEducation()" is null
2021-07-17 21:25:30,745 [http-nio-8080-exec-5] WARN  org.springframework.web.servlet.mvc.support.DefaultHandlerExceptionResolver(logException:207) - Resolved [org.springframework.http.converter.HttpMessageNotReadableException: Required request body is missing: public org.springframework.http.ResponseEntity<com.limbae.pfy.dto.PortfolioDTO> com.limbae.pfy.controller.PortfolioController.updatePortfolio(com.limbae.pfy.dto.PortfolioDTO)]
2021-07-17 21:26:22,987 [http-nio-8080-exec-3] WARN  com.limbae.pfy.controller.PortfolioController(updatePortfolio:92) - Cannot invoke "com.limbae.pfy.dto.EducationDTO.getIdx()" because the return value of "com.limbae.pfy.dto.PortfolioDTO.getEducation()" is null
2021-07-17 21:28:39,308 [SpringApplicationShutdownHook] INFO  org.springframework.orm.jpa.LocalContainerEntityManagerFactoryBean(destroy:651) - Closing JPA EntityManagerFactory for persistence unit 'default'
2021-07-17 21:28:39,326 [SpringApplicationShutdownHook] INFO  com.zaxxer.hikari.HikariDataSource(close:350) - HikariPool-1 - Shutdown initiated...
2021-07-17 21:28:39,490 [SpringApplicationShutdownHook] INFO  com.zaxxer.hikari.HikariDataSource(close:352) - HikariPool-1 - Shutdown completed.
2021-07-17 21:28:47,382 [background-preinit] INFO  org.hibernate.validator.internal.util.Version(<clinit>:21) - HV000001: Hibernate Validator 6.2.0.Final
2021-07-17 21:28:47,404 [restartedMain] INFO  com.limbae.pfy.PortForYouApplication(logStarting:55) - Starting PortForYouApplication using Java 16.0.1 on im-yegwang-ui-MacBookAir.local with PID 15977 (/Users/lim/Desktop/study/PortForYou/build/classes/java/main started by lim in /Users/lim/Desktop/study/PortForYou)
2021-07-17 21:28:47,409 [restartedMain] INFO  com.limbae.pfy.PortForYouApplication(logStartupProfileInfo:659) - No active profile set, falling back to default profiles: default
2021-07-17 21:28:47,456 [restartedMain] INFO  org.springframework.boot.devtools.env.DevToolsPropertyDefaultsPostProcessor(logTo:255) - Devtools property defaults active! Set 'spring.devtools.add-properties' to 'false' to disable
2021-07-17 21:28:47,457 [restartedMain] INFO  org.springframework.boot.devtools.env.DevToolsPropertyDefaultsPostProcessor(logTo:255) - For additional web related logging consider setting the 'logging.level.web' property to 'DEBUG'
2021-07-17 21:28:48,270 [restartedMain] INFO  org.springframework.data.repository.config.RepositoryConfigurationDelegate(registerRepositoriesIn:132) - Bootstrapping Spring Data JPA repositories in DEFAULT mode.
2021-07-17 21:28:48,382 [restartedMain] INFO  org.springframework.data.repository.config.RepositoryConfigurationDelegate(registerRepositoriesIn:201) - Finished Spring Data repository scanning in 103 ms. Found 10 JPA repository interfaces.
2021-07-17 21:28:48,830 [restartedMain] INFO  org.springframework.context.support.PostProcessorRegistrationDelegate$BeanPostProcessorChecker(postProcessAfterInitialization:376) - Bean 'org.springframework.security.access.expression.method.DefaultMethodSecurityExpressionHandler@25ac24d3' of type [org.springframework.security.access.expression.method.DefaultMethodSecurityExpressionHandler] is not eligible for getting processed by all BeanPostProcessors (for example: not eligible for auto-proxying)
2021-07-17 21:28:48,835 [restartedMain] INFO  org.springframework.context.support.PostProcessorRegistrationDelegate$BeanPostProcessorChecker(postProcessAfterInitialization:376) - Bean 'methodSecurityMetadataSource' of type [org.springframework.security.access.method.DelegatingMethodSecurityMetadataSource] is not eligible for getting processed by all BeanPostProcessors (for example: not eligible for auto-proxying)
2021-07-17 21:28:49,085 [restartedMain] INFO  org.springframework.boot.web.embedded.tomcat.TomcatWebServer(initialize:108) - Tomcat initialized with port(s): 8080 (http)
2021-07-17 21:28:49,093 [restartedMain] INFO  org.apache.coyote.http11.Http11NioProtocol(log:173) - Initializing ProtocolHandler ["http-nio-8080"]
2021-07-17 21:28:49,093 [restartedMain] INFO  org.apache.catalina.core.StandardService(log:173) - Starting service [Tomcat]
2021-07-17 21:28:49,094 [restartedMain] INFO  org.apache.catalina.core.StandardEngine(log:173) - Starting Servlet engine: [Apache Tomcat/9.0.46]
2021-07-17 21:28:49,151 [restartedMain] INFO  org.apache.catalina.core.ContainerBase.[Tomcat].[localhost].[/](log:173) - Initializing Spring embedded WebApplicationContext
2021-07-17 21:28:49,152 [restartedMain] INFO  org.springframework.boot.web.servlet.context.ServletWebServerApplicationContext(prepareWebApplicationContext:290) - Root WebApplicationContext: initialization completed in 1694 ms
2021-07-17 21:28:49,250 [restartedMain] INFO  com.zaxxer.hikari.HikariDataSource(getConnection:110) - HikariPool-1 - Starting...
2021-07-17 21:28:49,814 [restartedMain] INFO  com.zaxxer.hikari.HikariDataSource(getConnection:123) - HikariPool-1 - Start completed.
2021-07-17 21:28:49,906 [restartedMain] INFO  org.hibernate.jpa.internal.util.LogHelper(logPersistenceUnitInformation:31) - HHH000204: Processing PersistenceUnitInfo [name: default]
2021-07-17 21:28:49,934 [restartedMain] INFO  org.hibernate.Version(logVersion:44) - HHH000412: Hibernate ORM core version 5.4.32.Final
2021-07-17 21:28:50,045 [restartedMain] INFO  org.hibernate.annotations.common.Version(<clinit>:56) - HCANN000001: Hibernate Commons Annotations {5.1.2.Final}
2021-07-17 21:28:50,116 [restartedMain] INFO  org.hibernate.dialect.Dialect(<init>:175) - HHH000400: Using dialect: org.hibernate.dialect.MySQL8Dialect
2021-07-17 21:28:50,851 [restartedMain] INFO  org.hibernate.engine.transaction.jta.platform.internal.JtaPlatformInitiator(initiateService:52) - HHH000490: Using JtaPlatform implementation: [org.hibernate.engine.transaction.jta.platform.internal.NoJtaPlatform]
2021-07-17 21:28:50,858 [restartedMain] INFO  org.springframework.orm.jpa.LocalContainerEntityManagerFactoryBean(buildNativeEntityManagerFactory:437) - Initialized JPA EntityManagerFactory for persistence unit 'default'
2021-07-17 21:28:50,955 [restartedMain] WARN  org.springframework.boot.autoconfigure.orm.jpa.JpaBaseConfiguration$JpaWebConfiguration(openEntityManagerInViewInterceptor:219) - spring.jpa.open-in-view is enabled by default. Therefore, database queries may be performed during view rendering. Explicitly configure spring.jpa.open-in-view to disable this warning
2021-07-17 21:29:30,175 [restartedMain] INFO  org.springframework.security.web.DefaultSecurityFilterChain(<init>:51) - Will secure Ant [pattern='/api/login'] with []
2021-07-17 21:29:30,176 [restartedMain] INFO  org.springframework.security.web.DefaultSecurityFilterChain(<init>:51) - Will secure Ant [pattern='/api/img/default'] with []
2021-07-17 21:29:30,176 [restartedMain] INFO  org.springframework.security.web.DefaultSecurityFilterChain(<init>:51) - Will secure Ant [pattern='/api/user/portfolio/positions'] with []
2021-07-17 21:29:30,177 [restartedMain] INFO  org.springframework.security.web.DefaultSecurityFilterChain(<init>:51) - Will secure Ant [pattern='/api/user/portfolio/projects'] with []
2021-07-17 21:29:30,177 [restartedMain] INFO  org.springframework.security.web.DefaultSecurityFilterChain(<init>:51) - Will secure Ant [pattern='/api/user/portfolio/educations'] with []
2021-07-17 21:29:30,178 [restartedMain] INFO  org.springframework.security.web.DefaultSecurityFilterChain(<init>:51) - Will secure Ant [pattern='/api/user/portfolio/stacks'] with []
2021-07-17 21:29:30,198 [restartedMain] INFO  org.springframework.security.web.DefaultSecurityFilterChain(<init>:51) - Will secure any request with [org.springframework.security.web.context.request.async.WebAsyncManagerIntegrationFilter@1404686f, org.springframework.security.web.context.SecurityContextPersistenceFilter@1e30636d, org.springframework.security.web.header.HeaderWriterFilter@43664eb3, org.springframework.security.web.authentication.logout.LogoutFilter@a55abe0, org.springframework.web.filter.CorsFilter@434e496, com.limbae.pfy.jwt.JwtFilter@7b347ecd, org.springframework.security.web.savedrequest.RequestCacheAwareFilter@59783acf, org.springframework.security.web.servletapi.SecurityContextHolderAwareRequestFilter@401c4c0d, org.springframework.security.web.authentication.AnonymousAuthenticationFilter@21f2d79b, org.springframework.security.web.session.SessionManagementFilter@2aba33be, org.springframework.security.web.access.ExceptionTranslationFilter@67186b6d, org.springframework.security.web.access.intercept.FilterSecurityInterceptor@6ad2a5b8]
2021-07-17 21:29:30,374 [restartedMain] INFO  org.springframework.boot.autoconfigure.web.servlet.WelcomePageHandlerMapping(<init>:57) - Adding welcome page template: index
2021-07-17 21:29:30,602 [restartedMain] INFO  org.springframework.boot.devtools.autoconfigure.OptionalLiveReloadServer(startServer:58) - LiveReload server is running on port 35729
2021-07-17 21:29:30,626 [restartedMain] INFO  org.apache.coyote.http11.Http11NioProtocol(log:173) - Starting ProtocolHandler ["http-nio-8080"]
2021-07-17 21:29:30,641 [restartedMain] INFO  org.springframework.boot.web.embedded.tomcat.TomcatWebServer(start:220) - Tomcat started on port(s): 8080 (http) with context path ''
2021-07-17 21:29:30,659 [restartedMain] INFO  com.limbae.pfy.PortForYouApplication(logStarted:61) - Started PortForYouApplication in 43.644 seconds (JVM running for 44.868)
2021-07-17 21:29:40,035 [SpringApplicationShutdownHook] INFO  org.springframework.orm.jpa.LocalContainerEntityManagerFactoryBean(destroy:651) - Closing JPA EntityManagerFactory for persistence unit 'default'
2021-07-17 21:29:40,042 [SpringApplicationShutdownHook] INFO  com.zaxxer.hikari.HikariDataSource(close:350) - HikariPool-1 - Shutdown initiated...
2021-07-17 21:29:40,179 [SpringApplicationShutdownHook] INFO  com.zaxxer.hikari.HikariDataSource(close:352) - HikariPool-1 - Shutdown completed.
2021-07-17 21:29:50,833 [background-preinit] INFO  org.hibernate.validator.internal.util.Version(<clinit>:21) - HV000001: Hibernate Validator 6.2.0.Final
2021-07-17 21:29:50,852 [restartedMain] INFO  com.limbae.pfy.PortForYouApplication(logStarting:55) - Starting PortForYouApplication using Java 16.0.1 on im-yegwang-ui-MacBookAir.local with PID 15984 (/Users/lim/Desktop/study/PortForYou/build/classes/java/main started by lim in /Users/lim/Desktop/study/PortForYou)
2021-07-17 21:29:50,857 [restartedMain] INFO  com.limbae.pfy.PortForYouApplication(logStartupProfileInfo:659) - No active profile set, falling back to default profiles: default
2021-07-17 21:29:50,898 [restartedMain] INFO  org.springframework.boot.devtools.env.DevToolsPropertyDefaultsPostProcessor(logTo:255) - Devtools property defaults active! Set 'spring.devtools.add-properties' to 'false' to disable
2021-07-17 21:29:50,900 [restartedMain] INFO  org.springframework.boot.devtools.env.DevToolsPropertyDefaultsPostProcessor(logTo:255) - For additional web related logging consider setting the 'logging.level.web' property to 'DEBUG'
2021-07-17 21:29:51,708 [restartedMain] INFO  org.springframework.data.repository.config.RepositoryConfigurationDelegate(registerRepositoriesIn:132) - Bootstrapping Spring Data JPA repositories in DEFAULT mode.
2021-07-17 21:29:51,815 [restartedMain] INFO  org.springframework.data.repository.config.RepositoryConfigurationDelegate(registerRepositoriesIn:201) - Finished Spring Data repository scanning in 97 ms. Found 10 JPA repository interfaces.
2021-07-17 21:29:52,185 [restartedMain] INFO  org.springframework.context.support.PostProcessorRegistrationDelegate$BeanPostProcessorChecker(postProcessAfterInitialization:376) - Bean 'org.springframework.security.access.expression.method.DefaultMethodSecurityExpressionHandler@25ac24d3' of type [org.springframework.security.access.expression.method.DefaultMethodSecurityExpressionHandler] is not eligible for getting processed by all BeanPostProcessors (for example: not eligible for auto-proxying)
2021-07-17 21:29:52,190 [restartedMain] INFO  org.springframework.context.support.PostProcessorRegistrationDelegate$BeanPostProcessorChecker(postProcessAfterInitialization:376) - Bean 'methodSecurityMetadataSource' of type [org.springframework.security.access.method.DelegatingMethodSecurityMetadataSource] is not eligible for getting processed by all BeanPostProcessors (for example: not eligible for auto-proxying)
2021-07-17 21:29:52,421 [restartedMain] INFO  org.springframework.boot.web.embedded.tomcat.TomcatWebServer(initialize:108) - Tomcat initialized with port(s): 8080 (http)
2021-07-17 21:29:52,428 [restartedMain] INFO  org.apache.coyote.http11.Http11NioProtocol(log:173) - Initializing ProtocolHandler ["http-nio-8080"]
2021-07-17 21:29:52,428 [restartedMain] INFO  org.apache.catalina.core.StandardService(log:173) - Starting service [Tomcat]
2021-07-17 21:29:52,428 [restartedMain] INFO  org.apache.catalina.core.StandardEngine(log:173) - Starting Servlet engine: [Apache Tomcat/9.0.46]
2021-07-17 21:29:52,485 [restartedMain] INFO  org.apache.catalina.core.ContainerBase.[Tomcat].[localhost].[/](log:173) - Initializing Spring embedded WebApplicationContext
2021-07-17 21:29:52,486 [restartedMain] INFO  org.springframework.boot.web.servlet.context.ServletWebServerApplicationContext(prepareWebApplicationContext:290) - Root WebApplicationContext: initialization completed in 1585 ms
2021-07-17 21:29:52,584 [restartedMain] INFO  com.zaxxer.hikari.HikariDataSource(getConnection:110) - HikariPool-1 - Starting...
2021-07-17 21:29:53,112 [restartedMain] INFO  com.zaxxer.hikari.HikariDataSource(getConnection:123) - HikariPool-1 - Start completed.
2021-07-17 21:29:53,203 [restartedMain] INFO  org.hibernate.jpa.internal.util.LogHelper(logPersistenceUnitInformation:31) - HHH000204: Processing PersistenceUnitInfo [name: default]
2021-07-17 21:29:53,232 [restartedMain] INFO  org.hibernate.Version(logVersion:44) - HHH000412: Hibernate ORM core version 5.4.32.Final
2021-07-17 21:29:53,297 [restartedMain] INFO  org.hibernate.annotations.common.Version(<clinit>:56) - HCANN000001: Hibernate Commons Annotations {5.1.2.Final}
2021-07-17 21:29:53,401 [restartedMain] INFO  org.hibernate.dialect.Dialect(<init>:175) - HHH000400: Using dialect: org.hibernate.dialect.MySQL8Dialect
2021-07-17 21:29:54,127 [restartedMain] INFO  org.hibernate.engine.transaction.jta.platform.internal.JtaPlatformInitiator(initiateService:52) - HHH000490: Using JtaPlatform implementation: [org.hibernate.engine.transaction.jta.platform.internal.NoJtaPlatform]
2021-07-17 21:29:54,134 [restartedMain] INFO  org.springframework.orm.jpa.LocalContainerEntityManagerFactoryBean(buildNativeEntityManagerFactory:437) - Initialized JPA EntityManagerFactory for persistence unit 'default'
2021-07-17 21:29:54,253 [restartedMain] WARN  org.springframework.boot.autoconfigure.orm.jpa.JpaBaseConfiguration$JpaWebConfiguration(openEntityManagerInViewInterceptor:219) - spring.jpa.open-in-view is enabled by default. Therefore, database queries may be performed during view rendering. Explicitly configure spring.jpa.open-in-view to disable this warning
2021-07-17 21:29:54,987 [restartedMain] INFO  org.springframework.security.web.DefaultSecurityFilterChain(<init>:51) - Will secure Ant [pattern='/api/login'] with []
2021-07-17 21:29:54,988 [restartedMain] INFO  org.springframework.security.web.DefaultSecurityFilterChain(<init>:51) - Will secure Ant [pattern='/api/img/default'] with []
2021-07-17 21:29:54,989 [restartedMain] INFO  org.springframework.security.web.DefaultSecurityFilterChain(<init>:51) - Will secure Ant [pattern='/api/user/portfolio/positions'] with []
2021-07-17 21:29:54,990 [restartedMain] INFO  org.springframework.security.web.DefaultSecurityFilterChain(<init>:51) - Will secure Ant [pattern='/api/user/portfolio/projects'] with []
2021-07-17 21:29:54,990 [restartedMain] INFO  org.springframework.security.web.DefaultSecurityFilterChain(<init>:51) - Will secure Ant [pattern='/api/user/portfolio/educations'] with []
2021-07-17 21:29:54,991 [restartedMain] INFO  org.springframework.security.web.DefaultSecurityFilterChain(<init>:51) - Will secure Ant [pattern='/api/user/portfolio/stacks'] with []
2021-07-17 21:29:55,027 [restartedMain] INFO  org.springframework.security.web.DefaultSecurityFilterChain(<init>:51) - Will secure any request with [org.springframework.security.web.context.request.async.WebAsyncManagerIntegrationFilter@443d282e, org.springframework.security.web.context.SecurityContextPersistenceFilter@4a5507e5, org.springframework.security.web.header.HeaderWriterFilter@6bfaea5f, org.springframework.security.web.authentication.logout.LogoutFilter@36884389, org.springframework.web.filter.CorsFilter@e9bff7e, com.limbae.pfy.jwt.JwtFilter@7a7cae3c, org.springframework.security.web.savedrequest.RequestCacheAwareFilter@700ed0a6, org.springframework.security.web.servletapi.SecurityContextHolderAwareRequestFilter@7bdba4f0, org.springframework.security.web.authentication.AnonymousAuthenticationFilter@48bbcd9e, org.springframework.security.web.session.SessionManagementFilter@1d3fec9a, org.springframework.security.web.access.ExceptionTranslationFilter@4fe3b62f, org.springframework.security.web.access.intercept.FilterSecurityInterceptor@1e0d43c2]
2021-07-17 21:29:55,217 [restartedMain] INFO  org.springframework.boot.autoconfigure.web.servlet.WelcomePageHandlerMapping(<init>:57) - Adding welcome page template: index
2021-07-17 21:29:55,436 [restartedMain] INFO  org.springframework.boot.devtools.autoconfigure.OptionalLiveReloadServer(startServer:58) - LiveReload server is running on port 35729
2021-07-17 21:29:55,460 [restartedMain] INFO  org.apache.coyote.http11.Http11NioProtocol(log:173) - Starting ProtocolHandler ["http-nio-8080"]
2021-07-17 21:29:55,476 [restartedMain] INFO  org.springframework.boot.web.embedded.tomcat.TomcatWebServer(start:220) - Tomcat started on port(s): 8080 (http) with context path ''
2021-07-17 21:29:55,489 [restartedMain] INFO  com.limbae.pfy.PortForYouApplication(logStarted:61) - Started PortForYouApplication in 5.033 seconds (JVM running for 6.184)
2021-07-17 21:29:58,786 [http-nio-8080-exec-3] INFO  org.apache.catalina.core.ContainerBase.[Tomcat].[localhost].[/](log:173) - Initializing Spring DispatcherServlet 'dispatcherServlet'
2021-07-17 21:29:58,787 [http-nio-8080-exec-3] INFO  org.springframework.web.servlet.DispatcherServlet(initServletBean:525) - Initializing Servlet 'dispatcherServlet'
2021-07-17 21:29:58,789 [http-nio-8080-exec-3] INFO  org.springframework.web.servlet.DispatcherServlet(initServletBean:547) - Completed initialization in 1 ms
2021-07-17 21:30:03,193 [http-nio-8080-exec-1] WARN  com.limbae.pfy.controller.PortfolioController(updatePortfolio:92) - Cannot invoke "com.limbae.pfy.dto.EducationDTO.getIdx()" because the return value of "com.limbae.pfy.dto.PortfolioDTO.getEducation()" is null
2021-07-17 21:30:12,919 [SpringApplicationShutdownHook] INFO  org.springframework.orm.jpa.LocalContainerEntityManagerFactoryBean(destroy:651) - Closing JPA EntityManagerFactory for persistence unit 'default'
2021-07-17 21:30:12,925 [SpringApplicationShutdownHook] INFO  com.zaxxer.hikari.HikariDataSource(close:350) - HikariPool-1 - Shutdown initiated...
2021-07-17 21:30:13,062 [SpringApplicationShutdownHook] INFO  com.zaxxer.hikari.HikariDataSource(close:352) - HikariPool-1 - Shutdown completed.
2021-07-17 21:30:18,456 [background-preinit] INFO  org.hibernate.validator.internal.util.Version(<clinit>:21) - HV000001: Hibernate Validator 6.2.0.Final
2021-07-17 21:30:18,482 [restartedMain] INFO  com.limbae.pfy.PortForYouApplication(logStarting:55) - Starting PortForYouApplication using Java 16.0.1 on im-yegwang-ui-MacBookAir.local with PID 15991 (/Users/lim/Desktop/study/PortForYou/build/classes/java/main started by lim in /Users/lim/Desktop/study/PortForYou)
2021-07-17 21:30:18,492 [restartedMain] INFO  com.limbae.pfy.PortForYouApplication(logStartupProfileInfo:659) - No active profile set, falling back to default profiles: default
2021-07-17 21:30:18,538 [restartedMain] INFO  org.springframework.boot.devtools.env.DevToolsPropertyDefaultsPostProcessor(logTo:255) - Devtools property defaults active! Set 'spring.devtools.add-properties' to 'false' to disable
2021-07-17 21:30:18,539 [restartedMain] INFO  org.springframework.boot.devtools.env.DevToolsPropertyDefaultsPostProcessor(logTo:255) - For additional web related logging consider setting the 'logging.level.web' property to 'DEBUG'
2021-07-17 21:30:19,403 [restartedMain] INFO  org.springframework.data.repository.config.RepositoryConfigurationDelegate(registerRepositoriesIn:132) - Bootstrapping Spring Data JPA repositories in DEFAULT mode.
2021-07-17 21:30:19,519 [restartedMain] INFO  org.springframework.data.repository.config.RepositoryConfigurationDelegate(registerRepositoriesIn:201) - Finished Spring Data repository scanning in 107 ms. Found 10 JPA repository interfaces.
2021-07-17 21:30:19,878 [restartedMain] INFO  org.springframework.context.support.PostProcessorRegistrationDelegate$BeanPostProcessorChecker(postProcessAfterInitialization:376) - Bean 'org.springframework.security.access.expression.method.DefaultMethodSecurityExpressionHandler@256d7507' of type [org.springframework.security.access.expression.method.DefaultMethodSecurityExpressionHandler] is not eligible for getting processed by all BeanPostProcessors (for example: not eligible for auto-proxying)
2021-07-17 21:30:19,883 [restartedMain] INFO  org.springframework.context.support.PostProcessorRegistrationDelegate$BeanPostProcessorChecker(postProcessAfterInitialization:376) - Bean 'methodSecurityMetadataSource' of type [org.springframework.security.access.method.DelegatingMethodSecurityMetadataSource] is not eligible for getting processed by all BeanPostProcessors (for example: not eligible for auto-proxying)
2021-07-17 21:30:20,111 [restartedMain] INFO  org.springframework.boot.web.embedded.tomcat.TomcatWebServer(initialize:108) - Tomcat initialized with port(s): 8080 (http)
2021-07-17 21:30:20,119 [restartedMain] INFO  org.apache.coyote.http11.Http11NioProtocol(log:173) - Initializing ProtocolHandler ["http-nio-8080"]
2021-07-17 21:30:20,119 [restartedMain] INFO  org.apache.catalina.core.StandardService(log:173) - Starting service [Tomcat]
2021-07-17 21:30:20,120 [restartedMain] INFO  org.apache.catalina.core.StandardEngine(log:173) - Starting Servlet engine: [Apache Tomcat/9.0.46]
2021-07-17 21:30:20,182 [restartedMain] INFO  org.apache.catalina.core.ContainerBase.[Tomcat].[localhost].[/](log:173) - Initializing Spring embedded WebApplicationContext
2021-07-17 21:30:20,183 [restartedMain] INFO  org.springframework.boot.web.servlet.context.ServletWebServerApplicationContext(prepareWebApplicationContext:290) - Root WebApplicationContext: initialization completed in 1643 ms
2021-07-17 21:30:20,282 [restartedMain] INFO  com.zaxxer.hikari.HikariDataSource(getConnection:110) - HikariPool-1 - Starting...
2021-07-17 21:30:20,837 [restartedMain] INFO  com.zaxxer.hikari.HikariDataSource(getConnection:123) - HikariPool-1 - Start completed.
2021-07-17 21:30:20,941 [restartedMain] INFO  org.hibernate.jpa.internal.util.LogHelper(logPersistenceUnitInformation:31) - HHH000204: Processing PersistenceUnitInfo [name: default]
2021-07-17 21:30:20,969 [restartedMain] INFO  org.hibernate.Version(logVersion:44) - HHH000412: Hibernate ORM core version 5.4.32.Final
2021-07-17 21:30:21,037 [restartedMain] INFO  org.hibernate.annotations.common.Version(<clinit>:56) - HCANN000001: Hibernate Commons Annotations {5.1.2.Final}
2021-07-17 21:30:21,089 [restartedMain] INFO  org.hibernate.dialect.Dialect(<init>:175) - HHH000400: Using dialect: org.hibernate.dialect.MySQL8Dialect
2021-07-17 21:30:21,887 [restartedMain] INFO  org.hibernate.engine.transaction.jta.platform.internal.JtaPlatformInitiator(initiateService:52) - HHH000490: Using JtaPlatform implementation: [org.hibernate.engine.transaction.jta.platform.internal.NoJtaPlatform]
2021-07-17 21:30:21,895 [restartedMain] INFO  org.springframework.orm.jpa.LocalContainerEntityManagerFactoryBean(buildNativeEntityManagerFactory:437) - Initialized JPA EntityManagerFactory for persistence unit 'default'
2021-07-17 21:30:21,996 [restartedMain] WARN  org.springframework.boot.autoconfigure.orm.jpa.JpaBaseConfiguration$JpaWebConfiguration(openEntityManagerInViewInterceptor:219) - spring.jpa.open-in-view is enabled by default. Therefore, database queries may be performed during view rendering. Explicitly configure spring.jpa.open-in-view to disable this warning
2021-07-17 21:30:22,719 [restartedMain] INFO  org.springframework.security.web.DefaultSecurityFilterChain(<init>:51) - Will secure Ant [pattern='/api/login'] with []
2021-07-17 21:30:22,720 [restartedMain] INFO  org.springframework.security.web.DefaultSecurityFilterChain(<init>:51) - Will secure Ant [pattern='/api/img/default'] with []
2021-07-17 21:30:22,721 [restartedMain] INFO  org.springframework.security.web.DefaultSecurityFilterChain(<init>:51) - Will secure Ant [pattern='/api/user/portfolio/positions'] with []
2021-07-17 21:30:22,721 [restartedMain] INFO  org.springframework.security.web.DefaultSecurityFilterChain(<init>:51) - Will secure Ant [pattern='/api/user/portfolio/projects'] with []
2021-07-17 21:30:22,722 [restartedMain] INFO  org.springframework.security.web.DefaultSecurityFilterChain(<init>:51) - Will secure Ant [pattern='/api/user/portfolio/educations'] with []
2021-07-17 21:30:22,722 [restartedMain] INFO  org.springframework.security.web.DefaultSecurityFilterChain(<init>:51) - Will secure Ant [pattern='/api/user/portfolio/stacks'] with []
2021-07-17 21:30:22,741 [restartedMain] INFO  org.springframework.security.web.DefaultSecurityFilterChain(<init>:51) - Will secure any request with [org.springframework.security.web.context.request.async.WebAsyncManagerIntegrationFilter@78d1aefd, org.springframework.security.web.context.SecurityContextPersistenceFilter@515de830, org.springframework.security.web.header.HeaderWriterFilter@54295b3a, org.springframework.security.web.authentication.logout.LogoutFilter@55e9016, org.springframework.web.filter.CorsFilter@2ef4550c, com.limbae.pfy.jwt.JwtFilter@4bc114ac, org.springframework.security.web.savedrequest.RequestCacheAwareFilter@7c4e8f01, org.springframework.security.web.servletapi.SecurityContextHolderAwareRequestFilter@235b6022, org.springframework.security.web.authentication.AnonymousAuthenticationFilter@2ef2d773, org.springframework.security.web.session.SessionManagementFilter@7b69d15f, org.springframework.security.web.access.ExceptionTranslationFilter@2ceaf160, org.springframework.security.web.access.intercept.FilterSecurityInterceptor@5f7754fa]
2021-07-17 21:30:22,924 [restartedMain] INFO  org.springframework.boot.autoconfigure.web.servlet.WelcomePageHandlerMapping(<init>:57) - Adding welcome page template: index
2021-07-17 21:30:23,134 [restartedMain] INFO  org.springframework.boot.devtools.autoconfigure.OptionalLiveReloadServer(startServer:58) - LiveReload server is running on port 35729
2021-07-17 21:30:23,158 [restartedMain] INFO  org.apache.coyote.http11.Http11NioProtocol(log:173) - Starting ProtocolHandler ["http-nio-8080"]
2021-07-17 21:30:23,173 [restartedMain] INFO  org.springframework.boot.web.embedded.tomcat.TomcatWebServer(start:220) - Tomcat started on port(s): 8080 (http) with context path ''
2021-07-17 21:30:23,188 [restartedMain] INFO  com.limbae.pfy.PortForYouApplication(logStarted:61) - Started PortForYouApplication in 5.123 seconds (JVM running for 6.193)
2021-07-17 21:30:26,224 [http-nio-8080-exec-1] INFO  org.apache.catalina.core.ContainerBase.[Tomcat].[localhost].[/](log:173) - Initializing Spring DispatcherServlet 'dispatcherServlet'
2021-07-17 21:30:26,225 [http-nio-8080-exec-1] INFO  org.springframework.web.servlet.DispatcherServlet(initServletBean:525) - Initializing Servlet 'dispatcherServlet'
2021-07-17 21:30:26,226 [http-nio-8080-exec-1] INFO  org.springframework.web.servlet.DispatcherServlet(initServletBean:547) - Completed initialization in 1 ms
2021-07-17 21:30:26,554 [http-nio-8080-exec-2] WARN  com.limbae.pfy.controller.PortfolioController(updatePortfolio:92) - Cannot invoke "com.limbae.pfy.dto.EducationDTO.getIdx()" because the return value of "com.limbae.pfy.dto.PortfolioDTO.getEducation()" is null
2021-07-17 21:30:28,699 [http-nio-8080-exec-3] WARN  com.limbae.pfy.controller.PortfolioController(updatePortfolio:92) - Cannot invoke "com.limbae.pfy.dto.EducationDTO.getIdx()" because the return value of "com.limbae.pfy.dto.PortfolioDTO.getEducation()" is null
2021-07-17 21:30:30,344 [http-nio-8080-exec-4] WARN  com.limbae.pfy.controller.PortfolioController(updatePortfolio:92) - Cannot invoke "com.limbae.pfy.dto.EducationDTO.getIdx()" because the return value of "com.limbae.pfy.dto.PortfolioDTO.getEducation()" is null
2021-07-17 21:30:53,610 [http-nio-8080-exec-6] WARN  com.limbae.pfy.controller.PortfolioController(updatePortfolio:92) - Cannot invoke "com.limbae.pfy.dto.EducationDTO.getIdx()" because the return value of "com.limbae.pfy.dto.PortfolioDTO.getEducation()" is null
2021-07-17 21:30:53,685 [SpringApplicationShutdownHook] INFO  org.springframework.orm.jpa.LocalContainerEntityManagerFactoryBean(destroy:651) - Closing JPA EntityManagerFactory for persistence unit 'default'
2021-07-17 21:30:53,690 [SpringApplicationShutdownHook] INFO  com.zaxxer.hikari.HikariDataSource(close:350) - HikariPool-1 - Shutdown initiated...
2021-07-17 21:30:53,825 [SpringApplicationShutdownHook] INFO  com.zaxxer.hikari.HikariDataSource(close:352) - HikariPool-1 - Shutdown completed.
2021-07-17 21:31:51,075 [background-preinit] INFO  org.hibernate.validator.internal.util.Version(<clinit>:21) - HV000001: Hibernate Validator 6.2.0.Final
2021-07-17 21:31:51,107 [restartedMain] INFO  com.limbae.pfy.PortForYouApplication(logStarting:55) - Starting PortForYouApplication using Java 16.0.1 on im-yegwang-ui-MacBookAir.local with PID 16068 (/Users/lim/Desktop/study/PortForYou/build/classes/java/main started by lim in /Users/lim/Desktop/study/PortForYou)
2021-07-17 21:31:51,112 [restartedMain] INFO  com.limbae.pfy.PortForYouApplication(logStartupProfileInfo:659) - No active profile set, falling back to default profiles: default
2021-07-17 21:31:51,160 [restartedMain] INFO  org.springframework.boot.devtools.env.DevToolsPropertyDefaultsPostProcessor(logTo:255) - Devtools property defaults active! Set 'spring.devtools.add-properties' to 'false' to disable
2021-07-17 21:31:51,162 [restartedMain] INFO  org.springframework.boot.devtools.env.DevToolsPropertyDefaultsPostProcessor(logTo:255) - For additional web related logging consider setting the 'logging.level.web' property to 'DEBUG'
2021-07-17 21:31:51,944 [restartedMain] INFO  org.springframework.data.repository.config.RepositoryConfigurationDelegate(registerRepositoriesIn:132) - Bootstrapping Spring Data JPA repositories in DEFAULT mode.
2021-07-17 21:31:52,048 [restartedMain] INFO  org.springframework.data.repository.config.RepositoryConfigurationDelegate(registerRepositoriesIn:201) - Finished Spring Data repository scanning in 96 ms. Found 10 JPA repository interfaces.
2021-07-17 21:31:52,380 [restartedMain] INFO  org.springframework.context.support.PostProcessorRegistrationDelegate$BeanPostProcessorChecker(postProcessAfterInitialization:376) - Bean 'org.springframework.security.access.expression.method.DefaultMethodSecurityExpressionHandler@79584d53' of type [org.springframework.security.access.expression.method.DefaultMethodSecurityExpressionHandler] is not eligible for getting processed by all BeanPostProcessors (for example: not eligible for auto-proxying)
2021-07-17 21:31:52,385 [restartedMain] INFO  org.springframework.context.support.PostProcessorRegistrationDelegate$BeanPostProcessorChecker(postProcessAfterInitialization:376) - Bean 'methodSecurityMetadataSource' of type [org.springframework.security.access.method.DelegatingMethodSecurityMetadataSource] is not eligible for getting processed by all BeanPostProcessors (for example: not eligible for auto-proxying)
2021-07-17 21:31:52,595 [restartedMain] INFO  org.springframework.boot.web.embedded.tomcat.TomcatWebServer(initialize:108) - Tomcat initialized with port(s): 8080 (http)
2021-07-17 21:31:52,602 [restartedMain] INFO  org.apache.coyote.http11.Http11NioProtocol(log:173) - Initializing ProtocolHandler ["http-nio-8080"]
2021-07-17 21:31:52,602 [restartedMain] INFO  org.apache.catalina.core.StandardService(log:173) - Starting service [Tomcat]
2021-07-17 21:31:52,603 [restartedMain] INFO  org.apache.catalina.core.StandardEngine(log:173) - Starting Servlet engine: [Apache Tomcat/9.0.46]
2021-07-17 21:31:52,654 [restartedMain] INFO  org.apache.catalina.core.ContainerBase.[Tomcat].[localhost].[/](log:173) - Initializing Spring embedded WebApplicationContext
2021-07-17 21:31:52,655 [restartedMain] INFO  org.springframework.boot.web.servlet.context.ServletWebServerApplicationContext(prepareWebApplicationContext:290) - Root WebApplicationContext: initialization completed in 1493 ms
2021-07-17 21:31:52,746 [restartedMain] INFO  com.zaxxer.hikari.HikariDataSource(getConnection:110) - HikariPool-1 - Starting...
2021-07-17 21:31:53,267 [restartedMain] INFO  com.zaxxer.hikari.HikariDataSource(getConnection:123) - HikariPool-1 - Start completed.
2021-07-17 21:31:53,357 [restartedMain] INFO  org.hibernate.jpa.internal.util.LogHelper(logPersistenceUnitInformation:31) - HHH000204: Processing PersistenceUnitInfo [name: default]
2021-07-17 21:31:53,387 [restartedMain] INFO  org.hibernate.Version(logVersion:44) - HHH000412: Hibernate ORM core version 5.4.32.Final
2021-07-17 21:31:53,449 [restartedMain] INFO  org.hibernate.annotations.common.Version(<clinit>:56) - HCANN000001: Hibernate Commons Annotations {5.1.2.Final}
2021-07-17 21:31:53,496 [restartedMain] INFO  org.hibernate.dialect.Dialect(<init>:175) - HHH000400: Using dialect: org.hibernate.dialect.MySQL8Dialect
2021-07-17 21:31:54,209 [restartedMain] INFO  org.hibernate.engine.transaction.jta.platform.internal.JtaPlatformInitiator(initiateService:52) - HHH000490: Using JtaPlatform implementation: [org.hibernate.engine.transaction.jta.platform.internal.NoJtaPlatform]
2021-07-17 21:31:54,215 [restartedMain] INFO  org.springframework.orm.jpa.LocalContainerEntityManagerFactoryBean(buildNativeEntityManagerFactory:437) - Initialized JPA EntityManagerFactory for persistence unit 'default'
2021-07-17 21:31:54,310 [restartedMain] WARN  org.springframework.boot.autoconfigure.orm.jpa.JpaBaseConfiguration$JpaWebConfiguration(openEntityManagerInViewInterceptor:219) - spring.jpa.open-in-view is enabled by default. Therefore, database queries may be performed during view rendering. Explicitly configure spring.jpa.open-in-view to disable this warning
2021-07-17 21:31:55,140 [restartedMain] INFO  org.springframework.security.web.DefaultSecurityFilterChain(<init>:51) - Will secure Ant [pattern='/api/login'] with []
2021-07-17 21:31:55,141 [restartedMain] INFO  org.springframework.security.web.DefaultSecurityFilterChain(<init>:51) - Will secure Ant [pattern='/api/img/default'] with []
2021-07-17 21:31:55,142 [restartedMain] INFO  org.springframework.security.web.DefaultSecurityFilterChain(<init>:51) - Will secure Ant [pattern='/api/user/portfolio/positions'] with []
2021-07-17 21:31:55,142 [restartedMain] INFO  org.springframework.security.web.DefaultSecurityFilterChain(<init>:51) - Will secure Ant [pattern='/api/user/portfolio/projects'] with []
2021-07-17 21:31:55,143 [restartedMain] INFO  org.springframework.security.web.DefaultSecurityFilterChain(<init>:51) - Will secure Ant [pattern='/api/user/portfolio/educations'] with []
2021-07-17 21:31:55,143 [restartedMain] INFO  org.springframework.security.web.DefaultSecurityFilterChain(<init>:51) - Will secure Ant [pattern='/api/user/portfolio/stacks'] with []
2021-07-17 21:31:55,162 [restartedMain] INFO  org.springframework.security.web.DefaultSecurityFilterChain(<init>:51) - Will secure any request with [org.springframework.security.web.context.request.async.WebAsyncManagerIntegrationFilter@6e35999c, org.springframework.security.web.context.SecurityContextPersistenceFilter@5b4efd03, org.springframework.security.web.header.HeaderWriterFilter@3d6c05a4, org.springframework.security.web.authentication.logout.LogoutFilter@1b07d437, org.springframework.web.filter.CorsFilter@2f1ccf6f, com.limbae.pfy.jwt.JwtFilter@351c400c, org.springframework.security.web.savedrequest.RequestCacheAwareFilter@5b873381, org.springframework.security.web.servletapi.SecurityContextHolderAwareRequestFilter@f9dc2d3, org.springframework.security.web.authentication.AnonymousAuthenticationFilter@4895a872, org.springframework.security.web.session.SessionManagementFilter@15acfc17, org.springframework.security.web.access.ExceptionTranslationFilter@3f761d19, org.springframework.security.web.access.intercept.FilterSecurityInterceptor@4e1a8000]
2021-07-17 21:31:55,326 [restartedMain] INFO  org.springframework.boot.autoconfigure.web.servlet.WelcomePageHandlerMapping(<init>:57) - Adding welcome page template: index
2021-07-17 21:31:55,581 [restartedMain] INFO  org.springframework.boot.devtools.autoconfigure.OptionalLiveReloadServer(startServer:58) - LiveReload server is running on port 35729
2021-07-17 21:31:55,607 [restartedMain] INFO  org.apache.coyote.http11.Http11NioProtocol(log:173) - Starting ProtocolHandler ["http-nio-8080"]
2021-07-17 21:31:55,622 [restartedMain] INFO  org.springframework.boot.web.embedded.tomcat.TomcatWebServer(start:220) - Tomcat started on port(s): 8080 (http) with context path ''
2021-07-17 21:31:55,634 [restartedMain] INFO  com.limbae.pfy.PortForYouApplication(logStarted:61) - Started PortForYouApplication in 4.947 seconds (JVM running for 6.073)
2021-07-17 21:32:11,611 [http-nio-8080-exec-2] INFO  org.apache.catalina.core.ContainerBase.[Tomcat].[localhost].[/](log:173) - Initializing Spring DispatcherServlet 'dispatcherServlet'
2021-07-17 21:32:11,612 [http-nio-8080-exec-2] INFO  org.springframework.web.servlet.DispatcherServlet(initServletBean:525) - Initializing Servlet 'dispatcherServlet'
2021-07-17 21:32:11,614 [http-nio-8080-exec-2] INFO  org.springframework.web.servlet.DispatcherServlet(initServletBean:547) - Completed initialization in 2 ms
2021-07-17 21:32:13,823 [http-nio-8080-exec-1] WARN  com.limbae.pfy.controller.PortfolioController(updatePortfolio:92) - Cannot invoke "com.limbae.pfy.dto.EducationDTO.getIdx()" because the return value of "com.limbae.pfy.dto.PortfolioDTO.getEducation()" is null
2021-07-17 21:33:24,132 [http-nio-8080-exec-10] WARN  com.limbae.pfy.controller.PortfolioController(updatePortfolio:92) - Cannot invoke "com.limbae.pfy.dto.EducationDTO.getIdx()" because the return value of "com.limbae.pfy.dto.PortfolioDTO.getEducation()" is null
2021-07-17 21:33:30,190 [http-nio-8080-exec-2] WARN  com.limbae.pfy.controller.PortfolioController(updatePortfolio:92) - Cannot invoke "com.limbae.pfy.dto.EducationDTO.getIdx()" because the return value of "com.limbae.pfy.dto.PortfolioDTO.getEducation()" is null
2021-07-17 21:55:03,207 [http-nio-8080-exec-5] INFO  com.limbae.pfy.jwt.TokenProvider(validateToken:86) -  jwtt .
2021-07-17 21:55:03,207 [http-nio-8080-exec-8] INFO  com.limbae.pfy.jwt.TokenProvider(validateToken:86) -  jwtt .
2021-07-17 21:55:03,281 [http-nio-8080-exec-8] INFO  com.limbae.pfy.jwt.TokenProvider(validateToken:86) -  jwtt .
2021-07-17 21:55:03,281 [http-nio-8080-exec-5] INFO  com.limbae.pfy.jwt.TokenProvider(validateToken:86) -  jwtt .
