2021-07-08 10:38:16,816 [background-preinit] INFO  org.hibernate.validator.internal.util.Version(<clinit>:21) - HV000001: Hibernate Validator 6.2.0.Final
2021-07-08 10:38:16,857 [restartedMain] INFO  com.limbae.pfy.PortForYouApplication(logStarting:55) - Starting PortForYouApplication using Java 16.0.1 on imyegwacBookAir.mshome.net with PID 5431 (/Users/lim/Desktop/study/PortForYou/build/classes/java/main started by lim in /Users/lim/Desktop/study/PortForYou)
2021-07-08 10:38:16,862 [restartedMain] INFO  com.limbae.pfy.PortForYouApplication(logStartupProfileInfo:659) - No active profile set, falling back to default profiles: default
2021-07-08 10:38:16,913 [restartedMain] INFO  org.springframework.boot.devtools.env.DevToolsPropertyDefaultsPostProcessor(logTo:255) - Devtools property defaults active! Set 'spring.devtools.add-properties' to 'false' to disable
2021-07-08 10:38:16,915 [restartedMain] INFO  org.springframework.boot.devtools.env.DevToolsPropertyDefaultsPostProcessor(logTo:255) - For additional web related logging consider setting the 'logging.level.web' property to 'DEBUG'
2021-07-08 10:38:17,782 [restartedMain] INFO  org.springframework.data.repository.config.RepositoryConfigurationDelegate(registerRepositoriesIn:132) - Bootstrapping Spring Data JPA repositories in DEFAULT mode.
2021-07-08 10:38:17,864 [restartedMain] INFO  org.springframework.data.repository.config.RepositoryConfigurationDelegate(registerRepositoriesIn:201) - Finished Spring Data repository scanning in 76 ms. Found 6 JPA repository interfaces.
2021-07-08 10:38:18,181 [restartedMain] INFO  org.springframework.context.support.PostProcessorRegistrationDelegate$BeanPostProcessorChecker(postProcessAfterInitialization:376) - Bean 'org.springframework.security.access.expression.method.DefaultMethodSecurityExpressionHandler@69c429dc' of type [org.springframework.security.access.expression.method.DefaultMethodSecurityExpressionHandler] is not eligible for getting processed by all BeanPostProcessors (for example: not eligible for auto-proxying)
2021-07-08 10:38:18,185 [restartedMain] INFO  org.springframework.context.support.PostProcessorRegistrationDelegate$BeanPostProcessorChecker(postProcessAfterInitialization:376) - Bean 'methodSecurityMetadataSource' of type [org.springframework.security.access.method.DelegatingMethodSecurityMetadataSource] is not eligible for getting processed by all BeanPostProcessors (for example: not eligible for auto-proxying)
2021-07-08 10:38:18,401 [restartedMain] INFO  org.springframework.boot.web.embedded.tomcat.TomcatWebServer(initialize:108) - Tomcat initialized with port(s): 8080 (http)
2021-07-08 10:38:18,407 [restartedMain] INFO  org.apache.coyote.http11.Http11NioProtocol(log:173) - Initializing ProtocolHandler ["http-nio-8080"]
2021-07-08 10:38:18,407 [restartedMain] INFO  org.apache.catalina.core.StandardService(log:173) - Starting service [Tomcat]
2021-07-08 10:38:18,408 [restartedMain] INFO  org.apache.catalina.core.StandardEngine(log:173) - Starting Servlet engine: [Apache Tomcat/9.0.46]
2021-07-08 10:38:18,460 [restartedMain] INFO  org.apache.catalina.core.ContainerBase.[Tomcat].[localhost].[/](log:173) - Initializing Spring embedded WebApplicationContext
2021-07-08 10:38:18,461 [restartedMain] INFO  org.springframework.boot.web.servlet.context.ServletWebServerApplicationContext(prepareWebApplicationContext:290) - Root WebApplicationContext: initialization completed in 1544 ms
2021-07-08 10:38:18,560 [restartedMain] INFO  com.zaxxer.hikari.HikariDataSource(getConnection:110) - HikariPool-1 - Starting...
2021-07-08 10:38:20,803 [restartedMain] INFO  com.zaxxer.hikari.HikariDataSource(getConnection:123) - HikariPool-1 - Start completed.
2021-07-08 10:38:20,912 [restartedMain] INFO  org.hibernate.jpa.internal.util.LogHelper(logPersistenceUnitInformation:31) - HHH000204: Processing PersistenceUnitInfo [name: default]
2021-07-08 10:38:20,940 [restartedMain] INFO  org.hibernate.Version(logVersion:44) - HHH000412: Hibernate ORM core version 5.4.32.Final
2021-07-08 10:38:20,999 [restartedMain] INFO  org.hibernate.annotations.common.Version(<clinit>:56) - HCANN000001: Hibernate Commons Annotations {5.1.2.Final}
2021-07-08 10:38:21,049 [restartedMain] INFO  org.hibernate.dialect.Dialect(<init>:175) - HHH000400: Using dialect: org.hibernate.dialect.MySQL8Dialect
2021-07-08 10:38:21,797 [restartedMain] INFO  org.hibernate.engine.transaction.jta.platform.internal.JtaPlatformInitiator(initiateService:52) - HHH000490: Using JtaPlatform implementation: [org.hibernate.engine.transaction.jta.platform.internal.NoJtaPlatform]
2021-07-08 10:38:21,803 [restartedMain] INFO  org.springframework.orm.jpa.LocalContainerEntityManagerFactoryBean(buildNativeEntityManagerFactory:437) - Initialized JPA EntityManagerFactory for persistence unit 'default'
2021-07-08 10:38:21,871 [restartedMain] WARN  org.springframework.boot.autoconfigure.orm.jpa.JpaBaseConfiguration$JpaWebConfiguration(openEntityManagerInViewInterceptor:219) - spring.jpa.open-in-view is enabled by default. Therefore, database queries may be performed during view rendering. Explicitly configure spring.jpa.open-in-view to disable this warning
2021-07-08 10:38:22,426 [restartedMain] INFO  org.springframework.security.web.DefaultSecurityFilterChain(<init>:51) - Will secure Ant [pattern='/api/login'] with []
2021-07-08 10:38:22,426 [restartedMain] INFO  org.springframework.security.web.DefaultSecurityFilterChain(<init>:51) - Will secure Ant [pattern='/api/signup'] with []
2021-07-08 10:38:22,427 [restartedMain] INFO  org.springframework.security.web.DefaultSecurityFilterChain(<init>:51) - Will secure Ant [pattern='/api/img/*'] with []
2021-07-08 10:38:22,445 [restartedMain] INFO  org.springframework.security.web.DefaultSecurityFilterChain(<init>:51) - Will secure any request with [org.springframework.security.web.context.request.async.WebAsyncManagerIntegrationFilter@3705ef24, org.springframework.security.web.context.SecurityContextPersistenceFilter@4404aeab, org.springframework.security.web.header.HeaderWriterFilter@ba33505, org.springframework.security.web.authentication.logout.LogoutFilter@52de9286, org.springframework.web.filter.CorsFilter@17f2425, com.limbae.pfy.jwt.JwtFilter@6c7a2157, org.springframework.security.web.savedrequest.RequestCacheAwareFilter@240225c2, org.springframework.security.web.servletapi.SecurityContextHolderAwareRequestFilter@36669dc0, org.springframework.security.web.authentication.AnonymousAuthenticationFilter@41af3e49, org.springframework.security.web.session.SessionManagementFilter@51646845, org.springframework.security.web.access.ExceptionTranslationFilter@f2d5543, org.springframework.security.web.access.intercept.FilterSecurityInterceptor@4205fda0]
2021-07-08 10:38:22,624 [restartedMain] INFO  org.springframework.boot.autoconfigure.web.servlet.WelcomePageHandlerMapping(<init>:57) - Adding welcome page template: index
2021-07-08 10:38:22,832 [restartedMain] INFO  org.springframework.boot.devtools.autoconfigure.OptionalLiveReloadServer(startServer:58) - LiveReload server is running on port 35729
2021-07-08 10:38:22,852 [restartedMain] INFO  org.apache.coyote.http11.Http11NioProtocol(log:173) - Starting ProtocolHandler ["http-nio-8080"]
2021-07-08 10:38:22,884 [restartedMain] INFO  org.springframework.boot.web.embedded.tomcat.TomcatWebServer(start:220) - Tomcat started on port(s): 8080 (http) with context path ''
2021-07-08 10:38:22,998 [restartedMain] INFO  com.limbae.pfy.PortForYouApplication(logStarted:61) - Started PortForYouApplication in 6.556 seconds (JVM running for 7.873)
2021-07-08 10:39:05,499 [SpringApplicationShutdownHook] INFO  org.springframework.orm.jpa.LocalContainerEntityManagerFactoryBean(destroy:651) - Closing JPA EntityManagerFactory for persistence unit 'default'
2021-07-08 10:39:05,506 [SpringApplicationShutdownHook] INFO  com.zaxxer.hikari.HikariDataSource(close:350) - HikariPool-1 - Shutdown initiated...
2021-07-08 10:39:06,571 [SpringApplicationShutdownHook] INFO  com.zaxxer.hikari.HikariDataSource(close:352) - HikariPool-1 - Shutdown completed.
2021-07-08 10:39:10,989 [background-preinit] INFO  org.hibernate.validator.internal.util.Version(<clinit>:21) - HV000001: Hibernate Validator 6.2.0.Final
2021-07-08 10:39:11,007 [restartedMain] INFO  com.limbae.pfy.PortForYouApplication(logStarting:55) - Starting PortForYouApplication using Java 16.0.1 on imyegwacBookAir.mshome.net with PID 5444 (/Users/lim/Desktop/study/PortForYou/build/classes/java/main started by lim in /Users/lim/Desktop/study/PortForYou)
2021-07-08 10:39:11,011 [restartedMain] INFO  com.limbae.pfy.PortForYouApplication(logStartupProfileInfo:659) - No active profile set, falling back to default profiles: default
2021-07-08 10:39:11,077 [restartedMain] INFO  org.springframework.boot.devtools.env.DevToolsPropertyDefaultsPostProcessor(logTo:255) - Devtools property defaults active! Set 'spring.devtools.add-properties' to 'false' to disable
2021-07-08 10:39:11,078 [restartedMain] INFO  org.springframework.boot.devtools.env.DevToolsPropertyDefaultsPostProcessor(logTo:255) - For additional web related logging consider setting the 'logging.level.web' property to 'DEBUG'
2021-07-08 10:39:11,911 [restartedMain] INFO  org.springframework.data.repository.config.RepositoryConfigurationDelegate(registerRepositoriesIn:132) - Bootstrapping Spring Data JPA repositories in DEFAULT mode.
2021-07-08 10:39:11,985 [restartedMain] INFO  org.springframework.data.repository.config.RepositoryConfigurationDelegate(registerRepositoriesIn:201) - Finished Spring Data repository scanning in 68 ms. Found 6 JPA repository interfaces.
2021-07-08 10:39:12,303 [restartedMain] INFO  org.springframework.context.support.PostProcessorRegistrationDelegate$BeanPostProcessorChecker(postProcessAfterInitialization:376) - Bean 'org.springframework.security.access.expression.method.DefaultMethodSecurityExpressionHandler@398b4416' of type [org.springframework.security.access.expression.method.DefaultMethodSecurityExpressionHandler] is not eligible for getting processed by all BeanPostProcessors (for example: not eligible for auto-proxying)
2021-07-08 10:39:12,308 [restartedMain] INFO  org.springframework.context.support.PostProcessorRegistrationDelegate$BeanPostProcessorChecker(postProcessAfterInitialization:376) - Bean 'methodSecurityMetadataSource' of type [org.springframework.security.access.method.DelegatingMethodSecurityMetadataSource] is not eligible for getting processed by all BeanPostProcessors (for example: not eligible for auto-proxying)
2021-07-08 10:39:12,539 [restartedMain] INFO  org.springframework.boot.web.embedded.tomcat.TomcatWebServer(initialize:108) - Tomcat initialized with port(s): 8080 (http)
2021-07-08 10:39:12,545 [restartedMain] INFO  org.apache.coyote.http11.Http11NioProtocol(log:173) - Initializing ProtocolHandler ["http-nio-8080"]
2021-07-08 10:39:12,546 [restartedMain] INFO  org.apache.catalina.core.StandardService(log:173) - Starting service [Tomcat]
2021-07-08 10:39:12,546 [restartedMain] INFO  org.apache.catalina.core.StandardEngine(log:173) - Starting Servlet engine: [Apache Tomcat/9.0.46]
2021-07-08 10:39:12,596 [restartedMain] INFO  org.apache.catalina.core.ContainerBase.[Tomcat].[localhost].[/](log:173) - Initializing Spring embedded WebApplicationContext
2021-07-08 10:39:12,597 [restartedMain] INFO  org.springframework.boot.web.servlet.context.ServletWebServerApplicationContext(prepareWebApplicationContext:290) - Root WebApplicationContext: initialization completed in 1517 ms
2021-07-08 10:39:12,697 [restartedMain] INFO  com.zaxxer.hikari.HikariDataSource(getConnection:110) - HikariPool-1 - Starting...
2021-07-08 10:39:15,790 [restartedMain] INFO  com.zaxxer.hikari.HikariDataSource(getConnection:123) - HikariPool-1 - Start completed.
2021-07-08 10:39:15,888 [restartedMain] INFO  org.hibernate.jpa.internal.util.LogHelper(logPersistenceUnitInformation:31) - HHH000204: Processing PersistenceUnitInfo [name: default]
2021-07-08 10:39:15,913 [restartedMain] INFO  org.hibernate.Version(logVersion:44) - HHH000412: Hibernate ORM core version 5.4.32.Final
2021-07-08 10:39:15,968 [restartedMain] INFO  org.hibernate.annotations.common.Version(<clinit>:56) - HCANN000001: Hibernate Commons Annotations {5.1.2.Final}
2021-07-08 10:39:16,013 [restartedMain] INFO  org.hibernate.dialect.Dialect(<init>:175) - HHH000400: Using dialect: org.hibernate.dialect.MySQL8Dialect
2021-07-08 10:39:16,947 [restartedMain] INFO  org.hibernate.engine.transaction.jta.platform.internal.JtaPlatformInitiator(initiateService:52) - HHH000490: Using JtaPlatform implementation: [org.hibernate.engine.transaction.jta.platform.internal.NoJtaPlatform]
2021-07-08 10:39:16,952 [restartedMain] INFO  org.springframework.orm.jpa.LocalContainerEntityManagerFactoryBean(buildNativeEntityManagerFactory:437) - Initialized JPA EntityManagerFactory for persistence unit 'default'
2021-07-08 10:39:17,043 [restartedMain] WARN  org.springframework.boot.autoconfigure.orm.jpa.JpaBaseConfiguration$JpaWebConfiguration(openEntityManagerInViewInterceptor:219) - spring.jpa.open-in-view is enabled by default. Therefore, database queries may be performed during view rendering. Explicitly configure spring.jpa.open-in-view to disable this warning
2021-07-08 10:39:17,621 [restartedMain] INFO  org.springframework.security.web.DefaultSecurityFilterChain(<init>:51) - Will secure Ant [pattern='/api/login'] with []
2021-07-08 10:39:17,622 [restartedMain] INFO  org.springframework.security.web.DefaultSecurityFilterChain(<init>:51) - Will secure Ant [pattern='/api/signup'] with []
2021-07-08 10:39:17,622 [restartedMain] INFO  org.springframework.security.web.DefaultSecurityFilterChain(<init>:51) - Will secure Ant [pattern='/api/img/*'] with []
2021-07-08 10:39:17,641 [restartedMain] INFO  org.springframework.security.web.DefaultSecurityFilterChain(<init>:51) - Will secure any request with [org.springframework.security.web.context.request.async.WebAsyncManagerIntegrationFilter@6ff7d04a, org.springframework.security.web.context.SecurityContextPersistenceFilter@2e22eaaa, org.springframework.security.web.header.HeaderWriterFilter@4ef53763, org.springframework.security.web.authentication.logout.LogoutFilter@5dd32977, org.springframework.web.filter.CorsFilter@2644fa9d, com.limbae.pfy.jwt.JwtFilter@35ed5b2, org.springframework.security.web.savedrequest.RequestCacheAwareFilter@1169de75, org.springframework.security.web.servletapi.SecurityContextHolderAwareRequestFilter@4284373a, org.springframework.security.web.authentication.AnonymousAuthenticationFilter@b076979, org.springframework.security.web.session.SessionManagementFilter@4c700665, org.springframework.security.web.access.ExceptionTranslationFilter@70bb3c59, org.springframework.security.web.access.intercept.FilterSecurityInterceptor@61588cf3]
2021-07-08 10:39:17,800 [restartedMain] INFO  org.springframework.boot.autoconfigure.web.servlet.WelcomePageHandlerMapping(<init>:57) - Adding welcome page template: index
2021-07-08 10:39:17,990 [restartedMain] INFO  org.springframework.boot.devtools.autoconfigure.OptionalLiveReloadServer(startServer:58) - LiveReload server is running on port 35729
2021-07-08 10:39:18,009 [restartedMain] INFO  org.apache.coyote.http11.Http11NioProtocol(log:173) - Starting ProtocolHandler ["http-nio-8080"]
2021-07-08 10:39:18,023 [restartedMain] INFO  org.springframework.boot.web.embedded.tomcat.TomcatWebServer(start:220) - Tomcat started on port(s): 8080 (http) with context path ''
2021-07-08 10:39:18,036 [restartedMain] INFO  com.limbae.pfy.PortForYouApplication(logStarted:61) - Started PortForYouApplication in 7.368 seconds (JVM running for 8.532)
2021-07-08 10:39:30,096 [http-nio-8080-exec-1] INFO  org.apache.catalina.core.ContainerBase.[Tomcat].[localhost].[/](log:173) - Initializing Spring DispatcherServlet 'dispatcherServlet'
2021-07-08 10:39:30,097 [http-nio-8080-exec-1] INFO  org.springframework.web.servlet.DispatcherServlet(initServletBean:525) - Initializing Servlet 'dispatcherServlet'
2021-07-08 10:39:30,099 [http-nio-8080-exec-1] INFO  org.springframework.web.servlet.DispatcherServlet(initServletBean:547) - Completed initialization in 2 ms
2021-07-08 10:39:46,647 [SpringApplicationShutdownHook] INFO  org.springframework.orm.jpa.LocalContainerEntityManagerFactoryBean(destroy:651) - Closing JPA EntityManagerFactory for persistence unit 'default'
2021-07-08 10:39:46,651 [SpringApplicationShutdownHook] INFO  com.zaxxer.hikari.HikariDataSource(close:350) - HikariPool-1 - Shutdown initiated...
2021-07-08 10:39:47,735 [SpringApplicationShutdownHook] INFO  com.zaxxer.hikari.HikariDataSource(close:352) - HikariPool-1 - Shutdown completed.
2021-07-08 10:39:51,762 [background-preinit] INFO  org.hibernate.validator.internal.util.Version(<clinit>:21) - HV000001: Hibernate Validator 6.2.0.Final
2021-07-08 10:39:51,784 [restartedMain] INFO  com.limbae.pfy.PortForYouApplication(logStarting:55) - Starting PortForYouApplication using Java 16.0.1 on imyegwacBookAir.mshome.net with PID 5453 (/Users/lim/Desktop/study/PortForYou/build/classes/java/main started by lim in /Users/lim/Desktop/study/PortForYou)
2021-07-08 10:39:51,789 [restartedMain] INFO  com.limbae.pfy.PortForYouApplication(logStartupProfileInfo:659) - No active profile set, falling back to default profiles: default
2021-07-08 10:39:51,836 [restartedMain] INFO  org.springframework.boot.devtools.env.DevToolsPropertyDefaultsPostProcessor(logTo:255) - Devtools property defaults active! Set 'spring.devtools.add-properties' to 'false' to disable
2021-07-08 10:39:51,837 [restartedMain] INFO  org.springframework.boot.devtools.env.DevToolsPropertyDefaultsPostProcessor(logTo:255) - For additional web related logging consider setting the 'logging.level.web' property to 'DEBUG'
2021-07-08 10:39:52,609 [restartedMain] INFO  org.springframework.data.repository.config.RepositoryConfigurationDelegate(registerRepositoriesIn:132) - Bootstrapping Spring Data JPA repositories in DEFAULT mode.
2021-07-08 10:39:52,683 [restartedMain] INFO  org.springframework.data.repository.config.RepositoryConfigurationDelegate(registerRepositoriesIn:201) - Finished Spring Data repository scanning in 69 ms. Found 6 JPA repository interfaces.
2021-07-08 10:39:52,993 [restartedMain] INFO  org.springframework.context.support.PostProcessorRegistrationDelegate$BeanPostProcessorChecker(postProcessAfterInitialization:376) - Bean 'org.springframework.security.access.expression.method.DefaultMethodSecurityExpressionHandler@3e9c5b09' of type [org.springframework.security.access.expression.method.DefaultMethodSecurityExpressionHandler] is not eligible for getting processed by all BeanPostProcessors (for example: not eligible for auto-proxying)
2021-07-08 10:39:52,997 [restartedMain] INFO  org.springframework.context.support.PostProcessorRegistrationDelegate$BeanPostProcessorChecker(postProcessAfterInitialization:376) - Bean 'methodSecurityMetadataSource' of type [org.springframework.security.access.method.DelegatingMethodSecurityMetadataSource] is not eligible for getting processed by all BeanPostProcessors (for example: not eligible for auto-proxying)
2021-07-08 10:39:53,201 [restartedMain] INFO  org.springframework.boot.web.embedded.tomcat.TomcatWebServer(initialize:108) - Tomcat initialized with port(s): 8080 (http)
2021-07-08 10:39:53,208 [restartedMain] INFO  org.apache.coyote.http11.Http11NioProtocol(log:173) - Initializing ProtocolHandler ["http-nio-8080"]
2021-07-08 10:39:53,208 [restartedMain] INFO  org.apache.catalina.core.StandardService(log:173) - Starting service [Tomcat]
2021-07-08 10:39:53,208 [restartedMain] INFO  org.apache.catalina.core.StandardEngine(log:173) - Starting Servlet engine: [Apache Tomcat/9.0.46]
2021-07-08 10:39:53,263 [restartedMain] INFO  org.apache.catalina.core.ContainerBase.[Tomcat].[localhost].[/](log:173) - Initializing Spring embedded WebApplicationContext
2021-07-08 10:39:53,263 [restartedMain] INFO  org.springframework.boot.web.servlet.context.ServletWebServerApplicationContext(prepareWebApplicationContext:290) - Root WebApplicationContext: initialization completed in 1425 ms
2021-07-08 10:39:53,364 [restartedMain] INFO  com.zaxxer.hikari.HikariDataSource(getConnection:110) - HikariPool-1 - Starting...
2021-07-08 10:39:54,732 [restartedMain] ERROR com.zaxxer.hikari.pool.HikariPool(throwPoolInitializationException:594) - HikariPool-1 - Exception during pool initialization.
java.sql.SQLException: Access denied for user 'waspy'@'localhost' (using password: YES)
	at com.mysql.cj.jdbc.exceptions.SQLError.createSQLException(SQLError.java:129) ~[mysql-connector-java-8.0.25.jar:8.0.25]
	at com.mysql.cj.jdbc.exceptions.SQLExceptionsMapping.translateException(SQLExceptionsMapping.java:122) ~[mysql-connector-java-8.0.25.jar:8.0.25]
	at com.mysql.cj.jdbc.ConnectionImpl.createNewIO(ConnectionImpl.java:833) ~[mysql-connector-java-8.0.25.jar:8.0.25]
	at com.mysql.cj.jdbc.ConnectionImpl.<init>(ConnectionImpl.java:453) ~[mysql-connector-java-8.0.25.jar:8.0.25]
	at com.mysql.cj.jdbc.ConnectionImpl.getInstance(ConnectionImpl.java:246) ~[mysql-connector-java-8.0.25.jar:8.0.25]
	at com.mysql.cj.jdbc.NonRegisteringDriver.connect(NonRegisteringDriver.java:198) ~[mysql-connector-java-8.0.25.jar:8.0.25]
	at com.zaxxer.hikari.util.DriverDataSource.getConnection(DriverDataSource.java:138) ~[HikariCP-4.0.3.jar:?]
	at com.zaxxer.hikari.pool.PoolBase.newConnection(PoolBase.java:364) ~[HikariCP-4.0.3.jar:?]
	at com.zaxxer.hikari.pool.PoolBase.newPoolEntry(PoolBase.java:206) ~[HikariCP-4.0.3.jar:?]
	at com.zaxxer.hikari.pool.HikariPool.createPoolEntry(HikariPool.java:476) ~[HikariCP-4.0.3.jar:?]
	at com.zaxxer.hikari.pool.HikariPool.checkFailFast(HikariPool.java:561) ~[HikariCP-4.0.3.jar:?]
	at com.zaxxer.hikari.pool.HikariPool.<init>(HikariPool.java:115) ~[HikariCP-4.0.3.jar:?]
	at com.zaxxer.hikari.HikariDataSource.getConnection(HikariDataSource.java:112) ~[HikariCP-4.0.3.jar:?]
	at org.springframework.jdbc.datasource.DataSourceUtils.fetchConnection(DataSourceUtils.java:158) ~[spring-jdbc-5.3.8.jar:5.3.8]
	at org.springframework.jdbc.datasource.DataSourceUtils.doGetConnection(DataSourceUtils.java:116) ~[spring-jdbc-5.3.8.jar:5.3.8]
	at org.springframework.jdbc.datasource.DataSourceUtils.getConnection(DataSourceUtils.java:79) ~[spring-jdbc-5.3.8.jar:5.3.8]
	at org.springframework.jdbc.core.JdbcTemplate.execute(JdbcTemplate.java:330) ~[spring-jdbc-5.3.8.jar:5.3.8]
	at org.springframework.boot.jdbc.EmbeddedDatabaseConnection.isEmbedded(EmbeddedDatabaseConnection.java:184) ~[spring-boot-2.5.1.jar:2.5.1]
	at org.springframework.boot.jdbc.init.DataSourceScriptDatabaseInitializer.isEmbeddedDatabase(DataSourceScriptDatabaseInitializer.java:64) ~[spring-boot-2.5.1.jar:2.5.1]
	at org.springframework.boot.sql.init.AbstractScriptDatabaseInitializer.isEnabled(AbstractScriptDatabaseInitializer.java:87) ~[spring-boot-2.5.1.jar:2.5.1]
	at org.springframework.boot.sql.init.AbstractScriptDatabaseInitializer.initializeDatabase(AbstractScriptDatabaseInitializer.java:74) ~[spring-boot-2.5.1.jar:2.5.1]
	at org.springframework.boot.sql.init.AbstractScriptDatabaseInitializer.afterPropertiesSet(AbstractScriptDatabaseInitializer.java:65) ~[spring-boot-2.5.1.jar:2.5.1]
	at org.springframework.beans.factory.support.AbstractAutowireCapableBeanFactory.invokeInitMethods(AbstractAutowireCapableBeanFactory.java:1845) ~[spring-beans-5.3.8.jar:5.3.8]
	at org.springframework.beans.factory.support.AbstractAutowireCapableBeanFactory.initializeBean(AbstractAutowireCapableBeanFactory.java:1782) ~[spring-beans-5.3.8.jar:5.3.8]
	at org.springframework.beans.factory.support.AbstractAutowireCapableBeanFactory.doCreateBean(AbstractAutowireCapableBeanFactory.java:602) ~[spring-beans-5.3.8.jar:5.3.8]
	at org.springframework.beans.factory.support.AbstractAutowireCapableBeanFactory.createBean(AbstractAutowireCapableBeanFactory.java:524) ~[spring-beans-5.3.8.jar:5.3.8]
	at org.springframework.beans.factory.support.AbstractBeanFactory.lambda$doGetBean$0(AbstractBeanFactory.java:335) ~[spring-beans-5.3.8.jar:5.3.8]
	at org.springframework.beans.factory.support.DefaultSingletonBeanRegistry.getSingleton(DefaultSingletonBeanRegistry.java:234) [spring-beans-5.3.8.jar:5.3.8]
	at org.springframework.beans.factory.support.AbstractBeanFactory.doGetBean(AbstractBeanFactory.java:333) [spring-beans-5.3.8.jar:5.3.8]
	at org.springframework.beans.factory.support.AbstractBeanFactory.getBean(AbstractBeanFactory.java:208) [spring-beans-5.3.8.jar:5.3.8]
	at org.springframework.beans.factory.support.AbstractBeanFactory.doGetBean(AbstractBeanFactory.java:322) [spring-beans-5.3.8.jar:5.3.8]
	at org.springframework.beans.factory.support.AbstractBeanFactory.getBean(AbstractBeanFactory.java:208) [spring-beans-5.3.8.jar:5.3.8]
	at org.springframework.context.support.AbstractApplicationContext.getBean(AbstractApplicationContext.java:1154) [spring-context-5.3.8.jar:5.3.8]
	at org.springframework.context.support.AbstractApplicationContext.finishBeanFactoryInitialization(AbstractApplicationContext.java:908) [spring-context-5.3.8.jar:5.3.8]
	at org.springframework.context.support.AbstractApplicationContext.refresh(AbstractApplicationContext.java:583) [spring-context-5.3.8.jar:5.3.8]
	at org.springframework.boot.web.servlet.context.ServletWebServerApplicationContext.refresh(ServletWebServerApplicationContext.java:145) [spring-boot-2.5.1.jar:2.5.1]
	at org.springframework.boot.SpringApplication.refresh(SpringApplication.java:754) [spring-boot-2.5.1.jar:2.5.1]
	at org.springframework.boot.SpringApplication.refreshContext(SpringApplication.java:434) [spring-boot-2.5.1.jar:2.5.1]
	at org.springframework.boot.SpringApplication.run(SpringApplication.java:338) [spring-boot-2.5.1.jar:2.5.1]
	at org.springframework.boot.SpringApplication.run(SpringApplication.java:1343) [spring-boot-2.5.1.jar:2.5.1]
	at org.springframework.boot.SpringApplication.run(SpringApplication.java:1332) [spring-boot-2.5.1.jar:2.5.1]
	at com.limbae.pfy.PortForYouApplication.main(PortForYouApplication.java:10) [main/:?]
	at jdk.internal.reflect.NativeMethodAccessorImpl.invoke0(Native Method) ~[?:?]
	at jdk.internal.reflect.NativeMethodAccessorImpl.invoke(NativeMethodAccessorImpl.java:78) ~[?:?]
	at jdk.internal.reflect.DelegatingMethodAccessorImpl.invoke(DelegatingMethodAccessorImpl.java:43) ~[?:?]
	at java.lang.reflect.Method.invoke(Method.java:567) ~[?:?]
	at org.springframework.boot.devtools.restart.RestartLauncher.run(RestartLauncher.java:49) [spring-boot-devtools-2.5.1.jar:2.5.1]
2021-07-08 10:39:54,859 [restartedMain] INFO  org.hibernate.jpa.internal.util.LogHelper(logPersistenceUnitInformation:31) - HHH000204: Processing PersistenceUnitInfo [name: default]
2021-07-08 10:39:54,892 [restartedMain] INFO  org.hibernate.Version(logVersion:44) - HHH000412: Hibernate ORM core version 5.4.32.Final
2021-07-08 10:39:54,966 [restartedMain] INFO  org.hibernate.annotations.common.Version(<clinit>:56) - HCANN000001: Hibernate Commons Annotations {5.1.2.Final}
2021-07-08 10:39:55,020 [restartedMain] INFO  com.zaxxer.hikari.HikariDataSource(getConnection:110) - HikariPool-1 - Starting...
2021-07-08 10:39:56,073 [restartedMain] ERROR com.zaxxer.hikari.pool.HikariPool(throwPoolInitializationException:594) - HikariPool-1 - Exception during pool initialization.
java.sql.SQLException: Access denied for user 'waspy'@'localhost' (using password: YES)
	at com.mysql.cj.jdbc.exceptions.SQLError.createSQLException(SQLError.java:129) ~[mysql-connector-java-8.0.25.jar:8.0.25]
	at com.mysql.cj.jdbc.exceptions.SQLExceptionsMapping.translateException(SQLExceptionsMapping.java:122) ~[mysql-connector-java-8.0.25.jar:8.0.25]
	at com.mysql.cj.jdbc.ConnectionImpl.createNewIO(ConnectionImpl.java:833) ~[mysql-connector-java-8.0.25.jar:8.0.25]
	at com.mysql.cj.jdbc.ConnectionImpl.<init>(ConnectionImpl.java:453) ~[mysql-connector-java-8.0.25.jar:8.0.25]
	at com.mysql.cj.jdbc.ConnectionImpl.getInstance(ConnectionImpl.java:246) ~[mysql-connector-java-8.0.25.jar:8.0.25]
	at com.mysql.cj.jdbc.NonRegisteringDriver.connect(NonRegisteringDriver.java:198) ~[mysql-connector-java-8.0.25.jar:8.0.25]
	at com.zaxxer.hikari.util.DriverDataSource.getConnection(DriverDataSource.java:138) ~[HikariCP-4.0.3.jar:?]
	at com.zaxxer.hikari.pool.PoolBase.newConnection(PoolBase.java:364) ~[HikariCP-4.0.3.jar:?]
	at com.zaxxer.hikari.pool.PoolBase.newPoolEntry(PoolBase.java:206) ~[HikariCP-4.0.3.jar:?]
	at com.zaxxer.hikari.pool.HikariPool.createPoolEntry(HikariPool.java:476) ~[HikariCP-4.0.3.jar:?]
	at com.zaxxer.hikari.pool.HikariPool.checkFailFast(HikariPool.java:561) ~[HikariCP-4.0.3.jar:?]
	at com.zaxxer.hikari.pool.HikariPool.<init>(HikariPool.java:115) ~[HikariCP-4.0.3.jar:?]
	at com.zaxxer.hikari.HikariDataSource.getConnection(HikariDataSource.java:112) ~[HikariCP-4.0.3.jar:?]
	at org.hibernate.engine.jdbc.connections.internal.DatasourceConnectionProviderImpl.getConnection(DatasourceConnectionProviderImpl.java:122) ~[hibernate-core-5.4.32.Final.jar:5.4.32.Final]
	at org.hibernate.engine.jdbc.env.internal.JdbcEnvironmentInitiator$ConnectionProviderJdbcConnectionAccess.obtainConnection(JdbcEnvironmentInitiator.java:180) ~[hibernate-core-5.4.32.Final.jar:5.4.32.Final]
	at org.hibernate.engine.jdbc.env.internal.JdbcEnvironmentInitiator.initiateService(JdbcEnvironmentInitiator.java:68) ~[hibernate-core-5.4.32.Final.jar:5.4.32.Final]
	at org.hibernate.engine.jdbc.env.internal.JdbcEnvironmentInitiator.initiateService(JdbcEnvironmentInitiator.java:35) ~[hibernate-core-5.4.32.Final.jar:5.4.32.Final]
	at org.hibernate.boot.registry.internal.StandardServiceRegistryImpl.initiateService(StandardServiceRegistryImpl.java:101) ~[hibernate-core-5.4.32.Final.jar:5.4.32.Final]
	at org.hibernate.service.internal.AbstractServiceRegistryImpl.createService(AbstractServiceRegistryImpl.java:263) ~[hibernate-core-5.4.32.Final.jar:5.4.32.Final]
	at org.hibernate.service.internal.AbstractServiceRegistryImpl.initializeService(AbstractServiceRegistryImpl.java:237) ~[hibernate-core-5.4.32.Final.jar:5.4.32.Final]
	at org.hibernate.service.internal.AbstractServiceRegistryImpl.getService(AbstractServiceRegistryImpl.java:214) ~[hibernate-core-5.4.32.Final.jar:5.4.32.Final]
	at org.hibernate.id.factory.internal.DefaultIdentifierGeneratorFactory.injectServices(DefaultIdentifierGeneratorFactory.java:152) ~[hibernate-core-5.4.32.Final.jar:5.4.32.Final]
	at org.hibernate.service.internal.AbstractServiceRegistryImpl.injectDependencies(AbstractServiceRegistryImpl.java:286) ~[hibernate-core-5.4.32.Final.jar:5.4.32.Final]
	at org.hibernate.service.internal.AbstractServiceRegistryImpl.initializeService(AbstractServiceRegistryImpl.java:243) ~[hibernate-core-5.4.32.Final.jar:5.4.32.Final]
	at org.hibernate.service.internal.AbstractServiceRegistryImpl.getService(AbstractServiceRegistryImpl.java:214) ~[hibernate-core-5.4.32.Final.jar:5.4.32.Final]
	at org.hibernate.boot.internal.InFlightMetadataCollectorImpl.<init>(InFlightMetadataCollectorImpl.java:176) ~[hibernate-core-5.4.32.Final.jar:5.4.32.Final]
	at org.hibernate.boot.model.process.spi.MetadataBuildingProcess.complete(MetadataBuildingProcess.java:127) ~[hibernate-core-5.4.32.Final.jar:5.4.32.Final]
	at org.hibernate.jpa.boot.internal.EntityManagerFactoryBuilderImpl.metadata(EntityManagerFactoryBuilderImpl.java:1224) ~[hibernate-core-5.4.32.Final.jar:5.4.32.Final]
	at org.hibernate.jpa.boot.internal.EntityManagerFactoryBuilderImpl.build(EntityManagerFactoryBuilderImpl.java:1255) ~[hibernate-core-5.4.32.Final.jar:5.4.32.Final]
	at org.springframework.orm.jpa.vendor.SpringHibernateJpaPersistenceProvider.createContainerEntityManagerFactory(SpringHibernateJpaPersistenceProvider.java:58) ~[spring-orm-5.3.8.jar:5.3.8]
	at org.springframework.orm.jpa.LocalContainerEntityManagerFactoryBean.createNativeEntityManagerFactory(LocalContainerEntityManagerFactoryBean.java:365) ~[spring-orm-5.3.8.jar:5.3.8]
	at org.springframework.orm.jpa.AbstractEntityManagerFactoryBean.buildNativeEntityManagerFactory(AbstractEntityManagerFactoryBean.java:409) ~[spring-orm-5.3.8.jar:5.3.8]
	at org.springframework.orm.jpa.AbstractEntityManagerFactoryBean.afterPropertiesSet(AbstractEntityManagerFactoryBean.java:396) ~[spring-orm-5.3.8.jar:5.3.8]
	at org.springframework.orm.jpa.LocalContainerEntityManagerFactoryBean.afterPropertiesSet(LocalContainerEntityManagerFactoryBean.java:341) ~[spring-orm-5.3.8.jar:5.3.8]
	at org.springframework.beans.factory.support.AbstractAutowireCapableBeanFactory.invokeInitMethods(AbstractAutowireCapableBeanFactory.java:1845) ~[spring-beans-5.3.8.jar:5.3.8]
	at org.springframework.beans.factory.support.AbstractAutowireCapableBeanFactory.initializeBean(AbstractAutowireCapableBeanFactory.java:1782) ~[spring-beans-5.3.8.jar:5.3.8]
	at org.springframework.beans.factory.support.AbstractAutowireCapableBeanFactory.doCreateBean(AbstractAutowireCapableBeanFactory.java:602) ~[spring-beans-5.3.8.jar:5.3.8]
	at org.springframework.beans.factory.support.AbstractAutowireCapableBeanFactory.createBean(AbstractAutowireCapableBeanFactory.java:524) ~[spring-beans-5.3.8.jar:5.3.8]
	at org.springframework.beans.factory.support.AbstractBeanFactory.lambda$doGetBean$0(AbstractBeanFactory.java:335) ~[spring-beans-5.3.8.jar:5.3.8]
	at org.springframework.beans.factory.support.DefaultSingletonBeanRegistry.getSingleton(DefaultSingletonBeanRegistry.java:234) [spring-beans-5.3.8.jar:5.3.8]
	at org.springframework.beans.factory.support.AbstractBeanFactory.doGetBean(AbstractBeanFactory.java:333) [spring-beans-5.3.8.jar:5.3.8]
	at org.springframework.beans.factory.support.AbstractBeanFactory.getBean(AbstractBeanFactory.java:208) [spring-beans-5.3.8.jar:5.3.8]
	at org.springframework.context.support.AbstractApplicationContext.getBean(AbstractApplicationContext.java:1154) [spring-context-5.3.8.jar:5.3.8]
	at org.springframework.context.support.AbstractApplicationContext.finishBeanFactoryInitialization(AbstractApplicationContext.java:908) [spring-context-5.3.8.jar:5.3.8]
	at org.springframework.context.support.AbstractApplicationContext.refresh(AbstractApplicationContext.java:583) [spring-context-5.3.8.jar:5.3.8]
	at org.springframework.boot.web.servlet.context.ServletWebServerApplicationContext.refresh(ServletWebServerApplicationContext.java:145) [spring-boot-2.5.1.jar:2.5.1]
	at org.springframework.boot.SpringApplication.refresh(SpringApplication.java:754) [spring-boot-2.5.1.jar:2.5.1]
	at org.springframework.boot.SpringApplication.refreshContext(SpringApplication.java:434) [spring-boot-2.5.1.jar:2.5.1]
	at org.springframework.boot.SpringApplication.run(SpringApplication.java:338) [spring-boot-2.5.1.jar:2.5.1]
	at org.springframework.boot.SpringApplication.run(SpringApplication.java:1343) [spring-boot-2.5.1.jar:2.5.1]
	at org.springframework.boot.SpringApplication.run(SpringApplication.java:1332) [spring-boot-2.5.1.jar:2.5.1]
	at com.limbae.pfy.PortForYouApplication.main(PortForYouApplication.java:10) [main/:?]
	at jdk.internal.reflect.NativeMethodAccessorImpl.invoke0(Native Method) ~[?:?]
	at jdk.internal.reflect.NativeMethodAccessorImpl.invoke(NativeMethodAccessorImpl.java:78) ~[?:?]
	at jdk.internal.reflect.DelegatingMethodAccessorImpl.invoke(DelegatingMethodAccessorImpl.java:43) ~[?:?]
	at java.lang.reflect.Method.invoke(Method.java:567) ~[?:?]
	at org.springframework.boot.devtools.restart.RestartLauncher.run(RestartLauncher.java:49) [spring-boot-devtools-2.5.1.jar:2.5.1]
2021-07-08 10:39:56,079 [restartedMain] WARN  org.hibernate.engine.jdbc.env.internal.JdbcEnvironmentInitiator(initiateService:132) - HHH000342: Could not obtain connection to query metadata
java.sql.SQLException: Access denied for user 'waspy'@'localhost' (using password: YES)
	at com.mysql.cj.jdbc.exceptions.SQLError.createSQLException(SQLError.java:129) ~[mysql-connector-java-8.0.25.jar:8.0.25]
	at com.mysql.cj.jdbc.exceptions.SQLExceptionsMapping.translateException(SQLExceptionsMapping.java:122) ~[mysql-connector-java-8.0.25.jar:8.0.25]
	at com.mysql.cj.jdbc.ConnectionImpl.createNewIO(ConnectionImpl.java:833) ~[mysql-connector-java-8.0.25.jar:8.0.25]
	at com.mysql.cj.jdbc.ConnectionImpl.<init>(ConnectionImpl.java:453) ~[mysql-connector-java-8.0.25.jar:8.0.25]
	at com.mysql.cj.jdbc.ConnectionImpl.getInstance(ConnectionImpl.java:246) ~[mysql-connector-java-8.0.25.jar:8.0.25]
	at com.mysql.cj.jdbc.NonRegisteringDriver.connect(NonRegisteringDriver.java:198) ~[mysql-connector-java-8.0.25.jar:8.0.25]
	at com.zaxxer.hikari.util.DriverDataSource.getConnection(DriverDataSource.java:138) ~[HikariCP-4.0.3.jar:?]
	at com.zaxxer.hikari.pool.PoolBase.newConnection(PoolBase.java:364) ~[HikariCP-4.0.3.jar:?]
	at com.zaxxer.hikari.pool.PoolBase.newPoolEntry(PoolBase.java:206) ~[HikariCP-4.0.3.jar:?]
	at com.zaxxer.hikari.pool.HikariPool.createPoolEntry(HikariPool.java:476) ~[HikariCP-4.0.3.jar:?]
	at com.zaxxer.hikari.pool.HikariPool.checkFailFast(HikariPool.java:561) ~[HikariCP-4.0.3.jar:?]
	at com.zaxxer.hikari.pool.HikariPool.<init>(HikariPool.java:115) ~[HikariCP-4.0.3.jar:?]
	at com.zaxxer.hikari.HikariDataSource.getConnection(HikariDataSource.java:112) ~[HikariCP-4.0.3.jar:?]
	at org.hibernate.engine.jdbc.connections.internal.DatasourceConnectionProviderImpl.getConnection(DatasourceConnectionProviderImpl.java:122) ~[hibernate-core-5.4.32.Final.jar:5.4.32.Final]
	at org.hibernate.engine.jdbc.env.internal.JdbcEnvironmentInitiator$ConnectionProviderJdbcConnectionAccess.obtainConnection(JdbcEnvironmentInitiator.java:180) ~[hibernate-core-5.4.32.Final.jar:5.4.32.Final]
	at org.hibernate.engine.jdbc.env.internal.JdbcEnvironmentInitiator.initiateService(JdbcEnvironmentInitiator.java:68) ~[hibernate-core-5.4.32.Final.jar:5.4.32.Final]
	at org.hibernate.engine.jdbc.env.internal.JdbcEnvironmentInitiator.initiateService(JdbcEnvironmentInitiator.java:35) ~[hibernate-core-5.4.32.Final.jar:5.4.32.Final]
	at org.hibernate.boot.registry.internal.StandardServiceRegistryImpl.initiateService(StandardServiceRegistryImpl.java:101) ~[hibernate-core-5.4.32.Final.jar:5.4.32.Final]
	at org.hibernate.service.internal.AbstractServiceRegistryImpl.createService(AbstractServiceRegistryImpl.java:263) ~[hibernate-core-5.4.32.Final.jar:5.4.32.Final]
	at org.hibernate.service.internal.AbstractServiceRegistryImpl.initializeService(AbstractServiceRegistryImpl.java:237) ~[hibernate-core-5.4.32.Final.jar:5.4.32.Final]
	at org.hibernate.service.internal.AbstractServiceRegistryImpl.getService(AbstractServiceRegistryImpl.java:214) ~[hibernate-core-5.4.32.Final.jar:5.4.32.Final]
	at org.hibernate.id.factory.internal.DefaultIdentifierGeneratorFactory.injectServices(DefaultIdentifierGeneratorFactory.java:152) ~[hibernate-core-5.4.32.Final.jar:5.4.32.Final]
	at org.hibernate.service.internal.AbstractServiceRegistryImpl.injectDependencies(AbstractServiceRegistryImpl.java:286) ~[hibernate-core-5.4.32.Final.jar:5.4.32.Final]
	at org.hibernate.service.internal.AbstractServiceRegistryImpl.initializeService(AbstractServiceRegistryImpl.java:243) ~[hibernate-core-5.4.32.Final.jar:5.4.32.Final]
	at org.hibernate.service.internal.AbstractServiceRegistryImpl.getService(AbstractServiceRegistryImpl.java:214) ~[hibernate-core-5.4.32.Final.jar:5.4.32.Final]
	at org.hibernate.boot.internal.InFlightMetadataCollectorImpl.<init>(InFlightMetadataCollectorImpl.java:176) ~[hibernate-core-5.4.32.Final.jar:5.4.32.Final]
	at org.hibernate.boot.model.process.spi.MetadataBuildingProcess.complete(MetadataBuildingProcess.java:127) ~[hibernate-core-5.4.32.Final.jar:5.4.32.Final]
	at org.hibernate.jpa.boot.internal.EntityManagerFactoryBuilderImpl.metadata(EntityManagerFactoryBuilderImpl.java:1224) ~[hibernate-core-5.4.32.Final.jar:5.4.32.Final]
	at org.hibernate.jpa.boot.internal.EntityManagerFactoryBuilderImpl.build(EntityManagerFactoryBuilderImpl.java:1255) ~[hibernate-core-5.4.32.Final.jar:5.4.32.Final]
	at org.springframework.orm.jpa.vendor.SpringHibernateJpaPersistenceProvider.createContainerEntityManagerFactory(SpringHibernateJpaPersistenceProvider.java:58) ~[spring-orm-5.3.8.jar:5.3.8]
	at org.springframework.orm.jpa.LocalContainerEntityManagerFactoryBean.createNativeEntityManagerFactory(LocalContainerEntityManagerFactoryBean.java:365) ~[spring-orm-5.3.8.jar:5.3.8]
	at org.springframework.orm.jpa.AbstractEntityManagerFactoryBean.buildNativeEntityManagerFactory(AbstractEntityManagerFactoryBean.java:409) ~[spring-orm-5.3.8.jar:5.3.8]
	at org.springframework.orm.jpa.AbstractEntityManagerFactoryBean.afterPropertiesSet(AbstractEntityManagerFactoryBean.java:396) ~[spring-orm-5.3.8.jar:5.3.8]
	at org.springframework.orm.jpa.LocalContainerEntityManagerFactoryBean.afterPropertiesSet(LocalContainerEntityManagerFactoryBean.java:341) ~[spring-orm-5.3.8.jar:5.3.8]
	at org.springframework.beans.factory.support.AbstractAutowireCapableBeanFactory.invokeInitMethods(AbstractAutowireCapableBeanFactory.java:1845) ~[spring-beans-5.3.8.jar:5.3.8]
	at org.springframework.beans.factory.support.AbstractAutowireCapableBeanFactory.initializeBean(AbstractAutowireCapableBeanFactory.java:1782) ~[spring-beans-5.3.8.jar:5.3.8]
	at org.springframework.beans.factory.support.AbstractAutowireCapableBeanFactory.doCreateBean(AbstractAutowireCapableBeanFactory.java:602) ~[spring-beans-5.3.8.jar:5.3.8]
	at org.springframework.beans.factory.support.AbstractAutowireCapableBeanFactory.createBean(AbstractAutowireCapableBeanFactory.java:524) ~[spring-beans-5.3.8.jar:5.3.8]
	at org.springframework.beans.factory.support.AbstractBeanFactory.lambda$doGetBean$0(AbstractBeanFactory.java:335) ~[spring-beans-5.3.8.jar:5.3.8]
	at org.springframework.beans.factory.support.DefaultSingletonBeanRegistry.getSingleton(DefaultSingletonBeanRegistry.java:234) [spring-beans-5.3.8.jar:5.3.8]
	at org.springframework.beans.factory.support.AbstractBeanFactory.doGetBean(AbstractBeanFactory.java:333) [spring-beans-5.3.8.jar:5.3.8]
	at org.springframework.beans.factory.support.AbstractBeanFactory.getBean(AbstractBeanFactory.java:208) [spring-beans-5.3.8.jar:5.3.8]
	at org.springframework.context.support.AbstractApplicationContext.getBean(AbstractApplicationContext.java:1154) [spring-context-5.3.8.jar:5.3.8]
	at org.springframework.context.support.AbstractApplicationContext.finishBeanFactoryInitialization(AbstractApplicationContext.java:908) [spring-context-5.3.8.jar:5.3.8]
	at org.springframework.context.support.AbstractApplicationContext.refresh(AbstractApplicationContext.java:583) [spring-context-5.3.8.jar:5.3.8]
	at org.springframework.boot.web.servlet.context.ServletWebServerApplicationContext.refresh(ServletWebServerApplicationContext.java:145) [spring-boot-2.5.1.jar:2.5.1]
	at org.springframework.boot.SpringApplication.refresh(SpringApplication.java:754) [spring-boot-2.5.1.jar:2.5.1]
	at org.springframework.boot.SpringApplication.refreshContext(SpringApplication.java:434) [spring-boot-2.5.1.jar:2.5.1]
	at org.springframework.boot.SpringApplication.run(SpringApplication.java:338) [spring-boot-2.5.1.jar:2.5.1]
	at org.springframework.boot.SpringApplication.run(SpringApplication.java:1343) [spring-boot-2.5.1.jar:2.5.1]
	at org.springframework.boot.SpringApplication.run(SpringApplication.java:1332) [spring-boot-2.5.1.jar:2.5.1]
	at com.limbae.pfy.PortForYouApplication.main(PortForYouApplication.java:10) [main/:?]
	at jdk.internal.reflect.NativeMethodAccessorImpl.invoke0(Native Method) ~[?:?]
	at jdk.internal.reflect.NativeMethodAccessorImpl.invoke(NativeMethodAccessorImpl.java:78) ~[?:?]
	at jdk.internal.reflect.DelegatingMethodAccessorImpl.invoke(DelegatingMethodAccessorImpl.java:43) ~[?:?]
	at java.lang.reflect.Method.invoke(Method.java:567) ~[?:?]
	at org.springframework.boot.devtools.restart.RestartLauncher.run(RestartLauncher.java:49) [spring-boot-devtools-2.5.1.jar:2.5.1]
2021-07-08 10:39:56,089 [restartedMain] ERROR org.springframework.orm.jpa.LocalContainerEntityManagerFactoryBean(buildNativeEntityManagerFactory:426) - Failed to initialize JPA EntityManagerFactory: Unable to create requested service [org.hibernate.engine.jdbc.env.spi.JdbcEnvironment]
2021-07-08 10:39:56,093 [restartedMain] WARN  org.springframework.boot.web.servlet.context.AnnotationConfigServletWebServerApplicationContext(refresh:591) - Exception encountered during context initialization - cancelling refresh attempt: org.springframework.beans.factory.BeanCreationException: Error creating bean with name 'entityManagerFactory' defined in class path resource [org/springframework/boot/autoconfigure/orm/jpa/HibernateJpaConfiguration.class]: Invocation of init method failed; nested exception is org.hibernate.service.spi.ServiceException: Unable to create requested service [org.hibernate.engine.jdbc.env.spi.JdbcEnvironment]
2021-07-08 10:39:56,104 [restartedMain] INFO  org.apache.catalina.core.StandardService(log:173) - Stopping service [Tomcat]
2021-07-08 10:39:56,125 [restartedMain] INFO  org.springframework.boot.autoconfigure.logging.ConditionEvaluationReportLoggingListener(logMessage:136) - 

Error starting ApplicationContext. To display the conditions report re-run your application with 'debug' enabled.
2021-07-08 10:39:56,138 [restartedMain] ERROR org.springframework.boot.SpringApplication(reportFailure:843) - Application run failed
org.springframework.beans.factory.BeanCreationException: Error creating bean with name 'entityManagerFactory' defined in class path resource [org/springframework/boot/autoconfigure/orm/jpa/HibernateJpaConfiguration.class]: Invocation of init method failed; nested exception is org.hibernate.service.spi.ServiceException: Unable to create requested service [org.hibernate.engine.jdbc.env.spi.JdbcEnvironment]
	at org.springframework.beans.factory.support.AbstractAutowireCapableBeanFactory.initializeBean(AbstractAutowireCapableBeanFactory.java:1786) ~[spring-beans-5.3.8.jar:5.3.8]
	at org.springframework.beans.factory.support.AbstractAutowireCapableBeanFactory.doCreateBean(AbstractAutowireCapableBeanFactory.java:602) ~[spring-beans-5.3.8.jar:5.3.8]
	at org.springframework.beans.factory.support.AbstractAutowireCapableBeanFactory.createBean(AbstractAutowireCapableBeanFactory.java:524) ~[spring-beans-5.3.8.jar:5.3.8]
	at org.springframework.beans.factory.support.AbstractBeanFactory.lambda$doGetBean$0(AbstractBeanFactory.java:335) ~[spring-beans-5.3.8.jar:5.3.8]
	at org.springframework.beans.factory.support.DefaultSingletonBeanRegistry.getSingleton(DefaultSingletonBeanRegistry.java:234) ~[spring-beans-5.3.8.jar:5.3.8]
	at org.springframework.beans.factory.support.AbstractBeanFactory.doGetBean(AbstractBeanFactory.java:333) ~[spring-beans-5.3.8.jar:5.3.8]
	at org.springframework.beans.factory.support.AbstractBeanFactory.getBean(AbstractBeanFactory.java:208) ~[spring-beans-5.3.8.jar:5.3.8]
	at org.springframework.context.support.AbstractApplicationContext.getBean(AbstractApplicationContext.java:1154) ~[spring-context-5.3.8.jar:5.3.8]
	at org.springframework.context.support.AbstractApplicationContext.finishBeanFactoryInitialization(AbstractApplicationContext.java:908) ~[spring-context-5.3.8.jar:5.3.8]
	at org.springframework.context.support.AbstractApplicationContext.refresh(AbstractApplicationContext.java:583) ~[spring-context-5.3.8.jar:5.3.8]
	at org.springframework.boot.web.servlet.context.ServletWebServerApplicationContext.refresh(ServletWebServerApplicationContext.java:145) ~[spring-boot-2.5.1.jar:2.5.1]
	at org.springframework.boot.SpringApplication.refresh(SpringApplication.java:754) [spring-boot-2.5.1.jar:2.5.1]
	at org.springframework.boot.SpringApplication.refreshContext(SpringApplication.java:434) [spring-boot-2.5.1.jar:2.5.1]
	at org.springframework.boot.SpringApplication.run(SpringApplication.java:338) [spring-boot-2.5.1.jar:2.5.1]
	at org.springframework.boot.SpringApplication.run(SpringApplication.java:1343) [spring-boot-2.5.1.jar:2.5.1]
	at org.springframework.boot.SpringApplication.run(SpringApplication.java:1332) [spring-boot-2.5.1.jar:2.5.1]
	at com.limbae.pfy.PortForYouApplication.main(PortForYouApplication.java:10) [main/:?]
	at jdk.internal.reflect.NativeMethodAccessorImpl.invoke0(Native Method) ~[?:?]
	at jdk.internal.reflect.NativeMethodAccessorImpl.invoke(NativeMethodAccessorImpl.java:78) ~[?:?]
	at jdk.internal.reflect.DelegatingMethodAccessorImpl.invoke(DelegatingMethodAccessorImpl.java:43) ~[?:?]
	at java.lang.reflect.Method.invoke(Method.java:567) ~[?:?]
	at org.springframework.boot.devtools.restart.RestartLauncher.run(RestartLauncher.java:49) [spring-boot-devtools-2.5.1.jar:2.5.1]
Caused by: org.hibernate.service.spi.ServiceException: Unable to create requested service [org.hibernate.engine.jdbc.env.spi.JdbcEnvironment]
	at org.hibernate.service.internal.AbstractServiceRegistryImpl.createService(AbstractServiceRegistryImpl.java:275) ~[hibernate-core-5.4.32.Final.jar:5.4.32.Final]
	at org.hibernate.service.internal.AbstractServiceRegistryImpl.initializeService(AbstractServiceRegistryImpl.java:237) ~[hibernate-core-5.4.32.Final.jar:5.4.32.Final]
	at org.hibernate.service.internal.AbstractServiceRegistryImpl.getService(AbstractServiceRegistryImpl.java:214) ~[hibernate-core-5.4.32.Final.jar:5.4.32.Final]
	at org.hibernate.id.factory.internal.DefaultIdentifierGeneratorFactory.injectServices(DefaultIdentifierGeneratorFactory.java:152) ~[hibernate-core-5.4.32.Final.jar:5.4.32.Final]
	at org.hibernate.service.internal.AbstractServiceRegistryImpl.injectDependencies(AbstractServiceRegistryImpl.java:286) ~[hibernate-core-5.4.32.Final.jar:5.4.32.Final]
	at org.hibernate.service.internal.AbstractServiceRegistryImpl.initializeService(AbstractServiceRegistryImpl.java:243) ~[hibernate-core-5.4.32.Final.jar:5.4.32.Final]
	at org.hibernate.service.internal.AbstractServiceRegistryImpl.getService(AbstractServiceRegistryImpl.java:214) ~[hibernate-core-5.4.32.Final.jar:5.4.32.Final]
	at org.hibernate.boot.internal.InFlightMetadataCollectorImpl.<init>(InFlightMetadataCollectorImpl.java:176) ~[hibernate-core-5.4.32.Final.jar:5.4.32.Final]
	at org.hibernate.boot.model.process.spi.MetadataBuildingProcess.complete(MetadataBuildingProcess.java:127) ~[hibernate-core-5.4.32.Final.jar:5.4.32.Final]
	at org.hibernate.jpa.boot.internal.EntityManagerFactoryBuilderImpl.metadata(EntityManagerFactoryBuilderImpl.java:1224) ~[hibernate-core-5.4.32.Final.jar:5.4.32.Final]
	at org.hibernate.jpa.boot.internal.EntityManagerFactoryBuilderImpl.build(EntityManagerFactoryBuilderImpl.java:1255) ~[hibernate-core-5.4.32.Final.jar:5.4.32.Final]
	at org.springframework.orm.jpa.vendor.SpringHibernateJpaPersistenceProvider.createContainerEntityManagerFactory(SpringHibernateJpaPersistenceProvider.java:58) ~[spring-orm-5.3.8.jar:5.3.8]
	at org.springframework.orm.jpa.LocalContainerEntityManagerFactoryBean.createNativeEntityManagerFactory(LocalContainerEntityManagerFactoryBean.java:365) ~[spring-orm-5.3.8.jar:5.3.8]
	at org.springframework.orm.jpa.AbstractEntityManagerFactoryBean.buildNativeEntityManagerFactory(AbstractEntityManagerFactoryBean.java:409) ~[spring-orm-5.3.8.jar:5.3.8]
	at org.springframework.orm.jpa.AbstractEntityManagerFactoryBean.afterPropertiesSet(AbstractEntityManagerFactoryBean.java:396) ~[spring-orm-5.3.8.jar:5.3.8]
	at org.springframework.orm.jpa.LocalContainerEntityManagerFactoryBean.afterPropertiesSet(LocalContainerEntityManagerFactoryBean.java:341) ~[spring-orm-5.3.8.jar:5.3.8]
	at org.springframework.beans.factory.support.AbstractAutowireCapableBeanFactory.invokeInitMethods(AbstractAutowireCapableBeanFactory.java:1845) ~[spring-beans-5.3.8.jar:5.3.8]
	at org.springframework.beans.factory.support.AbstractAutowireCapableBeanFactory.initializeBean(AbstractAutowireCapableBeanFactory.java:1782) ~[spring-beans-5.3.8.jar:5.3.8]
	... 21 more
Caused by: org.hibernate.HibernateException: Access to DialectResolutionInfo cannot be null when 'hibernate.dialect' not set
	at org.hibernate.engine.jdbc.dialect.internal.DialectFactoryImpl.determineDialect(DialectFactoryImpl.java:100) ~[hibernate-core-5.4.32.Final.jar:5.4.32.Final]
	at org.hibernate.engine.jdbc.dialect.internal.DialectFactoryImpl.buildDialect(DialectFactoryImpl.java:54) ~[hibernate-core-5.4.32.Final.jar:5.4.32.Final]
	at org.hibernate.engine.jdbc.env.internal.JdbcEnvironmentInitiator.initiateService(JdbcEnvironmentInitiator.java:137) ~[hibernate-core-5.4.32.Final.jar:5.4.32.Final]
	at org.hibernate.engine.jdbc.env.internal.JdbcEnvironmentInitiator.initiateService(JdbcEnvironmentInitiator.java:35) ~[hibernate-core-5.4.32.Final.jar:5.4.32.Final]
	at org.hibernate.boot.registry.internal.StandardServiceRegistryImpl.initiateService(StandardServiceRegistryImpl.java:101) ~[hibernate-core-5.4.32.Final.jar:5.4.32.Final]
	at org.hibernate.service.internal.AbstractServiceRegistryImpl.createService(AbstractServiceRegistryImpl.java:263) ~[hibernate-core-5.4.32.Final.jar:5.4.32.Final]
	at org.hibernate.service.internal.AbstractServiceRegistryImpl.initializeService(AbstractServiceRegistryImpl.java:237) ~[hibernate-core-5.4.32.Final.jar:5.4.32.Final]
	at org.hibernate.service.internal.AbstractServiceRegistryImpl.getService(AbstractServiceRegistryImpl.java:214) ~[hibernate-core-5.4.32.Final.jar:5.4.32.Final]
	at org.hibernate.id.factory.internal.DefaultIdentifierGeneratorFactory.injectServices(DefaultIdentifierGeneratorFactory.java:152) ~[hibernate-core-5.4.32.Final.jar:5.4.32.Final]
	at org.hibernate.service.internal.AbstractServiceRegistryImpl.injectDependencies(AbstractServiceRegistryImpl.java:286) ~[hibernate-core-5.4.32.Final.jar:5.4.32.Final]
	at org.hibernate.service.internal.AbstractServiceRegistryImpl.initializeService(AbstractServiceRegistryImpl.java:243) ~[hibernate-core-5.4.32.Final.jar:5.4.32.Final]
	at org.hibernate.service.internal.AbstractServiceRegistryImpl.getService(AbstractServiceRegistryImpl.java:214) ~[hibernate-core-5.4.32.Final.jar:5.4.32.Final]
	at org.hibernate.boot.internal.InFlightMetadataCollectorImpl.<init>(InFlightMetadataCollectorImpl.java:176) ~[hibernate-core-5.4.32.Final.jar:5.4.32.Final]
	at org.hibernate.boot.model.process.spi.MetadataBuildingProcess.complete(MetadataBuildingProcess.java:127) ~[hibernate-core-5.4.32.Final.jar:5.4.32.Final]
	at org.hibernate.jpa.boot.internal.EntityManagerFactoryBuilderImpl.metadata(EntityManagerFactoryBuilderImpl.java:1224) ~[hibernate-core-5.4.32.Final.jar:5.4.32.Final]
	at org.hibernate.jpa.boot.internal.EntityManagerFactoryBuilderImpl.build(EntityManagerFactoryBuilderImpl.java:1255) ~[hibernate-core-5.4.32.Final.jar:5.4.32.Final]
	at org.springframework.orm.jpa.vendor.SpringHibernateJpaPersistenceProvider.createContainerEntityManagerFactory(SpringHibernateJpaPersistenceProvider.java:58) ~[spring-orm-5.3.8.jar:5.3.8]
	at org.springframework.orm.jpa.LocalContainerEntityManagerFactoryBean.createNativeEntityManagerFactory(LocalContainerEntityManagerFactoryBean.java:365) ~[spring-orm-5.3.8.jar:5.3.8]
	at org.springframework.orm.jpa.AbstractEntityManagerFactoryBean.buildNativeEntityManagerFactory(AbstractEntityManagerFactoryBean.java:409) ~[spring-orm-5.3.8.jar:5.3.8]
	at org.springframework.orm.jpa.AbstractEntityManagerFactoryBean.afterPropertiesSet(AbstractEntityManagerFactoryBean.java:396) ~[spring-orm-5.3.8.jar:5.3.8]
	at org.springframework.orm.jpa.LocalContainerEntityManagerFactoryBean.afterPropertiesSet(LocalContainerEntityManagerFactoryBean.java:341) ~[spring-orm-5.3.8.jar:5.3.8]
	at org.springframework.beans.factory.support.AbstractAutowireCapableBeanFactory.invokeInitMethods(AbstractAutowireCapableBeanFactory.java:1845) ~[spring-beans-5.3.8.jar:5.3.8]
	at org.springframework.beans.factory.support.AbstractAutowireCapableBeanFactory.initializeBean(AbstractAutowireCapableBeanFactory.java:1782) ~[spring-beans-5.3.8.jar:5.3.8]
	... 21 more
2021-07-08 10:40:21,808 [restartedMain] ERROR org.springframework.boot.SpringApplication(reportFailure:843) - Application run failed
org.yaml.snakeyaml.parser.ParserException: while parsing a block mapping
 in 'reader', line 4, column 5:
        url: jdbc:mysql://localhost/port ... 
        ^
expected <block end>, but found '<block mapping start>'
 in 'reader', line 8, column 6:
         username: board
         ^

	at org.yaml.snakeyaml.parser.ParserImpl$ParseBlockMappingKey.produce(ParserImpl.java:617) ~[snakeyaml-1.28.jar:?]
	at org.yaml.snakeyaml.parser.ParserImpl.peekEvent(ParserImpl.java:165) ~[snakeyaml-1.28.jar:?]
	at org.yaml.snakeyaml.comments.CommentEventsCollector$1.peek(CommentEventsCollector.java:59) ~[snakeyaml-1.28.jar:?]
	at org.yaml.snakeyaml.comments.CommentEventsCollector$1.peek(CommentEventsCollector.java:45) ~[snakeyaml-1.28.jar:?]
	at org.yaml.snakeyaml.comments.CommentEventsCollector.collectEvents(CommentEventsCollector.java:140) ~[snakeyaml-1.28.jar:?]
	at org.yaml.snakeyaml.comments.CommentEventsCollector.collectEvents(CommentEventsCollector.java:119) ~[snakeyaml-1.28.jar:?]
	at org.yaml.snakeyaml.composer.Composer.composeScalarNode(Composer.java:221) ~[snakeyaml-1.28.jar:?]
	at org.yaml.snakeyaml.composer.Composer.composeNode(Composer.java:191) ~[snakeyaml-1.28.jar:?]
	at org.yaml.snakeyaml.composer.Composer.composeValueNode(Composer.java:313) ~[snakeyaml-1.28.jar:?]
	at org.yaml.snakeyaml.composer.Composer.composeMappingChildren(Composer.java:304) ~[snakeyaml-1.28.jar:?]
	at org.yaml.snakeyaml.composer.Composer.composeMappingNode(Composer.java:288) ~[snakeyaml-1.28.jar:?]
	at org.yaml.snakeyaml.composer.Composer.composeNode(Composer.java:195) ~[snakeyaml-1.28.jar:?]
	at org.yaml.snakeyaml.composer.Composer.composeValueNode(Composer.java:313) ~[snakeyaml-1.28.jar:?]
	at org.yaml.snakeyaml.composer.Composer.composeMappingChildren(Composer.java:304) ~[snakeyaml-1.28.jar:?]
	at org.yaml.snakeyaml.composer.Composer.composeMappingNode(Composer.java:288) ~[snakeyaml-1.28.jar:?]
	at org.yaml.snakeyaml.composer.Composer.composeNode(Composer.java:195) ~[snakeyaml-1.28.jar:?]
	at org.yaml.snakeyaml.composer.Composer.composeValueNode(Composer.java:313) ~[snakeyaml-1.28.jar:?]
	at org.yaml.snakeyaml.composer.Composer.composeMappingChildren(Composer.java:304) ~[snakeyaml-1.28.jar:?]
	at org.yaml.snakeyaml.composer.Composer.composeMappingNode(Composer.java:288) ~[snakeyaml-1.28.jar:?]
	at org.yaml.snakeyaml.composer.Composer.composeNode(Composer.java:195) ~[snakeyaml-1.28.jar:?]
	at org.yaml.snakeyaml.composer.Composer.getNode(Composer.java:115) ~[snakeyaml-1.28.jar:?]
	at org.yaml.snakeyaml.constructor.BaseConstructor.getData(BaseConstructor.java:135) ~[snakeyaml-1.28.jar:?]
	at org.springframework.boot.env.OriginTrackedYamlLoader$OriginTrackingConstructor.getData(OriginTrackedYamlLoader.java:99) ~[spring-boot-2.5.1.jar:2.5.1]
	at org.yaml.snakeyaml.Yaml$1.next(Yaml.java:512) ~[snakeyaml-1.28.jar:?]
	at org.springframework.beans.factory.config.YamlProcessor.process(YamlProcessor.java:198) ~[spring-beans-5.3.8.jar:5.3.8]
	at org.springframework.beans.factory.config.YamlProcessor.process(YamlProcessor.java:166) ~[spring-beans-5.3.8.jar:5.3.8]
	at org.springframework.boot.env.OriginTrackedYamlLoader.load(OriginTrackedYamlLoader.java:84) ~[spring-boot-2.5.1.jar:2.5.1]
	at org.springframework.boot.env.YamlPropertySourceLoader.load(YamlPropertySourceLoader.java:50) ~[spring-boot-2.5.1.jar:2.5.1]
	at org.springframework.boot.context.config.StandardConfigDataLoader.load(StandardConfigDataLoader.java:54) ~[spring-boot-2.5.1.jar:2.5.1]
	at org.springframework.boot.context.config.StandardConfigDataLoader.load(StandardConfigDataLoader.java:36) ~[spring-boot-2.5.1.jar:2.5.1]
	at org.springframework.boot.context.config.ConfigDataLoaders.load(ConfigDataLoaders.java:105) ~[spring-boot-2.5.1.jar:2.5.1]
	at org.springframework.boot.context.config.ConfigDataImporter.load(ConfigDataImporter.java:130) ~[spring-boot-2.5.1.jar:2.5.1]
	at org.springframework.boot.context.config.ConfigDataImporter.resolveAndLoad(ConfigDataImporter.java:88) ~[spring-boot-2.5.1.jar:2.5.1]
	at org.springframework.boot.context.config.ConfigDataEnvironmentContributors.withProcessedImports(ConfigDataEnvironmentContributors.java:122) ~[spring-boot-2.5.1.jar:2.5.1]
	at org.springframework.boot.context.config.ConfigDataEnvironment.processInitial(ConfigDataEnvironment.java:240) ~[spring-boot-2.5.1.jar:2.5.1]
	at org.springframework.boot.context.config.ConfigDataEnvironment.processAndApply(ConfigDataEnvironment.java:227) ~[spring-boot-2.5.1.jar:2.5.1]
	at org.springframework.boot.context.config.ConfigDataEnvironmentPostProcessor.postProcessEnvironment(ConfigDataEnvironmentPostProcessor.java:102) ~[spring-boot-2.5.1.jar:2.5.1]
	at org.springframework.boot.context.config.ConfigDataEnvironmentPostProcessor.postProcessEnvironment(ConfigDataEnvironmentPostProcessor.java:94) ~[spring-boot-2.5.1.jar:2.5.1]
	at org.springframework.boot.env.EnvironmentPostProcessorApplicationListener.onApplicationEnvironmentPreparedEvent(EnvironmentPostProcessorApplicationListener.java:100) ~[spring-boot-2.5.1.jar:2.5.1]
	at org.springframework.boot.env.EnvironmentPostProcessorApplicationListener.onApplicationEvent(EnvironmentPostProcessorApplicationListener.java:86) ~[spring-boot-2.5.1.jar:2.5.1]
	at org.springframework.context.event.SimpleApplicationEventMulticaster.doInvokeListener(SimpleApplicationEventMulticaster.java:176) ~[spring-context-5.3.8.jar:5.3.8]
	at org.springframework.context.event.SimpleApplicationEventMulticaster.invokeListener(SimpleApplicationEventMulticaster.java:169) ~[spring-context-5.3.8.jar:5.3.8]
	at org.springframework.context.event.SimpleApplicationEventMulticaster.multicastEvent(SimpleApplicationEventMulticaster.java:143) ~[spring-context-5.3.8.jar:5.3.8]
	at org.springframework.context.event.SimpleApplicationEventMulticaster.multicastEvent(SimpleApplicationEventMulticaster.java:131) ~[spring-context-5.3.8.jar:5.3.8]
	at org.springframework.boot.context.event.EventPublishingRunListener.environmentPrepared(EventPublishingRunListener.java:82) ~[spring-boot-2.5.1.jar:2.5.1]
	at org.springframework.boot.SpringApplicationRunListeners.lambda$environmentPrepared$2(SpringApplicationRunListeners.java:63) ~[spring-boot-2.5.1.jar:2.5.1]
	at java.util.ArrayList.forEach(ArrayList.java:1511) ~[?:?]
	at org.springframework.boot.SpringApplicationRunListeners.doWithListeners(SpringApplicationRunListeners.java:117) ~[spring-boot-2.5.1.jar:2.5.1]
	at org.springframework.boot.SpringApplicationRunListeners.doWithListeners(SpringApplicationRunListeners.java:111) ~[spring-boot-2.5.1.jar:2.5.1]
	at org.springframework.boot.SpringApplicationRunListeners.environmentPrepared(SpringApplicationRunListeners.java:62) ~[spring-boot-2.5.1.jar:2.5.1]
	at org.springframework.boot.SpringApplication.prepareEnvironment(SpringApplication.java:374) [spring-boot-2.5.1.jar:2.5.1]
	at org.springframework.boot.SpringApplication.run(SpringApplication.java:332) [spring-boot-2.5.1.jar:2.5.1]
	at org.springframework.boot.SpringApplication.run(SpringApplication.java:1343) [spring-boot-2.5.1.jar:2.5.1]
	at org.springframework.boot.SpringApplication.run(SpringApplication.java:1332) [spring-boot-2.5.1.jar:2.5.1]
	at com.limbae.pfy.PortForYouApplication.main(PortForYouApplication.java:10) [main/:?]
	at jdk.internal.reflect.NativeMethodAccessorImpl.invoke0(Native Method) ~[?:?]
	at jdk.internal.reflect.NativeMethodAccessorImpl.invoke(NativeMethodAccessorImpl.java:78) ~[?:?]
	at jdk.internal.reflect.DelegatingMethodAccessorImpl.invoke(DelegatingMethodAccessorImpl.java:43) ~[?:?]
	at java.lang.reflect.Method.invoke(Method.java:567) ~[?:?]
	at org.springframework.boot.devtools.restart.RestartLauncher.run(RestartLauncher.java:49) [spring-boot-devtools-2.5.1.jar:2.5.1]
2021-07-08 10:40:35,962 [background-preinit] INFO  org.hibernate.validator.internal.util.Version(<clinit>:21) - HV000001: Hibernate Validator 6.2.0.Final
2021-07-08 10:40:35,992 [restartedMain] INFO  com.limbae.pfy.PortForYouApplication(logStarting:55) - Starting PortForYouApplication using Java 16.0.1 on imyegwacBookAir.mshome.net with PID 5491 (/Users/lim/Desktop/study/PortForYou/build/classes/java/main started by lim in /Users/lim/Desktop/study/PortForYou)
2021-07-08 10:40:35,996 [restartedMain] INFO  com.limbae.pfy.PortForYouApplication(logStartupProfileInfo:659) - No active profile set, falling back to default profiles: default
2021-07-08 10:40:36,043 [restartedMain] INFO  org.springframework.boot.devtools.env.DevToolsPropertyDefaultsPostProcessor(logTo:255) - Devtools property defaults active! Set 'spring.devtools.add-properties' to 'false' to disable
2021-07-08 10:40:36,044 [restartedMain] INFO  org.springframework.boot.devtools.env.DevToolsPropertyDefaultsPostProcessor(logTo:255) - For additional web related logging consider setting the 'logging.level.web' property to 'DEBUG'
2021-07-08 10:40:36,855 [restartedMain] INFO  org.springframework.data.repository.config.RepositoryConfigurationDelegate(registerRepositoriesIn:132) - Bootstrapping Spring Data JPA repositories in DEFAULT mode.
2021-07-08 10:40:36,930 [restartedMain] INFO  org.springframework.data.repository.config.RepositoryConfigurationDelegate(registerRepositoriesIn:201) - Finished Spring Data repository scanning in 70 ms. Found 6 JPA repository interfaces.
2021-07-08 10:40:37,242 [restartedMain] INFO  org.springframework.context.support.PostProcessorRegistrationDelegate$BeanPostProcessorChecker(postProcessAfterInitialization:376) - Bean 'org.springframework.security.access.expression.method.DefaultMethodSecurityExpressionHandler@96e8863' of type [org.springframework.security.access.expression.method.DefaultMethodSecurityExpressionHandler] is not eligible for getting processed by all BeanPostProcessors (for example: not eligible for auto-proxying)
2021-07-08 10:40:37,247 [restartedMain] INFO  org.springframework.context.support.PostProcessorRegistrationDelegate$BeanPostProcessorChecker(postProcessAfterInitialization:376) - Bean 'methodSecurityMetadataSource' of type [org.springframework.security.access.method.DelegatingMethodSecurityMetadataSource] is not eligible for getting processed by all BeanPostProcessors (for example: not eligible for auto-proxying)
2021-07-08 10:40:37,461 [restartedMain] INFO  org.springframework.boot.web.embedded.tomcat.TomcatWebServer(initialize:108) - Tomcat initialized with port(s): 8080 (http)
2021-07-08 10:40:37,467 [restartedMain] INFO  org.apache.coyote.http11.Http11NioProtocol(log:173) - Initializing ProtocolHandler ["http-nio-8080"]
2021-07-08 10:40:37,468 [restartedMain] INFO  org.apache.catalina.core.StandardService(log:173) - Starting service [Tomcat]
2021-07-08 10:40:37,468 [restartedMain] INFO  org.apache.catalina.core.StandardEngine(log:173) - Starting Servlet engine: [Apache Tomcat/9.0.46]
2021-07-08 10:40:37,521 [restartedMain] INFO  org.apache.catalina.core.ContainerBase.[Tomcat].[localhost].[/](log:173) - Initializing Spring embedded WebApplicationContext
2021-07-08 10:40:37,522 [restartedMain] INFO  org.springframework.boot.web.servlet.context.ServletWebServerApplicationContext(prepareWebApplicationContext:290) - Root WebApplicationContext: initialization completed in 1476 ms
2021-07-08 10:40:37,620 [restartedMain] INFO  com.zaxxer.hikari.HikariDataSource(getConnection:110) - HikariPool-1 - Starting...
2021-07-08 10:40:37,965 [restartedMain] INFO  com.zaxxer.hikari.HikariDataSource(getConnection:123) - HikariPool-1 - Start completed.
2021-07-08 10:40:38,052 [restartedMain] INFO  org.hibernate.jpa.internal.util.LogHelper(logPersistenceUnitInformation:31) - HHH000204: Processing PersistenceUnitInfo [name: default]
2021-07-08 10:40:38,078 [restartedMain] INFO  org.hibernate.Version(logVersion:44) - HHH000412: Hibernate ORM core version 5.4.32.Final
2021-07-08 10:40:38,154 [restartedMain] INFO  org.hibernate.annotations.common.Version(<clinit>:56) - HCANN000001: Hibernate Commons Annotations {5.1.2.Final}
2021-07-08 10:40:38,209 [restartedMain] INFO  org.hibernate.dialect.Dialect(<init>:175) - HHH000400: Using dialect: org.hibernate.dialect.MySQL8Dialect
2021-07-08 10:40:38,952 [restartedMain] INFO  org.hibernate.engine.transaction.jta.platform.internal.JtaPlatformInitiator(initiateService:52) - HHH000490: Using JtaPlatform implementation: [org.hibernate.engine.transaction.jta.platform.internal.NoJtaPlatform]
2021-07-08 10:40:38,957 [restartedMain] INFO  org.springframework.orm.jpa.LocalContainerEntityManagerFactoryBean(buildNativeEntityManagerFactory:437) - Initialized JPA EntityManagerFactory for persistence unit 'default'
2021-07-08 10:40:39,039 [restartedMain] WARN  org.springframework.boot.autoconfigure.orm.jpa.JpaBaseConfiguration$JpaWebConfiguration(openEntityManagerInViewInterceptor:219) - spring.jpa.open-in-view is enabled by default. Therefore, database queries may be performed during view rendering. Explicitly configure spring.jpa.open-in-view to disable this warning
2021-07-08 10:40:39,583 [restartedMain] INFO  org.springframework.security.web.DefaultSecurityFilterChain(<init>:51) - Will secure Ant [pattern='/api/login'] with []
2021-07-08 10:40:39,584 [restartedMain] INFO  org.springframework.security.web.DefaultSecurityFilterChain(<init>:51) - Will secure Ant [pattern='/api/signup'] with []
2021-07-08 10:40:39,585 [restartedMain] INFO  org.springframework.security.web.DefaultSecurityFilterChain(<init>:51) - Will secure Ant [pattern='/api/img/*'] with []
2021-07-08 10:40:39,603 [restartedMain] INFO  org.springframework.security.web.DefaultSecurityFilterChain(<init>:51) - Will secure any request with [org.springframework.security.web.context.request.async.WebAsyncManagerIntegrationFilter@3ad98d33, org.springframework.security.web.context.SecurityContextPersistenceFilter@45b86392, org.springframework.security.web.header.HeaderWriterFilter@69c48066, org.springframework.security.web.authentication.logout.LogoutFilter@533af707, org.springframework.web.filter.CorsFilter@d104920, com.limbae.pfy.jwt.JwtFilter@5dc5e8e5, org.springframework.security.web.savedrequest.RequestCacheAwareFilter@39ecee95, org.springframework.security.web.servletapi.SecurityContextHolderAwareRequestFilter@ea11227, org.springframework.security.web.authentication.AnonymousAuthenticationFilter@661cf42c, org.springframework.security.web.session.SessionManagementFilter@51198fb4, org.springframework.security.web.access.ExceptionTranslationFilter@4301533f, org.springframework.security.web.access.intercept.FilterSecurityInterceptor@2dafa552]
2021-07-08 10:40:39,763 [restartedMain] INFO  org.springframework.boot.autoconfigure.web.servlet.WelcomePageHandlerMapping(<init>:57) - Adding welcome page template: index
2021-07-08 10:40:39,951 [restartedMain] INFO  org.springframework.boot.devtools.autoconfigure.OptionalLiveReloadServer(startServer:58) - LiveReload server is running on port 35729
2021-07-08 10:40:39,970 [restartedMain] INFO  org.apache.coyote.http11.Http11NioProtocol(log:173) - Starting ProtocolHandler ["http-nio-8080"]
2021-07-08 10:40:39,984 [restartedMain] INFO  org.springframework.boot.web.embedded.tomcat.TomcatWebServer(start:220) - Tomcat started on port(s): 8080 (http) with context path ''
2021-07-08 10:40:40,000 [restartedMain] INFO  com.limbae.pfy.PortForYouApplication(logStarted:61) - Started PortForYouApplication in 4.369 seconds (JVM running for 5.464)
2021-07-08 10:40:46,013 [http-nio-8080-exec-2] INFO  org.apache.catalina.core.ContainerBase.[Tomcat].[localhost].[/](log:173) - Initializing Spring DispatcherServlet 'dispatcherServlet'
2021-07-08 10:40:46,013 [http-nio-8080-exec-2] INFO  org.springframework.web.servlet.DispatcherServlet(initServletBean:525) - Initializing Servlet 'dispatcherServlet'
2021-07-08 10:40:46,015 [http-nio-8080-exec-2] INFO  org.springframework.web.servlet.DispatcherServlet(initServletBean:547) - Completed initialization in 2 ms
