2021-07-21 16:00:02,716 [SpringApplicationShutdownHook] INFO  org.springframework.orm.jpa.LocalContainerEntityManagerFactoryBean(destroy:651) - Closing JPA EntityManagerFactory for persistence unit 'default'
2021-07-21 16:00:02,816 [SpringApplicationShutdownHook] INFO  com.zaxxer.hikari.HikariDataSource(close:350) - HikariPool-1 - Shutdown initiated...
2021-07-21 16:00:03,891 [SpringApplicationShutdownHook] INFO  com.zaxxer.hikari.HikariDataSource(close:352) - HikariPool-1 - Shutdown completed.
2021-07-21 16:00:11,233 [background-preinit] INFO  org.hibernate.validator.internal.util.Version(<clinit>:21) - HV000001: Hibernate Validator 6.2.0.Final
2021-07-21 16:00:11,257 [restartedMain] INFO  com.limbae.pfy.PortForYouApplication(logStarting:55) - Starting PortForYouApplication using Java 16.0.1 on imyegwacBookAir.mshome.net with PID 37208 (/Users/lim/Desktop/study/PortForYou/build/classes/java/main started by lim in /Users/lim/Desktop/study/PortForYou)
2021-07-21 16:00:11,261 [restartedMain] INFO  com.limbae.pfy.PortForYouApplication(logStartupProfileInfo:659) - No active profile set, falling back to default profiles: default
2021-07-21 16:00:11,310 [restartedMain] INFO  org.springframework.boot.devtools.env.DevToolsPropertyDefaultsPostProcessor(logTo:255) - Devtools property defaults active! Set 'spring.devtools.add-properties' to 'false' to disable
2021-07-21 16:00:11,317 [restartedMain] INFO  org.springframework.boot.devtools.env.DevToolsPropertyDefaultsPostProcessor(logTo:255) - For additional web related logging consider setting the 'logging.level.web' property to 'DEBUG'
2021-07-21 16:00:12,157 [restartedMain] INFO  org.springframework.data.repository.config.RepositoryConfigurationDelegate(registerRepositoriesIn:132) - Bootstrapping Spring Data JPA repositories in DEFAULT mode.
2021-07-21 16:00:12,260 [restartedMain] INFO  org.springframework.data.repository.config.RepositoryConfigurationDelegate(registerRepositoriesIn:201) - Finished Spring Data repository scanning in 96 ms. Found 11 JPA repository interfaces.
2021-07-21 16:00:12,571 [restartedMain] INFO  org.springframework.context.support.PostProcessorRegistrationDelegate$BeanPostProcessorChecker(postProcessAfterInitialization:376) - Bean 'org.springframework.security.access.expression.method.DefaultMethodSecurityExpressionHandler@18a20f60' of type [org.springframework.security.access.expression.method.DefaultMethodSecurityExpressionHandler] is not eligible for getting processed by all BeanPostProcessors (for example: not eligible for auto-proxying)
2021-07-21 16:00:12,577 [restartedMain] INFO  org.springframework.context.support.PostProcessorRegistrationDelegate$BeanPostProcessorChecker(postProcessAfterInitialization:376) - Bean 'methodSecurityMetadataSource' of type [org.springframework.security.access.method.DelegatingMethodSecurityMetadataSource] is not eligible for getting processed by all BeanPostProcessors (for example: not eligible for auto-proxying)
2021-07-21 16:00:12,790 [restartedMain] INFO  org.springframework.boot.web.embedded.tomcat.TomcatWebServer(initialize:108) - Tomcat initialized with port(s): 8080 (http)
2021-07-21 16:00:12,796 [restartedMain] INFO  org.apache.coyote.http11.Http11NioProtocol(log:173) - Initializing ProtocolHandler ["http-nio-8080"]
2021-07-21 16:00:12,797 [restartedMain] INFO  org.apache.catalina.core.StandardService(log:173) - Starting service [Tomcat]
2021-07-21 16:00:12,797 [restartedMain] INFO  org.apache.catalina.core.StandardEngine(log:173) - Starting Servlet engine: [Apache Tomcat/9.0.46]
2021-07-21 16:00:12,851 [restartedMain] INFO  org.apache.catalina.core.ContainerBase.[Tomcat].[localhost].[/](log:173) - Initializing Spring embedded WebApplicationContext
2021-07-21 16:00:12,851 [restartedMain] INFO  org.springframework.boot.web.servlet.context.ServletWebServerApplicationContext(prepareWebApplicationContext:290) - Root WebApplicationContext: initialization completed in 1533 ms
2021-07-21 16:00:12,944 [restartedMain] INFO  com.zaxxer.hikari.HikariDataSource(getConnection:110) - HikariPool-1 - Starting...
2021-07-21 16:00:15,370 [restartedMain] INFO  com.zaxxer.hikari.HikariDataSource(getConnection:123) - HikariPool-1 - Start completed.
2021-07-21 16:00:15,480 [restartedMain] INFO  org.hibernate.jpa.internal.util.LogHelper(logPersistenceUnitInformation:31) - HHH000204: Processing PersistenceUnitInfo [name: default]
2021-07-21 16:00:15,504 [restartedMain] INFO  org.hibernate.Version(logVersion:44) - HHH000412: Hibernate ORM core version 5.4.32.Final
2021-07-21 16:00:15,559 [restartedMain] INFO  org.hibernate.annotations.common.Version(<clinit>:56) - HCANN000001: Hibernate Commons Annotations {5.1.2.Final}
2021-07-21 16:00:15,608 [restartedMain] INFO  org.hibernate.dialect.Dialect(<init>:175) - HHH000400: Using dialect: org.hibernate.dialect.MySQL8Dialect
2021-07-21 16:00:16,471 [restartedMain] INFO  org.hibernate.engine.transaction.jta.platform.internal.JtaPlatformInitiator(initiateService:52) - HHH000490: Using JtaPlatform implementation: [org.hibernate.engine.transaction.jta.platform.internal.NoJtaPlatform]
2021-07-21 16:00:16,478 [restartedMain] INFO  org.springframework.orm.jpa.LocalContainerEntityManagerFactoryBean(buildNativeEntityManagerFactory:437) - Initialized JPA EntityManagerFactory for persistence unit 'default'
2021-07-21 16:00:16,573 [restartedMain] WARN  org.springframework.boot.autoconfigure.orm.jpa.JpaBaseConfiguration$JpaWebConfiguration(openEntityManagerInViewInterceptor:219) - spring.jpa.open-in-view is enabled by default. Therefore, database queries may be performed during view rendering. Explicitly configure spring.jpa.open-in-view to disable this warning
2021-07-21 16:00:17,267 [restartedMain] INFO  org.springframework.security.web.DefaultSecurityFilterChain(<init>:51) - Will secure Ant [pattern='/api/login'] with []
2021-07-21 16:00:17,269 [restartedMain] INFO  org.springframework.security.web.DefaultSecurityFilterChain(<init>:51) - Will secure Ant [pattern='/api/user'] with []
2021-07-21 16:00:17,270 [restartedMain] INFO  org.springframework.security.web.DefaultSecurityFilterChain(<init>:51) - Will secure Ant [pattern='/api/img/default'] with []
2021-07-21 16:00:17,270 [restartedMain] INFO  org.springframework.security.web.DefaultSecurityFilterChain(<init>:51) - Will secure Ant [pattern='/api/user/portfolio/positions'] with []
2021-07-21 16:00:17,271 [restartedMain] INFO  org.springframework.security.web.DefaultSecurityFilterChain(<init>:51) - Will secure Ant [pattern='/api/user/portfolio/projects'] with []
2021-07-21 16:00:17,271 [restartedMain] INFO  org.springframework.security.web.DefaultSecurityFilterChain(<init>:51) - Will secure Ant [pattern='/api/user/portfolio/educations'] with []
2021-07-21 16:00:17,272 [restartedMain] INFO  org.springframework.security.web.DefaultSecurityFilterChain(<init>:51) - Will secure Ant [pattern='/api/user/portfolio/stacks'] with []
2021-07-21 16:00:17,289 [restartedMain] INFO  org.springframework.security.web.DefaultSecurityFilterChain(<init>:51) - Will secure any request with [org.springframework.security.web.context.request.async.WebAsyncManagerIntegrationFilter@2f757d12, org.springframework.security.web.context.SecurityContextPersistenceFilter@25fb5dc3, org.springframework.security.web.header.HeaderWriterFilter@56e1b8d3, org.springframework.security.web.authentication.logout.LogoutFilter@380ec0a7, org.springframework.web.filter.CorsFilter@19327973, com.limbae.pfy.jwt.JwtFilter@394f94f2, org.springframework.security.web.savedrequest.RequestCacheAwareFilter@6e997262, org.springframework.security.web.servletapi.SecurityContextHolderAwareRequestFilter@252c78c, org.springframework.security.web.authentication.AnonymousAuthenticationFilter@7f1eba5d, org.springframework.security.web.session.SessionManagementFilter@103f4d3c, org.springframework.security.web.access.ExceptionTranslationFilter@3191ef91, org.springframework.security.web.access.intercept.FilterSecurityInterceptor@c458304]
2021-07-21 16:00:17,455 [restartedMain] INFO  org.springframework.boot.autoconfigure.web.servlet.WelcomePageHandlerMapping(<init>:57) - Adding welcome page template: index
2021-07-21 16:00:17,662 [restartedMain] INFO  org.springframework.boot.devtools.autoconfigure.OptionalLiveReloadServer(startServer:58) - LiveReload server is running on port 35729
2021-07-21 16:00:17,682 [restartedMain] INFO  org.apache.coyote.http11.Http11NioProtocol(log:173) - Starting ProtocolHandler ["http-nio-8080"]
2021-07-21 16:00:17,697 [restartedMain] INFO  org.springframework.boot.web.embedded.tomcat.TomcatWebServer(start:220) - Tomcat started on port(s): 8080 (http) with context path ''
2021-07-21 16:00:17,710 [restartedMain] INFO  com.limbae.pfy.PortForYouApplication(logStarted:61) - Started PortForYouApplication in 6.833 seconds (JVM running for 8.056)
2021-07-21 16:00:32,255 [http-nio-8080-exec-2] INFO  org.apache.catalina.core.ContainerBase.[Tomcat].[localhost].[/](log:173) - Initializing Spring DispatcherServlet 'dispatcherServlet'
2021-07-21 16:00:32,256 [http-nio-8080-exec-2] INFO  org.springframework.web.servlet.DispatcherServlet(initServletBean:525) - Initializing Servlet 'dispatcherServlet'
2021-07-21 16:00:32,258 [http-nio-8080-exec-2] INFO  org.springframework.web.servlet.DispatcherServlet(initServletBean:547) - Completed initialization in 2 ms
2021-07-21 16:16:06,170 [SpringApplicationShutdownHook] INFO  org.springframework.orm.jpa.LocalContainerEntityManagerFactoryBean(destroy:651) - Closing JPA EntityManagerFactory for persistence unit 'default'
2021-07-21 16:16:06,220 [SpringApplicationShutdownHook] INFO  com.zaxxer.hikari.HikariDataSource(close:350) - HikariPool-1 - Shutdown initiated...
2021-07-21 16:16:07,272 [SpringApplicationShutdownHook] INFO  com.zaxxer.hikari.HikariDataSource(close:352) - HikariPool-1 - Shutdown completed.
2021-07-21 16:16:16,949 [background-preinit] INFO  org.hibernate.validator.internal.util.Version(<clinit>:21) - HV000001: Hibernate Validator 6.2.0.Final
2021-07-21 16:16:16,974 [restartedMain] INFO  com.limbae.pfy.PortForYouApplication(logStarting:55) - Starting PortForYouApplication using Java 16.0.1 on imyegwacBookAir.mshome.net with PID 37391 (/Users/lim/Desktop/study/PortForYou/build/classes/java/main started by lim in /Users/lim/Desktop/study/PortForYou)
2021-07-21 16:16:16,980 [restartedMain] INFO  com.limbae.pfy.PortForYouApplication(logStartupProfileInfo:659) - No active profile set, falling back to default profiles: default
2021-07-21 16:16:17,045 [restartedMain] INFO  org.springframework.boot.devtools.env.DevToolsPropertyDefaultsPostProcessor(logTo:255) - Devtools property defaults active! Set 'spring.devtools.add-properties' to 'false' to disable
2021-07-21 16:16:17,051 [restartedMain] INFO  org.springframework.boot.devtools.env.DevToolsPropertyDefaultsPostProcessor(logTo:255) - For additional web related logging consider setting the 'logging.level.web' property to 'DEBUG'
2021-07-21 16:16:17,829 [restartedMain] INFO  org.springframework.data.repository.config.RepositoryConfigurationDelegate(registerRepositoriesIn:132) - Bootstrapping Spring Data JPA repositories in DEFAULT mode.
2021-07-21 16:16:17,928 [restartedMain] INFO  org.springframework.data.repository.config.RepositoryConfigurationDelegate(registerRepositoriesIn:201) - Finished Spring Data repository scanning in 94 ms. Found 11 JPA repository interfaces.
2021-07-21 16:16:18,267 [restartedMain] INFO  org.springframework.context.support.PostProcessorRegistrationDelegate$BeanPostProcessorChecker(postProcessAfterInitialization:376) - Bean 'org.springframework.security.access.expression.method.DefaultMethodSecurityExpressionHandler@9e08e95' of type [org.springframework.security.access.expression.method.DefaultMethodSecurityExpressionHandler] is not eligible for getting processed by all BeanPostProcessors (for example: not eligible for auto-proxying)
2021-07-21 16:16:18,273 [restartedMain] INFO  org.springframework.context.support.PostProcessorRegistrationDelegate$BeanPostProcessorChecker(postProcessAfterInitialization:376) - Bean 'methodSecurityMetadataSource' of type [org.springframework.security.access.method.DelegatingMethodSecurityMetadataSource] is not eligible for getting processed by all BeanPostProcessors (for example: not eligible for auto-proxying)
2021-07-21 16:16:18,481 [restartedMain] INFO  org.springframework.boot.web.embedded.tomcat.TomcatWebServer(initialize:108) - Tomcat initialized with port(s): 8080 (http)
2021-07-21 16:16:18,487 [restartedMain] INFO  org.apache.coyote.http11.Http11NioProtocol(log:173) - Initializing ProtocolHandler ["http-nio-8080"]
2021-07-21 16:16:18,487 [restartedMain] INFO  org.apache.catalina.core.StandardService(log:173) - Starting service [Tomcat]
2021-07-21 16:16:18,488 [restartedMain] INFO  org.apache.catalina.core.StandardEngine(log:173) - Starting Servlet engine: [Apache Tomcat/9.0.46]
2021-07-21 16:16:18,543 [restartedMain] INFO  org.apache.catalina.core.ContainerBase.[Tomcat].[localhost].[/](log:173) - Initializing Spring embedded WebApplicationContext
2021-07-21 16:16:18,544 [restartedMain] INFO  org.springframework.boot.web.servlet.context.ServletWebServerApplicationContext(prepareWebApplicationContext:290) - Root WebApplicationContext: initialization completed in 1491 ms
2021-07-21 16:16:18,637 [restartedMain] INFO  com.zaxxer.hikari.HikariDataSource(getConnection:110) - HikariPool-1 - Starting...
2021-07-21 16:16:20,592 [restartedMain] INFO  com.zaxxer.hikari.HikariDataSource(getConnection:123) - HikariPool-1 - Start completed.
2021-07-21 16:16:20,699 [restartedMain] INFO  org.hibernate.jpa.internal.util.LogHelper(logPersistenceUnitInformation:31) - HHH000204: Processing PersistenceUnitInfo [name: default]
2021-07-21 16:16:20,726 [restartedMain] INFO  org.hibernate.Version(logVersion:44) - HHH000412: Hibernate ORM core version 5.4.32.Final
2021-07-21 16:16:20,783 [restartedMain] INFO  org.hibernate.annotations.common.Version(<clinit>:56) - HCANN000001: Hibernate Commons Annotations {5.1.2.Final}
2021-07-21 16:16:20,828 [restartedMain] INFO  org.hibernate.dialect.Dialect(<init>:175) - HHH000400: Using dialect: org.hibernate.dialect.MySQL8Dialect
2021-07-21 16:16:21,690 [restartedMain] INFO  org.hibernate.engine.transaction.jta.platform.internal.JtaPlatformInitiator(initiateService:52) - HHH000490: Using JtaPlatform implementation: [org.hibernate.engine.transaction.jta.platform.internal.NoJtaPlatform]
2021-07-21 16:16:21,697 [restartedMain] INFO  org.springframework.orm.jpa.LocalContainerEntityManagerFactoryBean(buildNativeEntityManagerFactory:437) - Initialized JPA EntityManagerFactory for persistence unit 'default'
2021-07-21 16:16:21,799 [restartedMain] WARN  org.springframework.boot.autoconfigure.orm.jpa.JpaBaseConfiguration$JpaWebConfiguration(openEntityManagerInViewInterceptor:219) - spring.jpa.open-in-view is enabled by default. Therefore, database queries may be performed during view rendering. Explicitly configure spring.jpa.open-in-view to disable this warning
2021-07-21 16:16:22,534 [restartedMain] INFO  org.springframework.security.web.DefaultSecurityFilterChain(<init>:51) - Will secure Ant [pattern='/api/login'] with []
2021-07-21 16:16:22,535 [restartedMain] INFO  org.springframework.security.web.DefaultSecurityFilterChain(<init>:51) - Will secure Ant [pattern='/api/user'] with []
2021-07-21 16:16:22,536 [restartedMain] INFO  org.springframework.security.web.DefaultSecurityFilterChain(<init>:51) - Will secure Ant [pattern='/api/img/default'] with []
2021-07-21 16:16:22,537 [restartedMain] INFO  org.springframework.security.web.DefaultSecurityFilterChain(<init>:51) - Will secure Ant [pattern='/api/user/portfolio/positions'] with []
2021-07-21 16:16:22,537 [restartedMain] INFO  org.springframework.security.web.DefaultSecurityFilterChain(<init>:51) - Will secure Ant [pattern='/api/user/portfolio/projects'] with []
2021-07-21 16:16:22,538 [restartedMain] INFO  org.springframework.security.web.DefaultSecurityFilterChain(<init>:51) - Will secure Ant [pattern='/api/user/portfolio/educations'] with []
2021-07-21 16:16:22,538 [restartedMain] INFO  org.springframework.security.web.DefaultSecurityFilterChain(<init>:51) - Will secure Ant [pattern='/api/user/portfolio/stacks'] with []
2021-07-21 16:16:22,555 [restartedMain] INFO  org.springframework.security.web.DefaultSecurityFilterChain(<init>:51) - Will secure any request with [org.springframework.security.web.context.request.async.WebAsyncManagerIntegrationFilter@26629579, org.springframework.security.web.context.SecurityContextPersistenceFilter@3d0d8535, org.springframework.security.web.header.HeaderWriterFilter@1875466f, org.springframework.security.web.authentication.logout.LogoutFilter@40b3a95f, org.springframework.web.filter.CorsFilter@4114b57a, com.limbae.pfy.jwt.JwtFilter@12def406, org.springframework.security.web.savedrequest.RequestCacheAwareFilter@6d693a42, org.springframework.security.web.servletapi.SecurityContextHolderAwareRequestFilter@2849aaed, org.springframework.security.web.authentication.AnonymousAuthenticationFilter@6de0e4a, org.springframework.security.web.session.SessionManagementFilter@68b52b47, org.springframework.security.web.access.ExceptionTranslationFilter@1cccd931, org.springframework.security.web.access.intercept.FilterSecurityInterceptor@3e9da08e]
2021-07-21 16:16:22,742 [restartedMain] INFO  org.springframework.boot.autoconfigure.web.servlet.WelcomePageHandlerMapping(<init>:57) - Adding welcome page template: index
2021-07-21 16:16:23,005 [restartedMain] INFO  org.springframework.boot.devtools.autoconfigure.OptionalLiveReloadServer(startServer:58) - LiveReload server is running on port 35729
2021-07-21 16:16:23,025 [restartedMain] INFO  org.apache.coyote.http11.Http11NioProtocol(log:173) - Starting ProtocolHandler ["http-nio-8080"]
2021-07-21 16:16:23,040 [restartedMain] INFO  org.springframework.boot.web.embedded.tomcat.TomcatWebServer(start:220) - Tomcat started on port(s): 8080 (http) with context path ''
2021-07-21 16:16:23,053 [restartedMain] INFO  com.limbae.pfy.PortForYouApplication(logStarted:61) - Started PortForYouApplication in 6.495 seconds (JVM running for 7.537)
2021-07-21 16:16:27,527 [http-nio-8080-exec-1] INFO  org.apache.catalina.core.ContainerBase.[Tomcat].[localhost].[/](log:173) - Initializing Spring DispatcherServlet 'dispatcherServlet'
2021-07-21 16:16:27,527 [http-nio-8080-exec-1] INFO  org.springframework.web.servlet.DispatcherServlet(initServletBean:525) - Initializing Servlet 'dispatcherServlet'
2021-07-21 16:16:27,529 [http-nio-8080-exec-1] INFO  org.springframework.web.servlet.DispatcherServlet(initServletBean:547) - Completed initialization in 2 ms
2021-07-21 16:28:18,224 [SpringApplicationShutdownHook] INFO  org.springframework.orm.jpa.LocalContainerEntityManagerFactoryBean(destroy:651) - Closing JPA EntityManagerFactory for persistence unit 'default'
2021-07-21 16:28:18,261 [SpringApplicationShutdownHook] INFO  com.zaxxer.hikari.HikariDataSource(close:350) - HikariPool-1 - Shutdown initiated...
2021-07-21 16:28:19,359 [SpringApplicationShutdownHook] INFO  com.zaxxer.hikari.HikariDataSource(close:352) - HikariPool-1 - Shutdown completed.
2021-07-21 16:28:25,969 [background-preinit] INFO  org.hibernate.validator.internal.util.Version(<clinit>:21) - HV000001: Hibernate Validator 6.2.0.Final
2021-07-21 16:28:25,992 [restartedMain] INFO  com.limbae.pfy.PortForYouApplication(logStarting:55) - Starting PortForYouApplication using Java 16.0.1 on imyegwacBookAir.mshome.net with PID 37479 (/Users/lim/Desktop/study/PortForYou/build/classes/java/main started by lim in /Users/lim/Desktop/study/PortForYou)
2021-07-21 16:28:25,997 [restartedMain] INFO  com.limbae.pfy.PortForYouApplication(logStartupProfileInfo:659) - No active profile set, falling back to default profiles: default
2021-07-21 16:28:26,040 [restartedMain] INFO  org.springframework.boot.devtools.env.DevToolsPropertyDefaultsPostProcessor(logTo:255) - Devtools property defaults active! Set 'spring.devtools.add-properties' to 'false' to disable
2021-07-21 16:28:26,042 [restartedMain] INFO  org.springframework.boot.devtools.env.DevToolsPropertyDefaultsPostProcessor(logTo:255) - For additional web related logging consider setting the 'logging.level.web' property to 'DEBUG'
2021-07-21 16:28:26,875 [restartedMain] INFO  org.springframework.data.repository.config.RepositoryConfigurationDelegate(registerRepositoriesIn:132) - Bootstrapping Spring Data JPA repositories in DEFAULT mode.
2021-07-21 16:28:26,980 [restartedMain] INFO  org.springframework.data.repository.config.RepositoryConfigurationDelegate(registerRepositoriesIn:201) - Finished Spring Data repository scanning in 100 ms. Found 11 JPA repository interfaces.
2021-07-21 16:28:27,314 [restartedMain] INFO  org.springframework.context.support.PostProcessorRegistrationDelegate$BeanPostProcessorChecker(postProcessAfterInitialization:376) - Bean 'org.springframework.security.access.expression.method.DefaultMethodSecurityExpressionHandler@346fb38b' of type [org.springframework.security.access.expression.method.DefaultMethodSecurityExpressionHandler] is not eligible for getting processed by all BeanPostProcessors (for example: not eligible for auto-proxying)
2021-07-21 16:28:27,317 [restartedMain] INFO  org.springframework.context.support.PostProcessorRegistrationDelegate$BeanPostProcessorChecker(postProcessAfterInitialization:376) - Bean 'methodSecurityMetadataSource' of type [org.springframework.security.access.method.DelegatingMethodSecurityMetadataSource] is not eligible for getting processed by all BeanPostProcessors (for example: not eligible for auto-proxying)
2021-07-21 16:28:27,590 [restartedMain] INFO  org.springframework.boot.web.embedded.tomcat.TomcatWebServer(initialize:108) - Tomcat initialized with port(s): 8080 (http)
2021-07-21 16:28:27,597 [restartedMain] INFO  org.apache.coyote.http11.Http11NioProtocol(log:173) - Initializing ProtocolHandler ["http-nio-8080"]
2021-07-21 16:28:27,597 [restartedMain] INFO  org.apache.catalina.core.StandardService(log:173) - Starting service [Tomcat]
2021-07-21 16:28:27,597 [restartedMain] INFO  org.apache.catalina.core.StandardEngine(log:173) - Starting Servlet engine: [Apache Tomcat/9.0.46]
2021-07-21 16:28:27,649 [restartedMain] INFO  org.apache.catalina.core.ContainerBase.[Tomcat].[localhost].[/](log:173) - Initializing Spring embedded WebApplicationContext
2021-07-21 16:28:27,649 [restartedMain] INFO  org.springframework.boot.web.servlet.context.ServletWebServerApplicationContext(prepareWebApplicationContext:290) - Root WebApplicationContext: initialization completed in 1607 ms
2021-07-21 16:28:27,742 [restartedMain] INFO  com.zaxxer.hikari.HikariDataSource(getConnection:110) - HikariPool-1 - Starting...
2021-07-21 16:28:30,835 [restartedMain] INFO  com.zaxxer.hikari.HikariDataSource(getConnection:123) - HikariPool-1 - Start completed.
2021-07-21 16:28:30,988 [restartedMain] INFO  org.hibernate.jpa.internal.util.LogHelper(logPersistenceUnitInformation:31) - HHH000204: Processing PersistenceUnitInfo [name: default]
2021-07-21 16:28:31,036 [restartedMain] INFO  org.hibernate.Version(logVersion:44) - HHH000412: Hibernate ORM core version 5.4.32.Final
2021-07-21 16:28:31,208 [restartedMain] INFO  org.hibernate.annotations.common.Version(<clinit>:56) - HCANN000001: Hibernate Commons Annotations {5.1.2.Final}
2021-07-21 16:28:31,294 [restartedMain] INFO  org.hibernate.dialect.Dialect(<init>:175) - HHH000400: Using dialect: org.hibernate.dialect.MySQL8Dialect
2021-07-21 16:28:32,323 [restartedMain] INFO  org.hibernate.engine.transaction.jta.platform.internal.JtaPlatformInitiator(initiateService:52) - HHH000490: Using JtaPlatform implementation: [org.hibernate.engine.transaction.jta.platform.internal.NoJtaPlatform]
2021-07-21 16:28:32,335 [restartedMain] INFO  org.springframework.orm.jpa.LocalContainerEntityManagerFactoryBean(buildNativeEntityManagerFactory:437) - Initialized JPA EntityManagerFactory for persistence unit 'default'
2021-07-21 16:28:32,425 [restartedMain] WARN  org.springframework.boot.autoconfigure.orm.jpa.JpaBaseConfiguration$JpaWebConfiguration(openEntityManagerInViewInterceptor:219) - spring.jpa.open-in-view is enabled by default. Therefore, database queries may be performed during view rendering. Explicitly configure spring.jpa.open-in-view to disable this warning
2021-07-21 16:28:33,196 [restartedMain] INFO  org.springframework.security.web.DefaultSecurityFilterChain(<init>:51) - Will secure Ant [pattern='/api/login'] with []
2021-07-21 16:28:33,197 [restartedMain] INFO  org.springframework.security.web.DefaultSecurityFilterChain(<init>:51) - Will secure Ant [pattern='/api/user'] with []
2021-07-21 16:28:33,198 [restartedMain] INFO  org.springframework.security.web.DefaultSecurityFilterChain(<init>:51) - Will secure Ant [pattern='/api/img/default'] with []
2021-07-21 16:28:33,199 [restartedMain] INFO  org.springframework.security.web.DefaultSecurityFilterChain(<init>:51) - Will secure Ant [pattern='/api/user/portfolio/positions'] with []
2021-07-21 16:28:33,199 [restartedMain] INFO  org.springframework.security.web.DefaultSecurityFilterChain(<init>:51) - Will secure Ant [pattern='/api/user/portfolio/projects'] with []
2021-07-21 16:28:33,200 [restartedMain] INFO  org.springframework.security.web.DefaultSecurityFilterChain(<init>:51) - Will secure Ant [pattern='/api/user/portfolio/educations'] with []
2021-07-21 16:28:33,201 [restartedMain] INFO  org.springframework.security.web.DefaultSecurityFilterChain(<init>:51) - Will secure Ant [pattern='/api/user/portfolio/stacks'] with []
2021-07-21 16:28:33,218 [restartedMain] INFO  org.springframework.security.web.DefaultSecurityFilterChain(<init>:51) - Will secure any request with [org.springframework.security.web.context.request.async.WebAsyncManagerIntegrationFilter@291811c2, org.springframework.security.web.context.SecurityContextPersistenceFilter@5dbb5b9c, org.springframework.security.web.header.HeaderWriterFilter@20a02e40, org.springframework.security.web.authentication.logout.LogoutFilter@746b401d, org.springframework.web.filter.CorsFilter@63536ad, com.limbae.pfy.jwt.JwtFilter@2ed0c9ea, org.springframework.security.web.savedrequest.RequestCacheAwareFilter@5d60505e, org.springframework.security.web.servletapi.SecurityContextHolderAwareRequestFilter@6a6767fd, org.springframework.security.web.authentication.AnonymousAuthenticationFilter@430b26b8, org.springframework.security.web.session.SessionManagementFilter@1e3f80f9, org.springframework.security.web.access.ExceptionTranslationFilter@7a58def, org.springframework.security.web.access.intercept.FilterSecurityInterceptor@491c2a33]
2021-07-21 16:28:33,395 [restartedMain] INFO  org.springframework.boot.autoconfigure.web.servlet.WelcomePageHandlerMapping(<init>:57) - Adding welcome page template: index
2021-07-21 16:28:33,597 [restartedMain] INFO  org.springframework.boot.devtools.autoconfigure.OptionalLiveReloadServer(startServer:58) - LiveReload server is running on port 35729
2021-07-21 16:28:33,616 [restartedMain] INFO  org.apache.coyote.http11.Http11NioProtocol(log:173) - Starting ProtocolHandler ["http-nio-8080"]
2021-07-21 16:28:33,639 [restartedMain] INFO  org.springframework.boot.web.embedded.tomcat.TomcatWebServer(start:220) - Tomcat started on port(s): 8080 (http) with context path ''
2021-07-21 16:28:33,653 [restartedMain] INFO  com.limbae.pfy.PortForYouApplication(logStarted:61) - Started PortForYouApplication in 8.007 seconds (JVM running for 9.196)
2021-07-21 16:45:17,198 [SpringApplicationShutdownHook] INFO  org.springframework.orm.jpa.LocalContainerEntityManagerFactoryBean(destroy:651) - Closing JPA EntityManagerFactory for persistence unit 'default'
2021-07-21 16:45:17,242 [SpringApplicationShutdownHook] INFO  com.zaxxer.hikari.HikariDataSource(close:350) - HikariPool-1 - Shutdown initiated...
2021-07-21 16:45:17,282 [SpringApplicationShutdownHook] INFO  com.zaxxer.hikari.HikariDataSource(close:352) - HikariPool-1 - Shutdown completed.
2021-07-21 16:45:25,949 [background-preinit] INFO  org.hibernate.validator.internal.util.Version(<clinit>:21) - HV000001: Hibernate Validator 6.2.0.Final
2021-07-21 16:45:25,966 [restartedMain] INFO  com.limbae.pfy.PortForYouApplication(logStarting:55) - Starting PortForYouApplication using Java 16.0.1 on im-yegwang-ui-MacBookAir.local with PID 37697 (/Users/lim/Desktop/study/PortForYou/build/classes/java/main started by lim in /Users/lim/Desktop/study/PortForYou)
2021-07-21 16:45:25,978 [restartedMain] INFO  com.limbae.pfy.PortForYouApplication(logStartupProfileInfo:659) - No active profile set, falling back to default profiles: default
2021-07-21 16:45:26,038 [restartedMain] INFO  org.springframework.boot.devtools.env.DevToolsPropertyDefaultsPostProcessor(logTo:255) - Devtools property defaults active! Set 'spring.devtools.add-properties' to 'false' to disable
2021-07-21 16:45:26,040 [restartedMain] INFO  org.springframework.boot.devtools.env.DevToolsPropertyDefaultsPostProcessor(logTo:255) - For additional web related logging consider setting the 'logging.level.web' property to 'DEBUG'
2021-07-21 16:45:26,894 [restartedMain] INFO  org.springframework.data.repository.config.RepositoryConfigurationDelegate(registerRepositoriesIn:132) - Bootstrapping Spring Data JPA repositories in DEFAULT mode.
2021-07-21 16:45:27,032 [restartedMain] INFO  org.springframework.data.repository.config.RepositoryConfigurationDelegate(registerRepositoriesIn:201) - Finished Spring Data repository scanning in 96 ms. Found 11 JPA repository interfaces.
2021-07-21 16:45:27,364 [restartedMain] INFO  org.springframework.context.support.PostProcessorRegistrationDelegate$BeanPostProcessorChecker(postProcessAfterInitialization:376) - Bean 'org.springframework.security.access.expression.method.DefaultMethodSecurityExpressionHandler@662f0ef9' of type [org.springframework.security.access.expression.method.DefaultMethodSecurityExpressionHandler] is not eligible for getting processed by all BeanPostProcessors (for example: not eligible for auto-proxying)
2021-07-21 16:45:27,367 [restartedMain] INFO  org.springframework.context.support.PostProcessorRegistrationDelegate$BeanPostProcessorChecker(postProcessAfterInitialization:376) - Bean 'methodSecurityMetadataSource' of type [org.springframework.security.access.method.DelegatingMethodSecurityMetadataSource] is not eligible for getting processed by all BeanPostProcessors (for example: not eligible for auto-proxying)
2021-07-21 16:45:27,595 [restartedMain] INFO  org.springframework.boot.web.embedded.tomcat.TomcatWebServer(initialize:108) - Tomcat initialized with port(s): 8080 (http)
2021-07-21 16:45:27,601 [restartedMain] INFO  org.apache.coyote.http11.Http11NioProtocol(log:173) - Initializing ProtocolHandler ["http-nio-8080"]
2021-07-21 16:45:27,601 [restartedMain] INFO  org.apache.catalina.core.StandardService(log:173) - Starting service [Tomcat]
2021-07-21 16:45:27,602 [restartedMain] INFO  org.apache.catalina.core.StandardEngine(log:173) - Starting Servlet engine: [Apache Tomcat/9.0.46]
2021-07-21 16:45:27,649 [restartedMain] INFO  org.apache.catalina.core.ContainerBase.[Tomcat].[localhost].[/](log:173) - Initializing Spring embedded WebApplicationContext
2021-07-21 16:45:27,651 [restartedMain] INFO  org.springframework.boot.web.servlet.context.ServletWebServerApplicationContext(prepareWebApplicationContext:290) - Root WebApplicationContext: initialization completed in 1609 ms
2021-07-21 16:45:27,739 [restartedMain] INFO  com.zaxxer.hikari.HikariDataSource(getConnection:110) - HikariPool-1 - Starting...
2021-07-21 16:45:28,327 [restartedMain] INFO  com.zaxxer.hikari.HikariDataSource(getConnection:123) - HikariPool-1 - Start completed.
2021-07-21 16:45:28,412 [restartedMain] INFO  org.hibernate.jpa.internal.util.LogHelper(logPersistenceUnitInformation:31) - HHH000204: Processing PersistenceUnitInfo [name: default]
2021-07-21 16:45:28,437 [restartedMain] INFO  org.hibernate.Version(logVersion:44) - HHH000412: Hibernate ORM core version 5.4.32.Final
2021-07-21 16:45:28,496 [restartedMain] INFO  org.hibernate.annotations.common.Version(<clinit>:56) - HCANN000001: Hibernate Commons Annotations {5.1.2.Final}
2021-07-21 16:45:28,539 [restartedMain] INFO  org.hibernate.dialect.Dialect(<init>:175) - HHH000400: Using dialect: org.hibernate.dialect.MySQL8Dialect
2021-07-21 16:45:29,391 [restartedMain] INFO  org.hibernate.engine.transaction.jta.platform.internal.JtaPlatformInitiator(initiateService:52) - HHH000490: Using JtaPlatform implementation: [org.hibernate.engine.transaction.jta.platform.internal.NoJtaPlatform]
2021-07-21 16:45:29,398 [restartedMain] INFO  org.springframework.orm.jpa.LocalContainerEntityManagerFactoryBean(buildNativeEntityManagerFactory:437) - Initialized JPA EntityManagerFactory for persistence unit 'default'
2021-07-21 16:45:29,493 [restartedMain] WARN  org.springframework.boot.autoconfigure.orm.jpa.JpaBaseConfiguration$JpaWebConfiguration(openEntityManagerInViewInterceptor:219) - spring.jpa.open-in-view is enabled by default. Therefore, database queries may be performed during view rendering. Explicitly configure spring.jpa.open-in-view to disable this warning
2021-07-21 16:45:30,208 [restartedMain] INFO  org.springframework.security.web.DefaultSecurityFilterChain(<init>:51) - Will secure Ant [pattern='/api/login'] with []
2021-07-21 16:45:30,209 [restartedMain] INFO  org.springframework.security.web.DefaultSecurityFilterChain(<init>:51) - Will secure Ant [pattern='/api/user'] with []
2021-07-21 16:45:30,210 [restartedMain] INFO  org.springframework.security.web.DefaultSecurityFilterChain(<init>:51) - Will secure Ant [pattern='/api/img/default'] with []
2021-07-21 16:45:30,211 [restartedMain] INFO  org.springframework.security.web.DefaultSecurityFilterChain(<init>:51) - Will secure Ant [pattern='/api/user/portfolio/positions'] with []
2021-07-21 16:45:30,211 [restartedMain] INFO  org.springframework.security.web.DefaultSecurityFilterChain(<init>:51) - Will secure Ant [pattern='/api/user/portfolio/projects'] with []
2021-07-21 16:45:30,212 [restartedMain] INFO  org.springframework.security.web.DefaultSecurityFilterChain(<init>:51) - Will secure Ant [pattern='/api/user/portfolio/educations'] with []
2021-07-21 16:45:30,212 [restartedMain] INFO  org.springframework.security.web.DefaultSecurityFilterChain(<init>:51) - Will secure Ant [pattern='/api/user/portfolio/stacks'] with []
2021-07-21 16:45:30,231 [restartedMain] INFO  org.springframework.security.web.DefaultSecurityFilterChain(<init>:51) - Will secure any request with [org.springframework.security.web.context.request.async.WebAsyncManagerIntegrationFilter@6385ef1a, org.springframework.security.web.context.SecurityContextPersistenceFilter@5752db23, org.springframework.security.web.header.HeaderWriterFilter@1ff78994, org.springframework.security.web.authentication.logout.LogoutFilter@292ce6bd, org.springframework.web.filter.CorsFilter@6b7e671e, com.limbae.pfy.jwt.JwtFilter@47c98dde, org.springframework.security.web.savedrequest.RequestCacheAwareFilter@415bd4bf, org.springframework.security.web.servletapi.SecurityContextHolderAwareRequestFilter@7a89cd2d, org.springframework.security.web.authentication.AnonymousAuthenticationFilter@6c1c81fb, org.springframework.security.web.session.SessionManagementFilter@147633b1, org.springframework.security.web.access.ExceptionTranslationFilter@715abc92, org.springframework.security.web.access.intercept.FilterSecurityInterceptor@43bde4d3]
2021-07-21 16:45:30,407 [restartedMain] INFO  org.springframework.boot.autoconfigure.web.servlet.WelcomePageHandlerMapping(<init>:57) - Adding welcome page template: index
2021-07-21 16:45:30,632 [restartedMain] INFO  org.springframework.boot.devtools.autoconfigure.OptionalLiveReloadServer(startServer:58) - LiveReload server is running on port 35729
2021-07-21 16:45:30,654 [restartedMain] INFO  org.apache.coyote.http11.Http11NioProtocol(log:173) - Starting ProtocolHandler ["http-nio-8080"]
2021-07-21 16:45:30,674 [restartedMain] INFO  org.springframework.boot.web.embedded.tomcat.TomcatWebServer(start:220) - Tomcat started on port(s): 8080 (http) with context path ''
2021-07-21 16:45:30,692 [restartedMain] INFO  com.limbae.pfy.PortForYouApplication(logStarted:61) - Started PortForYouApplication in 5.062 seconds (JVM running for 7.272)
2021-07-21 16:45:50,724 [http-nio-8080-exec-2] INFO  org.apache.catalina.core.ContainerBase.[Tomcat].[localhost].[/](log:173) - Initializing Spring DispatcherServlet 'dispatcherServlet'
2021-07-21 16:45:50,729 [http-nio-8080-exec-2] INFO  org.springframework.web.servlet.DispatcherServlet(initServletBean:525) - Initializing Servlet 'dispatcherServlet'
2021-07-21 16:45:50,731 [http-nio-8080-exec-2] INFO  org.springframework.web.servlet.DispatcherServlet(initServletBean:547) - Completed initialization in 2 ms
2021-07-21 16:45:50,874 [http-nio-8080-exec-2] INFO  com.limbae.pfy.jwt.TokenProvider(validateToken:86) - 만료된 jwtt 토큰입니다.
2021-07-21 16:45:50,885 [http-nio-8080-exec-2] INFO  com.limbae.pfy.jwt.TokenProvider(validateToken:86) - 만료된 jwtt 토큰입니다.
2021-07-21 16:48:50,463 [SpringApplicationShutdownHook] INFO  org.springframework.orm.jpa.LocalContainerEntityManagerFactoryBean(destroy:651) - Closing JPA EntityManagerFactory for persistence unit 'default'
2021-07-21 16:48:50,488 [SpringApplicationShutdownHook] INFO  com.zaxxer.hikari.HikariDataSource(close:350) - HikariPool-1 - Shutdown initiated...
2021-07-21 16:48:50,592 [SpringApplicationShutdownHook] INFO  com.zaxxer.hikari.HikariDataSource(close:352) - HikariPool-1 - Shutdown completed.
2021-07-21 16:48:56,401 [background-preinit] INFO  org.hibernate.validator.internal.util.Version(<clinit>:21) - HV000001: Hibernate Validator 6.2.0.Final
2021-07-21 16:48:56,456 [restartedMain] INFO  com.limbae.pfy.PortForYouApplication(logStarting:55) - Starting PortForYouApplication using Java 16.0.1 on im-yegwang-ui-MacBookAir.local with PID 37722 (/Users/lim/Desktop/study/PortForYou/build/classes/java/main started by lim in /Users/lim/Desktop/study/PortForYou)
2021-07-21 16:48:56,463 [restartedMain] INFO  com.limbae.pfy.PortForYouApplication(logStartupProfileInfo:659) - No active profile set, falling back to default profiles: default
2021-07-21 16:48:56,518 [restartedMain] INFO  org.springframework.boot.devtools.env.DevToolsPropertyDefaultsPostProcessor(logTo:255) - Devtools property defaults active! Set 'spring.devtools.add-properties' to 'false' to disable
2021-07-21 16:48:56,519 [restartedMain] INFO  org.springframework.boot.devtools.env.DevToolsPropertyDefaultsPostProcessor(logTo:255) - For additional web related logging consider setting the 'logging.level.web' property to 'DEBUG'
2021-07-21 16:48:57,370 [restartedMain] INFO  org.springframework.data.repository.config.RepositoryConfigurationDelegate(registerRepositoriesIn:132) - Bootstrapping Spring Data JPA repositories in DEFAULT mode.
2021-07-21 16:48:57,469 [restartedMain] INFO  org.springframework.data.repository.config.RepositoryConfigurationDelegate(registerRepositoriesIn:201) - Finished Spring Data repository scanning in 91 ms. Found 11 JPA repository interfaces.
2021-07-21 16:48:57,792 [restartedMain] INFO  org.springframework.context.support.PostProcessorRegistrationDelegate$BeanPostProcessorChecker(postProcessAfterInitialization:376) - Bean 'org.springframework.security.access.expression.method.DefaultMethodSecurityExpressionHandler@5ecd553b' of type [org.springframework.security.access.expression.method.DefaultMethodSecurityExpressionHandler] is not eligible for getting processed by all BeanPostProcessors (for example: not eligible for auto-proxying)
2021-07-21 16:48:57,796 [restartedMain] INFO  org.springframework.context.support.PostProcessorRegistrationDelegate$BeanPostProcessorChecker(postProcessAfterInitialization:376) - Bean 'methodSecurityMetadataSource' of type [org.springframework.security.access.method.DelegatingMethodSecurityMetadataSource] is not eligible for getting processed by all BeanPostProcessors (for example: not eligible for auto-proxying)
2021-07-21 16:48:58,019 [restartedMain] INFO  org.springframework.boot.web.embedded.tomcat.TomcatWebServer(initialize:108) - Tomcat initialized with port(s): 8080 (http)
2021-07-21 16:48:58,026 [restartedMain] INFO  org.apache.coyote.http11.Http11NioProtocol(log:173) - Initializing ProtocolHandler ["http-nio-8080"]
2021-07-21 16:48:58,027 [restartedMain] INFO  org.apache.catalina.core.StandardService(log:173) - Starting service [Tomcat]
2021-07-21 16:48:58,027 [restartedMain] INFO  org.apache.catalina.core.StandardEngine(log:173) - Starting Servlet engine: [Apache Tomcat/9.0.46]
2021-07-21 16:48:58,085 [restartedMain] INFO  org.apache.catalina.core.ContainerBase.[Tomcat].[localhost].[/](log:173) - Initializing Spring embedded WebApplicationContext
2021-07-21 16:48:58,086 [restartedMain] INFO  org.springframework.boot.web.servlet.context.ServletWebServerApplicationContext(prepareWebApplicationContext:290) - Root WebApplicationContext: initialization completed in 1565 ms
2021-07-21 16:48:58,177 [restartedMain] INFO  com.zaxxer.hikari.HikariDataSource(getConnection:110) - HikariPool-1 - Starting...
2021-07-21 16:48:59,393 [restartedMain] INFO  com.zaxxer.hikari.HikariDataSource(getConnection:123) - HikariPool-1 - Start completed.
2021-07-21 16:48:59,508 [restartedMain] INFO  org.hibernate.jpa.internal.util.LogHelper(logPersistenceUnitInformation:31) - HHH000204: Processing PersistenceUnitInfo [name: default]
2021-07-21 16:48:59,535 [restartedMain] INFO  org.hibernate.Version(logVersion:44) - HHH000412: Hibernate ORM core version 5.4.32.Final
2021-07-21 16:48:59,602 [restartedMain] INFO  org.hibernate.annotations.common.Version(<clinit>:56) - HCANN000001: Hibernate Commons Annotations {5.1.2.Final}
2021-07-21 16:48:59,645 [restartedMain] INFO  org.hibernate.dialect.Dialect(<init>:175) - HHH000400: Using dialect: org.hibernate.dialect.MySQL8Dialect
2021-07-21 16:49:00,491 [restartedMain] INFO  org.hibernate.engine.transaction.jta.platform.internal.JtaPlatformInitiator(initiateService:52) - HHH000490: Using JtaPlatform implementation: [org.hibernate.engine.transaction.jta.platform.internal.NoJtaPlatform]
2021-07-21 16:49:00,497 [restartedMain] INFO  org.springframework.orm.jpa.LocalContainerEntityManagerFactoryBean(buildNativeEntityManagerFactory:437) - Initialized JPA EntityManagerFactory for persistence unit 'default'
2021-07-21 16:49:00,563 [restartedMain] WARN  org.springframework.boot.autoconfigure.orm.jpa.JpaBaseConfiguration$JpaWebConfiguration(openEntityManagerInViewInterceptor:219) - spring.jpa.open-in-view is enabled by default. Therefore, database queries may be performed during view rendering. Explicitly configure spring.jpa.open-in-view to disable this warning
2021-07-21 16:49:01,270 [restartedMain] INFO  org.springframework.security.web.DefaultSecurityFilterChain(<init>:51) - Will secure Ant [pattern='/api/login'] with []
2021-07-21 16:49:01,272 [restartedMain] INFO  org.springframework.security.web.DefaultSecurityFilterChain(<init>:51) - Will secure Ant [pattern='/api/user'] with []
2021-07-21 16:49:01,273 [restartedMain] INFO  org.springframework.security.web.DefaultSecurityFilterChain(<init>:51) - Will secure Ant [pattern='/api/img/default'] with []
2021-07-21 16:49:01,274 [restartedMain] INFO  org.springframework.security.web.DefaultSecurityFilterChain(<init>:51) - Will secure Ant [pattern='/api/user/portfolio/positions'] with []
2021-07-21 16:49:01,274 [restartedMain] INFO  org.springframework.security.web.DefaultSecurityFilterChain(<init>:51) - Will secure Ant [pattern='/api/user/portfolio/projects'] with []
2021-07-21 16:49:01,274 [restartedMain] INFO  org.springframework.security.web.DefaultSecurityFilterChain(<init>:51) - Will secure Ant [pattern='/api/user/portfolio/educations'] with []
2021-07-21 16:49:01,275 [restartedMain] INFO  org.springframework.security.web.DefaultSecurityFilterChain(<init>:51) - Will secure Ant [pattern='/api/user/portfolio/stacks'] with []
2021-07-21 16:49:01,296 [restartedMain] INFO  org.springframework.security.web.DefaultSecurityFilterChain(<init>:51) - Will secure any request with [org.springframework.security.web.context.request.async.WebAsyncManagerIntegrationFilter@2b438541, org.springframework.security.web.context.SecurityContextPersistenceFilter@21ebe29e, org.springframework.security.web.header.HeaderWriterFilter@4826941e, org.springframework.security.web.authentication.logout.LogoutFilter@543581df, org.springframework.web.filter.CorsFilter@ba39ac8, com.limbae.pfy.jwt.JwtFilter@e836293, org.springframework.security.web.savedrequest.RequestCacheAwareFilter@7439dc56, org.springframework.security.web.servletapi.SecurityContextHolderAwareRequestFilter@30e4a856, org.springframework.security.web.authentication.AnonymousAuthenticationFilter@789da2bb, org.springframework.security.web.session.SessionManagementFilter@1ff78994, org.springframework.security.web.access.ExceptionTranslationFilter@7fec5bda, org.springframework.security.web.access.intercept.FilterSecurityInterceptor@37065463]
2021-07-21 16:49:01,461 [restartedMain] INFO  org.springframework.boot.autoconfigure.web.servlet.WelcomePageHandlerMapping(<init>:57) - Adding welcome page template: index
2021-07-21 16:49:01,687 [restartedMain] INFO  org.springframework.boot.devtools.autoconfigure.OptionalLiveReloadServer(startServer:58) - LiveReload server is running on port 35729
2021-07-21 16:49:01,711 [restartedMain] INFO  org.apache.coyote.http11.Http11NioProtocol(log:173) - Starting ProtocolHandler ["http-nio-8080"]
2021-07-21 16:49:01,727 [restartedMain] INFO  org.springframework.boot.web.embedded.tomcat.TomcatWebServer(start:220) - Tomcat started on port(s): 8080 (http) with context path ''
2021-07-21 16:49:01,748 [restartedMain] INFO  com.limbae.pfy.PortForYouApplication(logStarted:61) - Started PortForYouApplication in 5.693 seconds (JVM running for 6.927)
2021-07-21 16:49:23,282 [http-nio-8080-exec-2] INFO  org.apache.catalina.core.ContainerBase.[Tomcat].[localhost].[/](log:173) - Initializing Spring DispatcherServlet 'dispatcherServlet'
2021-07-21 16:49:23,284 [http-nio-8080-exec-2] INFO  org.springframework.web.servlet.DispatcherServlet(initServletBean:525) - Initializing Servlet 'dispatcherServlet'
2021-07-21 16:49:23,288 [http-nio-8080-exec-2] INFO  org.springframework.web.servlet.DispatcherServlet(initServletBean:547) - Completed initialization in 4 ms
2021-07-21 16:49:54,174 [SpringApplicationShutdownHook] INFO  org.springframework.orm.jpa.LocalContainerEntityManagerFactoryBean(destroy:651) - Closing JPA EntityManagerFactory for persistence unit 'default'
2021-07-21 16:49:54,183 [SpringApplicationShutdownHook] INFO  com.zaxxer.hikari.HikariDataSource(close:350) - HikariPool-1 - Shutdown initiated...
2021-07-21 16:49:54,308 [SpringApplicationShutdownHook] INFO  com.zaxxer.hikari.HikariDataSource(close:352) - HikariPool-1 - Shutdown completed.
2021-07-21 16:49:59,447 [background-preinit] INFO  org.hibernate.validator.internal.util.Version(<clinit>:21) - HV000001: Hibernate Validator 6.2.0.Final
2021-07-21 16:49:59,461 [restartedMain] INFO  com.limbae.pfy.PortForYouApplication(logStarting:55) - Starting PortForYouApplication using Java 16.0.1 on im-yegwang-ui-MacBookAir.local with PID 37737 (/Users/lim/Desktop/study/PortForYou/build/classes/java/main started by lim in /Users/lim/Desktop/study/PortForYou)
2021-07-21 16:49:59,465 [restartedMain] INFO  com.limbae.pfy.PortForYouApplication(logStartupProfileInfo:659) - No active profile set, falling back to default profiles: default
2021-07-21 16:49:59,526 [restartedMain] INFO  org.springframework.boot.devtools.env.DevToolsPropertyDefaultsPostProcessor(logTo:255) - Devtools property defaults active! Set 'spring.devtools.add-properties' to 'false' to disable
2021-07-21 16:49:59,527 [restartedMain] INFO  org.springframework.boot.devtools.env.DevToolsPropertyDefaultsPostProcessor(logTo:255) - For additional web related logging consider setting the 'logging.level.web' property to 'DEBUG'
2021-07-21 16:50:00,577 [restartedMain] INFO  org.springframework.data.repository.config.RepositoryConfigurationDelegate(registerRepositoriesIn:132) - Bootstrapping Spring Data JPA repositories in DEFAULT mode.
2021-07-21 16:50:00,692 [restartedMain] INFO  org.springframework.data.repository.config.RepositoryConfigurationDelegate(registerRepositoriesIn:201) - Finished Spring Data repository scanning in 106 ms. Found 11 JPA repository interfaces.
2021-07-21 16:50:01,060 [restartedMain] INFO  org.springframework.context.support.PostProcessorRegistrationDelegate$BeanPostProcessorChecker(postProcessAfterInitialization:376) - Bean 'org.springframework.security.access.expression.method.DefaultMethodSecurityExpressionHandler@68058b0a' of type [org.springframework.security.access.expression.method.DefaultMethodSecurityExpressionHandler] is not eligible for getting processed by all BeanPostProcessors (for example: not eligible for auto-proxying)
2021-07-21 16:50:01,067 [restartedMain] INFO  org.springframework.context.support.PostProcessorRegistrationDelegate$BeanPostProcessorChecker(postProcessAfterInitialization:376) - Bean 'methodSecurityMetadataSource' of type [org.springframework.security.access.method.DelegatingMethodSecurityMetadataSource] is not eligible for getting processed by all BeanPostProcessors (for example: not eligible for auto-proxying)
2021-07-21 16:50:01,325 [restartedMain] INFO  org.springframework.boot.web.embedded.tomcat.TomcatWebServer(initialize:108) - Tomcat initialized with port(s): 8080 (http)
2021-07-21 16:50:01,340 [restartedMain] INFO  org.apache.coyote.http11.Http11NioProtocol(log:173) - Initializing ProtocolHandler ["http-nio-8080"]
2021-07-21 16:50:01,341 [restartedMain] INFO  org.apache.catalina.core.StandardService(log:173) - Starting service [Tomcat]
2021-07-21 16:50:01,341 [restartedMain] INFO  org.apache.catalina.core.StandardEngine(log:173) - Starting Servlet engine: [Apache Tomcat/9.0.46]
2021-07-21 16:50:01,410 [restartedMain] INFO  org.apache.catalina.core.ContainerBase.[Tomcat].[localhost].[/](log:173) - Initializing Spring embedded WebApplicationContext
2021-07-21 16:50:01,410 [restartedMain] INFO  org.springframework.boot.web.servlet.context.ServletWebServerApplicationContext(prepareWebApplicationContext:290) - Root WebApplicationContext: initialization completed in 1882 ms
2021-07-21 16:50:01,510 [restartedMain] INFO  com.zaxxer.hikari.HikariDataSource(getConnection:110) - HikariPool-1 - Starting...
2021-07-21 16:50:02,111 [restartedMain] INFO  com.zaxxer.hikari.HikariDataSource(getConnection:123) - HikariPool-1 - Start completed.
2021-07-21 16:50:02,229 [restartedMain] INFO  org.hibernate.jpa.internal.util.LogHelper(logPersistenceUnitInformation:31) - HHH000204: Processing PersistenceUnitInfo [name: default]
2021-07-21 16:50:02,282 [restartedMain] INFO  org.hibernate.Version(logVersion:44) - HHH000412: Hibernate ORM core version 5.4.32.Final
2021-07-21 16:50:02,378 [restartedMain] INFO  org.hibernate.annotations.common.Version(<clinit>:56) - HCANN000001: Hibernate Commons Annotations {5.1.2.Final}
2021-07-21 16:50:02,435 [restartedMain] INFO  org.hibernate.dialect.Dialect(<init>:175) - HHH000400: Using dialect: org.hibernate.dialect.MySQL8Dialect
2021-07-21 16:50:03,251 [restartedMain] INFO  org.hibernate.engine.transaction.jta.platform.internal.JtaPlatformInitiator(initiateService:52) - HHH000490: Using JtaPlatform implementation: [org.hibernate.engine.transaction.jta.platform.internal.NoJtaPlatform]
2021-07-21 16:50:03,258 [restartedMain] INFO  org.springframework.orm.jpa.LocalContainerEntityManagerFactoryBean(buildNativeEntityManagerFactory:437) - Initialized JPA EntityManagerFactory for persistence unit 'default'
2021-07-21 16:50:03,355 [restartedMain] WARN  org.springframework.boot.autoconfigure.orm.jpa.JpaBaseConfiguration$JpaWebConfiguration(openEntityManagerInViewInterceptor:219) - spring.jpa.open-in-view is enabled by default. Therefore, database queries may be performed during view rendering. Explicitly configure spring.jpa.open-in-view to disable this warning
2021-07-21 16:50:04,060 [restartedMain] INFO  org.springframework.security.web.DefaultSecurityFilterChain(<init>:51) - Will secure Ant [pattern='/api/login'] with []
2021-07-21 16:50:04,061 [restartedMain] INFO  org.springframework.security.web.DefaultSecurityFilterChain(<init>:51) - Will secure Ant [pattern='/api/user'] with []
2021-07-21 16:50:04,062 [restartedMain] INFO  org.springframework.security.web.DefaultSecurityFilterChain(<init>:51) - Will secure Ant [pattern='/api/img/default'] with []
2021-07-21 16:50:04,063 [restartedMain] INFO  org.springframework.security.web.DefaultSecurityFilterChain(<init>:51) - Will secure Ant [pattern='/api/user/portfolio/positions'] with []
2021-07-21 16:50:04,064 [restartedMain] INFO  org.springframework.security.web.DefaultSecurityFilterChain(<init>:51) - Will secure Ant [pattern='/api/user/portfolio/projects'] with []
2021-07-21 16:50:04,064 [restartedMain] INFO  org.springframework.security.web.DefaultSecurityFilterChain(<init>:51) - Will secure Ant [pattern='/api/user/portfolio/educations'] with []
2021-07-21 16:50:04,064 [restartedMain] INFO  org.springframework.security.web.DefaultSecurityFilterChain(<init>:51) - Will secure Ant [pattern='/api/user/portfolio/stacks'] with []
2021-07-21 16:50:04,088 [restartedMain] INFO  org.springframework.security.web.DefaultSecurityFilterChain(<init>:51) - Will secure any request with [org.springframework.security.web.context.request.async.WebAsyncManagerIntegrationFilter@34d6db7a, org.springframework.security.web.context.SecurityContextPersistenceFilter@21da7d76, org.springframework.security.web.header.HeaderWriterFilter@71d722d2, org.springframework.security.web.authentication.logout.LogoutFilter@33dba91e, org.springframework.web.filter.CorsFilter@3f72481a, com.limbae.pfy.jwt.JwtFilter@44ad4561, org.springframework.security.web.savedrequest.RequestCacheAwareFilter@5aa6545a, org.springframework.security.web.servletapi.SecurityContextHolderAwareRequestFilter@2714df00, org.springframework.security.web.authentication.AnonymousAuthenticationFilter@32e16655, org.springframework.security.web.session.SessionManagementFilter@1b00ab81, org.springframework.security.web.access.ExceptionTranslationFilter@175991b8, org.springframework.security.web.access.intercept.FilterSecurityInterceptor@7491f6bb]
2021-07-21 16:50:04,284 [restartedMain] INFO  org.springframework.boot.autoconfigure.web.servlet.WelcomePageHandlerMapping(<init>:57) - Adding welcome page template: index
2021-07-21 16:50:04,526 [restartedMain] INFO  org.springframework.boot.devtools.autoconfigure.OptionalLiveReloadServer(startServer:58) - LiveReload server is running on port 35729
2021-07-21 16:50:04,548 [restartedMain] INFO  org.apache.coyote.http11.Http11NioProtocol(log:173) - Starting ProtocolHandler ["http-nio-8080"]
2021-07-21 16:50:04,564 [restartedMain] INFO  org.springframework.boot.web.embedded.tomcat.TomcatWebServer(start:220) - Tomcat started on port(s): 8080 (http) with context path ''
2021-07-21 16:50:04,577 [restartedMain] INFO  com.limbae.pfy.PortForYouApplication(logStarted:61) - Started PortForYouApplication in 5.525 seconds (JVM running for 6.864)
2021-07-21 16:50:06,867 [http-nio-8080-exec-2] INFO  org.apache.catalina.core.ContainerBase.[Tomcat].[localhost].[/](log:173) - Initializing Spring DispatcherServlet 'dispatcherServlet'
2021-07-21 16:50:06,868 [http-nio-8080-exec-2] INFO  org.springframework.web.servlet.DispatcherServlet(initServletBean:525) - Initializing Servlet 'dispatcherServlet'
2021-07-21 16:50:06,869 [http-nio-8080-exec-2] INFO  org.springframework.web.servlet.DispatcherServlet(initServletBean:547) - Completed initialization in 1 ms
2021-07-21 16:51:32,504 [SpringApplicationShutdownHook] INFO  org.springframework.orm.jpa.LocalContainerEntityManagerFactoryBean(destroy:651) - Closing JPA EntityManagerFactory for persistence unit 'default'
2021-07-21 16:51:32,636 [SpringApplicationShutdownHook] INFO  com.zaxxer.hikari.HikariDataSource(close:350) - HikariPool-1 - Shutdown initiated...
2021-07-21 16:51:32,766 [SpringApplicationShutdownHook] INFO  com.zaxxer.hikari.HikariDataSource(close:352) - HikariPool-1 - Shutdown completed.
2021-07-21 16:52:04,748 [background-preinit] INFO  org.hibernate.validator.internal.util.Version(<clinit>:21) - HV000001: Hibernate Validator 6.2.0.Final
2021-07-21 16:52:04,778 [restartedMain] INFO  com.limbae.pfy.PortForYouApplication(logStarting:55) - Starting PortForYouApplication using Java 16.0.1 on im-yegwang-ui-MacBookAir.local with PID 37743 (/Users/lim/Desktop/study/PortForYou/build/classes/java/main started by lim in /Users/lim/Desktop/study/PortForYou)
2021-07-21 16:52:04,783 [restartedMain] INFO  com.limbae.pfy.PortForYouApplication(logStartupProfileInfo:659) - No active profile set, falling back to default profiles: default
2021-07-21 16:52:04,832 [restartedMain] INFO  org.springframework.boot.devtools.env.DevToolsPropertyDefaultsPostProcessor(logTo:255) - Devtools property defaults active! Set 'spring.devtools.add-properties' to 'false' to disable
2021-07-21 16:52:04,833 [restartedMain] INFO  org.springframework.boot.devtools.env.DevToolsPropertyDefaultsPostProcessor(logTo:255) - For additional web related logging consider setting the 'logging.level.web' property to 'DEBUG'
2021-07-21 16:52:05,666 [restartedMain] INFO  org.springframework.data.repository.config.RepositoryConfigurationDelegate(registerRepositoriesIn:132) - Bootstrapping Spring Data JPA repositories in DEFAULT mode.
2021-07-21 16:52:05,780 [restartedMain] INFO  org.springframework.data.repository.config.RepositoryConfigurationDelegate(registerRepositoriesIn:201) - Finished Spring Data repository scanning in 106 ms. Found 11 JPA repository interfaces.
2021-07-21 16:52:06,091 [restartedMain] INFO  org.springframework.context.support.PostProcessorRegistrationDelegate$BeanPostProcessorChecker(postProcessAfterInitialization:376) - Bean 'org.springframework.security.access.expression.method.DefaultMethodSecurityExpressionHandler@98fa87d' of type [org.springframework.security.access.expression.method.DefaultMethodSecurityExpressionHandler] is not eligible for getting processed by all BeanPostProcessors (for example: not eligible for auto-proxying)
2021-07-21 16:52:06,098 [restartedMain] INFO  org.springframework.context.support.PostProcessorRegistrationDelegate$BeanPostProcessorChecker(postProcessAfterInitialization:376) - Bean 'methodSecurityMetadataSource' of type [org.springframework.security.access.method.DelegatingMethodSecurityMetadataSource] is not eligible for getting processed by all BeanPostProcessors (for example: not eligible for auto-proxying)
2021-07-21 16:52:06,307 [restartedMain] INFO  org.springframework.boot.web.embedded.tomcat.TomcatWebServer(initialize:108) - Tomcat initialized with port(s): 8080 (http)
2021-07-21 16:52:06,313 [restartedMain] INFO  org.apache.coyote.http11.Http11NioProtocol(log:173) - Initializing ProtocolHandler ["http-nio-8080"]
2021-07-21 16:52:06,314 [restartedMain] INFO  org.apache.catalina.core.StandardService(log:173) - Starting service [Tomcat]
2021-07-21 16:52:06,314 [restartedMain] INFO  org.apache.catalina.core.StandardEngine(log:173) - Starting Servlet engine: [Apache Tomcat/9.0.46]
2021-07-21 16:52:06,365 [restartedMain] INFO  org.apache.catalina.core.ContainerBase.[Tomcat].[localhost].[/](log:173) - Initializing Spring embedded WebApplicationContext
2021-07-21 16:52:06,367 [restartedMain] INFO  org.springframework.boot.web.servlet.context.ServletWebServerApplicationContext(prepareWebApplicationContext:290) - Root WebApplicationContext: initialization completed in 1533 ms
2021-07-21 16:52:06,459 [restartedMain] INFO  com.zaxxer.hikari.HikariDataSource(getConnection:110) - HikariPool-1 - Starting...
2021-07-21 16:52:06,941 [restartedMain] INFO  com.zaxxer.hikari.HikariDataSource(getConnection:123) - HikariPool-1 - Start completed.
2021-07-21 16:52:07,025 [restartedMain] INFO  org.hibernate.jpa.internal.util.LogHelper(logPersistenceUnitInformation:31) - HHH000204: Processing PersistenceUnitInfo [name: default]
2021-07-21 16:52:07,049 [restartedMain] INFO  org.hibernate.Version(logVersion:44) - HHH000412: Hibernate ORM core version 5.4.32.Final
2021-07-21 16:52:07,112 [restartedMain] INFO  org.hibernate.annotations.common.Version(<clinit>:56) - HCANN000001: Hibernate Commons Annotations {5.1.2.Final}
2021-07-21 16:52:07,154 [restartedMain] INFO  org.hibernate.dialect.Dialect(<init>:175) - HHH000400: Using dialect: org.hibernate.dialect.MySQL8Dialect
2021-07-21 16:52:08,004 [restartedMain] INFO  org.hibernate.engine.transaction.jta.platform.internal.JtaPlatformInitiator(initiateService:52) - HHH000490: Using JtaPlatform implementation: [org.hibernate.engine.transaction.jta.platform.internal.NoJtaPlatform]
2021-07-21 16:52:08,010 [restartedMain] INFO  org.springframework.orm.jpa.LocalContainerEntityManagerFactoryBean(buildNativeEntityManagerFactory:437) - Initialized JPA EntityManagerFactory for persistence unit 'default'
2021-07-21 16:52:08,105 [restartedMain] WARN  org.springframework.boot.autoconfigure.orm.jpa.JpaBaseConfiguration$JpaWebConfiguration(openEntityManagerInViewInterceptor:219) - spring.jpa.open-in-view is enabled by default. Therefore, database queries may be performed during view rendering. Explicitly configure spring.jpa.open-in-view to disable this warning
2021-07-21 16:52:08,769 [restartedMain] INFO  org.springframework.security.web.DefaultSecurityFilterChain(<init>:51) - Will secure Ant [pattern='/api/login'] with []
2021-07-21 16:52:08,770 [restartedMain] INFO  org.springframework.security.web.DefaultSecurityFilterChain(<init>:51) - Will secure Ant [pattern='/api/user'] with []
2021-07-21 16:52:08,771 [restartedMain] INFO  org.springframework.security.web.DefaultSecurityFilterChain(<init>:51) - Will secure Ant [pattern='/api/img/default'] with []
2021-07-21 16:52:08,771 [restartedMain] INFO  org.springframework.security.web.DefaultSecurityFilterChain(<init>:51) - Will secure Ant [pattern='/api/user/portfolio/positions'] with []
2021-07-21 16:52:08,772 [restartedMain] INFO  org.springframework.security.web.DefaultSecurityFilterChain(<init>:51) - Will secure Ant [pattern='/api/user/portfolio/projects'] with []
2021-07-21 16:52:08,772 [restartedMain] INFO  org.springframework.security.web.DefaultSecurityFilterChain(<init>:51) - Will secure Ant [pattern='/api/user/portfolio/educations'] with []
2021-07-21 16:52:08,772 [restartedMain] INFO  org.springframework.security.web.DefaultSecurityFilterChain(<init>:51) - Will secure Ant [pattern='/api/user/portfolio/stacks'] with []
2021-07-21 16:52:08,790 [restartedMain] INFO  org.springframework.security.web.DefaultSecurityFilterChain(<init>:51) - Will secure any request with [org.springframework.security.web.context.request.async.WebAsyncManagerIntegrationFilter@12b2e75, org.springframework.security.web.context.SecurityContextPersistenceFilter@64159837, org.springframework.security.web.header.HeaderWriterFilter@571708e, org.springframework.security.web.authentication.logout.LogoutFilter@2d30033c, org.springframework.web.filter.CorsFilter@281bc8f1, com.limbae.pfy.jwt.JwtFilter@1216048c, org.springframework.security.web.savedrequest.RequestCacheAwareFilter@6cc865e2, org.springframework.security.web.servletapi.SecurityContextHolderAwareRequestFilter@780cba1f, org.springframework.security.web.authentication.AnonymousAuthenticationFilter@11bffb72, org.springframework.security.web.session.SessionManagementFilter@1c58f71, org.springframework.security.web.access.ExceptionTranslationFilter@1acd9e22, org.springframework.security.web.access.intercept.FilterSecurityInterceptor@25c3fe80]
2021-07-21 16:52:08,960 [restartedMain] INFO  org.springframework.boot.autoconfigure.web.servlet.WelcomePageHandlerMapping(<init>:57) - Adding welcome page template: index
2021-07-21 16:52:09,161 [restartedMain] INFO  org.springframework.boot.devtools.autoconfigure.OptionalLiveReloadServer(startServer:58) - LiveReload server is running on port 35729
2021-07-21 16:52:09,182 [restartedMain] INFO  org.apache.coyote.http11.Http11NioProtocol(log:173) - Starting ProtocolHandler ["http-nio-8080"]
2021-07-21 16:52:09,197 [restartedMain] INFO  org.springframework.boot.web.embedded.tomcat.TomcatWebServer(start:220) - Tomcat started on port(s): 8080 (http) with context path ''
2021-07-21 16:52:09,217 [restartedMain] INFO  com.limbae.pfy.PortForYouApplication(logStarted:61) - Started PortForYouApplication in 4.787 seconds (JVM running for 5.977)
