2021-07-26 10:44:39,389 [background-preinit] INFO  org.hibernate.validator.internal.util.Version(<clinit>:21) - HV000001: Hibernate Validator 6.2.0.Final
2021-07-26 10:44:39,408 [restartedMain] INFO  com.limbae.pfy.PortForYouApplication(logStarting:55) - Starting PortForYouApplication using Java 16.0.2 on im-yegwang-ui-MacBookAir.local with PID 33013 (/Users/lim/Desktop/study/PortForYou/build/classes/java/main started by lim in /Users/lim/Desktop/study/PortForYou)
2021-07-26 10:44:39,412 [restartedMain] INFO  com.limbae.pfy.PortForYouApplication(logStartupProfileInfo:659) - No active profile set, falling back to default profiles: default
2021-07-26 10:44:39,455 [restartedMain] INFO  org.springframework.boot.devtools.env.DevToolsPropertyDefaultsPostProcessor(logTo:255) - Devtools property defaults active! Set 'spring.devtools.add-properties' to 'false' to disable
2021-07-26 10:44:39,459 [restartedMain] INFO  org.springframework.boot.devtools.env.DevToolsPropertyDefaultsPostProcessor(logTo:255) - For additional web related logging consider setting the 'logging.level.web' property to 'DEBUG'
2021-07-26 10:44:40,271 [restartedMain] INFO  org.springframework.data.repository.config.RepositoryConfigurationDelegate(registerRepositoriesIn:132) - Bootstrapping Spring Data JPA repositories in DEFAULT mode.
2021-07-26 10:44:40,373 [restartedMain] INFO  org.springframework.data.repository.config.RepositoryConfigurationDelegate(registerRepositoriesIn:201) - Finished Spring Data repository scanning in 94 ms. Found 11 JPA repository interfaces.
2021-07-26 10:44:40,695 [restartedMain] INFO  org.springframework.context.support.PostProcessorRegistrationDelegate$BeanPostProcessorChecker(postProcessAfterInitialization:376) - Bean 'org.springframework.security.access.expression.method.DefaultMethodSecurityExpressionHandler@636b35f7' of type [org.springframework.security.access.expression.method.DefaultMethodSecurityExpressionHandler] is not eligible for getting processed by all BeanPostProcessors (for example: not eligible for auto-proxying)
2021-07-26 10:44:40,702 [restartedMain] INFO  org.springframework.context.support.PostProcessorRegistrationDelegate$BeanPostProcessorChecker(postProcessAfterInitialization:376) - Bean 'methodSecurityMetadataSource' of type [org.springframework.security.access.method.DelegatingMethodSecurityMetadataSource] is not eligible for getting processed by all BeanPostProcessors (for example: not eligible for auto-proxying)
2021-07-26 10:44:40,945 [restartedMain] INFO  org.springframework.boot.web.embedded.tomcat.TomcatWebServer(initialize:108) - Tomcat initialized with port(s): 8080 (http)
2021-07-26 10:44:40,951 [restartedMain] INFO  org.apache.coyote.http11.Http11NioProtocol(log:173) - Initializing ProtocolHandler ["http-nio-8080"]
2021-07-26 10:44:40,951 [restartedMain] INFO  org.apache.catalina.core.StandardService(log:173) - Starting service [Tomcat]
2021-07-26 10:44:40,952 [restartedMain] INFO  org.apache.catalina.core.StandardEngine(log:173) - Starting Servlet engine: [Apache Tomcat/9.0.46]
2021-07-26 10:44:41,004 [restartedMain] INFO  org.apache.catalina.core.ContainerBase.[Tomcat].[localhost].[/](log:173) - Initializing Spring embedded WebApplicationContext
2021-07-26 10:44:41,004 [restartedMain] INFO  org.springframework.boot.web.servlet.context.ServletWebServerApplicationContext(prepareWebApplicationContext:290) - Root WebApplicationContext: initialization completed in 1542 ms
2021-07-26 10:44:41,098 [restartedMain] INFO  com.zaxxer.hikari.HikariDataSource(getConnection:110) - HikariPool-1 - Starting...
2021-07-26 10:44:41,615 [restartedMain] INFO  com.zaxxer.hikari.HikariDataSource(getConnection:123) - HikariPool-1 - Start completed.
2021-07-26 10:44:41,712 [restartedMain] INFO  org.hibernate.jpa.internal.util.LogHelper(logPersistenceUnitInformation:31) - HHH000204: Processing PersistenceUnitInfo [name: default]
2021-07-26 10:44:41,739 [restartedMain] INFO  org.hibernate.Version(logVersion:44) - HHH000412: Hibernate ORM core version 5.4.32.Final
2021-07-26 10:44:41,801 [restartedMain] INFO  org.hibernate.annotations.common.Version(<clinit>:56) - HCANN000001: Hibernate Commons Annotations {5.1.2.Final}
2021-07-26 10:44:41,853 [restartedMain] INFO  org.hibernate.dialect.Dialect(<init>:175) - HHH000400: Using dialect: org.hibernate.dialect.MySQL8Dialect
2021-07-26 10:44:42,722 [restartedMain] INFO  org.hibernate.engine.transaction.jta.platform.internal.JtaPlatformInitiator(initiateService:52) - HHH000490: Using JtaPlatform implementation: [org.hibernate.engine.transaction.jta.platform.internal.NoJtaPlatform]
2021-07-26 10:44:42,728 [restartedMain] INFO  org.springframework.orm.jpa.LocalContainerEntityManagerFactoryBean(buildNativeEntityManagerFactory:437) - Initialized JPA EntityManagerFactory for persistence unit 'default'
2021-07-26 10:44:42,824 [restartedMain] WARN  org.springframework.boot.autoconfigure.orm.jpa.JpaBaseConfiguration$JpaWebConfiguration(openEntityManagerInViewInterceptor:219) - spring.jpa.open-in-view is enabled by default. Therefore, database queries may be performed during view rendering. Explicitly configure spring.jpa.open-in-view to disable this warning
2021-07-26 10:44:43,625 [restartedMain] INFO  org.springframework.security.web.DefaultSecurityFilterChain(<init>:51) - Will secure Ant [pattern='/api/login'] with []
2021-07-26 10:44:43,626 [restartedMain] INFO  org.springframework.security.web.DefaultSecurityFilterChain(<init>:51) - Will secure Ant [pattern='/api/user'] with []
2021-07-26 10:44:43,626 [restartedMain] INFO  org.springframework.security.web.DefaultSecurityFilterChain(<init>:51) - Will secure Ant [pattern='/api/img/default'] with []
2021-07-26 10:44:43,627 [restartedMain] INFO  org.springframework.security.web.DefaultSecurityFilterChain(<init>:51) - Will secure Ant [pattern='/api/user/portfolio/positions'] with []
2021-07-26 10:44:43,628 [restartedMain] INFO  org.springframework.security.web.DefaultSecurityFilterChain(<init>:51) - Will secure Ant [pattern='/api/user/portfolio/projects'] with []
2021-07-26 10:44:43,628 [restartedMain] INFO  org.springframework.security.web.DefaultSecurityFilterChain(<init>:51) - Will secure Ant [pattern='/api/user/portfolio/educations'] with []
2021-07-26 10:44:43,629 [restartedMain] INFO  org.springframework.security.web.DefaultSecurityFilterChain(<init>:51) - Will secure Ant [pattern='/api/user/portfolio/stacks'] with []
2021-07-26 10:44:43,653 [restartedMain] INFO  org.springframework.security.web.DefaultSecurityFilterChain(<init>:51) - Will secure any request with [org.springframework.security.web.context.request.async.WebAsyncManagerIntegrationFilter@17fc87bc, org.springframework.security.web.context.SecurityContextPersistenceFilter@1bd75e81, org.springframework.security.web.header.HeaderWriterFilter@61a3c055, org.springframework.security.web.authentication.logout.LogoutFilter@7721014c, org.springframework.web.filter.CorsFilter@6b96bca4, com.limbae.pfy.jwt.JwtFilter@5896969a, org.springframework.security.web.savedrequest.RequestCacheAwareFilter@b7d2de3, org.springframework.security.web.servletapi.SecurityContextHolderAwareRequestFilter@1c11e882, org.springframework.security.web.authentication.AnonymousAuthenticationFilter@860fc5d, org.springframework.security.web.session.SessionManagementFilter@555c741f, org.springframework.security.web.access.ExceptionTranslationFilter@7a158cc6, org.springframework.security.web.access.intercept.FilterSecurityInterceptor@1d95c4c8]
2021-07-26 10:44:43,821 [restartedMain] INFO  org.springframework.boot.autoconfigure.web.servlet.WelcomePageHandlerMapping(<init>:57) - Adding welcome page template: index
2021-07-26 10:44:44,019 [restartedMain] INFO  org.springframework.boot.devtools.autoconfigure.OptionalLiveReloadServer(startServer:58) - LiveReload server is running on port 35729
2021-07-26 10:44:44,042 [restartedMain] INFO  org.apache.coyote.http11.Http11NioProtocol(log:173) - Starting ProtocolHandler ["http-nio-8080"]
2021-07-26 10:44:44,064 [restartedMain] INFO  org.springframework.boot.web.embedded.tomcat.TomcatWebServer(start:220) - Tomcat started on port(s): 8080 (http) with context path ''
2021-07-26 10:44:44,143 [restartedMain] INFO  com.limbae.pfy.PortForYouApplication(logStarted:61) - Started PortForYouApplication in 5.094 seconds (JVM running for 11.159)
2021-07-26 10:45:18,457 [http-nio-8080-exec-2] INFO  org.apache.catalina.core.ContainerBase.[Tomcat].[localhost].[/](log:173) - Initializing Spring DispatcherServlet 'dispatcherServlet'
2021-07-26 10:45:18,458 [http-nio-8080-exec-2] INFO  org.springframework.web.servlet.DispatcherServlet(initServletBean:525) - Initializing Servlet 'dispatcherServlet'
2021-07-26 10:45:18,465 [http-nio-8080-exec-2] INFO  org.springframework.web.servlet.DispatcherServlet(initServletBean:547) - Completed initialization in 7 ms
2021-07-26 10:49:50,796 [SpringApplicationShutdownHook] INFO  org.springframework.orm.jpa.LocalContainerEntityManagerFactoryBean(destroy:651) - Closing JPA EntityManagerFactory for persistence unit 'default'
2021-07-26 10:49:50,810 [SpringApplicationShutdownHook] INFO  com.zaxxer.hikari.HikariDataSource(close:350) - HikariPool-1 - Shutdown initiated...
2021-07-26 10:49:50,922 [SpringApplicationShutdownHook] INFO  com.zaxxer.hikari.HikariDataSource(close:352) - HikariPool-1 - Shutdown completed.
2021-07-26 10:50:24,231 [Test worker] INFO  org.springframework.boot.test.context.SpringBootTestContextBootstrapper(buildDefaultMergedContextConfiguration:305) - Neither @ContextConfiguration nor @ContextHierarchy found for test class [com.limbae.pfy.PortForYouApplicationTests], using SpringBootContextLoader
2021-07-26 10:50:24,246 [Test worker] INFO  org.springframework.test.context.support.AbstractContextLoader(generateDefaultLocations:264) - Could not detect default resource locations for test class [com.limbae.pfy.PortForYouApplicationTests]: no resource found for suffixes {-context.xml, Context.groovy}.
2021-07-26 10:50:24,249 [Test worker] INFO  org.springframework.test.context.support.AnnotationConfigContextLoaderUtils(detectDefaultConfigurationClasses:83) - Could not detect default configuration classes for test class [com.limbae.pfy.PortForYouApplicationTests]: PortForYouApplicationTests does not declare any static, non-private, non-final, nested classes annotated with @Configuration.
2021-07-26 10:50:24,397 [Test worker] INFO  org.springframework.boot.test.context.SpringBootTestContextBootstrapper(getOrFindConfigurationClasses:238) - Found @SpringBootConfiguration com.limbae.pfy.PortForYouApplication for test class com.limbae.pfy.PortForYouApplicationTests
2021-07-26 10:50:24,485 [Test worker] INFO  org.springframework.boot.test.context.SpringBootTestContextBootstrapper(getDefaultTestExecutionListenerClassNames:245) - Loaded default TestExecutionListener class names from location [META-INF/spring.factories]: [org.springframework.security.test.context.support.WithSecurityContextTestExecutionListener, org.springframework.security.test.context.support.ReactorContextTestExecutionListener, org.springframework.boot.test.autoconfigure.restdocs.RestDocsTestExecutionListener, org.springframework.boot.test.autoconfigure.web.client.MockRestServiceServerResetTestExecutionListener, org.springframework.boot.test.autoconfigure.web.servlet.MockMvcPrintOnlyOnFailureTestExecutionListener, org.springframework.boot.test.autoconfigure.web.servlet.WebDriverTestExecutionListener, org.springframework.boot.test.autoconfigure.webservices.client.MockWebServiceServerTestExecutionListener, org.springframework.boot.test.mock.mockito.MockitoTestExecutionListener, org.springframework.boot.test.mock.mockito.ResetMocksTestExecutionListener, org.springframework.test.context.web.ServletTestExecutionListener, org.springframework.test.context.support.DirtiesContextBeforeModesTestExecutionListener, org.springframework.test.context.event.ApplicationEventsTestExecutionListener, org.springframework.test.context.support.DependencyInjectionTestExecutionListener, org.springframework.test.context.support.DirtiesContextTestExecutionListener, org.springframework.test.context.transaction.TransactionalTestExecutionListener, org.springframework.test.context.jdbc.SqlScriptsTestExecutionListener, org.springframework.test.context.event.EventPublishingTestExecutionListener]
2021-07-26 10:50:24,499 [Test worker] INFO  org.springframework.boot.test.context.SpringBootTestContextBootstrapper(getTestExecutionListeners:174) - Using TestExecutionListeners: [org.springframework.test.context.web.ServletTestExecutionListener@614fbb38, org.springframework.test.context.support.DirtiesContextBeforeModesTestExecutionListener@3e260112, org.springframework.test.context.event.ApplicationEventsTestExecutionListener@35675b8d, org.springframework.boot.test.mock.mockito.MockitoTestExecutionListener@c20e486, org.springframework.boot.test.autoconfigure.SpringBootDependencyInjectionTestExecutionListener@10aa0841, org.springframework.test.context.support.DirtiesContextTestExecutionListener@1e0ab5d7, org.springframework.test.context.transaction.TransactionalTestExecutionListener@11be2ea8, org.springframework.test.context.jdbc.SqlScriptsTestExecutionListener@1ab1eccd, org.springframework.security.test.context.support.WithSecurityContextTestExecutionListener@5a1917da, org.springframework.test.context.event.EventPublishingTestExecutionListener@1176a543, org.springframework.security.test.context.support.ReactorContextTestExecutionListener@71dd02ab, org.springframework.boot.test.autoconfigure.restdocs.RestDocsTestExecutionListener@641f5fd9, org.springframework.boot.test.autoconfigure.web.client.MockRestServiceServerResetTestExecutionListener@76aa3347, org.springframework.boot.test.autoconfigure.web.servlet.MockMvcPrintOnlyOnFailureTestExecutionListener@5252dc6c, org.springframework.boot.test.autoconfigure.web.servlet.WebDriverTestExecutionListener@4b0354d7, org.springframework.boot.test.autoconfigure.webservices.client.MockWebServiceServerTestExecutionListener@557c2bf9, org.springframework.boot.test.mock.mockito.ResetMocksTestExecutionListener@726b0a1a]
2021-07-26 10:50:25,051 [background-preinit] INFO  org.hibernate.validator.internal.util.Version(<clinit>:21) - HV000001: Hibernate Validator 6.2.0.Final
2021-07-26 10:50:25,116 [Test worker] INFO  com.limbae.pfy.PortForYouApplicationTests(logStarting:55) - Starting PortForYouApplicationTests using Java 16.0.2 on im-yegwang-ui-MacBookAir.local with PID 33134 (started by lim in /Users/lim/Desktop/study/PortForYou)
2021-07-26 10:50:25,151 [Test worker] INFO  com.limbae.pfy.PortForYouApplicationTests(logStartupProfileInfo:659) - No active profile set, falling back to default profiles: default
2021-07-26 10:50:26,510 [Test worker] INFO  org.springframework.data.repository.config.RepositoryConfigurationDelegate(registerRepositoriesIn:132) - Bootstrapping Spring Data JPA repositories in DEFAULT mode.
2021-07-26 10:50:26,682 [Test worker] INFO  org.springframework.data.repository.config.RepositoryConfigurationDelegate(registerRepositoriesIn:201) - Finished Spring Data repository scanning in 161 ms. Found 11 JPA repository interfaces.
2021-07-26 10:50:27,411 [Test worker] INFO  org.springframework.context.support.PostProcessorRegistrationDelegate$BeanPostProcessorChecker(postProcessAfterInitialization:376) - Bean 'org.springframework.security.access.expression.method.DefaultMethodSecurityExpressionHandler@7155f492' of type [org.springframework.security.access.expression.method.DefaultMethodSecurityExpressionHandler] is not eligible for getting processed by all BeanPostProcessors (for example: not eligible for auto-proxying)
2021-07-26 10:50:27,434 [Test worker] INFO  org.springframework.context.support.PostProcessorRegistrationDelegate$BeanPostProcessorChecker(postProcessAfterInitialization:376) - Bean 'methodSecurityMetadataSource' of type [org.springframework.security.access.method.DelegatingMethodSecurityMetadataSource] is not eligible for getting processed by all BeanPostProcessors (for example: not eligible for auto-proxying)
2021-07-26 10:50:27,664 [Test worker] INFO  com.zaxxer.hikari.HikariDataSource(getConnection:110) - HikariPool-1 - Starting...
2021-07-26 10:50:28,258 [Test worker] INFO  com.zaxxer.hikari.HikariDataSource(getConnection:123) - HikariPool-1 - Start completed.
2021-07-26 10:50:28,518 [Test worker] INFO  org.hibernate.jpa.internal.util.LogHelper(logPersistenceUnitInformation:31) - HHH000204: Processing PersistenceUnitInfo [name: default]
2021-07-26 10:50:28,580 [Test worker] INFO  org.hibernate.Version(logVersion:44) - HHH000412: Hibernate ORM core version 5.4.32.Final
2021-07-26 10:50:28,713 [Test worker] INFO  org.hibernate.annotations.common.Version(<clinit>:56) - HCANN000001: Hibernate Commons Annotations {5.1.2.Final}
2021-07-26 10:50:28,909 [Test worker] INFO  org.hibernate.dialect.Dialect(<init>:175) - HHH000400: Using dialect: org.hibernate.dialect.MySQL8Dialect
2021-07-26 10:50:30,413 [Test worker] INFO  org.hibernate.engine.transaction.jta.platform.internal.JtaPlatformInitiator(initiateService:52) - HHH000490: Using JtaPlatform implementation: [org.hibernate.engine.transaction.jta.platform.internal.NoJtaPlatform]
2021-07-26 10:50:30,429 [Test worker] INFO  org.springframework.orm.jpa.LocalContainerEntityManagerFactoryBean(buildNativeEntityManagerFactory:437) - Initialized JPA EntityManagerFactory for persistence unit 'default'
2021-07-26 10:50:30,692 [Test worker] WARN  org.springframework.boot.autoconfigure.orm.jpa.JpaBaseConfiguration$JpaWebConfiguration(openEntityManagerInViewInterceptor:219) - spring.jpa.open-in-view is enabled by default. Therefore, database queries may be performed during view rendering. Explicitly configure spring.jpa.open-in-view to disable this warning
2021-07-26 10:50:32,361 [Test worker] INFO  org.springframework.security.web.DefaultSecurityFilterChain(<init>:51) - Will secure Ant [pattern='/api/login'] with []
2021-07-26 10:50:32,364 [Test worker] INFO  org.springframework.security.web.DefaultSecurityFilterChain(<init>:51) - Will secure Ant [pattern='/api/user'] with []
2021-07-26 10:50:32,365 [Test worker] INFO  org.springframework.security.web.DefaultSecurityFilterChain(<init>:51) - Will secure Ant [pattern='/api/img/default'] with []
2021-07-26 10:50:32,366 [Test worker] INFO  org.springframework.security.web.DefaultSecurityFilterChain(<init>:51) - Will secure Ant [pattern='/api/user/portfolio/positions'] with []
2021-07-26 10:50:32,367 [Test worker] INFO  org.springframework.security.web.DefaultSecurityFilterChain(<init>:51) - Will secure Ant [pattern='/api/user/portfolio/projects'] with []
2021-07-26 10:50:32,369 [Test worker] INFO  org.springframework.security.web.DefaultSecurityFilterChain(<init>:51) - Will secure Ant [pattern='/api/user/portfolio/educations'] with []
2021-07-26 10:50:32,371 [Test worker] INFO  org.springframework.security.web.DefaultSecurityFilterChain(<init>:51) - Will secure Ant [pattern='/api/user/portfolio/stacks'] with []
2021-07-26 10:50:32,455 [Test worker] INFO  org.springframework.security.web.DefaultSecurityFilterChain(<init>:51) - Will secure any request with [org.springframework.security.web.context.request.async.WebAsyncManagerIntegrationFilter@382b5ed5, org.springframework.security.web.context.SecurityContextPersistenceFilter@e9547c6, org.springframework.security.web.header.HeaderWriterFilter@62be8ba2, org.springframework.security.web.authentication.logout.LogoutFilter@b9c3de3, org.springframework.web.filter.CorsFilter@34f07444, com.limbae.pfy.jwt.JwtFilter@97f7f18, org.springframework.security.web.savedrequest.RequestCacheAwareFilter@3f427c1, org.springframework.security.web.servletapi.SecurityContextHolderAwareRequestFilter@205d60f7, org.springframework.security.web.authentication.AnonymousAuthenticationFilter@3ce73a24, org.springframework.security.web.session.SessionManagementFilter@6d18bb, org.springframework.security.web.access.ExceptionTranslationFilter@3497038, org.springframework.security.web.access.intercept.FilterSecurityInterceptor@11812a01]
2021-07-26 10:50:33,454 [Test worker] INFO  org.springframework.boot.autoconfigure.web.servlet.WelcomePageHandlerMapping(<init>:57) - Adding welcome page template: index
2021-07-26 10:50:34,063 [Test worker] INFO  com.limbae.pfy.PortForYouApplicationTests(logStarted:61) - Started PortForYouApplicationTests in 9.495 seconds (JVM running for 16.595)
2021-07-26 10:50:34,339 [SpringApplicationShutdownHook] INFO  org.springframework.orm.jpa.LocalContainerEntityManagerFactoryBean(destroy:651) - Closing JPA EntityManagerFactory for persistence unit 'default'
2021-07-26 10:50:34,346 [SpringApplicationShutdownHook] INFO  com.zaxxer.hikari.HikariDataSource(close:350) - HikariPool-1 - Shutdown initiated...
2021-07-26 10:50:34,441 [SpringApplicationShutdownHook] INFO  com.zaxxer.hikari.HikariDataSource(close:352) - HikariPool-1 - Shutdown completed.
