2021-07-19 12:11:26,679 [http-nio-8080-exec-5] WARN  com.zaxxer.hikari.pool.PoolBase(isConnectionAlive:184) - HikariPool-1 - Failed to validate connection com.mysql.cj.jdbc.ConnectionImpl@3bda6ce1 (No operations allowed after connection closed.). Possibly consider using a shorter maxLifetime value.
2021-07-19 12:11:26,706 [http-nio-8080-exec-5] WARN  com.zaxxer.hikari.pool.PoolBase(isConnectionAlive:184) - HikariPool-1 - Failed to validate connection com.mysql.cj.jdbc.ConnectionImpl@5a5e3094 (No operations allowed after connection closed.). Possibly consider using a shorter maxLifetime value.
2021-07-19 12:11:26,722 [http-nio-8080-exec-5] WARN  com.zaxxer.hikari.pool.PoolBase(isConnectionAlive:184) - HikariPool-1 - Failed to validate connection com.mysql.cj.jdbc.ConnectionImpl@3579285d (No operations allowed after connection closed.). Possibly consider using a shorter maxLifetime value.
2021-07-19 12:11:26,737 [http-nio-8080-exec-5] WARN  com.zaxxer.hikari.pool.PoolBase(isConnectionAlive:184) - HikariPool-1 - Failed to validate connection com.mysql.cj.jdbc.ConnectionImpl@5d2cf777 (No operations allowed after connection closed.). Possibly consider using a shorter maxLifetime value.
2021-07-19 12:11:26,749 [http-nio-8080-exec-5] WARN  com.zaxxer.hikari.pool.PoolBase(isConnectionAlive:184) - HikariPool-1 - Failed to validate connection com.mysql.cj.jdbc.ConnectionImpl@43a71735 (No operations allowed after connection closed.). Possibly consider using a shorter maxLifetime value.
2021-07-19 12:11:26,760 [http-nio-8080-exec-5] WARN  com.zaxxer.hikari.pool.PoolBase(isConnectionAlive:184) - HikariPool-1 - Failed to validate connection com.mysql.cj.jdbc.ConnectionImpl@68d64545 (No operations allowed after connection closed.). Possibly consider using a shorter maxLifetime value.
2021-07-19 12:11:26,772 [http-nio-8080-exec-5] WARN  com.zaxxer.hikari.pool.PoolBase(isConnectionAlive:184) - HikariPool-1 - Failed to validate connection com.mysql.cj.jdbc.ConnectionImpl@1411b3c2 (No operations allowed after connection closed.). Possibly consider using a shorter maxLifetime value.
2021-07-19 12:11:26,781 [http-nio-8080-exec-5] WARN  com.zaxxer.hikari.pool.PoolBase(isConnectionAlive:184) - HikariPool-1 - Failed to validate connection com.mysql.cj.jdbc.ConnectionImpl@2e3c7978 (No operations allowed after connection closed.). Possibly consider using a shorter maxLifetime value.
2021-07-19 12:11:26,790 [http-nio-8080-exec-5] WARN  com.zaxxer.hikari.pool.PoolBase(isConnectionAlive:184) - HikariPool-1 - Failed to validate connection com.mysql.cj.jdbc.ConnectionImpl@55d9dd35 (No operations allowed after connection closed.). Possibly consider using a shorter maxLifetime value.
2021-07-19 12:11:26,799 [http-nio-8080-exec-5] WARN  com.zaxxer.hikari.pool.PoolBase(isConnectionAlive:184) - HikariPool-1 - Failed to validate connection com.mysql.cj.jdbc.ConnectionImpl@fff56a6 (No operations allowed after connection closed.). Possibly consider using a shorter maxLifetime value.
2021-07-19 12:44:13,136 [SpringApplicationShutdownHook] INFO  org.springframework.orm.jpa.LocalContainerEntityManagerFactoryBean(destroy:651) - Closing JPA EntityManagerFactory for persistence unit 'default'
2021-07-19 12:44:13,157 [SpringApplicationShutdownHook] INFO  com.zaxxer.hikari.HikariDataSource(close:350) - HikariPool-1 - Shutdown initiated...
2021-07-19 12:44:13,277 [SpringApplicationShutdownHook] INFO  com.zaxxer.hikari.HikariDataSource(close:352) - HikariPool-1 - Shutdown completed.
2021-07-19 12:44:21,561 [background-preinit] INFO  org.hibernate.validator.internal.util.Version(<clinit>:21) - HV000001: Hibernate Validator 6.2.0.Final
2021-07-19 12:44:21,593 [restartedMain] INFO  com.limbae.pfy.PortForYouApplication(logStarting:55) - Starting PortForYouApplication using Java 16.0.1 on im-yegwang-ui-MacBookAir.local with PID 21114 (/Users/lim/Desktop/study/PortForYou/build/classes/java/main started by lim in /Users/lim/Desktop/study/PortForYou)
2021-07-19 12:44:21,597 [restartedMain] INFO  com.limbae.pfy.PortForYouApplication(logStartupProfileInfo:659) - No active profile set, falling back to default profiles: default
2021-07-19 12:44:21,637 [restartedMain] INFO  org.springframework.boot.devtools.env.DevToolsPropertyDefaultsPostProcessor(logTo:255) - Devtools property defaults active! Set 'spring.devtools.add-properties' to 'false' to disable
2021-07-19 12:44:21,638 [restartedMain] INFO  org.springframework.boot.devtools.env.DevToolsPropertyDefaultsPostProcessor(logTo:255) - For additional web related logging consider setting the 'logging.level.web' property to 'DEBUG'
2021-07-19 12:44:22,404 [restartedMain] INFO  org.springframework.data.repository.config.RepositoryConfigurationDelegate(registerRepositoriesIn:132) - Bootstrapping Spring Data JPA repositories in DEFAULT mode.
2021-07-19 12:44:22,514 [restartedMain] INFO  org.springframework.data.repository.config.RepositoryConfigurationDelegate(registerRepositoriesIn:201) - Finished Spring Data repository scanning in 102 ms. Found 10 JPA repository interfaces.
2021-07-19 12:44:22,841 [restartedMain] INFO  org.springframework.context.support.PostProcessorRegistrationDelegate$BeanPostProcessorChecker(postProcessAfterInitialization:376) - Bean 'org.springframework.security.access.expression.method.DefaultMethodSecurityExpressionHandler@11c3918e' of type [org.springframework.security.access.expression.method.DefaultMethodSecurityExpressionHandler] is not eligible for getting processed by all BeanPostProcessors (for example: not eligible for auto-proxying)
2021-07-19 12:44:22,846 [restartedMain] INFO  org.springframework.context.support.PostProcessorRegistrationDelegate$BeanPostProcessorChecker(postProcessAfterInitialization:376) - Bean 'methodSecurityMetadataSource' of type [org.springframework.security.access.method.DelegatingMethodSecurityMetadataSource] is not eligible for getting processed by all BeanPostProcessors (for example: not eligible for auto-proxying)
2021-07-19 12:44:23,072 [restartedMain] INFO  org.springframework.boot.web.embedded.tomcat.TomcatWebServer(initialize:108) - Tomcat initialized with port(s): 8080 (http)
2021-07-19 12:44:23,078 [restartedMain] INFO  org.apache.coyote.http11.Http11NioProtocol(log:173) - Initializing ProtocolHandler ["http-nio-8080"]
2021-07-19 12:44:23,079 [restartedMain] INFO  org.apache.catalina.core.StandardService(log:173) - Starting service [Tomcat]
2021-07-19 12:44:23,079 [restartedMain] INFO  org.apache.catalina.core.StandardEngine(log:173) - Starting Servlet engine: [Apache Tomcat/9.0.46]
2021-07-19 12:44:23,130 [restartedMain] INFO  org.apache.catalina.core.ContainerBase.[Tomcat].[localhost].[/](log:173) - Initializing Spring embedded WebApplicationContext
2021-07-19 12:44:23,131 [restartedMain] INFO  org.springframework.boot.web.servlet.context.ServletWebServerApplicationContext(prepareWebApplicationContext:290) - Root WebApplicationContext: initialization completed in 1492 ms
2021-07-19 12:44:23,229 [restartedMain] INFO  com.zaxxer.hikari.HikariDataSource(getConnection:110) - HikariPool-1 - Starting...
2021-07-19 12:44:23,762 [restartedMain] INFO  com.zaxxer.hikari.HikariDataSource(getConnection:123) - HikariPool-1 - Start completed.
2021-07-19 12:44:23,855 [restartedMain] INFO  org.hibernate.jpa.internal.util.LogHelper(logPersistenceUnitInformation:31) - HHH000204: Processing PersistenceUnitInfo [name: default]
2021-07-19 12:44:23,884 [restartedMain] INFO  org.hibernate.Version(logVersion:44) - HHH000412: Hibernate ORM core version 5.4.32.Final
2021-07-19 12:44:23,954 [restartedMain] INFO  org.hibernate.annotations.common.Version(<clinit>:56) - HCANN000001: Hibernate Commons Annotations {5.1.2.Final}
2021-07-19 12:44:24,003 [restartedMain] INFO  org.hibernate.dialect.Dialect(<init>:175) - HHH000400: Using dialect: org.hibernate.dialect.MySQL8Dialect
2021-07-19 12:44:24,685 [restartedMain] INFO  org.hibernate.engine.transaction.jta.platform.internal.JtaPlatformInitiator(initiateService:52) - HHH000490: Using JtaPlatform implementation: [org.hibernate.engine.transaction.jta.platform.internal.NoJtaPlatform]
2021-07-19 12:44:24,691 [restartedMain] INFO  org.springframework.orm.jpa.LocalContainerEntityManagerFactoryBean(buildNativeEntityManagerFactory:437) - Initialized JPA EntityManagerFactory for persistence unit 'default'
2021-07-19 12:44:24,771 [restartedMain] WARN  org.springframework.boot.autoconfigure.orm.jpa.JpaBaseConfiguration$JpaWebConfiguration(openEntityManagerInViewInterceptor:219) - spring.jpa.open-in-view is enabled by default. Therefore, database queries may be performed during view rendering. Explicitly configure spring.jpa.open-in-view to disable this warning
2021-07-19 12:44:25,412 [restartedMain] INFO  org.springframework.security.web.DefaultSecurityFilterChain(<init>:51) - Will secure Ant [pattern='/api/login'] with []
2021-07-19 12:44:25,413 [restartedMain] INFO  org.springframework.security.web.DefaultSecurityFilterChain(<init>:51) - Will secure Ant [pattern='/api/img/default'] with []
2021-07-19 12:44:25,414 [restartedMain] INFO  org.springframework.security.web.DefaultSecurityFilterChain(<init>:51) - Will secure Ant [pattern='/api/user/portfolio/positions'] with []
2021-07-19 12:44:25,414 [restartedMain] INFO  org.springframework.security.web.DefaultSecurityFilterChain(<init>:51) - Will secure Ant [pattern='/api/user/portfolio/projects'] with []
2021-07-19 12:44:25,415 [restartedMain] INFO  org.springframework.security.web.DefaultSecurityFilterChain(<init>:51) - Will secure Ant [pattern='/api/user/portfolio/educations'] with []
2021-07-19 12:44:25,415 [restartedMain] INFO  org.springframework.security.web.DefaultSecurityFilterChain(<init>:51) - Will secure Ant [pattern='/api/user/portfolio/stacks'] with []
2021-07-19 12:44:25,433 [restartedMain] INFO  org.springframework.security.web.DefaultSecurityFilterChain(<init>:51) - Will secure any request with [org.springframework.security.web.context.request.async.WebAsyncManagerIntegrationFilter@d9b032, org.springframework.security.web.context.SecurityContextPersistenceFilter@3eee13c7, org.springframework.security.web.header.HeaderWriterFilter@5e66d5f8, org.springframework.security.web.authentication.logout.LogoutFilter@4445e4d6, org.springframework.web.filter.CorsFilter@35d536bd, com.limbae.pfy.jwt.JwtFilter@401260ba, org.springframework.security.web.savedrequest.RequestCacheAwareFilter@9da6a56, org.springframework.security.web.servletapi.SecurityContextHolderAwareRequestFilter@6e0ce6cb, org.springframework.security.web.authentication.AnonymousAuthenticationFilter@104a8304, org.springframework.security.web.session.SessionManagementFilter@4013f60, org.springframework.security.web.access.ExceptionTranslationFilter@28eb4dc2, org.springframework.security.web.access.intercept.FilterSecurityInterceptor@55640acf]
2021-07-19 12:44:25,598 [restartedMain] INFO  org.springframework.boot.autoconfigure.web.servlet.WelcomePageHandlerMapping(<init>:57) - Adding welcome page template: index
2021-07-19 12:44:25,790 [restartedMain] INFO  org.springframework.boot.devtools.autoconfigure.OptionalLiveReloadServer(startServer:58) - LiveReload server is running on port 35729
2021-07-19 12:44:25,811 [restartedMain] INFO  org.apache.coyote.http11.Http11NioProtocol(log:173) - Starting ProtocolHandler ["http-nio-8080"]
2021-07-19 12:44:25,827 [restartedMain] INFO  org.springframework.boot.web.embedded.tomcat.TomcatWebServer(start:220) - Tomcat started on port(s): 8080 (http) with context path ''
2021-07-19 12:44:25,840 [restartedMain] INFO  com.limbae.pfy.PortForYouApplication(logStarted:61) - Started PortForYouApplication in 4.606 seconds (JVM running for 5.922)
2021-07-19 12:45:45,355 [http-nio-8080-exec-2] INFO  org.apache.catalina.core.ContainerBase.[Tomcat].[localhost].[/](log:173) - Initializing Spring DispatcherServlet 'dispatcherServlet'
2021-07-19 12:45:45,356 [http-nio-8080-exec-2] INFO  org.springframework.web.servlet.DispatcherServlet(initServletBean:525) - Initializing Servlet 'dispatcherServlet'
2021-07-19 12:45:45,412 [http-nio-8080-exec-2] INFO  org.springframework.web.servlet.DispatcherServlet(initServletBean:547) - Completed initialization in 54 ms
2021-07-19 12:55:27,777 [http-nio-8080-exec-5] INFO  com.limbae.pfy.jwt.TokenProvider(validateToken:86) - 만료된 jwtt 토큰입니다.
2021-07-19 12:55:27,804 [http-nio-8080-exec-5] INFO  com.limbae.pfy.jwt.TokenProvider(validateToken:86) - 만료된 jwtt 토큰입니다.
2021-07-19 12:55:51,889 [HikariPool-1 housekeeper] WARN  com.zaxxer.hikari.pool.HikariPool(run:780) - HikariPool-1 - Retrograde clock change detected (housekeeper delta=27s943ms), soft-evicting connections from pool.
