2021-07-22 12:33:36,786 [background-preinit] INFO  org.hibernate.validator.internal.util.Version(<clinit>:21) - HV000001: Hibernate Validator 6.2.0.Final
2021-07-22 12:33:36,811 [restartedMain] INFO  com.limbae.pfy.PortForYouApplication(logStarting:55) - Starting PortForYouApplication using Java 16.0.1 on im-yegwang-ui-MacBookAir.local with PID 4953 (/Users/lim/Desktop/study/PortForYou/build/classes/java/main started by lim in /Users/lim/Desktop/study/PortForYou)
2021-07-22 12:33:36,816 [restartedMain] INFO  com.limbae.pfy.PortForYouApplication(logStartupProfileInfo:659) - No active profile set, falling back to default profiles: default
2021-07-22 12:33:36,859 [restartedMain] INFO  org.springframework.boot.devtools.env.DevToolsPropertyDefaultsPostProcessor(logTo:255) - Devtools property defaults active! Set 'spring.devtools.add-properties' to 'false' to disable
2021-07-22 12:33:36,860 [restartedMain] INFO  org.springframework.boot.devtools.env.DevToolsPropertyDefaultsPostProcessor(logTo:255) - For additional web related logging consider setting the 'logging.level.web' property to 'DEBUG'
2021-07-22 12:33:37,688 [restartedMain] INFO  org.springframework.data.repository.config.RepositoryConfigurationDelegate(registerRepositoriesIn:132) - Bootstrapping Spring Data JPA repositories in DEFAULT mode.
2021-07-22 12:33:37,788 [restartedMain] INFO  org.springframework.data.repository.config.RepositoryConfigurationDelegate(registerRepositoriesIn:201) - Finished Spring Data repository scanning in 92 ms. Found 11 JPA repository interfaces.
2021-07-22 12:33:38,123 [restartedMain] INFO  org.springframework.context.support.PostProcessorRegistrationDelegate$BeanPostProcessorChecker(postProcessAfterInitialization:376) - Bean 'org.springframework.security.access.expression.method.DefaultMethodSecurityExpressionHandler@5361cb42' of type [org.springframework.security.access.expression.method.DefaultMethodSecurityExpressionHandler] is not eligible for getting processed by all BeanPostProcessors (for example: not eligible for auto-proxying)
2021-07-22 12:33:38,130 [restartedMain] INFO  org.springframework.context.support.PostProcessorRegistrationDelegate$BeanPostProcessorChecker(postProcessAfterInitialization:376) - Bean 'methodSecurityMetadataSource' of type [org.springframework.security.access.method.DelegatingMethodSecurityMetadataSource] is not eligible for getting processed by all BeanPostProcessors (for example: not eligible for auto-proxying)
2021-07-22 12:33:38,421 [restartedMain] INFO  org.springframework.boot.web.embedded.tomcat.TomcatWebServer(initialize:108) - Tomcat initialized with port(s): 8080 (http)
2021-07-22 12:33:38,427 [restartedMain] INFO  org.apache.coyote.http11.Http11NioProtocol(log:173) - Initializing ProtocolHandler ["http-nio-8080"]
2021-07-22 12:33:38,428 [restartedMain] INFO  org.apache.catalina.core.StandardService(log:173) - Starting service [Tomcat]
2021-07-22 12:33:38,428 [restartedMain] INFO  org.apache.catalina.core.StandardEngine(log:173) - Starting Servlet engine: [Apache Tomcat/9.0.46]
2021-07-22 12:33:38,490 [restartedMain] INFO  org.apache.catalina.core.ContainerBase.[Tomcat].[localhost].[/](log:173) - Initializing Spring embedded WebApplicationContext
2021-07-22 12:33:38,491 [restartedMain] INFO  org.springframework.boot.web.servlet.context.ServletWebServerApplicationContext(prepareWebApplicationContext:290) - Root WebApplicationContext: initialization completed in 1630 ms
2021-07-22 12:33:38,593 [restartedMain] INFO  com.zaxxer.hikari.HikariDataSource(getConnection:110) - HikariPool-1 - Starting...
2021-07-22 12:33:39,226 [restartedMain] INFO  com.zaxxer.hikari.HikariDataSource(getConnection:123) - HikariPool-1 - Start completed.
2021-07-22 12:33:39,313 [restartedMain] INFO  org.hibernate.jpa.internal.util.LogHelper(logPersistenceUnitInformation:31) - HHH000204: Processing PersistenceUnitInfo [name: default]
2021-07-22 12:33:39,337 [restartedMain] INFO  org.hibernate.Version(logVersion:44) - HHH000412: Hibernate ORM core version 5.4.32.Final
2021-07-22 12:33:39,393 [restartedMain] INFO  org.hibernate.annotations.common.Version(<clinit>:56) - HCANN000001: Hibernate Commons Annotations {5.1.2.Final}
2021-07-22 12:33:39,435 [restartedMain] INFO  org.hibernate.dialect.Dialect(<init>:175) - HHH000400: Using dialect: org.hibernate.dialect.MySQL8Dialect
2021-07-22 12:33:40,140 [restartedMain] INFO  org.hibernate.engine.transaction.jta.platform.internal.JtaPlatformInitiator(initiateService:52) - HHH000490: Using JtaPlatform implementation: [org.hibernate.engine.transaction.jta.platform.internal.NoJtaPlatform]
2021-07-22 12:33:40,146 [restartedMain] INFO  org.springframework.orm.jpa.LocalContainerEntityManagerFactoryBean(buildNativeEntityManagerFactory:437) - Initialized JPA EntityManagerFactory for persistence unit 'default'
2021-07-22 12:33:40,232 [restartedMain] WARN  org.springframework.boot.autoconfigure.orm.jpa.JpaBaseConfiguration$JpaWebConfiguration(openEntityManagerInViewInterceptor:219) - spring.jpa.open-in-view is enabled by default. Therefore, database queries may be performed during view rendering. Explicitly configure spring.jpa.open-in-view to disable this warning
2021-07-22 12:33:40,928 [restartedMain] INFO  org.springframework.security.web.DefaultSecurityFilterChain(<init>:51) - Will secure Ant [pattern='/api/login'] with []
2021-07-22 12:33:40,929 [restartedMain] INFO  org.springframework.security.web.DefaultSecurityFilterChain(<init>:51) - Will secure Ant [pattern='/api/user'] with []
2021-07-22 12:33:40,930 [restartedMain] INFO  org.springframework.security.web.DefaultSecurityFilterChain(<init>:51) - Will secure Ant [pattern='/api/img/default'] with []
2021-07-22 12:33:40,931 [restartedMain] INFO  org.springframework.security.web.DefaultSecurityFilterChain(<init>:51) - Will secure Ant [pattern='/api/user/portfolio/positions'] with []
2021-07-22 12:33:40,931 [restartedMain] INFO  org.springframework.security.web.DefaultSecurityFilterChain(<init>:51) - Will secure Ant [pattern='/api/user/portfolio/projects'] with []
2021-07-22 12:33:40,931 [restartedMain] INFO  org.springframework.security.web.DefaultSecurityFilterChain(<init>:51) - Will secure Ant [pattern='/api/user/portfolio/educations'] with []
2021-07-22 12:33:40,932 [restartedMain] INFO  org.springframework.security.web.DefaultSecurityFilterChain(<init>:51) - Will secure Ant [pattern='/api/user/portfolio/stacks'] with []
2021-07-22 12:33:40,950 [restartedMain] INFO  org.springframework.security.web.DefaultSecurityFilterChain(<init>:51) - Will secure any request with [org.springframework.security.web.context.request.async.WebAsyncManagerIntegrationFilter@7151f426, org.springframework.security.web.context.SecurityContextPersistenceFilter@7a89cd2d, org.springframework.security.web.header.HeaderWriterFilter@86d6fd6, org.springframework.security.web.authentication.logout.LogoutFilter@4d81bc35, org.springframework.web.filter.CorsFilter@555854de, com.limbae.pfy.jwt.JwtFilter@1c7d942f, org.springframework.security.web.savedrequest.RequestCacheAwareFilter@23aba058, org.springframework.security.web.servletapi.SecurityContextHolderAwareRequestFilter@69f1a01a, org.springframework.security.web.authentication.AnonymousAuthenticationFilter@7f7b437, org.springframework.security.web.session.SessionManagementFilter@55b792d4, org.springframework.security.web.access.ExceptionTranslationFilter@599f6820, org.springframework.security.web.access.intercept.FilterSecurityInterceptor@335f566c]
2021-07-22 12:33:41,126 [restartedMain] INFO  org.springframework.boot.autoconfigure.web.servlet.WelcomePageHandlerMapping(<init>:57) - Adding welcome page template: index
2021-07-22 12:33:41,341 [restartedMain] INFO  org.springframework.boot.devtools.autoconfigure.OptionalLiveReloadServer(startServer:58) - LiveReload server is running on port 35729
2021-07-22 12:33:41,365 [restartedMain] INFO  org.apache.coyote.http11.Http11NioProtocol(log:173) - Starting ProtocolHandler ["http-nio-8080"]
2021-07-22 12:33:41,390 [restartedMain] INFO  org.springframework.boot.web.embedded.tomcat.TomcatWebServer(start:220) - Tomcat started on port(s): 8080 (http) with context path ''
2021-07-22 12:33:41,453 [restartedMain] INFO  com.limbae.pfy.PortForYouApplication(logStarted:61) - Started PortForYouApplication in 4.989 seconds (JVM running for 8.19)
2021-07-22 12:34:23,457 [http-nio-8080-exec-1] INFO  org.apache.catalina.core.ContainerBase.[Tomcat].[localhost].[/](log:173) - Initializing Spring DispatcherServlet 'dispatcherServlet'
2021-07-22 12:34:23,458 [http-nio-8080-exec-1] INFO  org.springframework.web.servlet.DispatcherServlet(initServletBean:525) - Initializing Servlet 'dispatcherServlet'
2021-07-22 12:34:23,460 [http-nio-8080-exec-1] INFO  org.springframework.web.servlet.DispatcherServlet(initServletBean:547) - Completed initialization in 2 ms
2021-07-22 12:40:16,343 [SpringApplicationShutdownHook] INFO  org.springframework.orm.jpa.LocalContainerEntityManagerFactoryBean(destroy:651) - Closing JPA EntityManagerFactory for persistence unit 'default'
2021-07-22 12:40:16,353 [SpringApplicationShutdownHook] INFO  com.zaxxer.hikari.HikariDataSource(close:350) - HikariPool-1 - Shutdown initiated...
2021-07-22 12:40:16,458 [SpringApplicationShutdownHook] INFO  com.zaxxer.hikari.HikariDataSource(close:352) - HikariPool-1 - Shutdown completed.
2021-07-22 12:40:21,309 [background-preinit] INFO  org.hibernate.validator.internal.util.Version(<clinit>:21) - HV000001: Hibernate Validator 6.2.0.Final
2021-07-22 12:40:21,329 [restartedMain] INFO  com.limbae.pfy.PortForYouApplication(logStarting:55) - Starting PortForYouApplication using Java 16.0.1 on im-yegwang-ui-MacBookAir.local with PID 5004 (/Users/lim/Desktop/study/PortForYou/build/classes/java/main started by lim in /Users/lim/Desktop/study/PortForYou)
2021-07-22 12:40:21,333 [restartedMain] INFO  com.limbae.pfy.PortForYouApplication(logStartupProfileInfo:659) - No active profile set, falling back to default profiles: default
2021-07-22 12:40:21,376 [restartedMain] INFO  org.springframework.boot.devtools.env.DevToolsPropertyDefaultsPostProcessor(logTo:255) - Devtools property defaults active! Set 'spring.devtools.add-properties' to 'false' to disable
2021-07-22 12:40:21,378 [restartedMain] INFO  org.springframework.boot.devtools.env.DevToolsPropertyDefaultsPostProcessor(logTo:255) - For additional web related logging consider setting the 'logging.level.web' property to 'DEBUG'
2021-07-22 12:40:22,148 [restartedMain] INFO  org.springframework.data.repository.config.RepositoryConfigurationDelegate(registerRepositoriesIn:132) - Bootstrapping Spring Data JPA repositories in DEFAULT mode.
2021-07-22 12:40:22,248 [restartedMain] INFO  org.springframework.data.repository.config.RepositoryConfigurationDelegate(registerRepositoriesIn:201) - Finished Spring Data repository scanning in 92 ms. Found 11 JPA repository interfaces.
2021-07-22 12:40:22,566 [restartedMain] INFO  org.springframework.context.support.PostProcessorRegistrationDelegate$BeanPostProcessorChecker(postProcessAfterInitialization:376) - Bean 'org.springframework.security.access.expression.method.DefaultMethodSecurityExpressionHandler@50415add' of type [org.springframework.security.access.expression.method.DefaultMethodSecurityExpressionHandler] is not eligible for getting processed by all BeanPostProcessors (for example: not eligible for auto-proxying)
2021-07-22 12:40:22,573 [restartedMain] INFO  org.springframework.context.support.PostProcessorRegistrationDelegate$BeanPostProcessorChecker(postProcessAfterInitialization:376) - Bean 'methodSecurityMetadataSource' of type [org.springframework.security.access.method.DelegatingMethodSecurityMetadataSource] is not eligible for getting processed by all BeanPostProcessors (for example: not eligible for auto-proxying)
2021-07-22 12:40:22,802 [restartedMain] INFO  org.springframework.boot.web.embedded.tomcat.TomcatWebServer(initialize:108) - Tomcat initialized with port(s): 8080 (http)
2021-07-22 12:40:22,811 [restartedMain] INFO  org.apache.coyote.http11.Http11NioProtocol(log:173) - Initializing ProtocolHandler ["http-nio-8080"]
2021-07-22 12:40:22,812 [restartedMain] INFO  org.apache.catalina.core.StandardService(log:173) - Starting service [Tomcat]
2021-07-22 12:40:22,812 [restartedMain] INFO  org.apache.catalina.core.StandardEngine(log:173) - Starting Servlet engine: [Apache Tomcat/9.0.46]
2021-07-22 12:40:22,930 [restartedMain] INFO  org.apache.catalina.core.ContainerBase.[Tomcat].[localhost].[/](log:173) - Initializing Spring embedded WebApplicationContext
2021-07-22 12:40:22,931 [restartedMain] INFO  org.springframework.boot.web.servlet.context.ServletWebServerApplicationContext(prepareWebApplicationContext:290) - Root WebApplicationContext: initialization completed in 1552 ms
2021-07-22 12:40:23,067 [restartedMain] INFO  com.zaxxer.hikari.HikariDataSource(getConnection:110) - HikariPool-1 - Starting...
2021-07-22 12:40:23,557 [restartedMain] INFO  com.zaxxer.hikari.HikariDataSource(getConnection:123) - HikariPool-1 - Start completed.
2021-07-22 12:40:23,643 [restartedMain] INFO  org.hibernate.jpa.internal.util.LogHelper(logPersistenceUnitInformation:31) - HHH000204: Processing PersistenceUnitInfo [name: default]
2021-07-22 12:40:23,673 [restartedMain] INFO  org.hibernate.Version(logVersion:44) - HHH000412: Hibernate ORM core version 5.4.32.Final
2021-07-22 12:40:23,727 [restartedMain] INFO  org.hibernate.annotations.common.Version(<clinit>:56) - HCANN000001: Hibernate Commons Annotations {5.1.2.Final}
2021-07-22 12:40:23,787 [restartedMain] INFO  org.hibernate.dialect.Dialect(<init>:175) - HHH000400: Using dialect: org.hibernate.dialect.MySQL8Dialect
2021-07-22 12:40:24,620 [restartedMain] INFO  org.hibernate.engine.transaction.jta.platform.internal.JtaPlatformInitiator(initiateService:52) - HHH000490: Using JtaPlatform implementation: [org.hibernate.engine.transaction.jta.platform.internal.NoJtaPlatform]
2021-07-22 12:40:24,625 [restartedMain] INFO  org.springframework.orm.jpa.LocalContainerEntityManagerFactoryBean(buildNativeEntityManagerFactory:437) - Initialized JPA EntityManagerFactory for persistence unit 'default'
2021-07-22 12:40:24,732 [restartedMain] WARN  org.springframework.boot.autoconfigure.orm.jpa.JpaBaseConfiguration$JpaWebConfiguration(openEntityManagerInViewInterceptor:219) - spring.jpa.open-in-view is enabled by default. Therefore, database queries may be performed during view rendering. Explicitly configure spring.jpa.open-in-view to disable this warning
2021-07-22 12:40:25,436 [restartedMain] INFO  org.springframework.security.web.DefaultSecurityFilterChain(<init>:51) - Will secure Ant [pattern='/api/login'] with []
2021-07-22 12:40:25,437 [restartedMain] INFO  org.springframework.security.web.DefaultSecurityFilterChain(<init>:51) - Will secure Ant [pattern='/api/user'] with []
2021-07-22 12:40:25,438 [restartedMain] INFO  org.springframework.security.web.DefaultSecurityFilterChain(<init>:51) - Will secure Ant [pattern='/api/img/default'] with []
2021-07-22 12:40:25,438 [restartedMain] INFO  org.springframework.security.web.DefaultSecurityFilterChain(<init>:51) - Will secure Ant [pattern='/api/user/portfolio/positions'] with []
2021-07-22 12:40:25,439 [restartedMain] INFO  org.springframework.security.web.DefaultSecurityFilterChain(<init>:51) - Will secure Ant [pattern='/api/user/portfolio/projects'] with []
2021-07-22 12:40:25,439 [restartedMain] INFO  org.springframework.security.web.DefaultSecurityFilterChain(<init>:51) - Will secure Ant [pattern='/api/user/portfolio/educations'] with []
2021-07-22 12:40:25,439 [restartedMain] INFO  org.springframework.security.web.DefaultSecurityFilterChain(<init>:51) - Will secure Ant [pattern='/api/user/portfolio/stacks'] with []
2021-07-22 12:40:25,456 [restartedMain] INFO  org.springframework.security.web.DefaultSecurityFilterChain(<init>:51) - Will secure any request with [org.springframework.security.web.context.request.async.WebAsyncManagerIntegrationFilter@1b42b5c8, org.springframework.security.web.context.SecurityContextPersistenceFilter@46fcc526, org.springframework.security.web.header.HeaderWriterFilter@19769123, org.springframework.security.web.authentication.logout.LogoutFilter@2f757d12, org.springframework.web.filter.CorsFilter@72751f40, com.limbae.pfy.jwt.JwtFilter@3186f6c, org.springframework.security.web.savedrequest.RequestCacheAwareFilter@1921557, org.springframework.security.web.servletapi.SecurityContextHolderAwareRequestFilter@61172b80, org.springframework.security.web.authentication.AnonymousAuthenticationFilter@2fa09051, org.springframework.security.web.session.SessionManagementFilter@57e39dff, org.springframework.security.web.access.ExceptionTranslationFilter@526a668d, org.springframework.security.web.access.intercept.FilterSecurityInterceptor@168cf210]
2021-07-22 12:40:25,622 [restartedMain] INFO  org.springframework.boot.autoconfigure.web.servlet.WelcomePageHandlerMapping(<init>:57) - Adding welcome page template: index
2021-07-22 12:40:25,925 [restartedMain] INFO  org.springframework.boot.devtools.autoconfigure.OptionalLiveReloadServer(startServer:58) - LiveReload server is running on port 35729
2021-07-22 12:40:25,951 [restartedMain] INFO  org.apache.coyote.http11.Http11NioProtocol(log:173) - Starting ProtocolHandler ["http-nio-8080"]
2021-07-22 12:40:25,973 [restartedMain] INFO  org.springframework.boot.web.embedded.tomcat.TomcatWebServer(start:220) - Tomcat started on port(s): 8080 (http) with context path ''
2021-07-22 12:40:25,987 [restartedMain] INFO  com.limbae.pfy.PortForYouApplication(logStarted:61) - Started PortForYouApplication in 5.015 seconds (JVM running for 6.069)
2021-07-22 12:40:27,725 [http-nio-8080-exec-2] INFO  org.apache.catalina.core.ContainerBase.[Tomcat].[localhost].[/](log:173) - Initializing Spring DispatcherServlet 'dispatcherServlet'
2021-07-22 12:40:27,726 [http-nio-8080-exec-2] INFO  org.springframework.web.servlet.DispatcherServlet(initServletBean:525) - Initializing Servlet 'dispatcherServlet'
2021-07-22 12:40:27,727 [http-nio-8080-exec-2] INFO  org.springframework.web.servlet.DispatcherServlet(initServletBean:547) - Completed initialization in 1 ms
