2021-07-22 13:09:15,613 [http-nio-8080-exec-5] INFO  com.limbae.pfy.jwt.TokenProvider(validateToken:86) - 만료된 jwtt 토큰입니다.
2021-07-22 13:09:15,705 [http-nio-8080-exec-5] INFO  com.limbae.pfy.jwt.TokenProvider(validateToken:86) - 만료된 jwtt 토큰입니다.
2021-07-22 13:35:15,166 [SpringApplicationShutdownHook] INFO  org.springframework.orm.jpa.LocalContainerEntityManagerFactoryBean(destroy:651) - Closing JPA EntityManagerFactory for persistence unit 'default'
2021-07-22 13:35:15,210 [SpringApplicationShutdownHook] INFO  com.zaxxer.hikari.HikariDataSource(close:350) - HikariPool-1 - Shutdown initiated...
2021-07-22 13:35:15,322 [SpringApplicationShutdownHook] INFO  com.zaxxer.hikari.HikariDataSource(close:352) - HikariPool-1 - Shutdown completed.
2021-07-22 13:35:21,831 [background-preinit] INFO  org.hibernate.validator.internal.util.Version(<clinit>:21) - HV000001: Hibernate Validator 6.2.0.Final
2021-07-22 13:35:21,855 [restartedMain] INFO  com.limbae.pfy.PortForYouApplication(logStarting:55) - Starting PortForYouApplication using Java 16.0.1 on im-yegwang-ui-MacBookAir.local with PID 5573 (/Users/lim/Desktop/study/PortForYou/build/classes/java/main started by lim in /Users/lim/Desktop/study/PortForYou)
2021-07-22 13:35:21,859 [restartedMain] INFO  com.limbae.pfy.PortForYouApplication(logStartupProfileInfo:659) - No active profile set, falling back to default profiles: default
2021-07-22 13:35:21,909 [restartedMain] INFO  org.springframework.boot.devtools.env.DevToolsPropertyDefaultsPostProcessor(logTo:255) - Devtools property defaults active! Set 'spring.devtools.add-properties' to 'false' to disable
2021-07-22 13:35:21,910 [restartedMain] INFO  org.springframework.boot.devtools.env.DevToolsPropertyDefaultsPostProcessor(logTo:255) - For additional web related logging consider setting the 'logging.level.web' property to 'DEBUG'
2021-07-22 13:35:22,673 [restartedMain] INFO  org.springframework.data.repository.config.RepositoryConfigurationDelegate(registerRepositoriesIn:132) - Bootstrapping Spring Data JPA repositories in DEFAULT mode.
2021-07-22 13:35:22,773 [restartedMain] INFO  org.springframework.data.repository.config.RepositoryConfigurationDelegate(registerRepositoriesIn:201) - Finished Spring Data repository scanning in 92 ms. Found 11 JPA repository interfaces.
2021-07-22 13:35:23,077 [restartedMain] INFO  org.springframework.context.support.PostProcessorRegistrationDelegate$BeanPostProcessorChecker(postProcessAfterInitialization:376) - Bean 'org.springframework.security.access.expression.method.DefaultMethodSecurityExpressionHandler@5307a728' of type [org.springframework.security.access.expression.method.DefaultMethodSecurityExpressionHandler] is not eligible for getting processed by all BeanPostProcessors (for example: not eligible for auto-proxying)
2021-07-22 13:35:23,083 [restartedMain] INFO  org.springframework.context.support.PostProcessorRegistrationDelegate$BeanPostProcessorChecker(postProcessAfterInitialization:376) - Bean 'methodSecurityMetadataSource' of type [org.springframework.security.access.method.DelegatingMethodSecurityMetadataSource] is not eligible for getting processed by all BeanPostProcessors (for example: not eligible for auto-proxying)
2021-07-22 13:35:23,288 [restartedMain] INFO  org.springframework.boot.web.embedded.tomcat.TomcatWebServer(initialize:108) - Tomcat initialized with port(s): 8080 (http)
2021-07-22 13:35:23,295 [restartedMain] INFO  org.apache.coyote.http11.Http11NioProtocol(log:173) - Initializing ProtocolHandler ["http-nio-8080"]
2021-07-22 13:35:23,296 [restartedMain] INFO  org.apache.catalina.core.StandardService(log:173) - Starting service [Tomcat]
2021-07-22 13:35:23,296 [restartedMain] INFO  org.apache.catalina.core.StandardEngine(log:173) - Starting Servlet engine: [Apache Tomcat/9.0.46]
2021-07-22 13:35:23,348 [restartedMain] INFO  org.apache.catalina.core.ContainerBase.[Tomcat].[localhost].[/](log:173) - Initializing Spring embedded WebApplicationContext
2021-07-22 13:35:23,349 [restartedMain] INFO  org.springframework.boot.web.servlet.context.ServletWebServerApplicationContext(prepareWebApplicationContext:290) - Root WebApplicationContext: initialization completed in 1438 ms
2021-07-22 13:35:23,443 [restartedMain] INFO  com.zaxxer.hikari.HikariDataSource(getConnection:110) - HikariPool-1 - Starting...
2021-07-22 13:35:23,950 [restartedMain] INFO  com.zaxxer.hikari.HikariDataSource(getConnection:123) - HikariPool-1 - Start completed.
2021-07-22 13:35:24,036 [restartedMain] INFO  org.hibernate.jpa.internal.util.LogHelper(logPersistenceUnitInformation:31) - HHH000204: Processing PersistenceUnitInfo [name: default]
2021-07-22 13:35:24,060 [restartedMain] INFO  org.hibernate.Version(logVersion:44) - HHH000412: Hibernate ORM core version 5.4.32.Final
2021-07-22 13:35:24,117 [restartedMain] INFO  org.hibernate.annotations.common.Version(<clinit>:56) - HCANN000001: Hibernate Commons Annotations {5.1.2.Final}
2021-07-22 13:35:24,159 [restartedMain] INFO  org.hibernate.dialect.Dialect(<init>:175) - HHH000400: Using dialect: org.hibernate.dialect.MySQL8Dialect
2021-07-22 13:35:24,884 [restartedMain] INFO  org.hibernate.engine.transaction.jta.platform.internal.JtaPlatformInitiator(initiateService:52) - HHH000490: Using JtaPlatform implementation: [org.hibernate.engine.transaction.jta.platform.internal.NoJtaPlatform]
2021-07-22 13:35:24,889 [restartedMain] INFO  org.springframework.orm.jpa.LocalContainerEntityManagerFactoryBean(buildNativeEntityManagerFactory:437) - Initialized JPA EntityManagerFactory for persistence unit 'default'
2021-07-22 13:35:24,990 [restartedMain] WARN  org.springframework.boot.autoconfigure.orm.jpa.JpaBaseConfiguration$JpaWebConfiguration(openEntityManagerInViewInterceptor:219) - spring.jpa.open-in-view is enabled by default. Therefore, database queries may be performed during view rendering. Explicitly configure spring.jpa.open-in-view to disable this warning
2021-07-22 13:35:25,745 [restartedMain] INFO  org.springframework.security.web.DefaultSecurityFilterChain(<init>:51) - Will secure Ant [pattern='/api/login'] with []
2021-07-22 13:35:25,746 [restartedMain] INFO  org.springframework.security.web.DefaultSecurityFilterChain(<init>:51) - Will secure Ant [pattern='/api/user'] with []
2021-07-22 13:35:25,746 [restartedMain] INFO  org.springframework.security.web.DefaultSecurityFilterChain(<init>:51) - Will secure Ant [pattern='/api/img/default'] with []
2021-07-22 13:35:25,747 [restartedMain] INFO  org.springframework.security.web.DefaultSecurityFilterChain(<init>:51) - Will secure Ant [pattern='/api/user/portfolio/positions'] with []
2021-07-22 13:35:25,747 [restartedMain] INFO  org.springframework.security.web.DefaultSecurityFilterChain(<init>:51) - Will secure Ant [pattern='/api/user/portfolio/projects'] with []
2021-07-22 13:35:25,748 [restartedMain] INFO  org.springframework.security.web.DefaultSecurityFilterChain(<init>:51) - Will secure Ant [pattern='/api/user/portfolio/educations'] with []
2021-07-22 13:35:25,748 [restartedMain] INFO  org.springframework.security.web.DefaultSecurityFilterChain(<init>:51) - Will secure Ant [pattern='/api/user/portfolio/stacks'] with []
2021-07-22 13:35:25,769 [restartedMain] INFO  org.springframework.security.web.DefaultSecurityFilterChain(<init>:51) - Will secure any request with [org.springframework.security.web.context.request.async.WebAsyncManagerIntegrationFilter@184521d7, org.springframework.security.web.context.SecurityContextPersistenceFilter@3e9da08e, org.springframework.security.web.header.HeaderWriterFilter@44df9ab5, org.springframework.security.web.authentication.logout.LogoutFilter@4caa458a, org.springframework.web.filter.CorsFilter@749d5bb8, com.limbae.pfy.jwt.JwtFilter@5d970c6e, org.springframework.security.web.savedrequest.RequestCacheAwareFilter@26629579, org.springframework.security.web.servletapi.SecurityContextHolderAwareRequestFilter@43bf025b, org.springframework.security.web.authentication.AnonymousAuthenticationFilter@66d6121b, org.springframework.security.web.session.SessionManagementFilter@63bdb299, org.springframework.security.web.access.ExceptionTranslationFilter@2fc7c332, org.springframework.security.web.access.intercept.FilterSecurityInterceptor@3d32823f]
2021-07-22 13:35:25,945 [restartedMain] INFO  org.springframework.boot.autoconfigure.web.servlet.WelcomePageHandlerMapping(<init>:57) - Adding welcome page template: index
2021-07-22 13:35:26,179 [restartedMain] INFO  org.springframework.boot.devtools.autoconfigure.OptionalLiveReloadServer(startServer:58) - LiveReload server is running on port 35729
2021-07-22 13:35:26,233 [restartedMain] INFO  org.apache.coyote.http11.Http11NioProtocol(log:173) - Starting ProtocolHandler ["http-nio-8080"]
2021-07-22 13:35:26,248 [restartedMain] INFO  org.springframework.boot.web.embedded.tomcat.TomcatWebServer(start:220) - Tomcat started on port(s): 8080 (http) with context path ''
2021-07-22 13:35:26,263 [restartedMain] INFO  com.limbae.pfy.PortForYouApplication(logStarted:61) - Started PortForYouApplication in 4.793 seconds (JVM running for 5.786)
2021-07-22 13:37:58,909 [http-nio-8080-exec-1] INFO  org.apache.catalina.core.ContainerBase.[Tomcat].[localhost].[/](log:173) - Initializing Spring DispatcherServlet 'dispatcherServlet'
2021-07-22 13:37:58,911 [http-nio-8080-exec-1] INFO  org.springframework.web.servlet.DispatcherServlet(initServletBean:525) - Initializing Servlet 'dispatcherServlet'
2021-07-22 13:37:58,916 [http-nio-8080-exec-1] INFO  org.springframework.web.servlet.DispatcherServlet(initServletBean:547) - Completed initialization in 5 ms
2021-07-22 13:55:45,202 [SpringApplicationShutdownHook] INFO  org.springframework.orm.jpa.LocalContainerEntityManagerFactoryBean(destroy:651) - Closing JPA EntityManagerFactory for persistence unit 'default'
2021-07-22 13:55:45,246 [SpringApplicationShutdownHook] INFO  com.zaxxer.hikari.HikariDataSource(close:350) - HikariPool-1 - Shutdown initiated...
2021-07-22 13:55:45,383 [SpringApplicationShutdownHook] INFO  com.zaxxer.hikari.HikariDataSource(close:352) - HikariPool-1 - Shutdown completed.
2021-07-22 13:55:53,700 [background-preinit] INFO  org.hibernate.validator.internal.util.Version(<clinit>:21) - HV000001: Hibernate Validator 6.2.0.Final
2021-07-22 13:55:53,731 [restartedMain] INFO  com.limbae.pfy.PortForYouApplication(logStarting:55) - Starting PortForYouApplication using Java 16.0.1 on im-yegwang-ui-MacBookAir.local with PID 5678 (/Users/lim/Desktop/study/PortForYou/build/classes/java/main started by lim in /Users/lim/Desktop/study/PortForYou)
2021-07-22 13:55:53,736 [restartedMain] INFO  com.limbae.pfy.PortForYouApplication(logStartupProfileInfo:659) - No active profile set, falling back to default profiles: default
2021-07-22 13:55:53,809 [restartedMain] INFO  org.springframework.boot.devtools.env.DevToolsPropertyDefaultsPostProcessor(logTo:255) - Devtools property defaults active! Set 'spring.devtools.add-properties' to 'false' to disable
2021-07-22 13:55:53,810 [restartedMain] INFO  org.springframework.boot.devtools.env.DevToolsPropertyDefaultsPostProcessor(logTo:255) - For additional web related logging consider setting the 'logging.level.web' property to 'DEBUG'
2021-07-22 13:55:54,740 [restartedMain] INFO  org.springframework.data.repository.config.RepositoryConfigurationDelegate(registerRepositoriesIn:132) - Bootstrapping Spring Data JPA repositories in DEFAULT mode.
2021-07-22 13:55:54,852 [restartedMain] INFO  org.springframework.data.repository.config.RepositoryConfigurationDelegate(registerRepositoriesIn:201) - Finished Spring Data repository scanning in 104 ms. Found 11 JPA repository interfaces.
2021-07-22 13:55:55,204 [restartedMain] INFO  org.springframework.context.support.PostProcessorRegistrationDelegate$BeanPostProcessorChecker(postProcessAfterInitialization:376) - Bean 'org.springframework.security.access.expression.method.DefaultMethodSecurityExpressionHandler@1f942475' of type [org.springframework.security.access.expression.method.DefaultMethodSecurityExpressionHandler] is not eligible for getting processed by all BeanPostProcessors (for example: not eligible for auto-proxying)
2021-07-22 13:55:55,209 [restartedMain] INFO  org.springframework.context.support.PostProcessorRegistrationDelegate$BeanPostProcessorChecker(postProcessAfterInitialization:376) - Bean 'methodSecurityMetadataSource' of type [org.springframework.security.access.method.DelegatingMethodSecurityMetadataSource] is not eligible for getting processed by all BeanPostProcessors (for example: not eligible for auto-proxying)
2021-07-22 13:55:55,423 [restartedMain] INFO  org.springframework.boot.web.embedded.tomcat.TomcatWebServer(initialize:108) - Tomcat initialized with port(s): 8080 (http)
2021-07-22 13:55:55,430 [restartedMain] INFO  org.apache.coyote.http11.Http11NioProtocol(log:173) - Initializing ProtocolHandler ["http-nio-8080"]
2021-07-22 13:55:55,431 [restartedMain] INFO  org.apache.catalina.core.StandardService(log:173) - Starting service [Tomcat]
2021-07-22 13:55:55,431 [restartedMain] INFO  org.apache.catalina.core.StandardEngine(log:173) - Starting Servlet engine: [Apache Tomcat/9.0.46]
2021-07-22 13:55:55,498 [restartedMain] INFO  org.apache.catalina.core.ContainerBase.[Tomcat].[localhost].[/](log:173) - Initializing Spring embedded WebApplicationContext
2021-07-22 13:55:55,499 [restartedMain] INFO  org.springframework.boot.web.servlet.context.ServletWebServerApplicationContext(prepareWebApplicationContext:290) - Root WebApplicationContext: initialization completed in 1688 ms
2021-07-22 13:55:55,611 [restartedMain] INFO  com.zaxxer.hikari.HikariDataSource(getConnection:110) - HikariPool-1 - Starting...
2021-07-22 13:55:56,173 [restartedMain] INFO  com.zaxxer.hikari.HikariDataSource(getConnection:123) - HikariPool-1 - Start completed.
2021-07-22 13:55:56,257 [restartedMain] INFO  org.hibernate.jpa.internal.util.LogHelper(logPersistenceUnitInformation:31) - HHH000204: Processing PersistenceUnitInfo [name: default]
2021-07-22 13:55:56,281 [restartedMain] INFO  org.hibernate.Version(logVersion:44) - HHH000412: Hibernate ORM core version 5.4.32.Final
2021-07-22 13:55:56,342 [restartedMain] INFO  org.hibernate.annotations.common.Version(<clinit>:56) - HCANN000001: Hibernate Commons Annotations {5.1.2.Final}
2021-07-22 13:55:56,388 [restartedMain] INFO  org.hibernate.dialect.Dialect(<init>:175) - HHH000400: Using dialect: org.hibernate.dialect.MySQL8Dialect
2021-07-22 13:55:57,297 [restartedMain] INFO  org.hibernate.engine.transaction.jta.platform.internal.JtaPlatformInitiator(initiateService:52) - HHH000490: Using JtaPlatform implementation: [org.hibernate.engine.transaction.jta.platform.internal.NoJtaPlatform]
2021-07-22 13:55:57,312 [restartedMain] INFO  org.springframework.orm.jpa.LocalContainerEntityManagerFactoryBean(buildNativeEntityManagerFactory:437) - Initialized JPA EntityManagerFactory for persistence unit 'default'
2021-07-22 13:55:57,466 [restartedMain] WARN  org.springframework.boot.autoconfigure.orm.jpa.JpaBaseConfiguration$JpaWebConfiguration(openEntityManagerInViewInterceptor:219) - spring.jpa.open-in-view is enabled by default. Therefore, database queries may be performed during view rendering. Explicitly configure spring.jpa.open-in-view to disable this warning
2021-07-22 13:55:58,349 [restartedMain] INFO  org.springframework.security.web.DefaultSecurityFilterChain(<init>:51) - Will secure Ant [pattern='/api/login'] with []
2021-07-22 13:55:58,350 [restartedMain] INFO  org.springframework.security.web.DefaultSecurityFilterChain(<init>:51) - Will secure Ant [pattern='/api/user'] with []
2021-07-22 13:55:58,351 [restartedMain] INFO  org.springframework.security.web.DefaultSecurityFilterChain(<init>:51) - Will secure Ant [pattern='/api/img/default'] with []
2021-07-22 13:55:58,352 [restartedMain] INFO  org.springframework.security.web.DefaultSecurityFilterChain(<init>:51) - Will secure Ant [pattern='/api/user/portfolio/positions'] with []
2021-07-22 13:55:58,353 [restartedMain] INFO  org.springframework.security.web.DefaultSecurityFilterChain(<init>:51) - Will secure Ant [pattern='/api/user/portfolio/projects'] with []
2021-07-22 13:55:58,353 [restartedMain] INFO  org.springframework.security.web.DefaultSecurityFilterChain(<init>:51) - Will secure Ant [pattern='/api/user/portfolio/educations'] with []
2021-07-22 13:55:58,355 [restartedMain] INFO  org.springframework.security.web.DefaultSecurityFilterChain(<init>:51) - Will secure Ant [pattern='/api/user/portfolio/stacks'] with []
2021-07-22 13:55:58,374 [restartedMain] INFO  org.springframework.security.web.DefaultSecurityFilterChain(<init>:51) - Will secure any request with [org.springframework.security.web.context.request.async.WebAsyncManagerIntegrationFilter@55d3fe71, org.springframework.security.web.context.SecurityContextPersistenceFilter@7f1eba5d, org.springframework.security.web.header.HeaderWriterFilter@6225f66a, org.springframework.security.web.authentication.logout.LogoutFilter@d40835e, org.springframework.web.filter.CorsFilter@67083a63, com.limbae.pfy.jwt.JwtFilter@7e4f6bf4, org.springframework.security.web.savedrequest.RequestCacheAwareFilter@7174d2a3, org.springframework.security.web.servletapi.SecurityContextHolderAwareRequestFilter@53b6091f, org.springframework.security.web.authentication.AnonymousAuthenticationFilter@4351372, org.springframework.security.web.session.SessionManagementFilter@19327973, org.springframework.security.web.access.ExceptionTranslationFilter@126bd1b3, org.springframework.security.web.access.intercept.FilterSecurityInterceptor@30853b65]
2021-07-22 13:55:58,574 [restartedMain] INFO  org.springframework.boot.autoconfigure.web.servlet.WelcomePageHandlerMapping(<init>:57) - Adding welcome page template: index
2021-07-22 13:55:58,830 [restartedMain] INFO  org.springframework.boot.devtools.autoconfigure.OptionalLiveReloadServer(startServer:58) - LiveReload server is running on port 35729
2021-07-22 13:55:58,854 [restartedMain] INFO  org.apache.coyote.http11.Http11NioProtocol(log:173) - Starting ProtocolHandler ["http-nio-8080"]
2021-07-22 13:55:58,868 [restartedMain] INFO  org.springframework.boot.web.embedded.tomcat.TomcatWebServer(start:220) - Tomcat started on port(s): 8080 (http) with context path ''
2021-07-22 13:55:58,882 [restartedMain] INFO  com.limbae.pfy.PortForYouApplication(logStarted:61) - Started PortForYouApplication in 5.579 seconds (JVM running for 6.832)
